[0.940s] Invoking command in '/home/looubuntu/ros2_ws/src/my_robot': PYTHONPATH=/home/looubuntu/ros2_ws/build/my_robot/prefix_override:/usr/lib/python3/dist-packages/colcon_core/task/python/colcon_distutils_commands:/home/looubuntu/ros2_ws/install/my_robot/lib/python3.10/site-packages:${PYTHONPATH} /usr/bin/python3 -W ignore:setup.py install is deprecated setup.py egg_info --egg-base ../../build/my_robot build --build-base /home/looubuntu/ros2_ws/build/my_robot/build install --record /home/looubuntu/ros2_ws/build/my_robot/install.log --single-version-externally-managed install_data
[1.136s] running egg_info
[1.136s] writing ../../build/my_robot/my_robot.egg-info/PKG-INFO
[1.136s] writing dependency_links to ../../build/my_robot/my_robot.egg-info/dependency_links.txt
[1.136s] writing entry points to ../../build/my_robot/my_robot.egg-info/entry_points.txt
[1.137s] writing requirements to ../../build/my_robot/my_robot.egg-info/requires.txt
[1.137s] writing top-level names to ../../build/my_robot/my_robot.egg-info/top_level.txt
[1.138s] reading manifest file '../../build/my_robot/my_robot.egg-info/SOURCES.txt'
[1.138s] adding license file 'LICENSE'
[1.139s] writing manifest file '../../build/my_robot/my_robot.egg-info/SOURCES.txt'
[1.139s] running build
[1.139s] running build_py
[1.139s] running install
[1.139s] running install_lib
[1.140s] running install_data
[1.141s] copying urdf/stand.urdf -> /home/looubuntu/ros2_ws/install/my_robot/share/my_robot/urdf
[1.141s] copying launch/display.launch.py -> /home/looubuntu/ros2_ws/install/my_robot/share/my_robot/launch
[1.141s] copying meshes/base.stl -> /home/looubuntu/ros2_ws/install/my_robot/share/my_robot/meshes
[1.141s] copying meshes/roller.stl -> /home/looubuntu/ros2_ws/install/my_robot/share/my_robot/meshes
[1.141s] copying meshes/rim.stl -> /home/looubuntu/ros2_ws/install/my_robot/share/my_robot/meshes
[1.141s] running install_egg_info
[1.142s] removing '/home/looubuntu/ros2_ws/install/my_robot/lib/python3.10/site-packages/my_robot-0.0.0-py3.10.egg-info' (and everything under it)
[1.143s] Copying ../../build/my_robot/my_robot.egg-info to /home/looubuntu/ros2_ws/install/my_robot/lib/python3.10/site-packages/my_robot-0.0.0-py3.10.egg-info
[1.143s] running install_scripts
[1.161s] writing list of installed files to '/home/looubuntu/ros2_ws/build/my_robot/install.log'
[1.185s] Invoked command in '/home/looubuntu/ros2_ws/src/my_robot' returned '0': PYTHONPATH=/home/looubuntu/ros2_ws/build/my_robot/prefix_override:/usr/lib/python3/dist-packages/colcon_core/task/python/colcon_distutils_commands:/home/looubuntu/ros2_ws/install/my_robot/lib/python3.10/site-packages:${PYTHONPATH} /usr/bin/python3 -W ignore:setup.py install is deprecated setup.py egg_info --egg-base ../../build/my_robot build --build-base /home/looubuntu/ros2_ws/build/my_robot/build install --record /home/looubuntu/ros2_ws/build/my_robot/install.log --single-version-externally-managed install_data
