running egg_info
writing ../../build/my_team_robot/my_team_robot.egg-info/PKG-INFO
writing dependency_links to ../../build/my_team_robot/my_team_robot.egg-info/dependency_links.txt
writing entry points to ../../build/my_team_robot/my_team_robot.egg-info/entry_points.txt
writing requirements to ../../build/my_team_robot/my_team_robot.egg-info/requires.txt
writing top-level names to ../../build/my_team_robot/my_team_robot.egg-info/top_level.txt
reading manifest file '../../build/my_team_robot/my_team_robot.egg-info/SOURCES.txt'
adding license file 'LICENSE'
writing manifest file '../../build/my_team_robot/my_team_robot.egg-info/SOURCES.txt'
running build
running build_py
running install
running install_lib
running install_data
copying launch/gazebo.launch.py -> /home/looubuntu/ros2_ws/install/my_team_robot/share/my_team_robot/launch
running install_egg_info
removing '/home/looubuntu/ros2_ws/install/my_team_robot/lib/python3.10/site-packages/my_team_robot-0.0.0-py3.10.egg-info' (and everything under it)
Copying ../../build/my_team_robot/my_team_robot.egg-info to /home/looubuntu/ros2_ws/install/my_team_robot/lib/python3.10/site-packages/my_team_robot-0.0.0-py3.10.egg-info
running install_scripts
writing list of installed files to '/home/looubuntu/ros2_ws/build/my_team_robot/install.log'
