[0.138s] DEBUG:colcon:Command line arguments: ['/usr/bin/colcon', 'build']
[0.138s] DEBUG:colcon:Parsed command line arguments: Namespace(log_base=None, log_level=None, verb_name='build', build_base='build', install_base='install', merge_install=False, symlink_install=False, test_result_base=None, continue_on_error=False, executor='parallel', parallel_workers=12, event_handlers=None, ignore_user_meta=False, metas=['./colcon.meta'], base_paths=['.'], packages_ignore=None, packages_ignore_regex=None, paths=None, packages_up_to=None, packages_up_to_regex=None, packages_above=None, packages_above_and_dependencies=None, packages_above_depth=None, packages_select_by_dep=None, packages_skip_by_dep=None, packages_skip_up_to=None, packages_select_build_failed=False, packages_skip_build_finished=False, packages_select_test_failures=False, packages_skip_test_passed=False, packages_select=None, packages_skip=None, packages_select_regex=None, packages_skip_regex=None, packages_start=None, packages_end=None, allow_overriding=[], cmake_args=None, cmake_target=None, cmake_target_skip_unavailable=False, cmake_clean_cache=False, cmake_clean_first=False, cmake_force_configure=False, ament_cmake_args=None, catkin_cmake_args=None, catkin_skip_building_tests=False, mixin_files=None, mixin=None, verb_parser=<colcon_mixin.mixin.mixin_argument.MixinArgumentDecorator object at 0x75d00dc36050>, verb_extension=<colcon_core.verb.build.BuildVerb object at 0x75d00dd2dc00>, main=<bound method BuildVerb.main of <colcon_core.verb.build.BuildVerb object at 0x75d00dd2dc00>>, mixin_verb=('build',))
[0.384s] Level 1:colcon.colcon_core.package_discovery:discover_packages(colcon_meta) check parameters
[0.384s] Level 1:colcon.colcon_core.package_discovery:discover_packages(recursive) check parameters
[0.384s] Level 1:colcon.colcon_core.package_discovery:discover_packages(ignore) check parameters
[0.384s] Level 1:colcon.colcon_core.package_discovery:discover_packages(path) check parameters
[0.384s] Level 1:colcon.colcon_core.package_discovery:discover_packages(colcon_meta) discover
[0.384s] Level 1:colcon.colcon_core.package_discovery:discover_packages(recursive) discover
[0.384s] INFO:colcon.colcon_core.package_discovery:Crawling recursively for packages in '/home/looubuntu/ros2_ws'
[0.384s] Level 1:colcon.colcon_core.package_identification:_identify(.) by extensions ['ignore', 'ignore_ament_install']
[0.384s] Level 1:colcon.colcon_core.package_identification:_identify(.) by extension 'ignore'
[0.384s] Level 1:colcon.colcon_core.package_identification:_identify(.) by extension 'ignore_ament_install'
[0.384s] Level 1:colcon.colcon_core.package_identification:_identify(.) by extensions ['colcon_pkg']
[0.384s] Level 1:colcon.colcon_core.package_identification:_identify(.) by extension 'colcon_pkg'
[0.384s] Level 1:colcon.colcon_core.package_identification:_identify(.) by extensions ['colcon_meta']
[0.384s] Level 1:colcon.colcon_core.package_identification:_identify(.) by extension 'colcon_meta'
[0.384s] Level 1:colcon.colcon_core.package_identification:_identify(.) by extensions ['ros']
[0.384s] Level 1:colcon.colcon_core.package_identification:_identify(.) by extension 'ros'
[0.396s] Level 1:colcon.colcon_core.package_identification:_identify(.) by extensions ['cmake', 'python']
[0.396s] Level 1:colcon.colcon_core.package_identification:_identify(.) by extension 'cmake'
[0.396s] Level 1:colcon.colcon_core.package_identification:_identify(.) by extension 'python'
[0.396s] Level 1:colcon.colcon_core.package_identification:_identify(.) by extensions ['python_setup_py']
[0.396s] Level 1:colcon.colcon_core.package_identification:_identify(.) by extension 'python_setup_py'
[0.396s] Level 1:colcon.colcon_core.package_identification:_identify(__pycache__) by extensions ['ignore', 'ignore_ament_install']
[0.396s] Level 1:colcon.colcon_core.package_identification:_identify(__pycache__) by extension 'ignore'
[0.396s] Level 1:colcon.colcon_core.package_identification:_identify(__pycache__) by extension 'ignore_ament_install'
[0.396s] Level 1:colcon.colcon_core.package_identification:_identify(__pycache__) by extensions ['colcon_pkg']
[0.396s] Level 1:colcon.colcon_core.package_identification:_identify(__pycache__) by extension 'colcon_pkg'
[0.396s] Level 1:colcon.colcon_core.package_identification:_identify(__pycache__) by extensions ['colcon_meta']
[0.396s] Level 1:colcon.colcon_core.package_identification:_identify(__pycache__) by extension 'colcon_meta'
[0.396s] Level 1:colcon.colcon_core.package_identification:_identify(__pycache__) by extensions ['ros']
[0.396s] Level 1:colcon.colcon_core.package_identification:_identify(__pycache__) by extension 'ros'
[0.396s] Level 1:colcon.colcon_core.package_identification:_identify(__pycache__) by extensions ['cmake', 'python']
[0.396s] Level 1:colcon.colcon_core.package_identification:_identify(__pycache__) by extension 'cmake'
[0.396s] Level 1:colcon.colcon_core.package_identification:_identify(__pycache__) by extension 'python'
[0.396s] Level 1:colcon.colcon_core.package_identification:_identify(__pycache__) by extensions ['python_setup_py']
[0.396s] Level 1:colcon.colcon_core.package_identification:_identify(__pycache__) by extension 'python_setup_py'
[0.397s] Level 1:colcon.colcon_core.package_identification:_identify(build) by extensions ['ignore', 'ignore_ament_install']
[0.397s] Level 1:colcon.colcon_core.package_identification:_identify(build) by extension 'ignore'
[0.397s] Level 1:colcon.colcon_core.package_identification:_identify(build) ignored
[0.397s] Level 1:colcon.colcon_core.package_identification:_identify(install) by extensions ['ignore', 'ignore_ament_install']
[0.397s] Level 1:colcon.colcon_core.package_identification:_identify(install) by extension 'ignore'
[0.397s] Level 1:colcon.colcon_core.package_identification:_identify(install) ignored
[0.397s] Level 1:colcon.colcon_core.package_identification:_identify(log) by extensions ['ignore', 'ignore_ament_install']
[0.397s] Level 1:colcon.colcon_core.package_identification:_identify(log) by extension 'ignore'
[0.397s] Level 1:colcon.colcon_core.package_identification:_identify(log) ignored
[0.397s] Level 1:colcon.colcon_core.package_identification:_identify(src) by extensions ['ignore', 'ignore_ament_install']
[0.397s] Level 1:colcon.colcon_core.package_identification:_identify(src) by extension 'ignore'
[0.397s] Level 1:colcon.colcon_core.package_identification:_identify(src) by extension 'ignore_ament_install'
[0.397s] Level 1:colcon.colcon_core.package_identification:_identify(src) by extensions ['colcon_pkg']
[0.397s] Level 1:colcon.colcon_core.package_identification:_identify(src) by extension 'colcon_pkg'
[0.397s] Level 1:colcon.colcon_core.package_identification:_identify(src) by extensions ['colcon_meta']
[0.397s] Level 1:colcon.colcon_core.package_identification:_identify(src) by extension 'colcon_meta'
[0.398s] Level 1:colcon.colcon_core.package_identification:_identify(src) by extensions ['ros']
[0.398s] Level 1:colcon.colcon_core.package_identification:_identify(src) by extension 'ros'
[0.398s] Level 1:colcon.colcon_core.package_identification:_identify(src) by extensions ['cmake', 'python']
[0.398s] Level 1:colcon.colcon_core.package_identification:_identify(src) by extension 'cmake'
[0.398s] Level 1:colcon.colcon_core.package_identification:_identify(src) by extension 'python'
[0.398s] Level 1:colcon.colcon_core.package_identification:_identify(src) by extensions ['python_setup_py']
[0.398s] Level 1:colcon.colcon_core.package_identification:_identify(src) by extension 'python_setup_py'
[0.398s] Level 1:colcon.colcon_core.package_identification:_identify(src/build) by extensions ['ignore', 'ignore_ament_install']
[0.398s] Level 1:colcon.colcon_core.package_identification:_identify(src/build) by extension 'ignore'
[0.398s] Level 1:colcon.colcon_core.package_identification:_identify(src/build) ignored
[0.398s] Level 1:colcon.colcon_core.package_identification:_identify(src/install) by extensions ['ignore', 'ignore_ament_install']
[0.398s] Level 1:colcon.colcon_core.package_identification:_identify(src/install) by extension 'ignore'
[0.398s] Level 1:colcon.colcon_core.package_identification:_identify(src/install) ignored
[0.398s] Level 1:colcon.colcon_core.package_identification:_identify(src/log) by extensions ['ignore', 'ignore_ament_install']
[0.398s] Level 1:colcon.colcon_core.package_identification:_identify(src/log) by extension 'ignore'
[0.398s] Level 1:colcon.colcon_core.package_identification:_identify(src/log) ignored
[0.398s] Level 1:colcon.colcon_core.package_identification:_identify(src/my_interfaces) by extensions ['ignore', 'ignore_ament_install']
[0.398s] Level 1:colcon.colcon_core.package_identification:_identify(src/my_interfaces) by extension 'ignore'
[0.399s] Level 1:colcon.colcon_core.package_identification:_identify(src/my_interfaces) by extension 'ignore_ament_install'
[0.399s] Level 1:colcon.colcon_core.package_identification:_identify(src/my_interfaces) by extensions ['colcon_pkg']
[0.399s] Level 1:colcon.colcon_core.package_identification:_identify(src/my_interfaces) by extension 'colcon_pkg'
[0.399s] Level 1:colcon.colcon_core.package_identification:_identify(src/my_interfaces) by extensions ['colcon_meta']
[0.399s] Level 1:colcon.colcon_core.package_identification:_identify(src/my_interfaces) by extension 'colcon_meta'
[0.399s] Level 1:colcon.colcon_core.package_identification:_identify(src/my_interfaces) by extensions ['ros']
[0.399s] Level 1:colcon.colcon_core.package_identification:_identify(src/my_interfaces) by extension 'ros'
[0.402s] DEBUG:colcon.colcon_core.package_identification:Package 'src/my_interfaces' with type 'ros.ament_cmake' and name 'my_interfaces'
[0.402s] Level 1:colcon.colcon_core.package_identification:_identify(src/my_pkg) by extensions ['ignore', 'ignore_ament_install']
[0.402s] Level 1:colcon.colcon_core.package_identification:_identify(src/my_pkg) by extension 'ignore'
[0.402s] Level 1:colcon.colcon_core.package_identification:_identify(src/my_pkg) by extension 'ignore_ament_install'
[0.402s] Level 1:colcon.colcon_core.package_identification:_identify(src/my_pkg) by extensions ['colcon_pkg']
[0.402s] Level 1:colcon.colcon_core.package_identification:_identify(src/my_pkg) by extension 'colcon_pkg'
[0.402s] Level 1:colcon.colcon_core.package_identification:_identify(src/my_pkg) by extensions ['colcon_meta']
[0.402s] Level 1:colcon.colcon_core.package_identification:_identify(src/my_pkg) by extension 'colcon_meta'
[0.402s] Level 1:colcon.colcon_core.package_identification:_identify(src/my_pkg) by extensions ['ros']
[0.402s] Level 1:colcon.colcon_core.package_identification:_identify(src/my_pkg) by extension 'ros'
[0.403s] DEBUG:colcon.colcon_core.package_identification:Package 'src/my_pkg' with type 'ros.ament_python' and name 'my_pkg'
[0.403s] Level 1:colcon.colcon_core.package_identification:_identify(src/my_rb) by extensions ['ignore', 'ignore_ament_install']
[0.403s] Level 1:colcon.colcon_core.package_identification:_identify(src/my_rb) by extension 'ignore'
[0.404s] Level 1:colcon.colcon_core.package_identification:_identify(src/my_rb) by extension 'ignore_ament_install'
[0.404s] Level 1:colcon.colcon_core.package_identification:_identify(src/my_rb) by extensions ['colcon_pkg']
[0.404s] Level 1:colcon.colcon_core.package_identification:_identify(src/my_rb) by extension 'colcon_pkg'
[0.404s] Level 1:colcon.colcon_core.package_identification:_identify(src/my_rb) by extensions ['colcon_meta']
[0.404s] Level 1:colcon.colcon_core.package_identification:_identify(src/my_rb) by extension 'colcon_meta'
[0.404s] Level 1:colcon.colcon_core.package_identification:_identify(src/my_rb) by extensions ['ros']
[0.404s] Level 1:colcon.colcon_core.package_identification:_identify(src/my_rb) by extension 'ros'
[0.405s] DEBUG:colcon.colcon_core.package_identification:Package 'src/my_rb' with type 'ros.ament_python' and name 'my_rb'
[0.405s] Level 1:colcon.colcon_core.package_identification:_identify(src/my_robot) by extensions ['ignore', 'ignore_ament_install']
[0.406s] Level 1:colcon.colcon_core.package_identification:_identify(src/my_robot) by extension 'ignore'
[0.406s] Level 1:colcon.colcon_core.package_identification:_identify(src/my_robot) by extension 'ignore_ament_install'
[0.406s] Level 1:colcon.colcon_core.package_identification:_identify(src/my_robot) by extensions ['colcon_pkg']
[0.406s] Level 1:colcon.colcon_core.package_identification:_identify(src/my_robot) by extension 'colcon_pkg'
[0.406s] Level 1:colcon.colcon_core.package_identification:_identify(src/my_robot) by extensions ['colcon_meta']
[0.406s] Level 1:colcon.colcon_core.package_identification:_identify(src/my_robot) by extension 'colcon_meta'
[0.406s] Level 1:colcon.colcon_core.package_identification:_identify(src/my_robot) by extensions ['ros']
[0.406s] Level 1:colcon.colcon_core.package_identification:_identify(src/my_robot) by extension 'ros'
[0.407s] DEBUG:colcon.colcon_core.package_identification:Package 'src/my_robot' with type 'ros.ament_python' and name 'my_robot'
[0.407s] Level 1:colcon.colcon_core.package_identification:_identify(src/my_team_robot) by extensions ['ignore', 'ignore_ament_install']
[0.407s] Level 1:colcon.colcon_core.package_identification:_identify(src/my_team_robot) by extension 'ignore'
[0.407s] Level 1:colcon.colcon_core.package_identification:_identify(src/my_team_robot) by extension 'ignore_ament_install'
[0.407s] Level 1:colcon.colcon_core.package_identification:_identify(src/my_team_robot) by extensions ['colcon_pkg']
[0.408s] Level 1:colcon.colcon_core.package_identification:_identify(src/my_team_robot) by extension 'colcon_pkg'
[0.408s] Level 1:colcon.colcon_core.package_identification:_identify(src/my_team_robot) by extensions ['colcon_meta']
[0.408s] Level 1:colcon.colcon_core.package_identification:_identify(src/my_team_robot) by extension 'colcon_meta'
[0.408s] Level 1:colcon.colcon_core.package_identification:_identify(src/my_team_robot) by extensions ['ros']
[0.408s] Level 1:colcon.colcon_core.package_identification:_identify(src/my_team_robot) by extension 'ros'
[0.408s] DEBUG:colcon.colcon_core.package_identification:Package 'src/my_team_robot' with type 'ros.ament_python' and name 'my_team_robot'
[0.408s] Level 1:colcon.colcon_core.package_discovery:discover_packages(recursive) using defaults
[0.408s] Level 1:colcon.colcon_core.package_discovery:discover_packages(ignore) discover
[0.408s] Level 1:colcon.colcon_core.package_discovery:discover_packages(ignore) using defaults
[0.408s] Level 1:colcon.colcon_core.package_discovery:discover_packages(path) discover
[0.408s] Level 1:colcon.colcon_core.package_discovery:discover_packages(path) using defaults
[0.431s] Level 1:colcon.colcon_core.package_discovery:discover_packages(prefix_path) check parameters
[0.431s] Level 1:colcon.colcon_core.package_discovery:discover_packages(prefix_path) discover
[0.435s] DEBUG:colcon.colcon_installed_package_information.package_discovery:Found 311 installed packages in /opt/ros/humble
[0.448s] Level 1:colcon.colcon_core.package_discovery:discover_packages(prefix_path) using defaults
[0.486s] Level 5:colcon.colcon_core.verb:set package 'my_interfaces' build argument 'cmake_args' from command line to 'None'
[0.486s] Level 5:colcon.colcon_core.verb:set package 'my_interfaces' build argument 'cmake_target' from command line to 'None'
[0.486s] Level 5:colcon.colcon_core.verb:set package 'my_interfaces' build argument 'cmake_target_skip_unavailable' from command line to 'False'
[0.486s] Level 5:colcon.colcon_core.verb:set package 'my_interfaces' build argument 'cmake_clean_cache' from command line to 'False'
[0.486s] Level 5:colcon.colcon_core.verb:set package 'my_interfaces' build argument 'cmake_clean_first' from command line to 'False'
[0.486s] Level 5:colcon.colcon_core.verb:set package 'my_interfaces' build argument 'cmake_force_configure' from command line to 'False'
[0.486s] Level 5:colcon.colcon_core.verb:set package 'my_interfaces' build argument 'ament_cmake_args' from command line to 'None'
[0.486s] Level 5:colcon.colcon_core.verb:set package 'my_interfaces' build argument 'catkin_cmake_args' from command line to 'None'
[0.486s] Level 5:colcon.colcon_core.verb:set package 'my_interfaces' build argument 'catkin_skip_building_tests' from command line to 'False'
[0.486s] DEBUG:colcon.colcon_core.verb:Building package 'my_interfaces' with the following arguments: {'ament_cmake_args': None, 'build_base': '/home/looubuntu/ros2_ws/build/my_interfaces', 'catkin_cmake_args': None, 'catkin_skip_building_tests': False, 'cmake_args': None, 'cmake_clean_cache': False, 'cmake_clean_first': False, 'cmake_force_configure': False, 'cmake_target': None, 'cmake_target_skip_unavailable': False, 'install_base': '/home/looubuntu/ros2_ws/install/my_interfaces', 'merge_install': False, 'path': '/home/looubuntu/ros2_ws/src/my_interfaces', 'symlink_install': False, 'test_result_base': None}
[0.486s] Level 5:colcon.colcon_core.verb:set package 'my_pkg' build argument 'cmake_args' from command line to 'None'
[0.487s] Level 5:colcon.colcon_core.verb:set package 'my_pkg' build argument 'cmake_target' from command line to 'None'
[0.487s] Level 5:colcon.colcon_core.verb:set package 'my_pkg' build argument 'cmake_target_skip_unavailable' from command line to 'False'
[0.487s] Level 5:colcon.colcon_core.verb:set package 'my_pkg' build argument 'cmake_clean_cache' from command line to 'False'
[0.487s] Level 5:colcon.colcon_core.verb:set package 'my_pkg' build argument 'cmake_clean_first' from command line to 'False'
[0.487s] Level 5:colcon.colcon_core.verb:set package 'my_pkg' build argument 'cmake_force_configure' from command line to 'False'
[0.487s] Level 5:colcon.colcon_core.verb:set package 'my_pkg' build argument 'ament_cmake_args' from command line to 'None'
[0.487s] Level 5:colcon.colcon_core.verb:set package 'my_pkg' build argument 'catkin_cmake_args' from command line to 'None'
[0.487s] Level 5:colcon.colcon_core.verb:set package 'my_pkg' build argument 'catkin_skip_building_tests' from command line to 'False'
[0.487s] DEBUG:colcon.colcon_core.verb:Building package 'my_pkg' with the following arguments: {'ament_cmake_args': None, 'build_base': '/home/looubuntu/ros2_ws/build/my_pkg', 'catkin_cmake_args': None, 'catkin_skip_building_tests': False, 'cmake_args': None, 'cmake_clean_cache': False, 'cmake_clean_first': False, 'cmake_force_configure': False, 'cmake_target': None, 'cmake_target_skip_unavailable': False, 'install_base': '/home/looubuntu/ros2_ws/install/my_pkg', 'merge_install': False, 'path': '/home/looubuntu/ros2_ws/src/my_pkg', 'symlink_install': False, 'test_result_base': None}
[0.487s] Level 5:colcon.colcon_core.verb:set package 'my_rb' build argument 'cmake_args' from command line to 'None'
[0.487s] Level 5:colcon.colcon_core.verb:set package 'my_rb' build argument 'cmake_target' from command line to 'None'
[0.487s] Level 5:colcon.colcon_core.verb:set package 'my_rb' build argument 'cmake_target_skip_unavailable' from command line to 'False'
[0.487s] Level 5:colcon.colcon_core.verb:set package 'my_rb' build argument 'cmake_clean_cache' from command line to 'False'
[0.487s] Level 5:colcon.colcon_core.verb:set package 'my_rb' build argument 'cmake_clean_first' from command line to 'False'
[0.487s] Level 5:colcon.colcon_core.verb:set package 'my_rb' build argument 'cmake_force_configure' from command line to 'False'
[0.487s] Level 5:colcon.colcon_core.verb:set package 'my_rb' build argument 'ament_cmake_args' from command line to 'None'
[0.488s] Level 5:colcon.colcon_core.verb:set package 'my_rb' build argument 'catkin_cmake_args' from command line to 'None'
[0.488s] Level 5:colcon.colcon_core.verb:set package 'my_rb' build argument 'catkin_skip_building_tests' from command line to 'False'
[0.488s] DEBUG:colcon.colcon_core.verb:Building package 'my_rb' with the following arguments: {'ament_cmake_args': None, 'build_base': '/home/looubuntu/ros2_ws/build/my_rb', 'catkin_cmake_args': None, 'catkin_skip_building_tests': False, 'cmake_args': None, 'cmake_clean_cache': False, 'cmake_clean_first': False, 'cmake_force_configure': False, 'cmake_target': None, 'cmake_target_skip_unavailable': False, 'install_base': '/home/looubuntu/ros2_ws/install/my_rb', 'merge_install': False, 'path': '/home/looubuntu/ros2_ws/src/my_rb', 'symlink_install': False, 'test_result_base': None}
[0.488s] Level 5:colcon.colcon_core.verb:set package 'my_robot' build argument 'cmake_args' from command line to 'None'
[0.488s] Level 5:colcon.colcon_core.verb:set package 'my_robot' build argument 'cmake_target' from command line to 'None'
[0.488s] Level 5:colcon.colcon_core.verb:set package 'my_robot' build argument 'cmake_target_skip_unavailable' from command line to 'False'
[0.488s] Level 5:colcon.colcon_core.verb:set package 'my_robot' build argument 'cmake_clean_cache' from command line to 'False'
[0.488s] Level 5:colcon.colcon_core.verb:set package 'my_robot' build argument 'cmake_clean_first' from command line to 'False'
[0.488s] Level 5:colcon.colcon_core.verb:set package 'my_robot' build argument 'cmake_force_configure' from command line to 'False'
[0.488s] Level 5:colcon.colcon_core.verb:set package 'my_robot' build argument 'ament_cmake_args' from command line to 'None'
[0.488s] Level 5:colcon.colcon_core.verb:set package 'my_robot' build argument 'catkin_cmake_args' from command line to 'None'
[0.489s] Level 5:colcon.colcon_core.verb:set package 'my_robot' build argument 'catkin_skip_building_tests' from command line to 'False'
[0.489s] DEBUG:colcon.colcon_core.verb:Building package 'my_robot' with the following arguments: {'ament_cmake_args': None, 'build_base': '/home/looubuntu/ros2_ws/build/my_robot', 'catkin_cmake_args': None, 'catkin_skip_building_tests': False, 'cmake_args': None, 'cmake_clean_cache': False, 'cmake_clean_first': False, 'cmake_force_configure': False, 'cmake_target': None, 'cmake_target_skip_unavailable': False, 'install_base': '/home/looubuntu/ros2_ws/install/my_robot', 'merge_install': False, 'path': '/home/looubuntu/ros2_ws/src/my_robot', 'symlink_install': False, 'test_result_base': None}
[0.489s] Level 5:colcon.colcon_core.verb:set package 'my_team_robot' build argument 'cmake_args' from command line to 'None'
[0.489s] Level 5:colcon.colcon_core.verb:set package 'my_team_robot' build argument 'cmake_target' from command line to 'None'
[0.489s] Level 5:colcon.colcon_core.verb:set package 'my_team_robot' build argument 'cmake_target_skip_unavailable' from command line to 'False'
[0.489s] Level 5:colcon.colcon_core.verb:set package 'my_team_robot' build argument 'cmake_clean_cache' from command line to 'False'
[0.489s] Level 5:colcon.colcon_core.verb:set package 'my_team_robot' build argument 'cmake_clean_first' from command line to 'False'
[0.489s] Level 5:colcon.colcon_core.verb:set package 'my_team_robot' build argument 'cmake_force_configure' from command line to 'False'
[0.489s] Level 5:colcon.colcon_core.verb:set package 'my_team_robot' build argument 'ament_cmake_args' from command line to 'None'
[0.489s] Level 5:colcon.colcon_core.verb:set package 'my_team_robot' build argument 'catkin_cmake_args' from command line to 'None'
[0.489s] Level 5:colcon.colcon_core.verb:set package 'my_team_robot' build argument 'catkin_skip_building_tests' from command line to 'False'
[0.489s] DEBUG:colcon.colcon_core.verb:Building package 'my_team_robot' with the following arguments: {'ament_cmake_args': None, 'build_base': '/home/looubuntu/ros2_ws/build/my_team_robot', 'catkin_cmake_args': None, 'catkin_skip_building_tests': False, 'cmake_args': None, 'cmake_clean_cache': False, 'cmake_clean_first': False, 'cmake_force_configure': False, 'cmake_target': None, 'cmake_target_skip_unavailable': False, 'install_base': '/home/looubuntu/ros2_ws/install/my_team_robot', 'merge_install': False, 'path': '/home/looubuntu/ros2_ws/src/my_team_robot', 'symlink_install': False, 'test_result_base': None}
[0.490s] INFO:colcon.colcon_core.executor:Executing jobs using 'parallel' executor
[0.491s] DEBUG:colcon.colcon_parallel_executor.executor.parallel:run_until_complete
[0.491s] INFO:colcon.colcon_ros.task.ament_cmake.build:Building ROS package in '/home/looubuntu/ros2_ws/src/my_interfaces' with build type 'ament_cmake'
[0.491s] INFO:colcon.colcon_cmake.task.cmake.build:Building CMake package in '/home/looubuntu/ros2_ws/src/my_interfaces'
[0.494s] INFO:colcon.colcon_core.plugin_system:Skipping extension 'colcon_core.shell.bat': Not used on non-Windows systems
[0.495s] INFO:colcon.colcon_core.shell:Skip shell extension 'powershell' for command environment: Not usable outside of PowerShell
[0.495s] DEBUG:colcon.colcon_core.shell:Skip shell extension 'dsv' for command environment
[0.497s] INFO:colcon.colcon_ros.task.ament_python.build:Building ROS package in '/home/looubuntu/ros2_ws/src/my_pkg' with build type 'ament_python'
[0.497s] Level 1:colcon.colcon_core.shell:create_environment_hook('my_pkg', 'ament_prefix_path')
[0.497s] INFO:colcon.colcon_core.shell:Creating environment hook '/home/looubuntu/ros2_ws/install/my_pkg/share/my_pkg/hook/ament_prefix_path.ps1'
[0.498s] INFO:colcon.colcon_core.shell:Creating environment descriptor '/home/looubuntu/ros2_ws/install/my_pkg/share/my_pkg/hook/ament_prefix_path.dsv'
[0.498s] INFO:colcon.colcon_core.shell:Creating environment hook '/home/looubuntu/ros2_ws/install/my_pkg/share/my_pkg/hook/ament_prefix_path.sh'
[0.499s] INFO:colcon.colcon_core.shell:Skip shell extension 'powershell' for command environment: Not usable outside of PowerShell
[0.499s] DEBUG:colcon.colcon_core.shell:Skip shell extension 'dsv' for command environment
[0.501s] INFO:colcon.colcon_ros.task.ament_python.build:Building ROS package in '/home/looubuntu/ros2_ws/src/my_rb' with build type 'ament_python'
[0.501s] Level 1:colcon.colcon_core.shell:create_environment_hook('my_rb', 'ament_prefix_path')
[0.501s] INFO:colcon.colcon_core.shell:Creating environment hook '/home/looubuntu/ros2_ws/install/my_rb/share/my_rb/hook/ament_prefix_path.ps1'
[0.502s] INFO:colcon.colcon_core.shell:Creating environment descriptor '/home/looubuntu/ros2_ws/install/my_rb/share/my_rb/hook/ament_prefix_path.dsv'
[0.502s] INFO:colcon.colcon_core.shell:Creating environment hook '/home/looubuntu/ros2_ws/install/my_rb/share/my_rb/hook/ament_prefix_path.sh'
[0.502s] INFO:colcon.colcon_core.shell:Skip shell extension 'powershell' for command environment: Not usable outside of PowerShell
[0.503s] DEBUG:colcon.colcon_core.shell:Skip shell extension 'dsv' for command environment
[0.505s] INFO:colcon.colcon_ros.task.ament_python.build:Building ROS package in '/home/looubuntu/ros2_ws/src/my_robot' with build type 'ament_python'
[0.505s] Level 1:colcon.colcon_core.shell:create_environment_hook('my_robot', 'ament_prefix_path')
[0.506s] INFO:colcon.colcon_core.shell:Creating environment hook '/home/looubuntu/ros2_ws/install/my_robot/share/my_robot/hook/ament_prefix_path.ps1'
[0.506s] INFO:colcon.colcon_core.shell:Creating environment descriptor '/home/looubuntu/ros2_ws/install/my_robot/share/my_robot/hook/ament_prefix_path.dsv'
[0.506s] INFO:colcon.colcon_core.shell:Creating environment hook '/home/looubuntu/ros2_ws/install/my_robot/share/my_robot/hook/ament_prefix_path.sh'
[0.507s] INFO:colcon.colcon_core.shell:Skip shell extension 'powershell' for command environment: Not usable outside of PowerShell
[0.507s] DEBUG:colcon.colcon_core.shell:Skip shell extension 'dsv' for command environment
[0.509s] INFO:colcon.colcon_ros.task.ament_python.build:Building ROS package in '/home/looubuntu/ros2_ws/src/my_team_robot' with build type 'ament_python'
[0.510s] Level 1:colcon.colcon_core.shell:create_environment_hook('my_team_robot', 'ament_prefix_path')
[0.510s] INFO:colcon.colcon_core.shell:Creating environment hook '/home/looubuntu/ros2_ws/install/my_team_robot/share/my_team_robot/hook/ament_prefix_path.ps1'
[0.510s] INFO:colcon.colcon_core.shell:Creating environment descriptor '/home/looubuntu/ros2_ws/install/my_team_robot/share/my_team_robot/hook/ament_prefix_path.dsv'
[0.511s] INFO:colcon.colcon_core.shell:Creating environment hook '/home/looubuntu/ros2_ws/install/my_team_robot/share/my_team_robot/hook/ament_prefix_path.sh'
[0.511s] INFO:colcon.colcon_core.shell:Skip shell extension 'powershell' for command environment: Not usable outside of PowerShell
[0.511s] DEBUG:colcon.colcon_core.shell:Skip shell extension 'dsv' for command environment
[0.517s] DEBUG:colcon.colcon_core.event_handler.log_command:Invoking command in '/home/looubuntu/ros2_ws/build/my_interfaces': CMAKE_PREFIX_PATH=/opt/ros/humble /usr/bin/cmake --build /home/looubuntu/ros2_ws/build/my_interfaces -- -j12 -l12
[0.802s] INFO:colcon.colcon_core.task.python.build:Building Python package in '/home/looubuntu/ros2_ws/src/my_pkg'
[0.803s] INFO:colcon.colcon_core.shell:Skip shell extension 'powershell' for command environment: Not usable outside of PowerShell
[0.803s] DEBUG:colcon.colcon_core.shell:Skip shell extension 'dsv' for command environment
[1.072s] INFO:colcon.colcon_core.task.python.build:Building Python package in '/home/looubuntu/ros2_ws/src/my_rb'
[1.073s] INFO:colcon.colcon_core.shell:Skip shell extension 'powershell' for command environment: Not usable outside of PowerShell
[1.073s] DEBUG:colcon.colcon_core.shell:Skip shell extension 'dsv' for command environment
[1.312s] INFO:colcon.colcon_core.task.python.build:Building Python package in '/home/looubuntu/ros2_ws/src/my_robot'
[1.312s] INFO:colcon.colcon_core.shell:Skip shell extension 'powershell' for command environment: Not usable outside of PowerShell
[1.312s] DEBUG:colcon.colcon_core.shell:Skip shell extension 'dsv' for command environment
[1.561s] INFO:colcon.colcon_core.task.python.build:Building Python package in '/home/looubuntu/ros2_ws/src/my_team_robot'
[1.561s] INFO:colcon.colcon_core.shell:Skip shell extension 'powershell' for command environment: Not usable outside of PowerShell
[1.561s] DEBUG:colcon.colcon_core.shell:Skip shell extension 'dsv' for command environment
[1.565s] DEBUG:colcon.colcon_core.event_handler.log_command:Invoked command in '/home/looubuntu/ros2_ws/build/my_interfaces' returned '0': CMAKE_PREFIX_PATH=/opt/ros/humble /usr/bin/cmake --build /home/looubuntu/ros2_ws/build/my_interfaces -- -j12 -l12
[1.633s] DEBUG:colcon.colcon_core.event_handler.log_command:Invoking command in '/home/looubuntu/ros2_ws/build/my_interfaces': CMAKE_PREFIX_PATH=/opt/ros/humble /usr/bin/cmake --install /home/looubuntu/ros2_ws/build/my_interfaces
[1.696s] Level 1:colcon.colcon_core.environment:create_environment_scripts_only(my_interfaces)
[1.697s] DEBUG:colcon.colcon_core.event_handler.log_command:Invoked command in '/home/looubuntu/ros2_ws/build/my_interfaces' returned '0': CMAKE_PREFIX_PATH=/opt/ros/humble /usr/bin/cmake --install /home/looubuntu/ros2_ws/build/my_interfaces
[1.701s] Level 1:colcon.colcon_core.environment:checking '/home/looubuntu/ros2_ws/install/my_interfaces' for CMake module files
[1.702s] Level 1:colcon.colcon_core.environment:checking '/home/looubuntu/ros2_ws/install/my_interfaces' for CMake config files
[1.702s] Level 1:colcon.colcon_core.shell:create_environment_hook('my_interfaces', 'cmake_prefix_path')
[1.703s] INFO:colcon.colcon_core.shell:Creating environment hook '/home/looubuntu/ros2_ws/install/my_interfaces/share/my_interfaces/hook/cmake_prefix_path.ps1'
[1.703s] INFO:colcon.colcon_core.shell:Creating environment descriptor '/home/looubuntu/ros2_ws/install/my_interfaces/share/my_interfaces/hook/cmake_prefix_path.dsv'
[1.704s] INFO:colcon.colcon_core.shell:Creating environment hook '/home/looubuntu/ros2_ws/install/my_interfaces/share/my_interfaces/hook/cmake_prefix_path.sh'
[1.705s] Level 1:colcon.colcon_core.environment:checking '/home/looubuntu/ros2_ws/install/my_interfaces/lib'
[1.705s] Level 1:colcon.colcon_core.shell:create_environment_hook('my_interfaces', 'ld_library_path_lib')
[1.706s] INFO:colcon.colcon_core.shell:Creating environment hook '/home/looubuntu/ros2_ws/install/my_interfaces/share/my_interfaces/hook/ld_library_path_lib.ps1'
[1.707s] INFO:colcon.colcon_core.shell:Creating environment descriptor '/home/looubuntu/ros2_ws/install/my_interfaces/share/my_interfaces/hook/ld_library_path_lib.dsv'
[1.707s] INFO:colcon.colcon_core.shell:Creating environment hook '/home/looubuntu/ros2_ws/install/my_interfaces/share/my_interfaces/hook/ld_library_path_lib.sh'
[1.707s] Level 1:colcon.colcon_core.environment:checking '/home/looubuntu/ros2_ws/install/my_interfaces/bin'
[1.708s] Level 1:colcon.colcon_core.environment:checking '/home/looubuntu/ros2_ws/install/my_interfaces/lib/pkgconfig/my_interfaces.pc'
[1.708s] Level 1:colcon.colcon_core.environment:checking '/home/looubuntu/ros2_ws/install/my_interfaces/lib/python3.10/site-packages'
[1.708s] Level 1:colcon.colcon_core.environment:checking '/home/looubuntu/ros2_ws/install/my_interfaces/bin'
[1.709s] INFO:colcon.colcon_core.shell:Creating package script '/home/looubuntu/ros2_ws/install/my_interfaces/share/my_interfaces/package.ps1'
[1.710s] INFO:colcon.colcon_core.shell:Creating package descriptor '/home/looubuntu/ros2_ws/install/my_interfaces/share/my_interfaces/package.dsv'
[1.711s] INFO:colcon.colcon_core.shell:Creating package script '/home/looubuntu/ros2_ws/install/my_interfaces/share/my_interfaces/package.sh'
[1.712s] INFO:colcon.colcon_core.shell:Creating package script '/home/looubuntu/ros2_ws/install/my_interfaces/share/my_interfaces/package.bash'
[1.714s] INFO:colcon.colcon_core.shell:Creating package script '/home/looubuntu/ros2_ws/install/my_interfaces/share/my_interfaces/package.zsh'
[1.715s] Level 1:colcon.colcon_core.environment:create_file_with_runtime_dependencies(/home/looubuntu/ros2_ws/install/my_interfaces/share/colcon-core/packages/my_interfaces)
[1.775s] Level 1:colcon.colcon_core.environment:create_environment_scripts_only(my_interfaces)
[1.776s] Level 1:colcon.colcon_core.environment:checking '/home/looubuntu/ros2_ws/install/my_interfaces' for CMake module files
[1.777s] Level 1:colcon.colcon_core.environment:checking '/home/looubuntu/ros2_ws/install/my_interfaces' for CMake config files
[1.777s] Level 1:colcon.colcon_core.shell:create_environment_hook('my_interfaces', 'cmake_prefix_path')
[1.777s] INFO:colcon.colcon_core.shell:Creating environment hook '/home/looubuntu/ros2_ws/install/my_interfaces/share/my_interfaces/hook/cmake_prefix_path.ps1'
[1.778s] INFO:colcon.colcon_core.shell:Creating environment descriptor '/home/looubuntu/ros2_ws/install/my_interfaces/share/my_interfaces/hook/cmake_prefix_path.dsv'
[1.778s] INFO:colcon.colcon_core.shell:Creating environment hook '/home/looubuntu/ros2_ws/install/my_interfaces/share/my_interfaces/hook/cmake_prefix_path.sh'
[1.779s] Level 1:colcon.colcon_core.environment:checking '/home/looubuntu/ros2_ws/install/my_interfaces/lib'
[1.779s] Level 1:colcon.colcon_core.shell:create_environment_hook('my_interfaces', 'ld_library_path_lib')
[1.780s] INFO:colcon.colcon_core.shell:Creating environment hook '/home/looubuntu/ros2_ws/install/my_interfaces/share/my_interfaces/hook/ld_library_path_lib.ps1'
[1.780s] INFO:colcon.colcon_core.shell:Creating environment descriptor '/home/looubuntu/ros2_ws/install/my_interfaces/share/my_interfaces/hook/ld_library_path_lib.dsv'
[1.781s] INFO:colcon.colcon_core.shell:Creating environment hook '/home/looubuntu/ros2_ws/install/my_interfaces/share/my_interfaces/hook/ld_library_path_lib.sh'
[1.781s] Level 1:colcon.colcon_core.environment:checking '/home/looubuntu/ros2_ws/install/my_interfaces/bin'
[1.781s] Level 1:colcon.colcon_core.environment:checking '/home/looubuntu/ros2_ws/install/my_interfaces/lib/pkgconfig/my_interfaces.pc'
[1.781s] Level 1:colcon.colcon_core.environment:checking '/home/looubuntu/ros2_ws/install/my_interfaces/lib/python3.10/site-packages'
[1.782s] Level 1:colcon.colcon_core.environment:checking '/home/looubuntu/ros2_ws/install/my_interfaces/bin'
[1.782s] INFO:colcon.colcon_core.shell:Creating package script '/home/looubuntu/ros2_ws/install/my_interfaces/share/my_interfaces/package.ps1'
[1.783s] INFO:colcon.colcon_core.shell:Creating package descriptor '/home/looubuntu/ros2_ws/install/my_interfaces/share/my_interfaces/package.dsv'
[1.784s] INFO:colcon.colcon_core.shell:Creating package script '/home/looubuntu/ros2_ws/install/my_interfaces/share/my_interfaces/package.sh'
[1.784s] INFO:colcon.colcon_core.shell:Creating package script '/home/looubuntu/ros2_ws/install/my_interfaces/share/my_interfaces/package.bash'
[1.785s] INFO:colcon.colcon_core.shell:Creating package script '/home/looubuntu/ros2_ws/install/my_interfaces/share/my_interfaces/package.zsh'
[1.785s] Level 1:colcon.colcon_core.environment:create_file_with_runtime_dependencies(/home/looubuntu/ros2_ws/install/my_interfaces/share/colcon-core/packages/my_interfaces)
[1.957s] DEBUG:colcon.colcon_core.event_handler.log_command:Invoking command in '/home/looubuntu/ros2_ws/src/my_pkg': PYTHONPATH=/home/looubuntu/ros2_ws/build/my_pkg/prefix_override:/usr/lib/python3/dist-packages/colcon_core/task/python/colcon_distutils_commands:/home/looubuntu/ros2_ws/install/my_pkg/lib/python3.10/site-packages:${PYTHONPATH} /usr/bin/python3 -W ignore:setup.py install is deprecated setup.py egg_info --egg-base ../../build/my_pkg build --build-base /home/looubuntu/ros2_ws/build/my_pkg/build install --record /home/looubuntu/ros2_ws/build/my_pkg/install.log --single-version-externally-managed install_data
[1.959s] DEBUG:colcon.colcon_core.event_handler.log_command:Invoking command in '/home/looubuntu/ros2_ws/src/my_robot': PYTHONPATH=/home/looubuntu/ros2_ws/build/my_robot/prefix_override:/usr/lib/python3/dist-packages/colcon_core/task/python/colcon_distutils_commands:/home/looubuntu/ros2_ws/install/my_robot/lib/python3.10/site-packages:${PYTHONPATH} /usr/bin/python3 -W ignore:setup.py install is deprecated setup.py egg_info --egg-base ../../build/my_robot build --build-base /home/looubuntu/ros2_ws/build/my_robot/build install --record /home/looubuntu/ros2_ws/build/my_robot/install.log --single-version-externally-managed install_data
[1.975s] DEBUG:colcon.colcon_core.event_handler.log_command:Invoking command in '/home/looubuntu/ros2_ws/src/my_rb': PYTHONPATH=/home/looubuntu/ros2_ws/build/my_rb/prefix_override:/usr/lib/python3/dist-packages/colcon_core/task/python/colcon_distutils_commands:/home/looubuntu/ros2_ws/install/my_rb/lib/python3.10/site-packages:${PYTHONPATH} /usr/bin/python3 -W ignore:setup.py install is deprecated setup.py egg_info --egg-base ../../build/my_rb build --build-base /home/looubuntu/ros2_ws/build/my_rb/build install --record /home/looubuntu/ros2_ws/build/my_rb/install.log --single-version-externally-managed install_data
[1.997s] DEBUG:colcon.colcon_core.event_handler.log_command:Invoking command in '/home/looubuntu/ros2_ws/src/my_team_robot': PYTHONPATH=/home/looubuntu/ros2_ws/build/my_team_robot/prefix_override:/usr/lib/python3/dist-packages/colcon_core/task/python/colcon_distutils_commands:/home/looubuntu/ros2_ws/install/my_team_robot/lib/python3.10/site-packages:${PYTHONPATH} /usr/bin/python3 -W ignore:setup.py install is deprecated setup.py egg_info --egg-base ../../build/my_team_robot build --build-base /home/looubuntu/ros2_ws/build/my_team_robot/build install --record /home/looubuntu/ros2_ws/build/my_team_robot/install.log --single-version-externally-managed install_data
[2.278s] Level 1:colcon.colcon_core.environment:checking '/home/looubuntu/ros2_ws/install/my_robot' for CMake module files
[2.279s] DEBUG:colcon.colcon_core.event_handler.log_command:Invoked command in '/home/looubuntu/ros2_ws/src/my_robot' returned '0': PYTHONPATH=/home/looubuntu/ros2_ws/build/my_robot/prefix_override:/usr/lib/python3/dist-packages/colcon_core/task/python/colcon_distutils_commands:/home/looubuntu/ros2_ws/install/my_robot/lib/python3.10/site-packages:${PYTHONPATH} /usr/bin/python3 -W ignore:setup.py install is deprecated setup.py egg_info --egg-base ../../build/my_robot build --build-base /home/looubuntu/ros2_ws/build/my_robot/build install --record /home/looubuntu/ros2_ws/build/my_robot/install.log --single-version-externally-managed install_data
[2.279s] Level 1:colcon.colcon_core.environment:checking '/home/looubuntu/ros2_ws/install/my_robot' for CMake config files
[2.280s] Level 1:colcon.colcon_core.environment:checking '/home/looubuntu/ros2_ws/install/my_robot/lib'
[2.280s] Level 1:colcon.colcon_core.environment:checking '/home/looubuntu/ros2_ws/install/my_robot/bin'
[2.280s] Level 1:colcon.colcon_core.environment:checking '/home/looubuntu/ros2_ws/install/my_robot/lib/pkgconfig/my_robot.pc'
[2.280s] Level 1:colcon.colcon_core.environment:checking '/home/looubuntu/ros2_ws/install/my_robot/lib/python3.10/site-packages'
[2.280s] Level 1:colcon.colcon_core.shell:create_environment_hook('my_robot', 'pythonpath')
[2.281s] INFO:colcon.colcon_core.shell:Creating environment hook '/home/looubuntu/ros2_ws/install/my_robot/share/my_robot/hook/pythonpath.ps1'
[2.282s] INFO:colcon.colcon_core.shell:Creating environment descriptor '/home/looubuntu/ros2_ws/install/my_robot/share/my_robot/hook/pythonpath.dsv'
[2.282s] INFO:colcon.colcon_core.shell:Creating environment hook '/home/looubuntu/ros2_ws/install/my_robot/share/my_robot/hook/pythonpath.sh'
[2.283s] Level 1:colcon.colcon_core.environment:checking '/home/looubuntu/ros2_ws/install/my_robot/bin'
[2.283s] Level 1:colcon.colcon_core.environment:create_environment_scripts_only(my_robot)
[2.283s] INFO:colcon.colcon_core.shell:Creating package script '/home/looubuntu/ros2_ws/install/my_robot/share/my_robot/package.ps1'
[2.284s] INFO:colcon.colcon_core.shell:Creating package descriptor '/home/looubuntu/ros2_ws/install/my_robot/share/my_robot/package.dsv'
[2.284s] INFO:colcon.colcon_core.shell:Creating package script '/home/looubuntu/ros2_ws/install/my_robot/share/my_robot/package.sh'
[2.285s] INFO:colcon.colcon_core.shell:Creating package script '/home/looubuntu/ros2_ws/install/my_robot/share/my_robot/package.bash'
[2.285s] INFO:colcon.colcon_core.shell:Creating package script '/home/looubuntu/ros2_ws/install/my_robot/share/my_robot/package.zsh'
[2.286s] Level 1:colcon.colcon_core.environment:create_file_with_runtime_dependencies(/home/looubuntu/ros2_ws/install/my_robot/share/colcon-core/packages/my_robot)
[2.287s] Level 1:colcon.colcon_core.environment:checking '/home/looubuntu/ros2_ws/install/my_pkg' for CMake module files
[2.288s] DEBUG:colcon.colcon_core.event_handler.log_command:Invoked command in '/home/looubuntu/ros2_ws/src/my_pkg' returned '0': PYTHONPATH=/home/looubuntu/ros2_ws/build/my_pkg/prefix_override:/usr/lib/python3/dist-packages/colcon_core/task/python/colcon_distutils_commands:/home/looubuntu/ros2_ws/install/my_pkg/lib/python3.10/site-packages:${PYTHONPATH} /usr/bin/python3 -W ignore:setup.py install is deprecated setup.py egg_info --egg-base ../../build/my_pkg build --build-base /home/looubuntu/ros2_ws/build/my_pkg/build install --record /home/looubuntu/ros2_ws/build/my_pkg/install.log --single-version-externally-managed install_data
[2.288s] Level 1:colcon.colcon_core.environment:checking '/home/looubuntu/ros2_ws/install/my_pkg' for CMake config files
[2.289s] Level 1:colcon.colcon_core.environment:checking '/home/looubuntu/ros2_ws/install/my_pkg/lib'
[2.289s] Level 1:colcon.colcon_core.environment:checking '/home/looubuntu/ros2_ws/install/my_pkg/bin'
[2.289s] Level 1:colcon.colcon_core.environment:checking '/home/looubuntu/ros2_ws/install/my_pkg/lib/pkgconfig/my_pkg.pc'
[2.290s] Level 1:colcon.colcon_core.environment:checking '/home/looubuntu/ros2_ws/install/my_pkg/lib/python3.10/site-packages'
[2.290s] Level 1:colcon.colcon_core.shell:create_environment_hook('my_pkg', 'pythonpath')
[2.291s] INFO:colcon.colcon_core.shell:Creating environment hook '/home/looubuntu/ros2_ws/install/my_pkg/share/my_pkg/hook/pythonpath.ps1'
[2.291s] INFO:colcon.colcon_core.shell:Creating environment descriptor '/home/looubuntu/ros2_ws/install/my_pkg/share/my_pkg/hook/pythonpath.dsv'
[2.292s] INFO:colcon.colcon_core.shell:Creating environment hook '/home/looubuntu/ros2_ws/install/my_pkg/share/my_pkg/hook/pythonpath.sh'
[2.292s] Level 1:colcon.colcon_core.environment:checking '/home/looubuntu/ros2_ws/install/my_pkg/bin'
[2.292s] Level 1:colcon.colcon_core.environment:create_environment_scripts_only(my_pkg)
[2.293s] INFO:colcon.colcon_core.shell:Creating package script '/home/looubuntu/ros2_ws/install/my_pkg/share/my_pkg/package.ps1'
[2.293s] INFO:colcon.colcon_core.shell:Creating package descriptor '/home/looubuntu/ros2_ws/install/my_pkg/share/my_pkg/package.dsv'
[2.294s] INFO:colcon.colcon_core.shell:Creating package script '/home/looubuntu/ros2_ws/install/my_pkg/share/my_pkg/package.sh'
[2.294s] INFO:colcon.colcon_core.shell:Creating package script '/home/looubuntu/ros2_ws/install/my_pkg/share/my_pkg/package.bash'
[2.295s] INFO:colcon.colcon_core.shell:Creating package script '/home/looubuntu/ros2_ws/install/my_pkg/share/my_pkg/package.zsh'
[2.295s] Level 1:colcon.colcon_core.environment:create_file_with_runtime_dependencies(/home/looubuntu/ros2_ws/install/my_pkg/share/colcon-core/packages/my_pkg)
[2.300s] Level 1:colcon.colcon_core.environment:checking '/home/looubuntu/ros2_ws/install/my_rb' for CMake module files
[2.300s] DEBUG:colcon.colcon_core.event_handler.log_command:Invoked command in '/home/looubuntu/ros2_ws/src/my_rb' returned '0': PYTHONPATH=/home/looubuntu/ros2_ws/build/my_rb/prefix_override:/usr/lib/python3/dist-packages/colcon_core/task/python/colcon_distutils_commands:/home/looubuntu/ros2_ws/install/my_rb/lib/python3.10/site-packages:${PYTHONPATH} /usr/bin/python3 -W ignore:setup.py install is deprecated setup.py egg_info --egg-base ../../build/my_rb build --build-base /home/looubuntu/ros2_ws/build/my_rb/build install --record /home/looubuntu/ros2_ws/build/my_rb/install.log --single-version-externally-managed install_data
[2.301s] Level 1:colcon.colcon_core.environment:checking '/home/looubuntu/ros2_ws/install/my_rb' for CMake config files
[2.301s] Level 1:colcon.colcon_core.environment:checking '/home/looubuntu/ros2_ws/install/my_rb/lib'
[2.301s] Level 1:colcon.colcon_core.environment:checking '/home/looubuntu/ros2_ws/install/my_rb/bin'
[2.301s] Level 1:colcon.colcon_core.environment:checking '/home/looubuntu/ros2_ws/install/my_rb/lib/pkgconfig/my_rb.pc'
[2.302s] Level 1:colcon.colcon_core.environment:checking '/home/looubuntu/ros2_ws/install/my_rb/lib/python3.10/site-packages'
[2.302s] Level 1:colcon.colcon_core.shell:create_environment_hook('my_rb', 'pythonpath')
[2.302s] INFO:colcon.colcon_core.shell:Creating environment hook '/home/looubuntu/ros2_ws/install/my_rb/share/my_rb/hook/pythonpath.ps1'
[2.302s] INFO:colcon.colcon_core.shell:Creating environment descriptor '/home/looubuntu/ros2_ws/install/my_rb/share/my_rb/hook/pythonpath.dsv'
[2.303s] INFO:colcon.colcon_core.shell:Creating environment hook '/home/looubuntu/ros2_ws/install/my_rb/share/my_rb/hook/pythonpath.sh'
[2.303s] Level 1:colcon.colcon_core.environment:checking '/home/looubuntu/ros2_ws/install/my_rb/bin'
[2.303s] Level 1:colcon.colcon_core.environment:create_environment_scripts_only(my_rb)
[2.304s] INFO:colcon.colcon_core.shell:Creating package script '/home/looubuntu/ros2_ws/install/my_rb/share/my_rb/package.ps1'
[2.304s] INFO:colcon.colcon_core.shell:Creating package descriptor '/home/looubuntu/ros2_ws/install/my_rb/share/my_rb/package.dsv'
[2.305s] INFO:colcon.colcon_core.shell:Creating package script '/home/looubuntu/ros2_ws/install/my_rb/share/my_rb/package.sh'
[2.305s] INFO:colcon.colcon_core.shell:Creating package script '/home/looubuntu/ros2_ws/install/my_rb/share/my_rb/package.bash'
[2.306s] INFO:colcon.colcon_core.shell:Creating package script '/home/looubuntu/ros2_ws/install/my_rb/share/my_rb/package.zsh'
[2.307s] Level 1:colcon.colcon_core.environment:create_file_with_runtime_dependencies(/home/looubuntu/ros2_ws/install/my_rb/share/colcon-core/packages/my_rb)
[2.319s] Level 1:colcon.colcon_core.environment:checking '/home/looubuntu/ros2_ws/install/my_team_robot' for CMake module files
[2.319s] DEBUG:colcon.colcon_core.event_handler.log_command:Invoked command in '/home/looubuntu/ros2_ws/src/my_team_robot' returned '0': PYTHONPATH=/home/looubuntu/ros2_ws/build/my_team_robot/prefix_override:/usr/lib/python3/dist-packages/colcon_core/task/python/colcon_distutils_commands:/home/looubuntu/ros2_ws/install/my_team_robot/lib/python3.10/site-packages:${PYTHONPATH} /usr/bin/python3 -W ignore:setup.py install is deprecated setup.py egg_info --egg-base ../../build/my_team_robot build --build-base /home/looubuntu/ros2_ws/build/my_team_robot/build install --record /home/looubuntu/ros2_ws/build/my_team_robot/install.log --single-version-externally-managed install_data
[2.320s] Level 1:colcon.colcon_core.environment:checking '/home/looubuntu/ros2_ws/install/my_team_robot' for CMake config files
[2.320s] Level 1:colcon.colcon_core.environment:checking '/home/looubuntu/ros2_ws/install/my_team_robot/lib'
[2.320s] Level 1:colcon.colcon_core.environment:checking '/home/looubuntu/ros2_ws/install/my_team_robot/bin'
[2.321s] Level 1:colcon.colcon_core.environment:checking '/home/looubuntu/ros2_ws/install/my_team_robot/lib/pkgconfig/my_team_robot.pc'
[2.321s] Level 1:colcon.colcon_core.environment:checking '/home/looubuntu/ros2_ws/install/my_team_robot/lib/python3.10/site-packages'
[2.321s] Level 1:colcon.colcon_core.shell:create_environment_hook('my_team_robot', 'pythonpath')
[2.322s] INFO:colcon.colcon_core.shell:Creating environment hook '/home/looubuntu/ros2_ws/install/my_team_robot/share/my_team_robot/hook/pythonpath.ps1'
[2.323s] INFO:colcon.colcon_core.shell:Creating environment descriptor '/home/looubuntu/ros2_ws/install/my_team_robot/share/my_team_robot/hook/pythonpath.dsv'
[2.323s] INFO:colcon.colcon_core.shell:Creating environment hook '/home/looubuntu/ros2_ws/install/my_team_robot/share/my_team_robot/hook/pythonpath.sh'
[2.324s] Level 1:colcon.colcon_core.environment:checking '/home/looubuntu/ros2_ws/install/my_team_robot/bin'
[2.324s] Level 1:colcon.colcon_core.environment:create_environment_scripts_only(my_team_robot)
[2.324s] INFO:colcon.colcon_core.shell:Creating package script '/home/looubuntu/ros2_ws/install/my_team_robot/share/my_team_robot/package.ps1'
[2.324s] INFO:colcon.colcon_core.shell:Creating package descriptor '/home/looubuntu/ros2_ws/install/my_team_robot/share/my_team_robot/package.dsv'
[2.325s] INFO:colcon.colcon_core.shell:Creating package script '/home/looubuntu/ros2_ws/install/my_team_robot/share/my_team_robot/package.sh'
[2.325s] INFO:colcon.colcon_core.shell:Creating package script '/home/looubuntu/ros2_ws/install/my_team_robot/share/my_team_robot/package.bash'
[2.325s] INFO:colcon.colcon_core.shell:Creating package script '/home/looubuntu/ros2_ws/install/my_team_robot/share/my_team_robot/package.zsh'
[2.326s] Level 1:colcon.colcon_core.environment:create_file_with_runtime_dependencies(/home/looubuntu/ros2_ws/install/my_team_robot/share/colcon-core/packages/my_team_robot)
[2.326s] DEBUG:colcon.colcon_parallel_executor.executor.parallel:closing loop
[2.326s] DEBUG:colcon.colcon_parallel_executor.executor.parallel:loop closed
[2.326s] DEBUG:colcon.colcon_parallel_executor.executor.parallel:run_until_complete finished with '0'
[2.326s] DEBUG:colcon.colcon_core.event_reactor:joining thread
[2.331s] INFO:colcon.colcon_core.plugin_system:Skipping extension 'colcon_notification.desktop_notification.terminal_notifier': Not used on non-Darwin systems
[2.332s] INFO:colcon.colcon_core.plugin_system:Skipping extension 'colcon_notification.desktop_notification.win32': Not used on non-Windows systems
[2.332s] INFO:colcon.colcon_notification.desktop_notification:Sending desktop notification using 'notify2'
[2.343s] DEBUG:colcon.colcon_core.event_reactor:joined thread
[2.343s] INFO:colcon.colcon_core.shell:Creating prefix script '/home/looubuntu/ros2_ws/install/local_setup.ps1'
[2.344s] INFO:colcon.colcon_core.shell:Creating prefix util module '/home/looubuntu/ros2_ws/install/_local_setup_util_ps1.py'
[2.346s] INFO:colcon.colcon_core.shell:Creating prefix chain script '/home/looubuntu/ros2_ws/install/setup.ps1'
[2.348s] INFO:colcon.colcon_core.shell:Creating prefix script '/home/looubuntu/ros2_ws/install/local_setup.sh'
[2.349s] INFO:colcon.colcon_core.shell:Creating prefix util module '/home/looubuntu/ros2_ws/install/_local_setup_util_sh.py'
[2.350s] INFO:colcon.colcon_core.shell:Creating prefix chain script '/home/looubuntu/ros2_ws/install/setup.sh'
[2.351s] INFO:colcon.colcon_core.shell:Creating prefix script '/home/looubuntu/ros2_ws/install/local_setup.bash'
[2.352s] INFO:colcon.colcon_core.shell:Creating prefix chain script '/home/looubuntu/ros2_ws/install/setup.bash'
[2.353s] INFO:colcon.colcon_core.shell:Creating prefix script '/home/looubuntu/ros2_ws/install/local_setup.zsh'
[2.353s] INFO:colcon.colcon_core.shell:Creating prefix chain script '/home/looubuntu/ros2_ws/install/setup.zsh'
