[0.011s] Invoking command in '/home/looubuntu/ros2_ws/build/my_interfaces': CMAKE_PREFIX_PATH=${CMAKE_PREFIX_PATH}:/home/looubuntu/ros2_ws/install/my_pkg:/opt/ros/humble /usr/bin/cmake --build /home/looubuntu/ros2_ws/build/my_interfaces -- -j12 -l12
[0.034s] -- Found ament_cmake: 1.3.10 (/opt/ros/humble/share/ament_cmake/cmake)
[0.150s] -- Found rosidl_default_generators: 1.2.0 (/opt/ros/humble/share/rosidl_default_generators/cmake)
[0.153s] -- Using all available rosidl_typesupport_c: rosidl_typesupport_fastrtps_c;rosidl_typesupport_introspection_c
[0.157s] -- Found rosidl_adapter: 3.1.5 (/opt/ros/humble/share/rosidl_adapter/cmake)
[0.194s] -- Using all available rosidl_typesupport_cpp: rosidl_typesupport_fastrtps_cpp;rosidl_typesupport_introspection_cpp
[0.420s] -- Found ament_cmake_ros: 0.10.0 (/opt/ros/humble/share/ament_cmake_ros/cmake)
[0.562s] -- Using all available rosidl_typesupport_c: rosidl_typesupport_fastrtps_c;rosidl_typesupport_introspection_c
[0.742s] -- Using all available rosidl_typesupport_cpp: rosidl_typesupport_fastrtps_cpp;rosidl_typesupport_introspection_cpp
[0.759s] -- Found python_cmake_module: 0.10.0 (/opt/ros/humble/share/python_cmake_module/cmake)
[0.776s] -- Using PYTHON_EXECUTABLE: /usr/bin/python3
[0.776s] -- Using PYTHON_INCLUDE_DIRS: /usr/include/python3.10
[0.776s] -- Using PYTHON_LIBRARIES: /usr/lib/x86_64-linux-gnu/libpython3.10.so
[0.785s] -- Found ament_lint_auto: 0.12.11 (/opt/ros/humble/share/ament_lint_auto/cmake)
[0.806s] -- Added test 'lint_cmake' to check CMake code style
[0.807s] -- Added test 'xmllint' to check XML markup files
[0.811s] -- Configuring done
[0.840s] -- Generating done
[0.842s] -- Build files have been written to: /home/looubuntu/ros2_ws/build/my_interfaces
[0.858s] [  2%] [34m[1mGenerating C code for ROS interfaces[0m
[0.865s] [  5%] [34m[1mGenerating C++ code for ROS interfaces[0m
[0.872s] [  5%] Built target ament_cmake_python_copy_my_interfaces
[1.082s] running egg_info
[1.083s] writing my_interfaces.egg-info/PKG-INFO
[1.083s] writing dependency_links to my_interfaces.egg-info/dependency_links.txt
[1.083s] writing top-level names to my_interfaces.egg-info/top_level.txt
[1.085s] reading manifest file 'my_interfaces.egg-info/SOURCES.txt'
[1.085s] writing manifest file 'my_interfaces.egg-info/SOURCES.txt'
[1.105s] [  5%] Built target ament_cmake_python_build_my_interfaces_egg
[1.128s] [35m[1mConsolidate compiler generated dependencies of target my_interfaces__rosidl_generator_c[0m
[1.133s] [  5%] Built target my_interfaces__cpp
[1.137s] [ 10%] [32mBuilding C object CMakeFiles/my_interfaces__rosidl_generator_c.dir/rosidl_generator_c/my_interfaces/srv/detail/vd__functions.c.o[0m
[1.137s] [ 10%] [32mBuilding C object CMakeFiles/my_interfaces__rosidl_generator_c.dir/rosidl_generator_c/my_interfaces/msg/detail/my_msg__functions.c.o[0m
[1.140s] [ 17%] [34m[1mGenerating C++ type support for eProsima Fast-RTPS[0m
[1.140s] [ 17%] [34m[1mGenerating C++ introspection for ROS interfaces[0m
[1.140s] [ 17%] [34m[1mGenerating C++ type support dispatch for ROS interfaces[0m
[1.241s] [ 20%] [32m[1mLinking C shared library libmy_interfaces__rosidl_generator_c.so[0m
[1.276s] [ 20%] Built target my_interfaces__rosidl_generator_c
[1.283s] [ 25%] [34m[1mGenerating C introspection for ROS interfaces[0m
[1.283s] [ 25%] [34m[1mGenerating C type support for eProsima Fast-RTPS[0m
[1.284s] [ 28%] [34m[1mGenerating C type support dispatch for ROS interfaces[0m
[1.341s] [35m[1mConsolidate compiler generated dependencies of target my_interfaces__rosidl_typesupport_cpp[0m
[1.350s] [ 30%] [32mBuilding CXX object CMakeFiles/my_interfaces__rosidl_typesupport_cpp.dir/rosidl_typesupport_cpp/my_interfaces/msg/my_msg__type_support.cpp.o[0m
[1.353s] [ 33%] [32mBuilding CXX object CMakeFiles/my_interfaces__rosidl_typesupport_cpp.dir/rosidl_typesupport_cpp/my_interfaces/srv/vd__type_support.cpp.o[0m
[1.390s] [35m[1mConsolidate compiler generated dependencies of target my_interfaces__rosidl_typesupport_fastrtps_cpp[0m
[1.396s] [35m[1mConsolidate compiler generated dependencies of target my_interfaces__rosidl_typesupport_introspection_cpp[0m
[1.404s] [ 35%] [32mBuilding CXX object CMakeFiles/my_interfaces__rosidl_typesupport_fastrtps_cpp.dir/rosidl_typesupport_fastrtps_cpp/my_interfaces/srv/detail/dds_fastrtps/vd__type_support.cpp.o[0m
[1.406s] [ 38%] [32mBuilding CXX object CMakeFiles/my_interfaces__rosidl_typesupport_fastrtps_cpp.dir/rosidl_typesupport_fastrtps_cpp/my_interfaces/msg/detail/dds_fastrtps/my_msg__type_support.cpp.o[0m
[1.407s] [ 41%] [32mBuilding CXX object CMakeFiles/my_interfaces__rosidl_typesupport_introspection_cpp.dir/rosidl_typesupport_introspection_cpp/my_interfaces/srv/detail/vd__type_support.cpp.o[0m
[1.409s] [ 43%] [32mBuilding CXX object CMakeFiles/my_interfaces__rosidl_typesupport_introspection_cpp.dir/rosidl_typesupport_introspection_cpp/my_interfaces/msg/detail/my_msg__type_support.cpp.o[0m
[1.546s] [35m[1mConsolidate compiler generated dependencies of target my_interfaces__rosidl_typesupport_c[0m
[1.556s] [ 46%] [32mBuilding CXX object CMakeFiles/my_interfaces__rosidl_typesupport_c.dir/rosidl_typesupport_c/my_interfaces/srv/vd__type_support.cpp.o[0m
[1.556s] [35m[1mConsolidate compiler generated dependencies of target my_interfaces__rosidl_typesupport_introspection_c[0m
[1.562s] [ 48%] [32mBuilding CXX object CMakeFiles/my_interfaces__rosidl_typesupport_c.dir/rosidl_typesupport_c/my_interfaces/msg/my_msg__type_support.cpp.o[0m
[1.571s] [ 51%] [32mBuilding C object CMakeFiles/my_interfaces__rosidl_typesupport_introspection_c.dir/rosidl_typesupport_introspection_c/my_interfaces/msg/detail/my_msg__type_support.c.o[0m
[1.574s] [ 53%] [32mBuilding C object CMakeFiles/my_interfaces__rosidl_typesupport_introspection_c.dir/rosidl_typesupport_introspection_c/my_interfaces/srv/detail/vd__type_support.c.o[0m
[1.611s] [ 56%] [32m[1mLinking CXX shared library libmy_interfaces__rosidl_typesupport_c.so[0m
[1.629s] [ 58%] [32m[1mLinking C shared library libmy_interfaces__rosidl_typesupport_introspection_c.so[0m
[1.670s] [ 58%] Built target my_interfaces__rosidl_typesupport_c
[1.671s] [ 58%] Built target my_interfaces__rosidl_typesupport_introspection_c
[1.672s] [35m[1mConsolidate compiler generated dependencies of target my_interfaces__rosidl_typesupport_fastrtps_c[0m
[1.690s] [ 64%] [32mBuilding CXX object CMakeFiles/my_interfaces__rosidl_typesupport_fastrtps_c.dir/rosidl_typesupport_fastrtps_c/my_interfaces/srv/detail/vd__type_support_c.cpp.o[0m
[1.690s] [ 64%] [32mBuilding CXX object CMakeFiles/my_interfaces__rosidl_typesupport_fastrtps_c.dir/rosidl_typesupport_fastrtps_c/my_interfaces/msg/detail/my_msg__type_support_c.cpp.o[0m
[1.797s] [ 66%] [32m[1mLinking CXX shared library libmy_interfaces__rosidl_typesupport_cpp.so[0m
[1.850s] [ 66%] Built target my_interfaces__rosidl_typesupport_cpp
[1.922s] [ 69%] [32m[1mLinking CXX shared library libmy_interfaces__rosidl_typesupport_fastrtps_cpp.so[0m
[1.937s] [ 71%] [32m[1mLinking CXX shared library libmy_interfaces__rosidl_typesupport_introspection_cpp.so[0m
[1.973s] [ 71%] Built target my_interfaces__rosidl_typesupport_introspection_cpp
[2.003s] [ 71%] Built target my_interfaces__rosidl_typesupport_fastrtps_cpp
[2.097s] [ 74%] [32m[1mLinking CXX shared library libmy_interfaces__rosidl_typesupport_fastrtps_c.so[0m
[2.173s] [ 74%] Built target my_interfaces__rosidl_typesupport_fastrtps_c
[2.190s] [ 74%] Built target my_interfaces
[2.203s] [ 76%] [34m[1mGenerating Python code for ROS interfaces[0m
[2.550s] [ 76%] Built target my_interfaces__py
[2.557s] [35m[1mConsolidate compiler generated dependencies of target my_interfaces__rosidl_generator_py[0m
[2.566s] [ 82%] [32mBuilding C object CMakeFiles/my_interfaces__rosidl_generator_py.dir/rosidl_generator_py/my_interfaces/srv/_vd_s.c.o[0m
[2.566s] [ 82%] [32mBuilding C object CMakeFiles/my_interfaces__rosidl_generator_py.dir/rosidl_generator_py/my_interfaces/msg/_my_msg_s.c.o[0m
[2.674s] [ 84%] [32m[1mLinking C shared library rosidl_generator_py/my_interfaces/libmy_interfaces__rosidl_generator_py.so[0m
[2.700s] [ 84%] Built target my_interfaces__rosidl_generator_py
[2.708s] [35m[1mConsolidate compiler generated dependencies of target my_interfaces__rosidl_typesupport_fastrtps_c__pyext[0m
[2.708s] [35m[1mConsolidate compiler generated dependencies of target my_interfaces__rosidl_typesupport_c__pyext[0m
[2.708s] [35m[1mConsolidate compiler generated dependencies of target my_interfaces__rosidl_typesupport_introspection_c__pyext[0m
[2.717s] [ 92%] [32mBuilding C object CMakeFiles/my_interfaces__rosidl_typesupport_introspection_c__pyext.dir/rosidl_generator_py/my_interfaces/_my_interfaces_s.ep.rosidl_typesupport_introspection_c.c.o[0m
[2.717s] [ 92%] [32mBuilding C object CMakeFiles/my_interfaces__rosidl_typesupport_fastrtps_c__pyext.dir/rosidl_generator_py/my_interfaces/_my_interfaces_s.ep.rosidl_typesupport_fastrtps_c.c.o[0m
[2.717s] [ 92%] [32mBuilding C object CMakeFiles/my_interfaces__rosidl_typesupport_c__pyext.dir/rosidl_generator_py/my_interfaces/_my_interfaces_s.ep.rosidl_typesupport_c.c.o[0m
[2.793s] [ 97%] [32m[1mLinking C shared library rosidl_generator_py/my_interfaces/my_interfaces_s__rosidl_typesupport_c.cpython-310-x86_64-linux-gnu.so[0m
[2.793s] [ 97%] [32m[1mLinking C shared library rosidl_generator_py/my_interfaces/my_interfaces_s__rosidl_typesupport_introspection_c.cpython-310-x86_64-linux-gnu.so[0m
[2.794s] [100%] [32m[1mLinking C shared library rosidl_generator_py/my_interfaces/my_interfaces_s__rosidl_typesupport_fastrtps_c.cpython-310-x86_64-linux-gnu.so[0m
[2.819s] [100%] Built target my_interfaces__rosidl_typesupport_introspection_c__pyext
[2.819s] [100%] Built target my_interfaces__rosidl_typesupport_c__pyext
[2.819s] [100%] Built target my_interfaces__rosidl_typesupport_fastrtps_c__pyext
[2.828s] Invoked command in '/home/looubuntu/ros2_ws/build/my_interfaces' returned '0': CMAKE_PREFIX_PATH=${CMAKE_PREFIX_PATH}:/home/looubuntu/ros2_ws/install/my_pkg:/opt/ros/humble /usr/bin/cmake --build /home/looubuntu/ros2_ws/build/my_interfaces -- -j12 -l12
[2.887s] Invoking command in '/home/looubuntu/ros2_ws/build/my_interfaces': CMAKE_PREFIX_PATH=${CMAKE_PREFIX_PATH}:/home/looubuntu/ros2_ws/install/my_pkg:/opt/ros/humble /usr/bin/cmake --install /home/looubuntu/ros2_ws/build/my_interfaces
[2.892s] -- Install configuration: ""
[2.892s] -- Up-to-date: /home/looubuntu/ros2_ws/install/my_interfaces/share/ament_index/resource_index/rosidl_interfaces/my_interfaces
[2.892s] -- Up-to-date: /home/looubuntu/ros2_ws/install/my_interfaces/include/my_interfaces/my_interfaces
[2.892s] -- Up-to-date: /home/looubuntu/ros2_ws/install/my_interfaces/include/my_interfaces/my_interfaces/msg
[2.892s] -- Up-to-date: /home/looubuntu/ros2_ws/install/my_interfaces/include/my_interfaces/my_interfaces/msg/rosidl_generator_c__visibility_control.h
[2.892s] -- Installing: /home/looubuntu/ros2_ws/install/my_interfaces/include/my_interfaces/my_interfaces/msg/my_msg.h
[2.893s] -- Up-to-date: /home/looubuntu/ros2_ws/install/my_interfaces/include/my_interfaces/my_interfaces/msg/detail
[2.893s] -- Installing: /home/looubuntu/ros2_ws/install/my_interfaces/include/my_interfaces/my_interfaces/msg/detail/my_msg__functions.h
[2.893s] -- Installing: /home/looubuntu/ros2_ws/install/my_interfaces/include/my_interfaces/my_interfaces/msg/detail/my_msg__type_support.h
[2.893s] -- Installing: /home/looubuntu/ros2_ws/install/my_interfaces/include/my_interfaces/my_interfaces/msg/detail/my_msg__functions.c
[2.893s] -- Installing: /home/looubuntu/ros2_ws/install/my_interfaces/include/my_interfaces/my_interfaces/msg/detail/my_msg__struct.h
[2.893s] -- Up-to-date: /home/looubuntu/ros2_ws/install/my_interfaces/include/my_interfaces/my_interfaces/srv
[2.893s] -- Installing: /home/looubuntu/ros2_ws/install/my_interfaces/include/my_interfaces/my_interfaces/srv/vd.h
[2.893s] -- Up-to-date: /home/looubuntu/ros2_ws/install/my_interfaces/include/my_interfaces/my_interfaces/srv/detail
[2.893s] -- Installing: /home/looubuntu/ros2_ws/install/my_interfaces/include/my_interfaces/my_interfaces/srv/detail/vd__struct.h
[2.893s] -- Installing: /home/looubuntu/ros2_ws/install/my_interfaces/include/my_interfaces/my_interfaces/srv/detail/vd__functions.c
[2.893s] -- Installing: /home/looubuntu/ros2_ws/install/my_interfaces/include/my_interfaces/my_interfaces/srv/detail/vd__type_support.h
[2.893s] -- Installing: /home/looubuntu/ros2_ws/install/my_interfaces/include/my_interfaces/my_interfaces/srv/detail/vd__functions.h
[2.893s] -- Up-to-date: /home/looubuntu/ros2_ws/install/my_interfaces/share/my_interfaces/environment/library_path.sh
[2.893s] -- Installing: /home/looubuntu/ros2_ws/install/my_interfaces/share/my_interfaces/environment/library_path.dsv
[2.894s] -- Installing: /home/looubuntu/ros2_ws/install/my_interfaces/lib/libmy_interfaces__rosidl_generator_c.so
[2.894s] -- Set runtime path of "/home/looubuntu/ros2_ws/install/my_interfaces/lib/libmy_interfaces__rosidl_generator_c.so" to ""
[2.894s] -- Up-to-date: /home/looubuntu/ros2_ws/install/my_interfaces/include/my_interfaces/my_interfaces
[2.894s] -- Up-to-date: /home/looubuntu/ros2_ws/install/my_interfaces/include/my_interfaces/my_interfaces/msg
[2.894s] -- Up-to-date: /home/looubuntu/ros2_ws/install/my_interfaces/include/my_interfaces/my_interfaces/msg/detail
[2.894s] -- Installing: /home/looubuntu/ros2_ws/install/my_interfaces/include/my_interfaces/my_interfaces/msg/detail/my_msg__rosidl_typesupport_fastrtps_c.h
[2.894s] -- Up-to-date: /home/looubuntu/ros2_ws/install/my_interfaces/include/my_interfaces/my_interfaces/msg/rosidl_typesupport_fastrtps_c__visibility_control.h
[2.894s] -- Up-to-date: /home/looubuntu/ros2_ws/install/my_interfaces/include/my_interfaces/my_interfaces/srv
[2.894s] -- Up-to-date: /home/looubuntu/ros2_ws/install/my_interfaces/include/my_interfaces/my_interfaces/srv/detail
[2.894s] -- Installing: /home/looubuntu/ros2_ws/install/my_interfaces/include/my_interfaces/my_interfaces/srv/detail/vd__rosidl_typesupport_fastrtps_c.h
[2.894s] -- Installing: /home/looubuntu/ros2_ws/install/my_interfaces/lib/libmy_interfaces__rosidl_typesupport_fastrtps_c.so
[2.895s] -- Set runtime path of "/home/looubuntu/ros2_ws/install/my_interfaces/lib/libmy_interfaces__rosidl_typesupport_fastrtps_c.so" to ""
[2.895s] -- Up-to-date: /home/looubuntu/ros2_ws/install/my_interfaces/include/my_interfaces/my_interfaces
[2.895s] -- Up-to-date: /home/looubuntu/ros2_ws/install/my_interfaces/include/my_interfaces/my_interfaces/msg
[2.895s] -- Up-to-date: /home/looubuntu/ros2_ws/install/my_interfaces/include/my_interfaces/my_interfaces/msg/detail
[2.895s] -- Installing: /home/looubuntu/ros2_ws/install/my_interfaces/include/my_interfaces/my_interfaces/msg/detail/my_msg__type_support.c
[2.895s] -- Installing: /home/looubuntu/ros2_ws/install/my_interfaces/include/my_interfaces/my_interfaces/msg/detail/my_msg__rosidl_typesupport_introspection_c.h
[2.895s] -- Up-to-date: /home/looubuntu/ros2_ws/install/my_interfaces/include/my_interfaces/my_interfaces/msg/rosidl_typesupport_introspection_c__visibility_control.h
[2.895s] -- Up-to-date: /home/looubuntu/ros2_ws/install/my_interfaces/include/my_interfaces/my_interfaces/srv
[2.895s] -- Up-to-date: /home/looubuntu/ros2_ws/install/my_interfaces/include/my_interfaces/my_interfaces/srv/detail
[2.895s] -- Installing: /home/looubuntu/ros2_ws/install/my_interfaces/include/my_interfaces/my_interfaces/srv/detail/vd__type_support.c
[2.895s] -- Installing: /home/looubuntu/ros2_ws/install/my_interfaces/include/my_interfaces/my_interfaces/srv/detail/vd__rosidl_typesupport_introspection_c.h
[2.895s] -- Installing: /home/looubuntu/ros2_ws/install/my_interfaces/lib/libmy_interfaces__rosidl_typesupport_introspection_c.so
[2.895s] -- Set runtime path of "/home/looubuntu/ros2_ws/install/my_interfaces/lib/libmy_interfaces__rosidl_typesupport_introspection_c.so" to ""
[2.896s] -- Installing: /home/looubuntu/ros2_ws/install/my_interfaces/lib/libmy_interfaces__rosidl_typesupport_c.so
[2.896s] -- Set runtime path of "/home/looubuntu/ros2_ws/install/my_interfaces/lib/libmy_interfaces__rosidl_typesupport_c.so" to ""
[2.896s] -- Up-to-date: /home/looubuntu/ros2_ws/install/my_interfaces/include/my_interfaces/my_interfaces
[2.896s] -- Up-to-date: /home/looubuntu/ros2_ws/install/my_interfaces/include/my_interfaces/my_interfaces/msg
[2.896s] -- Up-to-date: /home/looubuntu/ros2_ws/install/my_interfaces/include/my_interfaces/my_interfaces/msg/detail
[2.896s] -- Installing: /home/looubuntu/ros2_ws/install/my_interfaces/include/my_interfaces/my_interfaces/msg/detail/my_msg__struct.hpp
[2.896s] -- Installing: /home/looubuntu/ros2_ws/install/my_interfaces/include/my_interfaces/my_interfaces/msg/detail/my_msg__traits.hpp
[2.896s] -- Installing: /home/looubuntu/ros2_ws/install/my_interfaces/include/my_interfaces/my_interfaces/msg/detail/my_msg__builder.hpp
[2.896s] -- Installing: /home/looubuntu/ros2_ws/install/my_interfaces/include/my_interfaces/my_interfaces/msg/my_msg.hpp
[2.896s] -- Up-to-date: /home/looubuntu/ros2_ws/install/my_interfaces/include/my_interfaces/my_interfaces/srv
[2.896s] -- Up-to-date: /home/looubuntu/ros2_ws/install/my_interfaces/include/my_interfaces/my_interfaces/srv/detail
[2.896s] -- Installing: /home/looubuntu/ros2_ws/install/my_interfaces/include/my_interfaces/my_interfaces/srv/detail/vd__traits.hpp
[2.897s] -- Installing: /home/looubuntu/ros2_ws/install/my_interfaces/include/my_interfaces/my_interfaces/srv/detail/vd__struct.hpp
[2.897s] -- Installing: /home/looubuntu/ros2_ws/install/my_interfaces/include/my_interfaces/my_interfaces/srv/detail/vd__builder.hpp
[2.897s] -- Installing: /home/looubuntu/ros2_ws/install/my_interfaces/include/my_interfaces/my_interfaces/srv/vd.hpp
[2.897s] -- Up-to-date: /home/looubuntu/ros2_ws/install/my_interfaces/include/my_interfaces/my_interfaces
[2.897s] -- Up-to-date: /home/looubuntu/ros2_ws/install/my_interfaces/include/my_interfaces/my_interfaces/msg
[2.897s] -- Up-to-date: /home/looubuntu/ros2_ws/install/my_interfaces/include/my_interfaces/my_interfaces/msg/rosidl_typesupport_fastrtps_cpp__visibility_control.h
[2.897s] -- Up-to-date: /home/looubuntu/ros2_ws/install/my_interfaces/include/my_interfaces/my_interfaces/msg/detail
[2.897s] -- Installing: /home/looubuntu/ros2_ws/install/my_interfaces/include/my_interfaces/my_interfaces/msg/detail/my_msg__rosidl_typesupport_fastrtps_cpp.hpp
[2.897s] -- Up-to-date: /home/looubuntu/ros2_ws/install/my_interfaces/include/my_interfaces/my_interfaces/msg/detail/dds_fastrtps
[2.897s] -- Up-to-date: /home/looubuntu/ros2_ws/install/my_interfaces/include/my_interfaces/my_interfaces/srv
[2.897s] -- Up-to-date: /home/looubuntu/ros2_ws/install/my_interfaces/include/my_interfaces/my_interfaces/srv/detail
[2.897s] -- Installing: /home/looubuntu/ros2_ws/install/my_interfaces/include/my_interfaces/my_interfaces/srv/detail/vd__rosidl_typesupport_fastrtps_cpp.hpp
[2.897s] -- Up-to-date: /home/looubuntu/ros2_ws/install/my_interfaces/include/my_interfaces/my_interfaces/srv/detail/dds_fastrtps
[2.897s] -- Installing: /home/looubuntu/ros2_ws/install/my_interfaces/lib/libmy_interfaces__rosidl_typesupport_fastrtps_cpp.so
[2.898s] -- Set runtime path of "/home/looubuntu/ros2_ws/install/my_interfaces/lib/libmy_interfaces__rosidl_typesupport_fastrtps_cpp.so" to ""
[2.898s] -- Up-to-date: /home/looubuntu/ros2_ws/install/my_interfaces/include/my_interfaces/my_interfaces
[2.898s] -- Up-to-date: /home/looubuntu/ros2_ws/install/my_interfaces/include/my_interfaces/my_interfaces/msg
[2.898s] -- Up-to-date: /home/looubuntu/ros2_ws/install/my_interfaces/include/my_interfaces/my_interfaces/msg/detail
[2.898s] -- Installing: /home/looubuntu/ros2_ws/install/my_interfaces/include/my_interfaces/my_interfaces/msg/detail/my_msg__type_support.cpp
[2.898s] -- Installing: /home/looubuntu/ros2_ws/install/my_interfaces/include/my_interfaces/my_interfaces/msg/detail/my_msg__rosidl_typesupport_introspection_cpp.hpp
[2.898s] -- Up-to-date: /home/looubuntu/ros2_ws/install/my_interfaces/include/my_interfaces/my_interfaces/srv
[2.898s] -- Up-to-date: /home/looubuntu/ros2_ws/install/my_interfaces/include/my_interfaces/my_interfaces/srv/detail
[2.898s] -- Installing: /home/looubuntu/ros2_ws/install/my_interfaces/include/my_interfaces/my_interfaces/srv/detail/vd__type_support.cpp
[2.898s] -- Installing: /home/looubuntu/ros2_ws/install/my_interfaces/include/my_interfaces/my_interfaces/srv/detail/vd__rosidl_typesupport_introspection_cpp.hpp
[2.898s] -- Installing: /home/looubuntu/ros2_ws/install/my_interfaces/lib/libmy_interfaces__rosidl_typesupport_introspection_cpp.so
[2.898s] -- Set runtime path of "/home/looubuntu/ros2_ws/install/my_interfaces/lib/libmy_interfaces__rosidl_typesupport_introspection_cpp.so" to ""
[2.899s] -- Installing: /home/looubuntu/ros2_ws/install/my_interfaces/lib/libmy_interfaces__rosidl_typesupport_cpp.so
[2.899s] -- Set runtime path of "/home/looubuntu/ros2_ws/install/my_interfaces/lib/libmy_interfaces__rosidl_typesupport_cpp.so" to ""
[2.899s] -- Up-to-date: /home/looubuntu/ros2_ws/install/my_interfaces/share/my_interfaces/environment/pythonpath.sh
[2.899s] -- Installing: /home/looubuntu/ros2_ws/install/my_interfaces/share/my_interfaces/environment/pythonpath.dsv
[2.899s] -- Up-to-date: /home/looubuntu/ros2_ws/install/my_interfaces/local/lib/python3.10/dist-packages/my_interfaces-0.0.0-py3.10.egg-info
[2.899s] -- Installing: /home/looubuntu/ros2_ws/install/my_interfaces/local/lib/python3.10/dist-packages/my_interfaces-0.0.0-py3.10.egg-info/top_level.txt
[2.899s] -- Installing: /home/looubuntu/ros2_ws/install/my_interfaces/local/lib/python3.10/dist-packages/my_interfaces-0.0.0-py3.10.egg-info/PKG-INFO
[2.899s] -- Installing: /home/looubuntu/ros2_ws/install/my_interfaces/local/lib/python3.10/dist-packages/my_interfaces-0.0.0-py3.10.egg-info/SOURCES.txt
[2.899s] -- Installing: /home/looubuntu/ros2_ws/install/my_interfaces/local/lib/python3.10/dist-packages/my_interfaces-0.0.0-py3.10.egg-info/dependency_links.txt
[2.899s] -- Up-to-date: /home/looubuntu/ros2_ws/install/my_interfaces/local/lib/python3.10/dist-packages/my_interfaces
[2.899s] -- Up-to-date: /home/looubuntu/ros2_ws/install/my_interfaces/local/lib/python3.10/dist-packages/my_interfaces/msg
[2.900s] -- Installing: /home/looubuntu/ros2_ws/install/my_interfaces/local/lib/python3.10/dist-packages/my_interfaces/msg/__init__.py
[2.900s] -- Installing: /home/looubuntu/ros2_ws/install/my_interfaces/local/lib/python3.10/dist-packages/my_interfaces/msg/_my_msg_s.c
[2.900s] -- Installing: /home/looubuntu/ros2_ws/install/my_interfaces/local/lib/python3.10/dist-packages/my_interfaces/msg/_my_msg.py
[2.900s] -- Installing: /home/looubuntu/ros2_ws/install/my_interfaces/local/lib/python3.10/dist-packages/my_interfaces/my_interfaces_s__rosidl_typesupport_c.cpython-310-x86_64-linux-gnu.so
[2.900s] -- Installing: /home/looubuntu/ros2_ws/install/my_interfaces/local/lib/python3.10/dist-packages/my_interfaces/__init__.py
[2.900s] -- Installing: /home/looubuntu/ros2_ws/install/my_interfaces/local/lib/python3.10/dist-packages/my_interfaces/_my_interfaces_s.ep.rosidl_typesupport_c.c
[2.900s] -- Installing: /home/looubuntu/ros2_ws/install/my_interfaces/local/lib/python3.10/dist-packages/my_interfaces/libmy_interfaces__rosidl_generator_py.so
[2.900s] -- Up-to-date: /home/looubuntu/ros2_ws/install/my_interfaces/local/lib/python3.10/dist-packages/my_interfaces/srv
[2.900s] -- Installing: /home/looubuntu/ros2_ws/install/my_interfaces/local/lib/python3.10/dist-packages/my_interfaces/srv/_vd_s.c
[2.900s] -- Installing: /home/looubuntu/ros2_ws/install/my_interfaces/local/lib/python3.10/dist-packages/my_interfaces/srv/__init__.py
[2.900s] -- Installing: /home/looubuntu/ros2_ws/install/my_interfaces/local/lib/python3.10/dist-packages/my_interfaces/srv/_vd.py
[2.901s] -- Installing: /home/looubuntu/ros2_ws/install/my_interfaces/local/lib/python3.10/dist-packages/my_interfaces/_my_interfaces_s.ep.rosidl_typesupport_introspection_c.c
[2.901s] -- Installing: /home/looubuntu/ros2_ws/install/my_interfaces/local/lib/python3.10/dist-packages/my_interfaces/_my_interfaces_s.ep.rosidl_typesupport_fastrtps_c.c
[2.901s] -- Installing: /home/looubuntu/ros2_ws/install/my_interfaces/local/lib/python3.10/dist-packages/my_interfaces/my_interfaces_s__rosidl_typesupport_introspection_c.cpython-310-x86_64-linux-gnu.so
[2.901s] -- Installing: /home/looubuntu/ros2_ws/install/my_interfaces/local/lib/python3.10/dist-packages/my_interfaces/my_interfaces_s__rosidl_typesupport_fastrtps_c.cpython-310-x86_64-linux-gnu.so
[2.931s] Listing '/home/looubuntu/ros2_ws/install/my_interfaces/local/lib/python3.10/dist-packages/my_interfaces'...
[2.931s] Compiling '/home/looubuntu/ros2_ws/install/my_interfaces/local/lib/python3.10/dist-packages/my_interfaces/__init__.py'...
[2.931s] Listing '/home/looubuntu/ros2_ws/install/my_interfaces/local/lib/python3.10/dist-packages/my_interfaces/msg'...
[2.931s] Compiling '/home/looubuntu/ros2_ws/install/my_interfaces/local/lib/python3.10/dist-packages/my_interfaces/msg/__init__.py'...
[2.931s] Compiling '/home/looubuntu/ros2_ws/install/my_interfaces/local/lib/python3.10/dist-packages/my_interfaces/msg/_my_msg.py'...
[2.931s] Listing '/home/looubuntu/ros2_ws/install/my_interfaces/local/lib/python3.10/dist-packages/my_interfaces/srv'...
[2.931s] Compiling '/home/looubuntu/ros2_ws/install/my_interfaces/local/lib/python3.10/dist-packages/my_interfaces/srv/__init__.py'...
[2.931s] Compiling '/home/looubuntu/ros2_ws/install/my_interfaces/local/lib/python3.10/dist-packages/my_interfaces/srv/_vd.py'...
[2.935s] -- Installing: /home/looubuntu/ros2_ws/install/my_interfaces/local/lib/python3.10/dist-packages/my_interfaces/my_interfaces_s__rosidl_typesupport_fastrtps_c.cpython-310-x86_64-linux-gnu.so
[2.935s] -- Set runtime path of "/home/looubuntu/ros2_ws/install/my_interfaces/local/lib/python3.10/dist-packages/my_interfaces/my_interfaces_s__rosidl_typesupport_fastrtps_c.cpython-310-x86_64-linux-gnu.so" to ""
[2.935s] -- Installing: /home/looubuntu/ros2_ws/install/my_interfaces/local/lib/python3.10/dist-packages/my_interfaces/my_interfaces_s__rosidl_typesupport_introspection_c.cpython-310-x86_64-linux-gnu.so
[2.935s] -- Set runtime path of "/home/looubuntu/ros2_ws/install/my_interfaces/local/lib/python3.10/dist-packages/my_interfaces/my_interfaces_s__rosidl_typesupport_introspection_c.cpython-310-x86_64-linux-gnu.so" to ""
[2.935s] -- Installing: /home/looubuntu/ros2_ws/install/my_interfaces/local/lib/python3.10/dist-packages/my_interfaces/my_interfaces_s__rosidl_typesupport_c.cpython-310-x86_64-linux-gnu.so
[2.936s] -- Set runtime path of "/home/looubuntu/ros2_ws/install/my_interfaces/local/lib/python3.10/dist-packages/my_interfaces/my_interfaces_s__rosidl_typesupport_c.cpython-310-x86_64-linux-gnu.so" to ""
[2.936s] -- Installing: /home/looubuntu/ros2_ws/install/my_interfaces/lib/libmy_interfaces__rosidl_generator_py.so
[2.936s] -- Set runtime path of "/home/looubuntu/ros2_ws/install/my_interfaces/lib/libmy_interfaces__rosidl_generator_py.so" to ""
[2.936s] -- Up-to-date: /home/looubuntu/ros2_ws/install/my_interfaces/share/my_interfaces/msg/MyMsg.idl
[2.936s] -- Installing: /home/looubuntu/ros2_ws/install/my_interfaces/share/my_interfaces/srv/Vd.idl
[2.936s] -- Up-to-date: /home/looubuntu/ros2_ws/install/my_interfaces/share/my_interfaces/msg/MyMsg.msg
[2.936s] -- Installing: /home/looubuntu/ros2_ws/install/my_interfaces/share/my_interfaces/srv/Vd.srv
[2.936s] -- Installing: /home/looubuntu/ros2_ws/install/my_interfaces/share/my_interfaces/srv/Vd_Request.msg
[2.937s] -- Up-to-date: /home/looubuntu/ros2_ws/install/my_interfaces/share/my_interfaces/srv/Vd_Response.msg
[2.937s] -- Up-to-date: /home/looubuntu/ros2_ws/install/my_interfaces/share/ament_index/resource_index/package_run_dependencies/my_interfaces
[2.937s] -- Up-to-date: /home/looubuntu/ros2_ws/install/my_interfaces/share/ament_index/resource_index/parent_prefix_path/my_interfaces
[2.937s] -- Up-to-date: /home/looubuntu/ros2_ws/install/my_interfaces/share/my_interfaces/environment/ament_prefix_path.sh
[2.937s] -- Installing: /home/looubuntu/ros2_ws/install/my_interfaces/share/my_interfaces/environment/ament_prefix_path.dsv
[2.937s] -- Up-to-date: /home/looubuntu/ros2_ws/install/my_interfaces/share/my_interfaces/environment/path.sh
[2.937s] -- Installing: /home/looubuntu/ros2_ws/install/my_interfaces/share/my_interfaces/environment/path.dsv
[2.937s] -- Up-to-date: /home/looubuntu/ros2_ws/install/my_interfaces/share/my_interfaces/local_setup.bash
[2.937s] -- Up-to-date: /home/looubuntu/ros2_ws/install/my_interfaces/share/my_interfaces/local_setup.sh
[2.937s] -- Up-to-date: /home/looubuntu/ros2_ws/install/my_interfaces/share/my_interfaces/local_setup.zsh
[2.937s] -- Installing: /home/looubuntu/ros2_ws/install/my_interfaces/share/my_interfaces/local_setup.dsv
[2.937s] -- Installing: /home/looubuntu/ros2_ws/install/my_interfaces/share/my_interfaces/package.dsv
[2.937s] -- Up-to-date: /home/looubuntu/ros2_ws/install/my_interfaces/share/ament_index/resource_index/packages/my_interfaces
[2.937s] -- Up-to-date: /home/looubuntu/ros2_ws/install/my_interfaces/share/my_interfaces/cmake/export_my_interfaces__rosidl_generator_cExport.cmake
[2.937s] -- Up-to-date: /home/looubuntu/ros2_ws/install/my_interfaces/share/my_interfaces/cmake/export_my_interfaces__rosidl_generator_cExport-noconfig.cmake
[2.938s] -- Up-to-date: /home/looubuntu/ros2_ws/install/my_interfaces/share/my_interfaces/cmake/export_my_interfaces__rosidl_typesupport_fastrtps_cExport.cmake
[2.938s] -- Up-to-date: /home/looubuntu/ros2_ws/install/my_interfaces/share/my_interfaces/cmake/export_my_interfaces__rosidl_typesupport_fastrtps_cExport-noconfig.cmake
[2.938s] -- Up-to-date: /home/looubuntu/ros2_ws/install/my_interfaces/share/my_interfaces/cmake/my_interfaces__rosidl_typesupport_introspection_cExport.cmake
[2.938s] -- Up-to-date: /home/looubuntu/ros2_ws/install/my_interfaces/share/my_interfaces/cmake/my_interfaces__rosidl_typesupport_introspection_cExport-noconfig.cmake
[2.938s] -- Up-to-date: /home/looubuntu/ros2_ws/install/my_interfaces/share/my_interfaces/cmake/my_interfaces__rosidl_typesupport_cExport.cmake
[2.938s] -- Up-to-date: /home/looubuntu/ros2_ws/install/my_interfaces/share/my_interfaces/cmake/my_interfaces__rosidl_typesupport_cExport-noconfig.cmake
[2.938s] -- Up-to-date: /home/looubuntu/ros2_ws/install/my_interfaces/share/my_interfaces/cmake/export_my_interfaces__rosidl_generator_cppExport.cmake
[2.938s] -- Up-to-date: /home/looubuntu/ros2_ws/install/my_interfaces/share/my_interfaces/cmake/export_my_interfaces__rosidl_typesupport_fastrtps_cppExport.cmake
[2.938s] -- Up-to-date: /home/looubuntu/ros2_ws/install/my_interfaces/share/my_interfaces/cmake/export_my_interfaces__rosidl_typesupport_fastrtps_cppExport-noconfig.cmake
[2.938s] -- Up-to-date: /home/looubuntu/ros2_ws/install/my_interfaces/share/my_interfaces/cmake/my_interfaces__rosidl_typesupport_introspection_cppExport.cmake
[2.938s] -- Up-to-date: /home/looubuntu/ros2_ws/install/my_interfaces/share/my_interfaces/cmake/my_interfaces__rosidl_typesupport_introspection_cppExport-noconfig.cmake
[2.938s] -- Up-to-date: /home/looubuntu/ros2_ws/install/my_interfaces/share/my_interfaces/cmake/my_interfaces__rosidl_typesupport_cppExport.cmake
[2.938s] -- Up-to-date: /home/looubuntu/ros2_ws/install/my_interfaces/share/my_interfaces/cmake/my_interfaces__rosidl_typesupport_cppExport-noconfig.cmake
[2.938s] -- Up-to-date: /home/looubuntu/ros2_ws/install/my_interfaces/share/my_interfaces/cmake/export_my_interfaces__rosidl_generator_pyExport.cmake
[2.938s] -- Up-to-date: /home/looubuntu/ros2_ws/install/my_interfaces/share/my_interfaces/cmake/export_my_interfaces__rosidl_generator_pyExport-noconfig.cmake
[2.939s] -- Up-to-date: /home/looubuntu/ros2_ws/install/my_interfaces/share/my_interfaces/cmake/rosidl_cmake-extras.cmake
[2.939s] -- Up-to-date: /home/looubuntu/ros2_ws/install/my_interfaces/share/my_interfaces/cmake/ament_cmake_export_include_directories-extras.cmake
[2.939s] -- Up-to-date: /home/looubuntu/ros2_ws/install/my_interfaces/share/my_interfaces/cmake/ament_cmake_export_libraries-extras.cmake
[2.939s] -- Up-to-date: /home/looubuntu/ros2_ws/install/my_interfaces/share/my_interfaces/cmake/ament_cmake_export_targets-extras.cmake
[2.939s] -- Up-to-date: /home/looubuntu/ros2_ws/install/my_interfaces/share/my_interfaces/cmake/rosidl_cmake_export_typesupport_targets-extras.cmake
[2.939s] -- Up-to-date: /home/looubuntu/ros2_ws/install/my_interfaces/share/my_interfaces/cmake/ament_cmake_export_dependencies-extras.cmake
[2.939s] -- Up-to-date: /home/looubuntu/ros2_ws/install/my_interfaces/share/my_interfaces/cmake/rosidl_cmake_export_typesupport_libraries-extras.cmake
[2.939s] -- Up-to-date: /home/looubuntu/ros2_ws/install/my_interfaces/share/my_interfaces/cmake/my_interfacesConfig.cmake
[2.939s] -- Up-to-date: /home/looubuntu/ros2_ws/install/my_interfaces/share/my_interfaces/cmake/my_interfacesConfig-version.cmake
[2.939s] -- Up-to-date: /home/looubuntu/ros2_ws/install/my_interfaces/share/my_interfaces/package.xml
[2.940s] Invoked command in '/home/looubuntu/ros2_ws/build/my_interfaces' returned '0': CMAKE_PREFIX_PATH=${CMAKE_PREFIX_PATH}:/home/looubuntu/ros2_ws/install/my_pkg:/opt/ros/humble /usr/bin/cmake --install /home/looubuntu/ros2_ws/build/my_interfaces
