[0.550s] Invoking command in '/home/looubuntu/ros2_ws/src/my_pkg': PYTHONPATH=/home/looubuntu/ros2_ws/build/my_pkg/prefix_override:/usr/lib/python3/dist-packages/colcon_core/task/python/colcon_distutils_commands:/home/looubuntu/ros2_ws/install/my_pkg/lib/python3.10/site-packages:${PYTHONPATH} /usr/bin/python3 -W ignore:setup.py install is deprecated setup.py egg_info --egg-base ../../build/my_pkg build --build-base /home/looubuntu/ros2_ws/build/my_pkg/build install --record /home/looubuntu/ros2_ws/build/my_pkg/install.log --single-version-externally-managed install_data
[0.745s] running egg_info
[0.746s] writing ../../build/my_pkg/my_pkg.egg-info/PKG-INFO
[0.746s] writing dependency_links to ../../build/my_pkg/my_pkg.egg-info/dependency_links.txt
[0.746s] writing entry points to ../../build/my_pkg/my_pkg.egg-info/entry_points.txt
[0.746s] writing requirements to ../../build/my_pkg/my_pkg.egg-info/requires.txt
[0.746s] writing top-level names to ../../build/my_pkg/my_pkg.egg-info/top_level.txt
[0.747s] reading manifest file '../../build/my_pkg/my_pkg.egg-info/SOURCES.txt'
[0.747s] adding license file 'LICENSE'
[0.748s] writing manifest file '../../build/my_pkg/my_pkg.egg-info/SOURCES.txt'
[0.748s] running build
[0.748s] running build_py
[0.748s] copying my_pkg/a_to_b_ver2.py -> /home/looubuntu/ros2_ws/build/my_pkg/build/lib/my_pkg
[0.749s] running install
[0.749s] running install_lib
[0.750s] copying /home/looubuntu/ros2_ws/build/my_pkg/build/lib/my_pkg/a_to_b_ver2.py -> /home/looubuntu/ros2_ws/install/my_pkg/lib/python3.10/site-packages/my_pkg
[0.750s] byte-compiling /home/looubuntu/ros2_ws/install/my_pkg/lib/python3.10/site-packages/my_pkg/a_to_b_ver2.py to a_to_b_ver2.cpython-310.pyc
[0.751s] running install_data
[0.751s] running install_egg_info
[0.752s] removing '/home/looubuntu/ros2_ws/install/my_pkg/lib/python3.10/site-packages/my_pkg-0.0.0-py3.10.egg-info' (and everything under it)
[0.752s] Copying ../../build/my_pkg/my_pkg.egg-info to /home/looubuntu/ros2_ws/install/my_pkg/lib/python3.10/site-packages/my_pkg-0.0.0-py3.10.egg-info
[0.753s] running install_scripts
[0.769s] Installing control script to /home/looubuntu/ros2_ws/install/my_pkg/lib/my_pkg
[0.769s] writing list of installed files to '/home/looubuntu/ros2_ws/build/my_pkg/install.log'
[0.785s] Invoked command in '/home/looubuntu/ros2_ws/src/my_pkg' returned '0': PYTHONPATH=/home/looubuntu/ros2_ws/build/my_pkg/prefix_override:/usr/lib/python3/dist-packages/colcon_core/task/python/colcon_distutils_commands:/home/looubuntu/ros2_ws/install/my_pkg/lib/python3.10/site-packages:${PYTHONPATH} /usr/bin/python3 -W ignore:setup.py install is deprecated setup.py egg_info --egg-base ../../build/my_pkg build --build-base /home/looubuntu/ros2_ws/build/my_pkg/build install --record /home/looubuntu/ros2_ws/build/my_pkg/install.log --single-version-externally-managed install_data
