[2.504s] Invoking command in '/home/looubuntu/ros2_ws/src/my_robot': PYTHONPATH=/home/looubuntu/ros2_ws/build/my_robot/prefix_override:/usr/lib/python3/dist-packages/colcon_core/task/python/colcon_distutils_commands:/home/looubuntu/ros2_ws/install/my_robot/lib/python3.10/site-packages:${PYTHONPATH} /usr/bin/python3 -W ignore:setup.py install is deprecated setup.py egg_info --egg-base ../../build/my_robot build --build-base /home/looubuntu/ros2_ws/build/my_robot/build install --record /home/looubuntu/ros2_ws/build/my_robot/install.log --single-version-externally-managed install_data
[2.905s] running egg_info
[2.905s] writing ../../build/my_robot/my_robot.egg-info/PKG-INFO
[2.906s] writing dependency_links to ../../build/my_robot/my_robot.egg-info/dependency_links.txt
[2.906s] writing entry points to ../../build/my_robot/my_robot.egg-info/entry_points.txt
[2.907s] writing requirements to ../../build/my_robot/my_robot.egg-info/requires.txt
[2.907s] writing top-level names to ../../build/my_robot/my_robot.egg-info/top_level.txt
[2.913s] reading manifest file '../../build/my_robot/my_robot.egg-info/SOURCES.txt'
[2.913s] adding license file 'LICENSE'
[2.915s] writing manifest file '../../build/my_robot/my_robot.egg-info/SOURCES.txt'
[2.915s] running build
[2.915s] running build_py
[2.916s] running install
[2.916s] running install_lib
[2.918s] running install_data
[2.919s] copying launch/gazebo.launch.py -> /home/looubuntu/ros2_ws/install/my_robot/share/my_robot/launch
[2.919s] running install_egg_info
[2.922s] removing '/home/looubuntu/ros2_ws/install/my_robot/lib/python3.10/site-packages/my_robot-0.0.0-py3.10.egg-info' (and everything under it)
[2.922s] Copying ../../build/my_robot/my_robot.egg-info to /home/looubuntu/ros2_ws/install/my_robot/lib/python3.10/site-packages/my_robot-0.0.0-py3.10.egg-info
[2.924s] running install_scripts
[2.964s] writing list of installed files to '/home/looubuntu/ros2_ws/build/my_robot/install.log'
[3.098s] Invoked command in '/home/looubuntu/ros2_ws/src/my_robot' returned '0': PYTHONPATH=/home/looubuntu/ros2_ws/build/my_robot/prefix_override:/usr/lib/python3/dist-packages/colcon_core/task/python/colcon_distutils_commands:/home/looubuntu/ros2_ws/install/my_robot/lib/python3.10/site-packages:${PYTHONPATH} /usr/bin/python3 -W ignore:setup.py install is deprecated setup.py egg_info --egg-base ../../build/my_robot build --build-base /home/looubuntu/ros2_ws/build/my_robot/build install --record /home/looubuntu/ros2_ws/build/my_robot/install.log --single-version-externally-managed install_data
