/usr/lib/python3/dist-packages/setuptools/dist.py:723: UserWarning: Usage of dash-separated 'script-dir' will not be supported in future versions. Please use the underscore name 'script_dir' instead
  warnings.warn(
running egg_info
creating ../../build/modelo_robot/modelo_robot.egg-info
writing ../../build/modelo_robot/modelo_robot.egg-info/PKG-INFO
writing dependency_links to ../../build/modelo_robot/modelo_robot.egg-info/dependency_links.txt
writing entry points to ../../build/modelo_robot/modelo_robot.egg-info/entry_points.txt
writing requirements to ../../build/modelo_robot/modelo_robot.egg-info/requires.txt
writing top-level names to ../../build/modelo_robot/modelo_robot.egg-info/top_level.txt
writing manifest file '../../build/modelo_robot/modelo_robot.egg-info/SOURCES.txt'
reading manifest file '../../build/modelo_robot/modelo_robot.egg-info/SOURCES.txt'
writing manifest file '../../build/modelo_robot/modelo_robot.egg-info/SOURCES.txt'
running build
running build_py
creating /home/looubuntu/ros2_ws/build/modelo_robot/build
creating /home/looubuntu/ros2_ws/build/modelo_robot/build/lib
creating /home/looubuntu/ros2_ws/build/modelo_robot/build/lib/modelo_robot
copying modelo_robot/__init__.py -> /home/looubuntu/ros2_ws/build/modelo_robot/build/lib/modelo_robot
running install
running install_lib
creating /home/looubuntu/ros2_ws/install/modelo_robot/lib/python3.10/site-packages/modelo_robot
copying /home/looubuntu/ros2_ws/build/modelo_robot/build/lib/modelo_robot/__init__.py -> /home/looubuntu/ros2_ws/install/modelo_robot/lib/python3.10/site-packages/modelo_robot
byte-compiling /home/looubuntu/ros2_ws/install/modelo_robot/lib/python3.10/site-packages/modelo_robot/__init__.py to __init__.cpython-310.pyc
running install_data
creating /home/looubuntu/ros2_ws/install/modelo_robot/share/ament_index
creating /home/looubuntu/ros2_ws/install/modelo_robot/share/ament_index/resource_index
creating /home/looubuntu/ros2_ws/install/modelo_robot/share/ament_index/resource_index/packages
copying resource/modelo_robot -> /home/looubuntu/ros2_ws/install/modelo_robot/share/ament_index/resource_index/packages
copying package.xml -> /home/looubuntu/ros2_ws/install/modelo_robot/share/modelo_robot
creating /home/looubuntu/ros2_ws/install/modelo_robot/share/modelo_robot/urdf
copying urdf/Seguidor_linea_robot.urdf -> /home/looubuntu/ros2_ws/install/modelo_robot/share/modelo_robot/urdf
creating /home/looubuntu/ros2_ws/install/modelo_robot/share/modelo_robot/launch
copying launch/display.launch.py -> /home/looubuntu/ros2_ws/install/modelo_robot/share/modelo_robot/launch
creating /home/looubuntu/ros2_ws/install/modelo_robot/share/modelo_robot/meshes
copying meshes/Rueda_derecha_link.STL -> /home/looubuntu/ros2_ws/install/modelo_robot/share/modelo_robot/meshes
copying meshes/Rueda_izquierda_link.STL -> /home/looubuntu/ros2_ws/install/modelo_robot/share/modelo_robot/meshes
copying meshes/Rueda_castor_link.STL -> /home/looubuntu/ros2_ws/install/modelo_robot/share/modelo_robot/meshes
copying meshes/base_link.STL -> /home/looubuntu/ros2_ws/install/modelo_robot/share/modelo_robot/meshes
copying meshes/Base_castor_link.STL -> /home/looubuntu/ros2_ws/install/modelo_robot/share/modelo_robot/meshes
creating /home/looubuntu/ros2_ws/install/modelo_robot/share/modelo_robot/worlds
copying worlds/world.world -> /home/looubuntu/ros2_ws/install/modelo_robot/share/modelo_robot/worlds
running install_egg_info
Copying ../../build/modelo_robot/modelo_robot.egg-info to /home/looubuntu/ros2_ws/install/modelo_robot/lib/python3.10/site-packages/modelo_robot-0.0.0-py3.10.egg-info
running install_scripts
writing list of installed files to '/home/looubuntu/ros2_ws/build/modelo_robot/install.log'
