/home/looubuntu/ros2_ws/install/modelo_robot/lib/python3.10/site-packages/modelo_robot/__init__.py
/home/looubuntu/ros2_ws/install/modelo_robot/lib/python3.10/site-packages/modelo_robot/__pycache__/__init__.cpython-310.pyc
/home/looubuntu/ros2_ws/install/modelo_robot/share/ament_index/resource_index/packages/modelo_robot
/home/looubuntu/ros2_ws/install/modelo_robot/share/modelo_robot/package.xml
/home/looubuntu/ros2_ws/install/modelo_robot/share/modelo_robot/urdf/Seguidor_linea_robot.urdf
/home/looubuntu/ros2_ws/install/modelo_robot/share/modelo_robot/launch/display.launch.py
/home/looubuntu/ros2_ws/install/modelo_robot/share/modelo_robot/launch/gazebo.launch.py
/home/looubuntu/ros2_ws/install/modelo_robot/share/modelo_robot/meshes/Rueda_derecha_link.STL
/home/looubuntu/ros2_ws/install/modelo_robot/share/modelo_robot/meshes/Rueda_izquierda_link.STL
/home/looubuntu/ros2_ws/install/modelo_robot/share/modelo_robot/meshes/Rueda_castor_link.STL
/home/looubuntu/ros2_ws/install/modelo_robot/share/modelo_robot/meshes/base_link.STL
/home/looubuntu/ros2_ws/install/modelo_robot/share/modelo_robot/meshes/Base_castor_link.STL
/home/looubuntu/ros2_ws/install/modelo_robot/share/modelo_robot/worlds/world.world
/home/looubuntu/ros2_ws/install/modelo_robot/lib/python3.10/site-packages/modelo_robot-0.0.0-py3.10.egg-info/entry_points.txt
/home/looubuntu/ros2_ws/install/modelo_robot/lib/python3.10/site-packages/modelo_robot-0.0.0-py3.10.egg-info/top_level.txt
/home/looubuntu/ros2_ws/install/modelo_robot/lib/python3.10/site-packages/modelo_robot-0.0.0-py3.10.egg-info/PKG-INFO
/home/looubuntu/ros2_ws/install/modelo_robot/lib/python3.10/site-packages/modelo_robot-0.0.0-py3.10.egg-info/SOURCES.txt
/home/looubuntu/ros2_ws/install/modelo_robot/lib/python3.10/site-packages/modelo_robot-0.0.0-py3.10.egg-info/requires.txt
/home/looubuntu/ros2_ws/install/modelo_robot/lib/python3.10/site-packages/modelo_robot-0.0.0-py3.10.egg-info/zip-safe
/home/looubuntu/ros2_ws/install/modelo_robot/lib/python3.10/site-packages/modelo_robot-0.0.0-py3.10.egg-info/dependency_links.txt
