[0.954s] Invoking command in '/home/looubuntu/ros2_ws/src/my_robot': PYTHONPATH=/home/looubuntu/ros2_ws/build/my_robot/prefix_override:/usr/lib/python3/dist-packages/colcon_core/task/python/colcon_distutils_commands:/home/looubuntu/ros2_ws/install/my_robot/lib/python3.10/site-packages:${PYTHONPATH} /usr/bin/python3 -W ignore:setup.py install is deprecated setup.py egg_info --egg-base ../../build/my_robot build --build-base /home/looubuntu/ros2_ws/build/my_robot/build install --record /home/looubuntu/ros2_ws/build/my_robot/install.log --single-version-externally-managed install_data
[1.200s] running egg_info
[1.201s] writing ../../build/my_robot/my_robot.egg-info/PKG-INFO
[1.201s] writing dependency_links to ../../build/my_robot/my_robot.egg-info/dependency_links.txt
[1.201s] writing entry points to ../../build/my_robot/my_robot.egg-info/entry_points.txt
[1.201s] writing requirements to ../../build/my_robot/my_robot.egg-info/requires.txt
[1.201s] writing top-level names to ../../build/my_robot/my_robot.egg-info/top_level.txt
[1.202s] reading manifest file '../../build/my_robot/my_robot.egg-info/SOURCES.txt'
[1.203s] adding license file 'LICENSE'
[1.203s] writing manifest file '../../build/my_robot/my_robot.egg-info/SOURCES.txt'
[1.203s] running build
[1.203s] running build_py
[1.204s] running install
[1.204s] running install_lib
[1.207s] running install_data
[1.207s] copying urdf/Skid_Steering_Drive.SLDASM.urdf -> /home/looubuntu/ros2_ws/install/my_robot/share/my_robot/urdf
[1.207s] copying launch/gazebo.launch.py -> /home/looubuntu/ros2_ws/install/my_robot/share/my_robot/launch
[1.207s] running install_egg_info
[1.209s] removing '/home/looubuntu/ros2_ws/install/my_robot/lib/python3.10/site-packages/my_robot-0.0.0-py3.10.egg-info' (and everything under it)
[1.209s] Copying ../../build/my_robot/my_robot.egg-info to /home/looubuntu/ros2_ws/install/my_robot/lib/python3.10/site-packages/my_robot-0.0.0-py3.10.egg-info
[1.210s] running install_scripts
[1.230s] writing list of installed files to '/home/looubuntu/ros2_ws/build/my_robot/install.log'
[1.256s] Invoked command in '/home/looubuntu/ros2_ws/src/my_robot' returned '0': PYTHONPATH=/home/looubuntu/ros2_ws/build/my_robot/prefix_override:/usr/lib/python3/dist-packages/colcon_core/task/python/colcon_distutils_commands:/home/looubuntu/ros2_ws/install/my_robot/lib/python3.10/site-packages:${PYTHONPATH} /usr/bin/python3 -W ignore:setup.py install is deprecated setup.py egg_info --egg-base ../../build/my_robot build --build-base /home/looubuntu/ros2_ws/build/my_robot/build install --record /home/looubuntu/ros2_ws/build/my_robot/install.log --single-version-externally-managed install_data
