[0.479s] Invoking command in '/home/looubuntu/ros2_ws/src/my_pkg': PYTHONPATH=/home/looubuntu/ros2_ws/src/my_pkg/build/my_pkg/prefix_override:/usr/lib/python3/dist-packages/colcon_core/task/python/colcon_distutils_commands:/home/looubuntu/ros2_ws/src/my_pkg/install/my_pkg/lib/python3.10/site-packages:${PYTHONPATH} /usr/bin/python3 -W ignore:setup.py install is deprecated setup.py egg_info --egg-base build/my_pkg build --build-base /home/looubuntu/ros2_ws/src/my_pkg/build/my_pkg/build install --record /home/looubuntu/ros2_ws/src/my_pkg/build/my_pkg/install.log --single-version-externally-managed install_data
[0.674s] running egg_info
[0.675s] creating build/my_pkg/my_pkg.egg-info
[0.675s] writing build/my_pkg/my_pkg.egg-info/PKG-INFO
[0.675s] writing dependency_links to build/my_pkg/my_pkg.egg-info/dependency_links.txt
[0.675s] writing entry points to build/my_pkg/my_pkg.egg-info/entry_points.txt
[0.675s] writing requirements to build/my_pkg/my_pkg.egg-info/requires.txt
[0.675s] writing top-level names to build/my_pkg/my_pkg.egg-info/top_level.txt
[0.675s] writing manifest file 'build/my_pkg/my_pkg.egg-info/SOURCES.txt'
[0.676s] reading manifest file 'build/my_pkg/my_pkg.egg-info/SOURCES.txt'
[0.677s] adding license file 'LICENSE'
[0.677s] writing manifest file 'build/my_pkg/my_pkg.egg-info/SOURCES.txt'
[0.677s] running build
[0.677s] running build_py
[0.677s] creating /home/looubuntu/ros2_ws/src/my_pkg/build/my_pkg/build
[0.678s] creating /home/looubuntu/ros2_ws/src/my_pkg/build/my_pkg/build/lib
[0.678s] creating /home/looubuntu/ros2_ws/src/my_pkg/build/my_pkg/build/lib/my_pkg
[0.678s] copying my_pkg/gui_int32.py -> /home/looubuntu/ros2_ws/src/my_pkg/build/my_pkg/build/lib/my_pkg
[0.678s] copying my_pkg/__init__.py -> /home/looubuntu/ros2_ws/src/my_pkg/build/my_pkg/build/lib/my_pkg
[0.678s] copying my_pkg/service_member_function.py -> /home/looubuntu/ros2_ws/src/my_pkg/build/my_pkg/build/lib/my_pkg
[0.678s] copying my_pkg/service.py -> /home/looubuntu/ros2_ws/src/my_pkg/build/my_pkg/build/lib/my_pkg
[0.678s] copying my_pkg/nhan.py -> /home/looubuntu/ros2_ws/src/my_pkg/build/my_pkg/build/lib/my_pkg
[0.678s] copying my_pkg/crtl.py -> /home/looubuntu/ros2_ws/src/my_pkg/build/my_pkg/build/lib/my_pkg
[0.678s] copying my_pkg/phe.py -> /home/looubuntu/ros2_ws/src/my_pkg/build/my_pkg/build/lib/my_pkg
[0.678s] copying my_pkg/a_to_b.py -> /home/looubuntu/ros2_ws/src/my_pkg/build/my_pkg/build/lib/my_pkg
[0.678s] copying my_pkg/client_member_function.py -> /home/looubuntu/ros2_ws/src/my_pkg/build/my_pkg/build/lib/my_pkg
[0.678s] copying my_pkg/gui.py -> /home/looubuntu/ros2_ws/src/my_pkg/build/my_pkg/build/lib/my_pkg
[0.678s] copying my_pkg/create_turtle.py -> /home/looubuntu/ros2_ws/src/my_pkg/build/my_pkg/build/lib/my_pkg
[0.678s] copying my_pkg/a_to_b_ver2.py -> /home/looubuntu/ros2_ws/src/my_pkg/build/my_pkg/build/lib/my_pkg
[0.679s] running install
[0.679s] running install_lib
[0.679s] creating /home/looubuntu/ros2_ws/src/my_pkg/install/my_pkg/lib/python3.10/site-packages/my_pkg
[0.679s] copying /home/looubuntu/ros2_ws/src/my_pkg/build/my_pkg/build/lib/my_pkg/gui_int32.py -> /home/looubuntu/ros2_ws/src/my_pkg/install/my_pkg/lib/python3.10/site-packages/my_pkg
[0.679s] copying /home/looubuntu/ros2_ws/src/my_pkg/build/my_pkg/build/lib/my_pkg/__init__.py -> /home/looubuntu/ros2_ws/src/my_pkg/install/my_pkg/lib/python3.10/site-packages/my_pkg
[0.679s] copying /home/looubuntu/ros2_ws/src/my_pkg/build/my_pkg/build/lib/my_pkg/service_member_function.py -> /home/looubuntu/ros2_ws/src/my_pkg/install/my_pkg/lib/python3.10/site-packages/my_pkg
[0.680s] copying /home/looubuntu/ros2_ws/src/my_pkg/build/my_pkg/build/lib/my_pkg/service.py -> /home/looubuntu/ros2_ws/src/my_pkg/install/my_pkg/lib/python3.10/site-packages/my_pkg
[0.680s] copying /home/looubuntu/ros2_ws/src/my_pkg/build/my_pkg/build/lib/my_pkg/nhan.py -> /home/looubuntu/ros2_ws/src/my_pkg/install/my_pkg/lib/python3.10/site-packages/my_pkg
[0.680s] copying /home/looubuntu/ros2_ws/src/my_pkg/build/my_pkg/build/lib/my_pkg/crtl.py -> /home/looubuntu/ros2_ws/src/my_pkg/install/my_pkg/lib/python3.10/site-packages/my_pkg
[0.680s] copying /home/looubuntu/ros2_ws/src/my_pkg/build/my_pkg/build/lib/my_pkg/phe.py -> /home/looubuntu/ros2_ws/src/my_pkg/install/my_pkg/lib/python3.10/site-packages/my_pkg
[0.680s] copying /home/looubuntu/ros2_ws/src/my_pkg/build/my_pkg/build/lib/my_pkg/a_to_b.py -> /home/looubuntu/ros2_ws/src/my_pkg/install/my_pkg/lib/python3.10/site-packages/my_pkg
[0.680s] copying /home/looubuntu/ros2_ws/src/my_pkg/build/my_pkg/build/lib/my_pkg/client_member_function.py -> /home/looubuntu/ros2_ws/src/my_pkg/install/my_pkg/lib/python3.10/site-packages/my_pkg
[0.680s] copying /home/looubuntu/ros2_ws/src/my_pkg/build/my_pkg/build/lib/my_pkg/gui.py -> /home/looubuntu/ros2_ws/src/my_pkg/install/my_pkg/lib/python3.10/site-packages/my_pkg
[0.680s] copying /home/looubuntu/ros2_ws/src/my_pkg/build/my_pkg/build/lib/my_pkg/create_turtle.py -> /home/looubuntu/ros2_ws/src/my_pkg/install/my_pkg/lib/python3.10/site-packages/my_pkg
[0.680s] copying /home/looubuntu/ros2_ws/src/my_pkg/build/my_pkg/build/lib/my_pkg/a_to_b_ver2.py -> /home/looubuntu/ros2_ws/src/my_pkg/install/my_pkg/lib/python3.10/site-packages/my_pkg
[0.680s] byte-compiling /home/looubuntu/ros2_ws/src/my_pkg/install/my_pkg/lib/python3.10/site-packages/my_pkg/gui_int32.py to gui_int32.cpython-310.pyc
[0.681s] byte-compiling /home/looubuntu/ros2_ws/src/my_pkg/install/my_pkg/lib/python3.10/site-packages/my_pkg/__init__.py to __init__.cpython-310.pyc
[0.681s] byte-compiling /home/looubuntu/ros2_ws/src/my_pkg/install/my_pkg/lib/python3.10/site-packages/my_pkg/service_member_function.py to service_member_function.cpython-310.pyc
[0.681s] byte-compiling /home/looubuntu/ros2_ws/src/my_pkg/install/my_pkg/lib/python3.10/site-packages/my_pkg/service.py to service.cpython-310.pyc
[0.681s] byte-compiling /home/looubuntu/ros2_ws/src/my_pkg/install/my_pkg/lib/python3.10/site-packages/my_pkg/nhan.py to nhan.cpython-310.pyc
[0.682s] byte-compiling /home/looubuntu/ros2_ws/src/my_pkg/install/my_pkg/lib/python3.10/site-packages/my_pkg/crtl.py to crtl.cpython-310.pyc
[0.682s] byte-compiling /home/looubuntu/ros2_ws/src/my_pkg/install/my_pkg/lib/python3.10/site-packages/my_pkg/phe.py to phe.cpython-310.pyc
[0.682s] byte-compiling /home/looubuntu/ros2_ws/src/my_pkg/install/my_pkg/lib/python3.10/site-packages/my_pkg/a_to_b.py to a_to_b.cpython-310.pyc
[0.683s] byte-compiling /home/looubuntu/ros2_ws/src/my_pkg/install/my_pkg/lib/python3.10/site-packages/my_pkg/client_member_function.py to client_member_function.cpython-310.pyc
[0.683s] byte-compiling /home/looubuntu/ros2_ws/src/my_pkg/install/my_pkg/lib/python3.10/site-packages/my_pkg/gui.py to gui.cpython-310.pyc
[0.683s] byte-compiling /home/looubuntu/ros2_ws/src/my_pkg/install/my_pkg/lib/python3.10/site-packages/my_pkg/create_turtle.py to create_turtle.cpython-310.pyc
[0.684s] byte-compiling /home/looubuntu/ros2_ws/src/my_pkg/install/my_pkg/lib/python3.10/site-packages/my_pkg/a_to_b_ver2.py to a_to_b_ver2.cpython-310.pyc
[0.684s] running install_data
[0.684s] creating /home/looubuntu/ros2_ws/src/my_pkg/install/my_pkg/share/ament_index
[0.684s] creating /home/looubuntu/ros2_ws/src/my_pkg/install/my_pkg/share/ament_index/resource_index
[0.684s] creating /home/looubuntu/ros2_ws/src/my_pkg/install/my_pkg/share/ament_index/resource_index/packages
[0.684s] copying resource/my_pkg -> /home/looubuntu/ros2_ws/src/my_pkg/install/my_pkg/share/ament_index/resource_index/packages
[0.684s] copying package.xml -> /home/looubuntu/ros2_ws/src/my_pkg/install/my_pkg/share/my_pkg
[0.684s] creating /home/looubuntu/ros2_ws/src/my_pkg/install/my_pkg/share/my_pkg/launch
[0.685s] copying launch/display.launch.py -> /home/looubuntu/ros2_ws/src/my_pkg/install/my_pkg/share/my_pkg/launch
[0.685s] running install_egg_info
[0.685s] Copying build/my_pkg/my_pkg.egg-info to /home/looubuntu/ros2_ws/src/my_pkg/install/my_pkg/lib/python3.10/site-packages/my_pkg-0.0.0-py3.10.egg-info
[0.686s] running install_scripts
[0.702s] Installing control script to /home/looubuntu/ros2_ws/src/my_pkg/install/my_pkg/lib/my_pkg
[0.702s] writing list of installed files to '/home/looubuntu/ros2_ws/src/my_pkg/build/my_pkg/install.log'
[0.717s] Invoked command in '/home/looubuntu/ros2_ws/src/my_pkg' returned '0': PYTHONPATH=/home/looubuntu/ros2_ws/src/my_pkg/build/my_pkg/prefix_override:/usr/lib/python3/dist-packages/colcon_core/task/python/colcon_distutils_commands:/home/looubuntu/ros2_ws/src/my_pkg/install/my_pkg/lib/python3.10/site-packages:${PYTHONPATH} /usr/bin/python3 -W ignore:setup.py install is deprecated setup.py egg_info --egg-base build/my_pkg build --build-base /home/looubuntu/ros2_ws/src/my_pkg/build/my_pkg/build install --record /home/looubuntu/ros2_ws/src/my_pkg/build/my_pkg/install.log --single-version-externally-managed install_data
