[0.986s] Invoking command in '/home/looubuntu/ros2_ws/src/my_pkg': PYTHONPATH=/home/looubuntu/ros2_ws/build/my_pkg/prefix_override:/usr/lib/python3/dist-packages/colcon_core/task/python/colcon_distutils_commands:/home/looubuntu/ros2_ws/install/my_pkg/lib/python3.10/site-packages:${PYTHONPATH} /usr/bin/python3 -W ignore:setup.py install is deprecated setup.py egg_info --egg-base ../../build/my_pkg build --build-base /home/looubuntu/ros2_ws/build/my_pkg/build install --record /home/looubuntu/ros2_ws/build/my_pkg/install.log --single-version-externally-managed install_data
[1.192s] running egg_info
[1.193s] writing ../../build/my_pkg/my_pkg.egg-info/PKG-INFO
[1.193s] writing dependency_links to ../../build/my_pkg/my_pkg.egg-info/dependency_links.txt
[1.193s] writing entry points to ../../build/my_pkg/my_pkg.egg-info/entry_points.txt
[1.193s] writing requirements to ../../build/my_pkg/my_pkg.egg-info/requires.txt
[1.193s] writing top-level names to ../../build/my_pkg/my_pkg.egg-info/top_level.txt
[1.195s] reading manifest file '../../build/my_pkg/my_pkg.egg-info/SOURCES.txt'
[1.195s] adding license file 'LICENSE'
[1.196s] writing manifest file '../../build/my_pkg/my_pkg.egg-info/SOURCES.txt'
[1.196s] running build
[1.196s] running build_py
[1.196s] running install
[1.197s] running install_lib
[1.198s] running install_data
[1.198s] running install_egg_info
[1.199s] removing '/home/looubuntu/ros2_ws/install/my_pkg/lib/python3.10/site-packages/my_pkg-0.0.0-py3.10.egg-info' (and everything under it)
[1.200s] Copying ../../build/my_pkg/my_pkg.egg-info to /home/looubuntu/ros2_ws/install/my_pkg/lib/python3.10/site-packages/my_pkg-0.0.0-py3.10.egg-info
[1.200s] running install_scripts
[1.218s] Installing control script to /home/looubuntu/ros2_ws/install/my_pkg/lib/my_pkg
[1.219s] writing list of installed files to '/home/looubuntu/ros2_ws/build/my_pkg/install.log'
[1.238s] Invoked command in '/home/looubuntu/ros2_ws/src/my_pkg' returned '0': PYTHONPATH=/home/looubuntu/ros2_ws/build/my_pkg/prefix_override:/usr/lib/python3/dist-packages/colcon_core/task/python/colcon_distutils_commands:/home/looubuntu/ros2_ws/install/my_pkg/lib/python3.10/site-packages:${PYTHONPATH} /usr/bin/python3 -W ignore:setup.py install is deprecated setup.py egg_info --egg-base ../../build/my_pkg build --build-base /home/looubuntu/ros2_ws/build/my_pkg/build install --record /home/looubuntu/ros2_ws/build/my_pkg/install.log --single-version-externally-managed install_data
