running egg_info
writing ../../build/my_robot/my_robot.egg-info/PKG-INFO
writing dependency_links to ../../build/my_robot/my_robot.egg-info/dependency_links.txt
writing entry points to ../../build/my_robot/my_robot.egg-info/entry_points.txt
writing requirements to ../../build/my_robot/my_robot.egg-info/requires.txt
writing top-level names to ../../build/my_robot/my_robot.egg-info/top_level.txt
reading manifest file '../../build/my_robot/my_robot.egg-info/SOURCES.txt'
adding license file 'LICENSE'
writing manifest file '../../build/my_robot/my_robot.egg-info/SOURCES.txt'
running build
running build_py
running install
running install_lib
running install_data
copying urdf/Seguidor_linea_robot.urdf -> /home/looubuntu/ros2_ws/install/my_robot/share/my_robot/urdf
copying launch/display.launch.py -> /home/looubuntu/ros2_ws/install/my_robot/share/my_robot/launch
copying meshes/Rueda_derecha_link.STL -> /home/looubuntu/ros2_ws/install/my_robot/share/my_robot/meshes
copying meshes/Rueda_izquierda_link.STL -> /home/looubuntu/ros2_ws/install/my_robot/share/my_robot/meshes
copying meshes/Rueda_castor_link.STL -> /home/looubuntu/ros2_ws/install/my_robot/share/my_robot/meshes
copying meshes/Base_castor_link.STL -> /home/looubuntu/ros2_ws/install/my_robot/share/my_robot/meshes
running install_egg_info
removing '/home/looubuntu/ros2_ws/install/my_robot/lib/python3.10/site-packages/my_robot-0.0.0-py3.10.egg-info' (and everything under it)
Copying ../../build/my_robot/my_robot.egg-info to /home/looubuntu/ros2_ws/install/my_robot/lib/python3.10/site-packages/my_robot-0.0.0-py3.10.egg-info
running install_scripts
writing list of installed files to '/home/looubuntu/ros2_ws/build/my_robot/install.log'
