[0.747s] Invoking command in '/home/looubuntu/ros2_ws/src/my_robot': PYTHONPATH=/home/looubuntu/ros2_ws/build/my_robot/prefix_override:/usr/lib/python3/dist-packages/colcon_core/task/python/colcon_distutils_commands:/home/looubuntu/ros2_ws/install/my_robot/lib/python3.10/site-packages:${PYTHONPATH} /usr/bin/python3 -W ignore:setup.py install is deprecated setup.py egg_info --egg-base ../../build/my_robot build --build-base /home/looubuntu/ros2_ws/build/my_robot/build install --record /home/looubuntu/ros2_ws/build/my_robot/install.log --single-version-externally-managed install_data
[0.938s] running egg_info
[0.939s] writing ../../build/my_robot/my_robot.egg-info/PKG-INFO
[0.939s] writing dependency_links to ../../build/my_robot/my_robot.egg-info/dependency_links.txt
[0.939s] writing entry points to ../../build/my_robot/my_robot.egg-info/entry_points.txt
[0.939s] writing requirements to ../../build/my_robot/my_robot.egg-info/requires.txt
[0.939s] writing top-level names to ../../build/my_robot/my_robot.egg-info/top_level.txt
[0.940s] reading manifest file '../../build/my_robot/my_robot.egg-info/SOURCES.txt'
[0.940s] adding license file 'LICENSE'
[0.941s] writing manifest file '../../build/my_robot/my_robot.egg-info/SOURCES.txt'
[0.941s] running build
[0.941s] running build_py
[0.941s] running install
[0.941s] running install_lib
[0.942s] running install_data
[0.942s] copying urdf/Seguidor_linea_robot.urdf -> /home/looubuntu/ros2_ws/install/my_robot/share/my_robot/urdf
[0.942s] copying launch/display.launch.py -> /home/looubuntu/ros2_ws/install/my_robot/share/my_robot/launch
[0.942s] copying meshes/Rueda_derecha_link.STL -> /home/looubuntu/ros2_ws/install/my_robot/share/my_robot/meshes
[0.943s] copying meshes/Rueda_izquierda_link.STL -> /home/looubuntu/ros2_ws/install/my_robot/share/my_robot/meshes
[0.944s] copying meshes/Rueda_castor_link.STL -> /home/looubuntu/ros2_ws/install/my_robot/share/my_robot/meshes
[0.944s] copying meshes/Base_castor_link.STL -> /home/looubuntu/ros2_ws/install/my_robot/share/my_robot/meshes
[0.944s] running install_egg_info
[0.946s] removing '/home/looubuntu/ros2_ws/install/my_robot/lib/python3.10/site-packages/my_robot-0.0.0-py3.10.egg-info' (and everything under it)
[0.946s] Copying ../../build/my_robot/my_robot.egg-info to /home/looubuntu/ros2_ws/install/my_robot/lib/python3.10/site-packages/my_robot-0.0.0-py3.10.egg-info
[0.946s] running install_scripts
[0.963s] writing list of installed files to '/home/looubuntu/ros2_ws/build/my_robot/install.log'
[0.981s] Invoked command in '/home/looubuntu/ros2_ws/src/my_robot' returned '0': PYTHONPATH=/home/looubuntu/ros2_ws/build/my_robot/prefix_override:/usr/lib/python3/dist-packages/colcon_core/task/python/colcon_distutils_commands:/home/looubuntu/ros2_ws/install/my_robot/lib/python3.10/site-packages:${PYTHONPATH} /usr/bin/python3 -W ignore:setup.py install is deprecated setup.py egg_info --egg-base ../../build/my_robot build --build-base /home/looubuntu/ros2_ws/build/my_robot/build install --record /home/looubuntu/ros2_ws/build/my_robot/install.log --single-version-externally-managed install_data
