running egg_info
creating ../build/my_robot/my_robot.egg-info
writing ../build/my_robot/my_robot.egg-info/PKG-INFO
writing dependency_links to ../build/my_robot/my_robot.egg-info/dependency_links.txt
writing entry points to ../build/my_robot/my_robot.egg-info/entry_points.txt
writing requirements to ../build/my_robot/my_robot.egg-info/requires.txt
writing top-level names to ../build/my_robot/my_robot.egg-info/top_level.txt
writing manifest file '../build/my_robot/my_robot.egg-info/SOURCES.txt'
reading manifest file '../build/my_robot/my_robot.egg-info/SOURCES.txt'
adding license file 'LICENSE'
writing manifest file '../build/my_robot/my_robot.egg-info/SOURCES.txt'
running build
running install
running install_data
creating /home/looubuntu/ros2_ws/src/install/my_robot/share/ament_index
creating /home/looubuntu/ros2_ws/src/install/my_robot/share/ament_index/resource_index
creating /home/looubuntu/ros2_ws/src/install/my_robot/share/ament_index/resource_index/packages
copying resource/my_robot -> /home/looubuntu/ros2_ws/src/install/my_robot/share/ament_index/resource_index/packages
copying package.xml -> /home/looubuntu/ros2_ws/src/install/my_robot/share/my_robot
creating /home/looubuntu/ros2_ws/src/install/my_robot/share/my_robot/urdf
copying urdf/Car4.SLDASM.csv -> /home/looubuntu/ros2_ws/src/install/my_robot/share/my_robot/urdf
copying urdf/Car4.SLDASM.urdf -> /home/looubuntu/ros2_ws/src/install/my_robot/share/my_robot/urdf
creating /home/looubuntu/ros2_ws/src/install/my_robot/share/my_robot/launch
copying launch/display.launch.py -> /home/looubuntu/ros2_ws/src/install/my_robot/share/my_robot/launch
copying launch/gazebo.launch.py -> /home/looubuntu/ros2_ws/src/install/my_robot/share/my_robot/launch
creating /home/looubuntu/ros2_ws/src/install/my_robot/share/my_robot/meshes
copying meshes/one_wheel.STL -> /home/looubuntu/ros2_ws/src/install/my_robot/share/my_robot/meshes
copying meshes/two_wheel.STL -> /home/looubuntu/ros2_ws/src/install/my_robot/share/my_robot/meshes
copying meshes/base_link.STL -> /home/looubuntu/ros2_ws/src/install/my_robot/share/my_robot/meshes
copying meshes/three_wheel.STL -> /home/looubuntu/ros2_ws/src/install/my_robot/share/my_robot/meshes
running install_egg_info
Copying ../build/my_robot/my_robot.egg-info to /home/looubuntu/ros2_ws/src/install/my_robot/lib/python3.10/site-packages/my_robot-0.0.0-py3.10.egg-info
running install_scripts
writing list of installed files to '/home/looubuntu/ros2_ws/src/build/my_robot/install.log'
