[1.238s] Invoking command in '/home/looubuntu/ros2_ws/src/my_robot': PYTHONPATH=/home/looubuntu/ros2_ws/src/build/my_robot/prefix_override:/usr/lib/python3/dist-packages/colcon_core/task/python/colcon_distutils_commands:/home/looubuntu/ros2_ws/src/install/my_robot/lib/python3.10/site-packages:${PYTHONPATH} /usr/bin/python3 -W ignore:setup.py install is deprecated setup.py egg_info --egg-base ../build/my_robot build --build-base /home/looubuntu/ros2_ws/src/build/my_robot/build install --record /home/looubuntu/ros2_ws/src/build/my_robot/install.log --single-version-externally-managed install_data
[1.477s] running egg_info
[1.478s] creating ../build/my_robot/my_robot.egg-info
[1.478s] writing ../build/my_robot/my_robot.egg-info/PKG-INFO
[1.478s] writing dependency_links to ../build/my_robot/my_robot.egg-info/dependency_links.txt
[1.478s] writing entry points to ../build/my_robot/my_robot.egg-info/entry_points.txt
[1.478s] writing requirements to ../build/my_robot/my_robot.egg-info/requires.txt
[1.479s] writing top-level names to ../build/my_robot/my_robot.egg-info/top_level.txt
[1.479s] writing manifest file '../build/my_robot/my_robot.egg-info/SOURCES.txt'
[1.480s] reading manifest file '../build/my_robot/my_robot.egg-info/SOURCES.txt'
[1.480s] adding license file 'LICENSE'
[1.481s] writing manifest file '../build/my_robot/my_robot.egg-info/SOURCES.txt'
[1.481s] running build
[1.481s] running install
[1.481s] running install_data
[1.481s] creating /home/looubuntu/ros2_ws/src/install/my_robot/share/ament_index
[1.481s] creating /home/looubuntu/ros2_ws/src/install/my_robot/share/ament_index/resource_index
[1.481s] creating /home/looubuntu/ros2_ws/src/install/my_robot/share/ament_index/resource_index/packages
[1.481s] copying resource/my_robot -> /home/looubuntu/ros2_ws/src/install/my_robot/share/ament_index/resource_index/packages
[1.482s] copying package.xml -> /home/looubuntu/ros2_ws/src/install/my_robot/share/my_robot
[1.482s] creating /home/looubuntu/ros2_ws/src/install/my_robot/share/my_robot/urdf
[1.482s] copying urdf/Car4.SLDASM.csv -> /home/looubuntu/ros2_ws/src/install/my_robot/share/my_robot/urdf
[1.482s] copying urdf/Car4.SLDASM.urdf -> /home/looubuntu/ros2_ws/src/install/my_robot/share/my_robot/urdf
[1.482s] creating /home/looubuntu/ros2_ws/src/install/my_robot/share/my_robot/launch
[1.482s] copying launch/display.launch.py -> /home/looubuntu/ros2_ws/src/install/my_robot/share/my_robot/launch
[1.482s] copying launch/gazebo.launch.py -> /home/looubuntu/ros2_ws/src/install/my_robot/share/my_robot/launch
[1.483s] creating /home/looubuntu/ros2_ws/src/install/my_robot/share/my_robot/meshes
[1.483s] copying meshes/one_wheel.STL -> /home/looubuntu/ros2_ws/src/install/my_robot/share/my_robot/meshes
[1.486s] copying meshes/two_wheel.STL -> /home/looubuntu/ros2_ws/src/install/my_robot/share/my_robot/meshes
[1.489s] copying meshes/base_link.STL -> /home/looubuntu/ros2_ws/src/install/my_robot/share/my_robot/meshes
[1.490s] copying meshes/three_wheel.STL -> /home/looubuntu/ros2_ws/src/install/my_robot/share/my_robot/meshes
[1.493s] running install_egg_info
[1.496s] Copying ../build/my_robot/my_robot.egg-info to /home/looubuntu/ros2_ws/src/install/my_robot/lib/python3.10/site-packages/my_robot-0.0.0-py3.10.egg-info
[1.497s] running install_scripts
[1.526s] writing list of installed files to '/home/looubuntu/ros2_ws/src/build/my_robot/install.log'
[1.571s] Invoked command in '/home/looubuntu/ros2_ws/src/my_robot' returned '0': PYTHONPATH=/home/looubuntu/ros2_ws/src/build/my_robot/prefix_override:/usr/lib/python3/dist-packages/colcon_core/task/python/colcon_distutils_commands:/home/looubuntu/ros2_ws/src/install/my_robot/lib/python3.10/site-packages:${PYTHONPATH} /usr/bin/python3 -W ignore:setup.py install is deprecated setup.py egg_info --egg-base ../build/my_robot build --build-base /home/looubuntu/ros2_ws/src/build/my_robot/build install --record /home/looubuntu/ros2_ws/src/build/my_robot/install.log --single-version-externally-managed install_data
