/home/looubuntu/ros2_ws/install/my_robot_ver3/lib/python3.10/site-packages/my_robot_ver3/__init__.py
/home/looubuntu/ros2_ws/install/my_robot_ver3/lib/python3.10/site-packages/my_robot_ver3/nhan.py
/home/looubuntu/ros2_ws/install/my_robot_ver3/lib/python3.10/site-packages/my_robot_ver3/gui.py
/home/looubuntu/ros2_ws/install/my_robot_ver3/lib/python3.10/site-packages/my_robot_ver3/a_to_b_ver2.py
/home/looubuntu/ros2_ws/install/my_robot_ver3/lib/python3.10/site-packages/my_robot_ver3/__pycache__/__init__.cpython-310.pyc
/home/looubuntu/ros2_ws/install/my_robot_ver3/lib/python3.10/site-packages/my_robot_ver3/__pycache__/nhan.cpython-310.pyc
/home/looubuntu/ros2_ws/install/my_robot_ver3/lib/python3.10/site-packages/my_robot_ver3/__pycache__/gui.cpython-310.pyc
/home/looubuntu/ros2_ws/install/my_robot_ver3/lib/python3.10/site-packages/my_robot_ver3/__pycache__/a_to_b_ver2.cpython-310.pyc
/home/looubuntu/ros2_ws/install/my_robot_ver3/share/ament_index/resource_index/packages/my_robot_ver3
/home/looubuntu/ros2_ws/install/my_robot_ver3/share/my_robot_ver3/package.xml
/home/looubuntu/ros2_ws/install/my_robot_ver3/share/my_robot_ver3/urdf/my_robot_ver3.urdf
/home/looubuntu/ros2_ws/install/my_robot_ver3/share/my_robot_ver3/launch/display.launch.py
/home/looubuntu/ros2_ws/install/my_robot_ver3/share/my_robot_ver3/launch/gazebo.launch.py
/home/looubuntu/ros2_ws/install/my_robot_ver3/share/my_robot_ver3/meshes/Left_link.STL
/home/looubuntu/ros2_ws/install/my_robot_ver3/share/my_robot_ver3/meshes/Mid_link.STL
/home/looubuntu/ros2_ws/install/my_robot_ver3/share/my_robot_ver3/meshes/base_link.STL
/home/looubuntu/ros2_ws/install/my_robot_ver3/share/my_robot_ver3/meshes/Base_castor_link.STL
/home/looubuntu/ros2_ws/install/my_robot_ver3/share/my_robot_ver3/meshes/Right_link.STL
/home/looubuntu/ros2_ws/install/my_robot_ver3/lib/python3.10/site-packages/my_robot_ver3-0.0.0-py3.10.egg-info/entry_points.txt
/home/looubuntu/ros2_ws/install/my_robot_ver3/lib/python3.10/site-packages/my_robot_ver3-0.0.0-py3.10.egg-info/top_level.txt
/home/looubuntu/ros2_ws/install/my_robot_ver3/lib/python3.10/site-packages/my_robot_ver3-0.0.0-py3.10.egg-info/PKG-INFO
/home/looubuntu/ros2_ws/install/my_robot_ver3/lib/python3.10/site-packages/my_robot_ver3-0.0.0-py3.10.egg-info/SOURCES.txt
/home/looubuntu/ros2_ws/install/my_robot_ver3/lib/python3.10/site-packages/my_robot_ver3-0.0.0-py3.10.egg-info/requires.txt
/home/looubuntu/ros2_ws/install/my_robot_ver3/lib/python3.10/site-packages/my_robot_ver3-0.0.0-py3.10.egg-info/zip-safe
/home/looubuntu/ros2_ws/install/my_robot_ver3/lib/python3.10/site-packages/my_robot_ver3-0.0.0-py3.10.egg-info/dependency_links.txt
/home/looubuntu/ros2_ws/install/my_robot_ver3/lib/my_robot_ver3/truyen
