/home/looubuntu/ros2_ws/install/my_pkg/lib/python3.10/site-packages/my_pkg/gui_int32.py
/home/looubuntu/ros2_ws/install/my_pkg/lib/python3.10/site-packages/my_pkg/__init__.py
/home/looubuntu/ros2_ws/install/my_pkg/lib/python3.10/site-packages/my_pkg/service_member_function.py
/home/looubuntu/ros2_ws/install/my_pkg/lib/python3.10/site-packages/my_pkg/service.py
/home/looubuntu/ros2_ws/install/my_pkg/lib/python3.10/site-packages/my_pkg/nhan.py
/home/looubuntu/ros2_ws/install/my_pkg/lib/python3.10/site-packages/my_pkg/crtl.py
/home/looubuntu/ros2_ws/install/my_pkg/lib/python3.10/site-packages/my_pkg/phe.py
/home/looubuntu/ros2_ws/install/my_pkg/lib/python3.10/site-packages/my_pkg/a_to_b.py
/home/looubuntu/ros2_ws/install/my_pkg/lib/python3.10/site-packages/my_pkg/client_member_function.py
/home/looubuntu/ros2_ws/install/my_pkg/lib/python3.10/site-packages/my_pkg/gui.py
/home/looubuntu/ros2_ws/install/my_pkg/lib/python3.10/site-packages/my_pkg/create_turtle.py
/home/looubuntu/ros2_ws/install/my_pkg/lib/python3.10/site-packages/my_pkg/a_to_b_ver2.py
/home/looubuntu/ros2_ws/install/my_pkg/lib/python3.10/site-packages/my_pkg/__pycache__/gui_int32.cpython-310.pyc
/home/looubuntu/ros2_ws/install/my_pkg/lib/python3.10/site-packages/my_pkg/__pycache__/__init__.cpython-310.pyc
/home/looubuntu/ros2_ws/install/my_pkg/lib/python3.10/site-packages/my_pkg/__pycache__/service_member_function.cpython-310.pyc
/home/looubuntu/ros2_ws/install/my_pkg/lib/python3.10/site-packages/my_pkg/__pycache__/service.cpython-310.pyc
/home/looubuntu/ros2_ws/install/my_pkg/lib/python3.10/site-packages/my_pkg/__pycache__/nhan.cpython-310.pyc
/home/looubuntu/ros2_ws/install/my_pkg/lib/python3.10/site-packages/my_pkg/__pycache__/crtl.cpython-310.pyc
/home/looubuntu/ros2_ws/install/my_pkg/lib/python3.10/site-packages/my_pkg/__pycache__/phe.cpython-310.pyc
/home/looubuntu/ros2_ws/install/my_pkg/lib/python3.10/site-packages/my_pkg/__pycache__/a_to_b.cpython-310.pyc
/home/looubuntu/ros2_ws/install/my_pkg/lib/python3.10/site-packages/my_pkg/__pycache__/client_member_function.cpython-310.pyc
/home/looubuntu/ros2_ws/install/my_pkg/lib/python3.10/site-packages/my_pkg/__pycache__/gui.cpython-310.pyc
/home/looubuntu/ros2_ws/install/my_pkg/lib/python3.10/site-packages/my_pkg/__pycache__/create_turtle.cpython-310.pyc
/home/looubuntu/ros2_ws/install/my_pkg/lib/python3.10/site-packages/my_pkg/__pycache__/a_to_b_ver2.cpython-310.pyc
/home/looubuntu/ros2_ws/install/my_pkg/share/ament_index/resource_index/packages/my_pkg
/home/looubuntu/ros2_ws/install/my_pkg/share/my_pkg/package.xml
/home/looubuntu/ros2_ws/install/my_pkg/lib/python3.10/site-packages/my_pkg-0.0.0-py3.10.egg-info/entry_points.txt
/home/looubuntu/ros2_ws/install/my_pkg/lib/python3.10/site-packages/my_pkg-0.0.0-py3.10.egg-info/top_level.txt
/home/looubuntu/ros2_ws/install/my_pkg/lib/python3.10/site-packages/my_pkg-0.0.0-py3.10.egg-info/PKG-INFO
/home/looubuntu/ros2_ws/install/my_pkg/lib/python3.10/site-packages/my_pkg-0.0.0-py3.10.egg-info/SOURCES.txt
/home/looubuntu/ros2_ws/install/my_pkg/lib/python3.10/site-packages/my_pkg-0.0.0-py3.10.egg-info/requires.txt
/home/looubuntu/ros2_ws/install/my_pkg/lib/python3.10/site-packages/my_pkg-0.0.0-py3.10.egg-info/zip-safe
/home/looubuntu/ros2_ws/install/my_pkg/lib/python3.10/site-packages/my_pkg-0.0.0-py3.10.egg-info/dependency_links.txt
/home/looubuntu/ros2_ws/install/my_pkg/lib/my_pkg/control
