[0.028s] Invoking command in '/home/looubuntu/ros2_ws/src/build/my_interfaces': CMAKE_PREFIX_PATH=/home/looubuntu/ros2_ws/src/install/my_pkg:/opt/ros/humble /usr/bin/cmake /home/looubuntu/ros2_ws/src/my_interfaces -DCMAKE_INSTALL_PREFIX=/home/looubuntu/ros2_ws/src/install/my_interfaces
[0.937s] -- The C compiler identification is GNU 11.4.0
[0.937s] -- The CXX compiler identification is GNU 11.4.0
[0.937s] -- Detecting C compiler ABI info
[0.938s] -- Detecting C compiler ABI info - done
[0.938s] -- Check for working C compiler: /usr/bin/cc - skipped
[0.938s] -- Detecting C compile features
[0.938s] -- Detecting C compile features - done
[0.938s] -- Detecting CXX compiler ABI info
[0.938s] -- Detecting CXX compiler ABI info - done
[0.938s] -- Check for working CXX compiler: /usr/bin/c++ - skipped
[0.938s] -- Detecting CXX compile features
[0.939s] -- Detecting CXX compile features - done
[0.939s] -- Found ament_cmake: 1.3.10 (/opt/ros/humble/share/ament_cmake/cmake)
[0.939s] -- Found Python3: /usr/bin/python3 (found version "3.10.12") found components: Interpreter 
[0.939s] -- Found rosidl_default_generators: 1.2.0 (/opt/ros/humble/share/rosidl_default_generators/cmake)
[0.939s] -- Using all available rosidl_typesupport_c: rosidl_typesupport_fastrtps_c;rosidl_typesupport_introspection_c
[0.939s] -- Found rosidl_adapter: 3.1.5 (/opt/ros/humble/share/rosidl_adapter/cmake)
[0.939s] -- Using all available rosidl_typesupport_cpp: rosidl_typesupport_fastrtps_cpp;rosidl_typesupport_introspection_cpp
[0.939s] -- Found ament_cmake_ros: 0.10.0 (/opt/ros/humble/share/ament_cmake_ros/cmake)
[1.087s] -- Using all available rosidl_typesupport_c: rosidl_typesupport_fastrtps_c;rosidl_typesupport_introspection_c
[1.309s] -- Using all available rosidl_typesupport_cpp: rosidl_typesupport_fastrtps_cpp;rosidl_typesupport_introspection_cpp
[1.334s] -- Found PythonInterp: /usr/bin/python3 (found suitable version "3.10.12", minimum required is "3.6") 
[1.336s] -- Found python_cmake_module: 0.10.0 (/opt/ros/humble/share/python_cmake_module/cmake)
[1.363s] -- Found PythonLibs: /usr/lib/x86_64-linux-gnu/libpython3.10.so (found suitable version "3.10.12", minimum required is "3.5") 
[1.363s] -- Using PYTHON_EXECUTABLE: /usr/bin/python3
[1.363s] -- Using PYTHON_INCLUDE_DIRS: /usr/include/python3.10
[1.363s] -- Using PYTHON_LIBRARIES: /usr/lib/x86_64-linux-gnu/libpython3.10.so
[1.383s] -- Found PythonExtra: .so  
[1.412s] -- Found ament_lint_auto: 0.12.11 (/opt/ros/humble/share/ament_lint_auto/cmake)
[1.439s] -- Added test 'lint_cmake' to check CMake code style
[1.441s] -- Added test 'xmllint' to check XML markup files
[1.443s] -- Configuring done
[1.466s] -- Generating done
[1.468s] -- Build files have been written to: /home/looubuntu/ros2_ws/src/build/my_interfaces
[1.474s] Invoked command in '/home/looubuntu/ros2_ws/src/build/my_interfaces' returned '0': CMAKE_PREFIX_PATH=/home/looubuntu/ros2_ws/src/install/my_pkg:/opt/ros/humble /usr/bin/cmake /home/looubuntu/ros2_ws/src/my_interfaces -DCMAKE_INSTALL_PREFIX=/home/looubuntu/ros2_ws/src/install/my_interfaces
[1.475s] Invoking command in '/home/looubuntu/ros2_ws/src/build/my_interfaces': CMAKE_PREFIX_PATH=/home/looubuntu/ros2_ws/src/install/my_pkg:/opt/ros/humble /usr/bin/cmake --build /home/looubuntu/ros2_ws/src/build/my_interfaces -- -j12 -l12
[1.507s] [  2%] [34m[1mGenerating C code for ROS interfaces[0m
[1.519s] [  5%] [34m[1mGenerating C++ code for ROS interfaces[0m
[1.537s] [  5%] Built target ament_cmake_python_copy_my_interfaces
[1.813s] running egg_info
[1.814s] creating my_interfaces.egg-info
[1.814s] writing my_interfaces.egg-info/PKG-INFO
[1.814s] writing dependency_links to my_interfaces.egg-info/dependency_links.txt
[1.815s] writing top-level names to my_interfaces.egg-info/top_level.txt
[1.815s] writing manifest file 'my_interfaces.egg-info/SOURCES.txt'
[1.817s] reading manifest file 'my_interfaces.egg-info/SOURCES.txt'
[1.817s] writing manifest file 'my_interfaces.egg-info/SOURCES.txt'
[1.852s] [  5%] Built target ament_cmake_python_build_my_interfaces_egg
[1.857s] [  7%] [32mBuilding C object CMakeFiles/my_interfaces__rosidl_generator_c.dir/rosidl_generator_c/my_interfaces/srv/detail/vd__functions.c.o[0m
[1.857s] [  7%] Built target my_interfaces__cpp
[1.857s] [ 10%] [32mBuilding C object CMakeFiles/my_interfaces__rosidl_generator_c.dir/rosidl_generator_c/my_interfaces/msg/detail/my_msg__functions.c.o[0m
[1.864s] [ 17%] [34m[1mGenerating C++ introspection for ROS interfaces[0m
[1.864s] [ 17%] [34m[1mGenerating C++ type support dispatch for ROS interfaces[0m
[1.864s] [ 17%] [34m[1mGenerating C++ type support for eProsima Fast-RTPS[0m
[1.924s] [ 20%] [32m[1mLinking C shared library libmy_interfaces__rosidl_generator_c.so[0m
[1.952s] [ 20%] Built target my_interfaces__rosidl_generator_c
[1.960s] [ 25%] [34m[1mGenerating C type support dispatch for ROS interfaces[0m
[1.960s] [ 25%] [34m[1mGenerating C introspection for ROS interfaces[0m
[1.960s] [ 28%] [34m[1mGenerating C type support for eProsima Fast-RTPS[0m
[2.100s] [ 33%] [32mBuilding CXX object CMakeFiles/my_interfaces__rosidl_typesupport_cpp.dir/rosidl_typesupport_cpp/my_interfaces/srv/vd__type_support.cpp.o[0m
[2.101s] [ 33%] [32mBuilding CXX object CMakeFiles/my_interfaces__rosidl_typesupport_cpp.dir/rosidl_typesupport_cpp/my_interfaces/msg/my_msg__type_support.cpp.o[0m
[2.153s] [ 35%] [32mBuilding CXX object CMakeFiles/my_interfaces__rosidl_typesupport_introspection_cpp.dir/rosidl_typesupport_introspection_cpp/my_interfaces/msg/detail/my_msg__type_support.cpp.o[0m
[2.155s] [ 38%] [32mBuilding CXX object CMakeFiles/my_interfaces__rosidl_typesupport_introspection_cpp.dir/rosidl_typesupport_introspection_cpp/my_interfaces/srv/detail/vd__type_support.cpp.o[0m
[2.164s] [ 41%] [32mBuilding CXX object CMakeFiles/my_interfaces__rosidl_typesupport_fastrtps_cpp.dir/rosidl_typesupport_fastrtps_cpp/my_interfaces/msg/detail/dds_fastrtps/my_msg__type_support.cpp.o[0m
[2.166s] [ 43%] [32mBuilding CXX object CMakeFiles/my_interfaces__rosidl_typesupport_fastrtps_cpp.dir/rosidl_typesupport_fastrtps_cpp/my_interfaces/srv/detail/dds_fastrtps/vd__type_support.cpp.o[0m
[2.281s] [ 48%] [32mBuilding CXX object CMakeFiles/my_interfaces__rosidl_typesupport_c.dir/rosidl_typesupport_c/my_interfaces/msg/my_msg__type_support.cpp.o[0m
[2.281s] [ 48%] [32mBuilding CXX object CMakeFiles/my_interfaces__rosidl_typesupport_c.dir/rosidl_typesupport_c/my_interfaces/srv/vd__type_support.cpp.o[0m
[2.337s] [ 51%] [32m[1mLinking CXX shared library libmy_interfaces__rosidl_typesupport_c.so[0m
[2.349s] [ 53%] [32mBuilding C object CMakeFiles/my_interfaces__rosidl_typesupport_introspection_c.dir/rosidl_typesupport_introspection_c/my_interfaces/msg/detail/my_msg__type_support.c.o[0m
[2.353s] [ 56%] [32mBuilding C object CMakeFiles/my_interfaces__rosidl_typesupport_introspection_c.dir/rosidl_typesupport_introspection_c/my_interfaces/srv/detail/vd__type_support.c.o[0m
[2.411s] [ 56%] Built target my_interfaces__rosidl_typesupport_c
[2.414s] [ 58%] [32m[1mLinking C shared library libmy_interfaces__rosidl_typesupport_introspection_c.so[0m
[2.457s] [ 58%] Built target my_interfaces__rosidl_typesupport_introspection_c
[2.486s] [ 61%] [32mBuilding CXX object CMakeFiles/my_interfaces__rosidl_typesupport_fastrtps_c.dir/rosidl_typesupport_fastrtps_c/my_interfaces/msg/detail/my_msg__type_support_c.cpp.o[0m
[2.487s] [ 64%] [32mBuilding CXX object CMakeFiles/my_interfaces__rosidl_typesupport_fastrtps_c.dir/rosidl_typesupport_fastrtps_c/my_interfaces/srv/detail/vd__type_support_c.cpp.o[0m
[2.541s] [ 66%] [32m[1mLinking CXX shared library libmy_interfaces__rosidl_typesupport_cpp.so[0m
[2.626s] [ 66%] Built target my_interfaces__rosidl_typesupport_cpp
[2.797s] [ 69%] [32m[1mLinking CXX shared library libmy_interfaces__rosidl_typesupport_introspection_cpp.so[0m
[2.847s] [ 71%] [32m[1mLinking CXX shared library libmy_interfaces__rosidl_typesupport_fastrtps_cpp.so[0m
[2.848s] [ 71%] Built target my_interfaces__rosidl_typesupport_introspection_cpp
[2.966s] [ 71%] Built target my_interfaces__rosidl_typesupport_fastrtps_cpp
[2.982s] [ 74%] [32m[1mLinking CXX shared library libmy_interfaces__rosidl_typesupport_fastrtps_c.so[0m
[3.083s] [ 74%] Built target my_interfaces__rosidl_typesupport_fastrtps_c
[3.097s] [ 74%] Built target my_interfaces
[3.110s] [ 76%] [34m[1mGenerating Python code for ROS interfaces[0m
[3.549s] [ 76%] Built target my_interfaces__py
[3.564s] [ 82%] [32mBuilding C object CMakeFiles/my_interfaces__rosidl_generator_py.dir/rosidl_generator_py/my_interfaces/srv/_vd_s.c.o[0m
[3.564s] [ 82%] [32mBuilding C object CMakeFiles/my_interfaces__rosidl_generator_py.dir/rosidl_generator_py/my_interfaces/msg/_my_msg_s.c.o[0m
[3.685s] [ 84%] [32m[1mLinking C shared library rosidl_generator_py/my_interfaces/libmy_interfaces__rosidl_generator_py.so[0m
[3.713s] [ 84%] Built target my_interfaces__rosidl_generator_py
[3.729s] [ 87%] [32mBuilding C object CMakeFiles/my_interfaces__rosidl_typesupport_introspection_c__pyext.dir/rosidl_generator_py/my_interfaces/_my_interfaces_s.ep.rosidl_typesupport_introspection_c.c.o[0m
[3.729s] [ 89%] [32mBuilding C object CMakeFiles/my_interfaces__rosidl_typesupport_c__pyext.dir/rosidl_generator_py/my_interfaces/_my_interfaces_s.ep.rosidl_typesupport_c.c.o[0m
[3.730s] [ 92%] [32mBuilding C object CMakeFiles/my_interfaces__rosidl_typesupport_fastrtps_c__pyext.dir/rosidl_generator_py/my_interfaces/_my_interfaces_s.ep.rosidl_typesupport_fastrtps_c.c.o[0m
[3.804s] [100%] [32m[1mLinking C shared library rosidl_generator_py/my_interfaces/my_interfaces_s__rosidl_typesupport_fastrtps_c.cpython-310-x86_64-linux-gnu.so[0m
[3.804s] [100%] [32m[1mLinking C shared library rosidl_generator_py/my_interfaces/my_interfaces_s__rosidl_typesupport_introspection_c.cpython-310-x86_64-linux-gnu.so[0m
[3.804s] [100%] [32m[1mLinking C shared library rosidl_generator_py/my_interfaces/my_interfaces_s__rosidl_typesupport_c.cpython-310-x86_64-linux-gnu.so[0m
[3.832s] [100%] Built target my_interfaces__rosidl_typesupport_fastrtps_c__pyext
[3.832s] [100%] Built target my_interfaces__rosidl_typesupport_introspection_c__pyext
[3.832s] [100%] Built target my_interfaces__rosidl_typesupport_c__pyext
[3.841s] Invoked command in '/home/looubuntu/ros2_ws/src/build/my_interfaces' returned '0': CMAKE_PREFIX_PATH=/home/looubuntu/ros2_ws/src/install/my_pkg:/opt/ros/humble /usr/bin/cmake --build /home/looubuntu/ros2_ws/src/build/my_interfaces -- -j12 -l12
[3.898s] Invoking command in '/home/looubuntu/ros2_ws/src/build/my_interfaces': CMAKE_PREFIX_PATH=/home/looubuntu/ros2_ws/src/install/my_pkg:/opt/ros/humble /usr/bin/cmake --install /home/looubuntu/ros2_ws/src/build/my_interfaces
[3.904s] -- Install configuration: ""
[3.905s] -- Installing: /home/looubuntu/ros2_ws/src/install/my_interfaces/share/ament_index/resource_index/rosidl_interfaces/my_interfaces
[3.905s] -- Installing: /home/looubuntu/ros2_ws/src/install/my_interfaces/include/my_interfaces/my_interfaces
[3.905s] -- Installing: /home/looubuntu/ros2_ws/src/install/my_interfaces/include/my_interfaces/my_interfaces/msg
[3.905s] -- Installing: /home/looubuntu/ros2_ws/src/install/my_interfaces/include/my_interfaces/my_interfaces/msg/rosidl_generator_c__visibility_control.h
[3.905s] -- Installing: /home/looubuntu/ros2_ws/src/install/my_interfaces/include/my_interfaces/my_interfaces/msg/my_msg.h
[3.905s] -- Installing: /home/looubuntu/ros2_ws/src/install/my_interfaces/include/my_interfaces/my_interfaces/msg/detail
[3.905s] -- Installing: /home/looubuntu/ros2_ws/src/install/my_interfaces/include/my_interfaces/my_interfaces/msg/detail/my_msg__functions.h
[3.905s] -- Installing: /home/looubuntu/ros2_ws/src/install/my_interfaces/include/my_interfaces/my_interfaces/msg/detail/my_msg__type_support.h
[3.905s] -- Installing: /home/looubuntu/ros2_ws/src/install/my_interfaces/include/my_interfaces/my_interfaces/msg/detail/my_msg__functions.c
[3.905s] -- Installing: /home/looubuntu/ros2_ws/src/install/my_interfaces/include/my_interfaces/my_interfaces/msg/detail/my_msg__struct.h
[3.905s] -- Installing: /home/looubuntu/ros2_ws/src/install/my_interfaces/include/my_interfaces/my_interfaces/srv
[3.905s] -- Installing: /home/looubuntu/ros2_ws/src/install/my_interfaces/include/my_interfaces/my_interfaces/srv/vd.h
[3.905s] -- Installing: /home/looubuntu/ros2_ws/src/install/my_interfaces/include/my_interfaces/my_interfaces/srv/detail
[3.905s] -- Installing: /home/looubuntu/ros2_ws/src/install/my_interfaces/include/my_interfaces/my_interfaces/srv/detail/vd__struct.h
[3.906s] -- Installing: /home/looubuntu/ros2_ws/src/install/my_interfaces/include/my_interfaces/my_interfaces/srv/detail/vd__functions.c
[3.906s] -- Installing: /home/looubuntu/ros2_ws/src/install/my_interfaces/include/my_interfaces/my_interfaces/srv/detail/vd__type_support.h
[3.906s] -- Installing: /home/looubuntu/ros2_ws/src/install/my_interfaces/include/my_interfaces/my_interfaces/srv/detail/vd__functions.h
[3.906s] -- Installing: /home/looubuntu/ros2_ws/src/install/my_interfaces/share/my_interfaces/environment/library_path.sh
[3.906s] -- Installing: /home/looubuntu/ros2_ws/src/install/my_interfaces/share/my_interfaces/environment/library_path.dsv
[3.906s] -- Installing: /home/looubuntu/ros2_ws/src/install/my_interfaces/lib/libmy_interfaces__rosidl_generator_c.so
[3.906s] -- Set runtime path of "/home/looubuntu/ros2_ws/src/install/my_interfaces/lib/libmy_interfaces__rosidl_generator_c.so" to ""
[3.906s] -- Up-to-date: /home/looubuntu/ros2_ws/src/install/my_interfaces/include/my_interfaces/my_interfaces
[3.906s] -- Up-to-date: /home/looubuntu/ros2_ws/src/install/my_interfaces/include/my_interfaces/my_interfaces/msg
[3.906s] -- Up-to-date: /home/looubuntu/ros2_ws/src/install/my_interfaces/include/my_interfaces/my_interfaces/msg/detail
[3.906s] -- Installing: /home/looubuntu/ros2_ws/src/install/my_interfaces/include/my_interfaces/my_interfaces/msg/detail/my_msg__rosidl_typesupport_fastrtps_c.h
[3.906s] -- Installing: /home/looubuntu/ros2_ws/src/install/my_interfaces/include/my_interfaces/my_interfaces/msg/rosidl_typesupport_fastrtps_c__visibility_control.h
[3.906s] -- Up-to-date: /home/looubuntu/ros2_ws/src/install/my_interfaces/include/my_interfaces/my_interfaces/srv
[3.907s] -- Up-to-date: /home/looubuntu/ros2_ws/src/install/my_interfaces/include/my_interfaces/my_interfaces/srv/detail
[3.907s] -- Installing: /home/looubuntu/ros2_ws/src/install/my_interfaces/include/my_interfaces/my_interfaces/srv/detail/vd__rosidl_typesupport_fastrtps_c.h
[3.907s] -- Installing: /home/looubuntu/ros2_ws/src/install/my_interfaces/lib/libmy_interfaces__rosidl_typesupport_fastrtps_c.so
[3.907s] -- Set runtime path of "/home/looubuntu/ros2_ws/src/install/my_interfaces/lib/libmy_interfaces__rosidl_typesupport_fastrtps_c.so" to ""
[3.907s] -- Up-to-date: /home/looubuntu/ros2_ws/src/install/my_interfaces/include/my_interfaces/my_interfaces
[3.907s] -- Up-to-date: /home/looubuntu/ros2_ws/src/install/my_interfaces/include/my_interfaces/my_interfaces/msg
[3.907s] -- Up-to-date: /home/looubuntu/ros2_ws/src/install/my_interfaces/include/my_interfaces/my_interfaces/msg/detail
[3.907s] -- Installing: /home/looubuntu/ros2_ws/src/install/my_interfaces/include/my_interfaces/my_interfaces/msg/detail/my_msg__type_support.c
[3.907s] -- Installing: /home/looubuntu/ros2_ws/src/install/my_interfaces/include/my_interfaces/my_interfaces/msg/detail/my_msg__rosidl_typesupport_introspection_c.h
[3.907s] -- Installing: /home/looubuntu/ros2_ws/src/install/my_interfaces/include/my_interfaces/my_interfaces/msg/rosidl_typesupport_introspection_c__visibility_control.h
[3.907s] -- Up-to-date: /home/looubuntu/ros2_ws/src/install/my_interfaces/include/my_interfaces/my_interfaces/srv
[3.907s] -- Up-to-date: /home/looubuntu/ros2_ws/src/install/my_interfaces/include/my_interfaces/my_interfaces/srv/detail
[3.907s] -- Installing: /home/looubuntu/ros2_ws/src/install/my_interfaces/include/my_interfaces/my_interfaces/srv/detail/vd__type_support.c
[3.907s] -- Installing: /home/looubuntu/ros2_ws/src/install/my_interfaces/include/my_interfaces/my_interfaces/srv/detail/vd__rosidl_typesupport_introspection_c.h
[3.907s] -- Installing: /home/looubuntu/ros2_ws/src/install/my_interfaces/lib/libmy_interfaces__rosidl_typesupport_introspection_c.so
[3.907s] -- Set runtime path of "/home/looubuntu/ros2_ws/src/install/my_interfaces/lib/libmy_interfaces__rosidl_typesupport_introspection_c.so" to ""
[3.908s] -- Installing: /home/looubuntu/ros2_ws/src/install/my_interfaces/lib/libmy_interfaces__rosidl_typesupport_c.so
[3.908s] -- Set runtime path of "/home/looubuntu/ros2_ws/src/install/my_interfaces/lib/libmy_interfaces__rosidl_typesupport_c.so" to ""
[3.908s] -- Up-to-date: /home/looubuntu/ros2_ws/src/install/my_interfaces/include/my_interfaces/my_interfaces
[3.908s] -- Up-to-date: /home/looubuntu/ros2_ws/src/install/my_interfaces/include/my_interfaces/my_interfaces/msg
[3.908s] -- Up-to-date: /home/looubuntu/ros2_ws/src/install/my_interfaces/include/my_interfaces/my_interfaces/msg/detail
[3.908s] -- Installing: /home/looubuntu/ros2_ws/src/install/my_interfaces/include/my_interfaces/my_interfaces/msg/detail/my_msg__struct.hpp
[3.908s] -- Installing: /home/looubuntu/ros2_ws/src/install/my_interfaces/include/my_interfaces/my_interfaces/msg/detail/my_msg__traits.hpp
[3.909s] -- Installing: /home/looubuntu/ros2_ws/src/install/my_interfaces/include/my_interfaces/my_interfaces/msg/detail/my_msg__builder.hpp
[3.909s] -- Installing: /home/looubuntu/ros2_ws/src/install/my_interfaces/include/my_interfaces/my_interfaces/msg/my_msg.hpp
[3.909s] -- Up-to-date: /home/looubuntu/ros2_ws/src/install/my_interfaces/include/my_interfaces/my_interfaces/srv
[3.909s] -- Up-to-date: /home/looubuntu/ros2_ws/src/install/my_interfaces/include/my_interfaces/my_interfaces/srv/detail
[3.909s] -- Installing: /home/looubuntu/ros2_ws/src/install/my_interfaces/include/my_interfaces/my_interfaces/srv/detail/vd__traits.hpp
[3.909s] -- Installing: /home/looubuntu/ros2_ws/src/install/my_interfaces/include/my_interfaces/my_interfaces/srv/detail/vd__struct.hpp
[3.909s] -- Installing: /home/looubuntu/ros2_ws/src/install/my_interfaces/include/my_interfaces/my_interfaces/srv/detail/vd__builder.hpp
[3.909s] -- Installing: /home/looubuntu/ros2_ws/src/install/my_interfaces/include/my_interfaces/my_interfaces/srv/vd.hpp
[3.909s] -- Up-to-date: /home/looubuntu/ros2_ws/src/install/my_interfaces/include/my_interfaces/my_interfaces
[3.909s] -- Up-to-date: /home/looubuntu/ros2_ws/src/install/my_interfaces/include/my_interfaces/my_interfaces/msg
[3.909s] -- Installing: /home/looubuntu/ros2_ws/src/install/my_interfaces/include/my_interfaces/my_interfaces/msg/rosidl_typesupport_fastrtps_cpp__visibility_control.h
[3.909s] -- Up-to-date: /home/looubuntu/ros2_ws/src/install/my_interfaces/include/my_interfaces/my_interfaces/msg/detail
[3.909s] -- Installing: /home/looubuntu/ros2_ws/src/install/my_interfaces/include/my_interfaces/my_interfaces/msg/detail/my_msg__rosidl_typesupport_fastrtps_cpp.hpp
[3.909s] -- Installing: /home/looubuntu/ros2_ws/src/install/my_interfaces/include/my_interfaces/my_interfaces/msg/detail/dds_fastrtps
[3.909s] -- Up-to-date: /home/looubuntu/ros2_ws/src/install/my_interfaces/include/my_interfaces/my_interfaces/srv
[3.909s] -- Up-to-date: /home/looubuntu/ros2_ws/src/install/my_interfaces/include/my_interfaces/my_interfaces/srv/detail
[3.909s] -- Installing: /home/looubuntu/ros2_ws/src/install/my_interfaces/include/my_interfaces/my_interfaces/srv/detail/vd__rosidl_typesupport_fastrtps_cpp.hpp
[3.910s] -- Installing: /home/looubuntu/ros2_ws/src/install/my_interfaces/include/my_interfaces/my_interfaces/srv/detail/dds_fastrtps
[3.910s] -- Installing: /home/looubuntu/ros2_ws/src/install/my_interfaces/lib/libmy_interfaces__rosidl_typesupport_fastrtps_cpp.so
[3.910s] -- Set runtime path of "/home/looubuntu/ros2_ws/src/install/my_interfaces/lib/libmy_interfaces__rosidl_typesupport_fastrtps_cpp.so" to ""
[3.910s] -- Up-to-date: /home/looubuntu/ros2_ws/src/install/my_interfaces/include/my_interfaces/my_interfaces
[3.910s] -- Up-to-date: /home/looubuntu/ros2_ws/src/install/my_interfaces/include/my_interfaces/my_interfaces/msg
[3.910s] -- Up-to-date: /home/looubuntu/ros2_ws/src/install/my_interfaces/include/my_interfaces/my_interfaces/msg/detail
[3.910s] -- Installing: /home/looubuntu/ros2_ws/src/install/my_interfaces/include/my_interfaces/my_interfaces/msg/detail/my_msg__type_support.cpp
[3.910s] -- Installing: /home/looubuntu/ros2_ws/src/install/my_interfaces/include/my_interfaces/my_interfaces/msg/detail/my_msg__rosidl_typesupport_introspection_cpp.hpp
[3.910s] -- Up-to-date: /home/looubuntu/ros2_ws/src/install/my_interfaces/include/my_interfaces/my_interfaces/srv
[3.910s] -- Up-to-date: /home/looubuntu/ros2_ws/src/install/my_interfaces/include/my_interfaces/my_interfaces/srv/detail
[3.910s] -- Installing: /home/looubuntu/ros2_ws/src/install/my_interfaces/include/my_interfaces/my_interfaces/srv/detail/vd__type_support.cpp
[3.910s] -- Installing: /home/looubuntu/ros2_ws/src/install/my_interfaces/include/my_interfaces/my_interfaces/srv/detail/vd__rosidl_typesupport_introspection_cpp.hpp
[3.910s] -- Installing: /home/looubuntu/ros2_ws/src/install/my_interfaces/lib/libmy_interfaces__rosidl_typesupport_introspection_cpp.so
[3.910s] -- Set runtime path of "/home/looubuntu/ros2_ws/src/install/my_interfaces/lib/libmy_interfaces__rosidl_typesupport_introspection_cpp.so" to ""
[3.910s] -- Installing: /home/looubuntu/ros2_ws/src/install/my_interfaces/lib/libmy_interfaces__rosidl_typesupport_cpp.so
[3.910s] -- Set runtime path of "/home/looubuntu/ros2_ws/src/install/my_interfaces/lib/libmy_interfaces__rosidl_typesupport_cpp.so" to ""
[3.910s] -- Installing: /home/looubuntu/ros2_ws/src/install/my_interfaces/share/my_interfaces/environment/pythonpath.sh
[3.910s] -- Installing: /home/looubuntu/ros2_ws/src/install/my_interfaces/share/my_interfaces/environment/pythonpath.dsv
[3.911s] -- Installing: /home/looubuntu/ros2_ws/src/install/my_interfaces/local/lib/python3.10/dist-packages/my_interfaces-0.0.0-py3.10.egg-info
[3.911s] -- Installing: /home/looubuntu/ros2_ws/src/install/my_interfaces/local/lib/python3.10/dist-packages/my_interfaces-0.0.0-py3.10.egg-info/top_level.txt
[3.911s] -- Installing: /home/looubuntu/ros2_ws/src/install/my_interfaces/local/lib/python3.10/dist-packages/my_interfaces-0.0.0-py3.10.egg-info/PKG-INFO
[3.911s] -- Installing: /home/looubuntu/ros2_ws/src/install/my_interfaces/local/lib/python3.10/dist-packages/my_interfaces-0.0.0-py3.10.egg-info/SOURCES.txt
[3.911s] -- Installing: /home/looubuntu/ros2_ws/src/install/my_interfaces/local/lib/python3.10/dist-packages/my_interfaces-0.0.0-py3.10.egg-info/dependency_links.txt
[3.911s] -- Installing: /home/looubuntu/ros2_ws/src/install/my_interfaces/local/lib/python3.10/dist-packages/my_interfaces
[3.911s] -- Installing: /home/looubuntu/ros2_ws/src/install/my_interfaces/local/lib/python3.10/dist-packages/my_interfaces/msg
[3.911s] -- Installing: /home/looubuntu/ros2_ws/src/install/my_interfaces/local/lib/python3.10/dist-packages/my_interfaces/msg/__init__.py
[3.911s] -- Installing: /home/looubuntu/ros2_ws/src/install/my_interfaces/local/lib/python3.10/dist-packages/my_interfaces/msg/_my_msg_s.c
[3.911s] -- Installing: /home/looubuntu/ros2_ws/src/install/my_interfaces/local/lib/python3.10/dist-packages/my_interfaces/msg/_my_msg.py
[3.911s] -- Installing: /home/looubuntu/ros2_ws/src/install/my_interfaces/local/lib/python3.10/dist-packages/my_interfaces/my_interfaces_s__rosidl_typesupport_c.cpython-310-x86_64-linux-gnu.so
[3.911s] -- Installing: /home/looubuntu/ros2_ws/src/install/my_interfaces/local/lib/python3.10/dist-packages/my_interfaces/__init__.py
[3.911s] -- Installing: /home/looubuntu/ros2_ws/src/install/my_interfaces/local/lib/python3.10/dist-packages/my_interfaces/_my_interfaces_s.ep.rosidl_typesupport_c.c
[3.911s] -- Installing: /home/looubuntu/ros2_ws/src/install/my_interfaces/local/lib/python3.10/dist-packages/my_interfaces/libmy_interfaces__rosidl_generator_py.so
[3.911s] -- Installing: /home/looubuntu/ros2_ws/src/install/my_interfaces/local/lib/python3.10/dist-packages/my_interfaces/srv
[3.911s] -- Installing: /home/looubuntu/ros2_ws/src/install/my_interfaces/local/lib/python3.10/dist-packages/my_interfaces/srv/_vd_s.c
[3.912s] -- Installing: /home/looubuntu/ros2_ws/src/install/my_interfaces/local/lib/python3.10/dist-packages/my_interfaces/srv/__init__.py
[3.912s] -- Installing: /home/looubuntu/ros2_ws/src/install/my_interfaces/local/lib/python3.10/dist-packages/my_interfaces/srv/_vd.py
[3.912s] -- Installing: /home/looubuntu/ros2_ws/src/install/my_interfaces/local/lib/python3.10/dist-packages/my_interfaces/_my_interfaces_s.ep.rosidl_typesupport_introspection_c.c
[3.912s] -- Installing: /home/looubuntu/ros2_ws/src/install/my_interfaces/local/lib/python3.10/dist-packages/my_interfaces/_my_interfaces_s.ep.rosidl_typesupport_fastrtps_c.c
[3.912s] -- Installing: /home/looubuntu/ros2_ws/src/install/my_interfaces/local/lib/python3.10/dist-packages/my_interfaces/my_interfaces_s__rosidl_typesupport_introspection_c.cpython-310-x86_64-linux-gnu.so
[3.912s] -- Installing: /home/looubuntu/ros2_ws/src/install/my_interfaces/local/lib/python3.10/dist-packages/my_interfaces/my_interfaces_s__rosidl_typesupport_fastrtps_c.cpython-310-x86_64-linux-gnu.so
[3.943s] Listing '/home/looubuntu/ros2_ws/src/install/my_interfaces/local/lib/python3.10/dist-packages/my_interfaces'...
[3.943s] Compiling '/home/looubuntu/ros2_ws/src/install/my_interfaces/local/lib/python3.10/dist-packages/my_interfaces/__init__.py'...
[3.943s] Listing '/home/looubuntu/ros2_ws/src/install/my_interfaces/local/lib/python3.10/dist-packages/my_interfaces/msg'...
[3.944s] Compiling '/home/looubuntu/ros2_ws/src/install/my_interfaces/local/lib/python3.10/dist-packages/my_interfaces/msg/__init__.py'...
[3.944s] Compiling '/home/looubuntu/ros2_ws/src/install/my_interfaces/local/lib/python3.10/dist-packages/my_interfaces/msg/_my_msg.py'...
[3.944s] Listing '/home/looubuntu/ros2_ws/src/install/my_interfaces/local/lib/python3.10/dist-packages/my_interfaces/srv'...
[3.944s] Compiling '/home/looubuntu/ros2_ws/src/install/my_interfaces/local/lib/python3.10/dist-packages/my_interfaces/srv/__init__.py'...
[3.944s] Compiling '/home/looubuntu/ros2_ws/src/install/my_interfaces/local/lib/python3.10/dist-packages/my_interfaces/srv/_vd.py'...
[3.947s] -- Installing: /home/looubuntu/ros2_ws/src/install/my_interfaces/local/lib/python3.10/dist-packages/my_interfaces/my_interfaces_s__rosidl_typesupport_fastrtps_c.cpython-310-x86_64-linux-gnu.so
[3.947s] -- Set runtime path of "/home/looubuntu/ros2_ws/src/install/my_interfaces/local/lib/python3.10/dist-packages/my_interfaces/my_interfaces_s__rosidl_typesupport_fastrtps_c.cpython-310-x86_64-linux-gnu.so" to ""
[3.947s] -- Installing: /home/looubuntu/ros2_ws/src/install/my_interfaces/local/lib/python3.10/dist-packages/my_interfaces/my_interfaces_s__rosidl_typesupport_introspection_c.cpython-310-x86_64-linux-gnu.so
[3.947s] -- Set runtime path of "/home/looubuntu/ros2_ws/src/install/my_interfaces/local/lib/python3.10/dist-packages/my_interfaces/my_interfaces_s__rosidl_typesupport_introspection_c.cpython-310-x86_64-linux-gnu.so" to ""
[3.948s] -- Installing: /home/looubuntu/ros2_ws/src/install/my_interfaces/local/lib/python3.10/dist-packages/my_interfaces/my_interfaces_s__rosidl_typesupport_c.cpython-310-x86_64-linux-gnu.so
[3.948s] -- Set runtime path of "/home/looubuntu/ros2_ws/src/install/my_interfaces/local/lib/python3.10/dist-packages/my_interfaces/my_interfaces_s__rosidl_typesupport_c.cpython-310-x86_64-linux-gnu.so" to ""
[3.948s] -- Installing: /home/looubuntu/ros2_ws/src/install/my_interfaces/lib/libmy_interfaces__rosidl_generator_py.so
[3.948s] -- Set runtime path of "/home/looubuntu/ros2_ws/src/install/my_interfaces/lib/libmy_interfaces__rosidl_generator_py.so" to ""
[3.948s] -- Installing: /home/looubuntu/ros2_ws/src/install/my_interfaces/share/my_interfaces/msg/MyMsg.idl
[3.948s] -- Installing: /home/looubuntu/ros2_ws/src/install/my_interfaces/share/my_interfaces/srv/Vd.idl
[3.948s] -- Installing: /home/looubuntu/ros2_ws/src/install/my_interfaces/share/my_interfaces/msg/MyMsg.msg
[3.948s] -- Installing: /home/looubuntu/ros2_ws/src/install/my_interfaces/share/my_interfaces/srv/Vd.srv
[3.948s] -- Installing: /home/looubuntu/ros2_ws/src/install/my_interfaces/share/my_interfaces/srv/Vd_Request.msg
[3.948s] -- Installing: /home/looubuntu/ros2_ws/src/install/my_interfaces/share/my_interfaces/srv/Vd_Response.msg
[3.948s] -- Installing: /home/looubuntu/ros2_ws/src/install/my_interfaces/share/ament_index/resource_index/package_run_dependencies/my_interfaces
[3.949s] -- Installing: /home/looubuntu/ros2_ws/src/install/my_interfaces/share/ament_index/resource_index/parent_prefix_path/my_interfaces
[3.949s] -- Installing: /home/looubuntu/ros2_ws/src/install/my_interfaces/share/my_interfaces/environment/ament_prefix_path.sh
[3.949s] -- Installing: /home/looubuntu/ros2_ws/src/install/my_interfaces/share/my_interfaces/environment/ament_prefix_path.dsv
[3.949s] -- Installing: /home/looubuntu/ros2_ws/src/install/my_interfaces/share/my_interfaces/environment/path.sh
[3.949s] -- Installing: /home/looubuntu/ros2_ws/src/install/my_interfaces/share/my_interfaces/environment/path.dsv
[3.949s] -- Installing: /home/looubuntu/ros2_ws/src/install/my_interfaces/share/my_interfaces/local_setup.bash
[3.949s] -- Installing: /home/looubuntu/ros2_ws/src/install/my_interfaces/share/my_interfaces/local_setup.sh
[3.949s] -- Installing: /home/looubuntu/ros2_ws/src/install/my_interfaces/share/my_interfaces/local_setup.zsh
[3.949s] -- Installing: /home/looubuntu/ros2_ws/src/install/my_interfaces/share/my_interfaces/local_setup.dsv
[3.950s] -- Installing: /home/looubuntu/ros2_ws/src/install/my_interfaces/share/my_interfaces/package.dsv
[3.950s] -- Installing: /home/looubuntu/ros2_ws/src/install/my_interfaces/share/ament_index/resource_index/packages/my_interfaces
[3.950s] -- Installing: /home/looubuntu/ros2_ws/src/install/my_interfaces/share/my_interfaces/cmake/export_my_interfaces__rosidl_generator_cExport.cmake
[3.950s] -- Installing: /home/looubuntu/ros2_ws/src/install/my_interfaces/share/my_interfaces/cmake/export_my_interfaces__rosidl_generator_cExport-noconfig.cmake
[3.950s] -- Installing: /home/looubuntu/ros2_ws/src/install/my_interfaces/share/my_interfaces/cmake/export_my_interfaces__rosidl_typesupport_fastrtps_cExport.cmake
[3.950s] -- Installing: /home/looubuntu/ros2_ws/src/install/my_interfaces/share/my_interfaces/cmake/export_my_interfaces__rosidl_typesupport_fastrtps_cExport-noconfig.cmake
[3.950s] -- Installing: /home/looubuntu/ros2_ws/src/install/my_interfaces/share/my_interfaces/cmake/my_interfaces__rosidl_typesupport_introspection_cExport.cmake
[3.950s] -- Installing: /home/looubuntu/ros2_ws/src/install/my_interfaces/share/my_interfaces/cmake/my_interfaces__rosidl_typesupport_introspection_cExport-noconfig.cmake
[3.950s] -- Installing: /home/looubuntu/ros2_ws/src/install/my_interfaces/share/my_interfaces/cmake/my_interfaces__rosidl_typesupport_cExport.cmake
[3.950s] -- Installing: /home/looubuntu/ros2_ws/src/install/my_interfaces/share/my_interfaces/cmake/my_interfaces__rosidl_typesupport_cExport-noconfig.cmake
[3.951s] -- Installing: /home/looubuntu/ros2_ws/src/install/my_interfaces/share/my_interfaces/cmake/export_my_interfaces__rosidl_generator_cppExport.cmake
[3.951s] -- Installing: /home/looubuntu/ros2_ws/src/install/my_interfaces/share/my_interfaces/cmake/export_my_interfaces__rosidl_typesupport_fastrtps_cppExport.cmake
[3.951s] -- Installing: /home/looubuntu/ros2_ws/src/install/my_interfaces/share/my_interfaces/cmake/export_my_interfaces__rosidl_typesupport_fastrtps_cppExport-noconfig.cmake
[3.951s] -- Installing: /home/looubuntu/ros2_ws/src/install/my_interfaces/share/my_interfaces/cmake/my_interfaces__rosidl_typesupport_introspection_cppExport.cmake
[3.951s] -- Installing: /home/looubuntu/ros2_ws/src/install/my_interfaces/share/my_interfaces/cmake/my_interfaces__rosidl_typesupport_introspection_cppExport-noconfig.cmake
[3.951s] -- Installing: /home/looubuntu/ros2_ws/src/install/my_interfaces/share/my_interfaces/cmake/my_interfaces__rosidl_typesupport_cppExport.cmake
[3.951s] -- Installing: /home/looubuntu/ros2_ws/src/install/my_interfaces/share/my_interfaces/cmake/my_interfaces__rosidl_typesupport_cppExport-noconfig.cmake
[3.951s] -- Installing: /home/looubuntu/ros2_ws/src/install/my_interfaces/share/my_interfaces/cmake/export_my_interfaces__rosidl_generator_pyExport.cmake
[3.951s] -- Installing: /home/looubuntu/ros2_ws/src/install/my_interfaces/share/my_interfaces/cmake/export_my_interfaces__rosidl_generator_pyExport-noconfig.cmake
[3.951s] -- Installing: /home/looubuntu/ros2_ws/src/install/my_interfaces/share/my_interfaces/cmake/rosidl_cmake-extras.cmake
[3.951s] -- Installing: /home/looubuntu/ros2_ws/src/install/my_interfaces/share/my_interfaces/cmake/ament_cmake_export_include_directories-extras.cmake
[3.952s] -- Installing: /home/looubuntu/ros2_ws/src/install/my_interfaces/share/my_interfaces/cmake/ament_cmake_export_libraries-extras.cmake
[3.952s] -- Installing: /home/looubuntu/ros2_ws/src/install/my_interfaces/share/my_interfaces/cmake/ament_cmake_export_targets-extras.cmake
[3.952s] -- Installing: /home/looubuntu/ros2_ws/src/install/my_interfaces/share/my_interfaces/cmake/rosidl_cmake_export_typesupport_targets-extras.cmake
[3.952s] -- Installing: /home/looubuntu/ros2_ws/src/install/my_interfaces/share/my_interfaces/cmake/ament_cmake_export_dependencies-extras.cmake
[3.952s] -- Installing: /home/looubuntu/ros2_ws/src/install/my_interfaces/share/my_interfaces/cmake/rosidl_cmake_export_typesupport_libraries-extras.cmake
[3.952s] -- Installing: /home/looubuntu/ros2_ws/src/install/my_interfaces/share/my_interfaces/cmake/my_interfacesConfig.cmake
[3.952s] -- Installing: /home/looubuntu/ros2_ws/src/install/my_interfaces/share/my_interfaces/cmake/my_interfacesConfig-version.cmake
[3.952s] -- Installing: /home/looubuntu/ros2_ws/src/install/my_interfaces/share/my_interfaces/package.xml
[3.954s] Invoked command in '/home/looubuntu/ros2_ws/src/build/my_interfaces' returned '0': CMAKE_PREFIX_PATH=/home/looubuntu/ros2_ws/src/install/my_pkg:/opt/ros/humble /usr/bin/cmake --install /home/looubuntu/ros2_ws/src/build/my_interfaces
