[1.295s] Invoking command in '/home/looubuntu/ros2_ws/src/my_pkg': PYTHONPATH=/home/looubuntu/ros2_ws/src/build/my_pkg/prefix_override:/usr/lib/python3/dist-packages/colcon_core/task/python/colcon_distutils_commands:/home/looubuntu/ros2_ws/src/install/my_pkg/lib/python3.10/site-packages:${PYTHONPATH} /usr/bin/python3 -W ignore:setup.py install is deprecated setup.py egg_info --egg-base ../build/my_pkg build --build-base /home/looubuntu/ros2_ws/src/build/my_pkg/build install --record /home/looubuntu/ros2_ws/src/build/my_pkg/install.log --single-version-externally-managed install_data
[1.518s] running egg_info
[1.518s] writing ../build/my_pkg/my_pkg.egg-info/PKG-INFO
[1.519s] writing dependency_links to ../build/my_pkg/my_pkg.egg-info/dependency_links.txt
[1.519s] writing entry points to ../build/my_pkg/my_pkg.egg-info/entry_points.txt
[1.519s] writing requirements to ../build/my_pkg/my_pkg.egg-info/requires.txt
[1.519s] writing top-level names to ../build/my_pkg/my_pkg.egg-info/top_level.txt
[1.520s] reading manifest file '../build/my_pkg/my_pkg.egg-info/SOURCES.txt'
[1.521s] adding license file 'LICENSE'
[1.521s] writing manifest file '../build/my_pkg/my_pkg.egg-info/SOURCES.txt'
[1.521s] running build
[1.521s] running build_py
[1.522s] running install
[1.522s] running install_lib
[1.524s] running install_data
[1.524s] running install_egg_info
[1.525s] removing '/home/looubuntu/ros2_ws/src/install/my_pkg/lib/python3.10/site-packages/my_pkg-0.0.0-py3.10.egg-info' (and everything under it)
[1.525s] Copying ../build/my_pkg/my_pkg.egg-info to /home/looubuntu/ros2_ws/src/install/my_pkg/lib/python3.10/site-packages/my_pkg-0.0.0-py3.10.egg-info
[1.526s] running install_scripts
[1.544s] Installing control script to /home/looubuntu/ros2_ws/src/install/my_pkg/lib/my_pkg
[1.544s] writing list of installed files to '/home/looubuntu/ros2_ws/src/build/my_pkg/install.log'
[1.567s] Invoked command in '/home/looubuntu/ros2_ws/src/my_pkg' returned '0': PYTHONPATH=/home/looubuntu/ros2_ws/src/build/my_pkg/prefix_override:/usr/lib/python3/dist-packages/colcon_core/task/python/colcon_distutils_commands:/home/looubuntu/ros2_ws/src/install/my_pkg/lib/python3.10/site-packages:${PYTHONPATH} /usr/bin/python3 -W ignore:setup.py install is deprecated setup.py egg_info --egg-base ../build/my_pkg build --build-base /home/looubuntu/ros2_ws/src/build/my_pkg/build install --record /home/looubuntu/ros2_ws/src/build/my_pkg/install.log --single-version-externally-managed install_data
