[0.032s] Invoking command in '/home/looubuntu/ros2_ws/build/my_interfaces': CMAKE_PREFIX_PATH=${CMAKE_PREFIX_PATH}:/home/looubuntu/ros2_ws/install/my_team_robot:/home/looubuntu/ros2_ws/install/my_robot_ver3:/home/looubuntu/ros2_ws/install/my_robot:/home/looubuntu/ros2_ws/install/my_rb:/home/looubuntu/ros2_ws/install/my_pkg:/home/looubuntu/ros2_ws/install/modelo_robot:/opt/ros/humble /usr/bin/cmake --build /home/looubuntu/ros2_ws/build/my_interfaces -- -j12 -l12
[1.113s] [  2%] Built target my_interfaces__cpp
[1.114s] [ 12%] Built target my_interfaces__rosidl_generator_c
[1.114s] [ 12%] Built target ament_cmake_python_copy_my_interfaces
[1.114s] [ 23%] Built target my_interfaces__rosidl_typesupport_introspection_c
[1.114s] [ 30%] [32mBuilding CXX object CMakeFiles/my_interfaces__rosidl_typesupport_fastrtps_c.dir/rosidl_typesupport_fastrtps_c/my_interfaces/msg/detail/my_msg__type_support_c.cpp.o[0m
[1.114s] [ 30%] [32mBuilding CXX object CMakeFiles/my_interfaces__rosidl_typesupport_cpp.dir/rosidl_typesupport_cpp/my_interfaces/msg/my_msg__type_support.cpp.o[0m
[1.114s] [ 30%] [32mBuilding CXX object CMakeFiles/my_interfaces__rosidl_typesupport_fastrtps_c.dir/rosidl_typesupport_fastrtps_c/my_interfaces/srv/detail/vd__type_support_c.cpp.o[0m
[1.114s] [ 33%] [32mBuilding CXX object CMakeFiles/my_interfaces__rosidl_typesupport_introspection_cpp.dir/rosidl_typesupport_introspection_cpp/my_interfaces/msg/detail/my_msg__type_support.cpp.o[0m
[1.114s] [ 35%] [32mBuilding CXX object CMakeFiles/my_interfaces__rosidl_typesupport_fastrtps_cpp.dir/rosidl_typesupport_fastrtps_cpp/my_interfaces/msg/detail/dds_fastrtps/my_msg__type_support.cpp.o[0m
[1.115s] [ 48%] [32mBuilding CXX object CMakeFiles/my_interfaces__rosidl_typesupport_fastrtps_cpp.dir/rosidl_typesupport_fastrtps_cpp/my_interfaces/srv/detail/dds_fastrtps/vd__type_support.cpp.o[0m
[1.115s] [ 48%] Built target my_interfaces__rosidl_typesupport_c
[1.115s] [ 51%] [32mBuilding CXX object CMakeFiles/my_interfaces__rosidl_typesupport_cpp.dir/rosidl_typesupport_cpp/my_interfaces/srv/vd__type_support.cpp.o[0m
[1.115s] [ 53%] [32mBuilding CXX object CMakeFiles/my_interfaces__rosidl_typesupport_introspection_cpp.dir/rosidl_typesupport_introspection_cpp/my_interfaces/srv/detail/vd__type_support.cpp.o[0m
[1.115s] running egg_info
[1.115s] writing my_interfaces.egg-info/PKG-INFO
[1.115s] writing dependency_links to my_interfaces.egg-info/dependency_links.txt
[1.115s] writing top-level names to my_interfaces.egg-info/top_level.txt
[1.115s] reading manifest file 'my_interfaces.egg-info/SOURCES.txt'
[1.115s] writing manifest file 'my_interfaces.egg-info/SOURCES.txt'
[1.115s] [ 56%] [32m[1mLinking CXX shared library libmy_interfaces__rosidl_typesupport_cpp.so[0m
[1.115s] [ 56%] Built target ament_cmake_python_build_my_interfaces_egg
[1.115s] [ 58%] Built target my_interfaces__rosidl_typesupport_cpp
[1.115s] [ 61%] [32m[1mLinking CXX shared library libmy_interfaces__rosidl_typesupport_fastrtps_c.so[0m
[1.115s] [ 64%] [32m[1mLinking CXX shared library libmy_interfaces__rosidl_typesupport_fastrtps_cpp.so[0m
[1.115s] [ 66%] [32m[1mLinking CXX shared library libmy_interfaces__rosidl_typesupport_introspection_cpp.so[0m
[1.115s] [ 69%] Built target my_interfaces__rosidl_typesupport_fastrtps_c
[1.115s] [ 71%] Built target my_interfaces__rosidl_typesupport_introspection_cpp
[1.115s] [ 74%] Built target my_interfaces__rosidl_typesupport_fastrtps_cpp
[1.116s] [ 74%] Built target my_interfaces
[1.116s] [ 76%] Built target my_interfaces__py
[1.116s] [ 84%] Built target my_interfaces__rosidl_generator_py
[1.116s] [ 97%] Built target my_interfaces__rosidl_typesupport_c__pyext
[1.116s] [ 97%] [32m[1mLinking C shared library rosidl_generator_py/my_interfaces/my_interfaces_s__rosidl_typesupport_fastrtps_c.cpython-310-x86_64-linux-gnu.so[0m
[1.116s] [ 97%] Built target my_interfaces__rosidl_typesupport_introspection_c__pyext
[1.116s] [100%] Built target my_interfaces__rosidl_typesupport_fastrtps_c__pyext
[1.361s] Invoked command in '/home/looubuntu/ros2_ws/build/my_interfaces' returned '0': CMAKE_PREFIX_PATH=${CMAKE_PREFIX_PATH}:/home/looubuntu/ros2_ws/install/my_team_robot:/home/looubuntu/ros2_ws/install/my_robot_ver3:/home/looubuntu/ros2_ws/install/my_robot:/home/looubuntu/ros2_ws/install/my_rb:/home/looubuntu/ros2_ws/install/my_pkg:/home/looubuntu/ros2_ws/install/modelo_robot:/opt/ros/humble /usr/bin/cmake --build /home/looubuntu/ros2_ws/build/my_interfaces -- -j12 -l12
[1.434s] Invoking command in '/home/looubuntu/ros2_ws/build/my_interfaces': CMAKE_PREFIX_PATH=${CMAKE_PREFIX_PATH}:/home/looubuntu/ros2_ws/install/my_team_robot:/home/looubuntu/ros2_ws/install/my_robot_ver3:/home/looubuntu/ros2_ws/install/my_robot:/home/looubuntu/ros2_ws/install/my_rb:/home/looubuntu/ros2_ws/install/my_pkg:/home/looubuntu/ros2_ws/install/modelo_robot:/opt/ros/humble /usr/bin/cmake --install /home/looubuntu/ros2_ws/build/my_interfaces
[1.442s] -- Install configuration: ""
[1.442s] -- Up-to-date: /home/looubuntu/ros2_ws/install/my_interfaces/share/ament_index/resource_index/rosidl_interfaces/my_interfaces
[1.443s] -- Up-to-date: /home/looubuntu/ros2_ws/install/my_interfaces/include/my_interfaces/my_interfaces
[1.443s] -- Up-to-date: /home/looubuntu/ros2_ws/install/my_interfaces/include/my_interfaces/my_interfaces/msg
[1.443s] -- Up-to-date: /home/looubuntu/ros2_ws/install/my_interfaces/include/my_interfaces/my_interfaces/msg/rosidl_generator_c__visibility_control.h
[1.443s] -- Up-to-date: /home/looubuntu/ros2_ws/install/my_interfaces/include/my_interfaces/my_interfaces/msg/my_msg.h
[1.443s] -- Up-to-date: /home/looubuntu/ros2_ws/install/my_interfaces/include/my_interfaces/my_interfaces/msg/detail
[1.443s] -- Up-to-date: /home/looubuntu/ros2_ws/install/my_interfaces/include/my_interfaces/my_interfaces/msg/detail/my_msg__functions.h
[1.443s] -- Up-to-date: /home/looubuntu/ros2_ws/install/my_interfaces/include/my_interfaces/my_interfaces/msg/detail/my_msg__type_support.h
[1.443s] -- Up-to-date: /home/looubuntu/ros2_ws/install/my_interfaces/include/my_interfaces/my_interfaces/msg/detail/my_msg__functions.c
[1.443s] -- Up-to-date: /home/looubuntu/ros2_ws/install/my_interfaces/include/my_interfaces/my_interfaces/msg/detail/my_msg__struct.h
[1.444s] -- Up-to-date: /home/looubuntu/ros2_ws/install/my_interfaces/include/my_interfaces/my_interfaces/srv
[1.444s] -- Up-to-date: /home/looubuntu/ros2_ws/install/my_interfaces/include/my_interfaces/my_interfaces/srv/vd.h
[1.444s] -- Up-to-date: /home/looubuntu/ros2_ws/install/my_interfaces/include/my_interfaces/my_interfaces/srv/detail
[1.444s] -- Up-to-date: /home/looubuntu/ros2_ws/install/my_interfaces/include/my_interfaces/my_interfaces/srv/detail/vd__struct.h
[1.444s] -- Up-to-date: /home/looubuntu/ros2_ws/install/my_interfaces/include/my_interfaces/my_interfaces/srv/detail/vd__functions.c
[1.444s] -- Up-to-date: /home/looubuntu/ros2_ws/install/my_interfaces/include/my_interfaces/my_interfaces/srv/detail/vd__type_support.h
[1.444s] -- Up-to-date: /home/looubuntu/ros2_ws/install/my_interfaces/include/my_interfaces/my_interfaces/srv/detail/vd__functions.h
[1.444s] -- Up-to-date: /home/looubuntu/ros2_ws/install/my_interfaces/share/my_interfaces/environment/library_path.sh
[1.444s] -- Up-to-date: /home/looubuntu/ros2_ws/install/my_interfaces/share/my_interfaces/environment/library_path.dsv
[1.445s] -- Up-to-date: /home/looubuntu/ros2_ws/install/my_interfaces/lib/libmy_interfaces__rosidl_generator_c.so
[1.445s] -- Up-to-date: /home/looubuntu/ros2_ws/install/my_interfaces/include/my_interfaces/my_interfaces
[1.445s] -- Up-to-date: /home/looubuntu/ros2_ws/install/my_interfaces/include/my_interfaces/my_interfaces/msg
[1.445s] -- Up-to-date: /home/looubuntu/ros2_ws/install/my_interfaces/include/my_interfaces/my_interfaces/msg/detail
[1.445s] -- Up-to-date: /home/looubuntu/ros2_ws/install/my_interfaces/include/my_interfaces/my_interfaces/msg/detail/my_msg__rosidl_typesupport_fastrtps_c.h
[1.445s] -- Up-to-date: /home/looubuntu/ros2_ws/install/my_interfaces/include/my_interfaces/my_interfaces/msg/rosidl_typesupport_fastrtps_c__visibility_control.h
[1.445s] -- Up-to-date: /home/looubuntu/ros2_ws/install/my_interfaces/include/my_interfaces/my_interfaces/srv
[1.445s] -- Up-to-date: /home/looubuntu/ros2_ws/install/my_interfaces/include/my_interfaces/my_interfaces/srv/detail
[1.446s] -- Up-to-date: /home/looubuntu/ros2_ws/install/my_interfaces/include/my_interfaces/my_interfaces/srv/detail/vd__rosidl_typesupport_fastrtps_c.h
[1.446s] -- Installing: /home/looubuntu/ros2_ws/install/my_interfaces/lib/libmy_interfaces__rosidl_typesupport_fastrtps_c.so
[1.446s] -- Set runtime path of "/home/looubuntu/ros2_ws/install/my_interfaces/lib/libmy_interfaces__rosidl_typesupport_fastrtps_c.so" to ""
[1.446s] -- Up-to-date: /home/looubuntu/ros2_ws/install/my_interfaces/include/my_interfaces/my_interfaces
[1.446s] -- Up-to-date: /home/looubuntu/ros2_ws/install/my_interfaces/include/my_interfaces/my_interfaces/msg
[1.446s] -- Up-to-date: /home/looubuntu/ros2_ws/install/my_interfaces/include/my_interfaces/my_interfaces/msg/detail
[1.446s] -- Up-to-date: /home/looubuntu/ros2_ws/install/my_interfaces/include/my_interfaces/my_interfaces/msg/detail/my_msg__type_support.c
[1.446s] -- Up-to-date: /home/looubuntu/ros2_ws/install/my_interfaces/include/my_interfaces/my_interfaces/msg/detail/my_msg__rosidl_typesupport_introspection_c.h
[1.447s] -- Up-to-date: /home/looubuntu/ros2_ws/install/my_interfaces/include/my_interfaces/my_interfaces/msg/rosidl_typesupport_introspection_c__visibility_control.h
[1.447s] -- Up-to-date: /home/looubuntu/ros2_ws/install/my_interfaces/include/my_interfaces/my_interfaces/srv
[1.447s] -- Up-to-date: /home/looubuntu/ros2_ws/install/my_interfaces/include/my_interfaces/my_interfaces/srv/detail
[1.447s] -- Up-to-date: /home/looubuntu/ros2_ws/install/my_interfaces/include/my_interfaces/my_interfaces/srv/detail/vd__type_support.c
[1.447s] -- Up-to-date: /home/looubuntu/ros2_ws/install/my_interfaces/include/my_interfaces/my_interfaces/srv/detail/vd__rosidl_typesupport_introspection_c.h
[1.447s] -- Up-to-date: /home/looubuntu/ros2_ws/install/my_interfaces/lib/libmy_interfaces__rosidl_typesupport_introspection_c.so
[1.447s] -- Up-to-date: /home/looubuntu/ros2_ws/install/my_interfaces/lib/libmy_interfaces__rosidl_typesupport_c.so
[1.447s] -- Up-to-date: /home/looubuntu/ros2_ws/install/my_interfaces/include/my_interfaces/my_interfaces
[1.447s] -- Up-to-date: /home/looubuntu/ros2_ws/install/my_interfaces/include/my_interfaces/my_interfaces/msg
[1.447s] -- Up-to-date: /home/looubuntu/ros2_ws/install/my_interfaces/include/my_interfaces/my_interfaces/msg/detail
[1.447s] -- Up-to-date: /home/looubuntu/ros2_ws/install/my_interfaces/include/my_interfaces/my_interfaces/msg/detail/my_msg__struct.hpp
[1.447s] -- Up-to-date: /home/looubuntu/ros2_ws/install/my_interfaces/include/my_interfaces/my_interfaces/msg/detail/my_msg__traits.hpp
[1.447s] -- Up-to-date: /home/looubuntu/ros2_ws/install/my_interfaces/include/my_interfaces/my_interfaces/msg/detail/my_msg__builder.hpp
[1.447s] -- Up-to-date: /home/looubuntu/ros2_ws/install/my_interfaces/include/my_interfaces/my_interfaces/msg/my_msg.hpp
[1.447s] -- Up-to-date: /home/looubuntu/ros2_ws/install/my_interfaces/include/my_interfaces/my_interfaces/srv
[1.447s] -- Up-to-date: /home/looubuntu/ros2_ws/install/my_interfaces/include/my_interfaces/my_interfaces/srv/detail
[1.448s] -- Up-to-date: /home/looubuntu/ros2_ws/install/my_interfaces/include/my_interfaces/my_interfaces/srv/detail/vd__traits.hpp
[1.448s] -- Up-to-date: /home/looubuntu/ros2_ws/install/my_interfaces/include/my_interfaces/my_interfaces/srv/detail/vd__struct.hpp
[1.448s] -- Up-to-date: /home/looubuntu/ros2_ws/install/my_interfaces/include/my_interfaces/my_interfaces/srv/detail/vd__builder.hpp
[1.448s] -- Up-to-date: /home/looubuntu/ros2_ws/install/my_interfaces/include/my_interfaces/my_interfaces/srv/vd.hpp
[1.448s] -- Up-to-date: /home/looubuntu/ros2_ws/install/my_interfaces/include/my_interfaces/my_interfaces
[1.448s] -- Up-to-date: /home/looubuntu/ros2_ws/install/my_interfaces/include/my_interfaces/my_interfaces/msg
[1.448s] -- Up-to-date: /home/looubuntu/ros2_ws/install/my_interfaces/include/my_interfaces/my_interfaces/msg/rosidl_typesupport_fastrtps_cpp__visibility_control.h
[1.448s] -- Up-to-date: /home/looubuntu/ros2_ws/install/my_interfaces/include/my_interfaces/my_interfaces/msg/detail
[1.448s] -- Up-to-date: /home/looubuntu/ros2_ws/install/my_interfaces/include/my_interfaces/my_interfaces/msg/detail/my_msg__rosidl_typesupport_fastrtps_cpp.hpp
[1.448s] -- Up-to-date: /home/looubuntu/ros2_ws/install/my_interfaces/include/my_interfaces/my_interfaces/msg/detail/dds_fastrtps
[1.448s] -- Up-to-date: /home/looubuntu/ros2_ws/install/my_interfaces/include/my_interfaces/my_interfaces/srv
[1.448s] -- Up-to-date: /home/looubuntu/ros2_ws/install/my_interfaces/include/my_interfaces/my_interfaces/srv/detail
[1.448s] -- Up-to-date: /home/looubuntu/ros2_ws/install/my_interfaces/include/my_interfaces/my_interfaces/srv/detail/vd__rosidl_typesupport_fastrtps_cpp.hpp
[1.449s] -- Up-to-date: /home/looubuntu/ros2_ws/install/my_interfaces/include/my_interfaces/my_interfaces/srv/detail/dds_fastrtps
[1.449s] -- Installing: /home/looubuntu/ros2_ws/install/my_interfaces/lib/libmy_interfaces__rosidl_typesupport_fastrtps_cpp.so
[1.449s] -- Set runtime path of "/home/looubuntu/ros2_ws/install/my_interfaces/lib/libmy_interfaces__rosidl_typesupport_fastrtps_cpp.so" to ""
[1.449s] -- Up-to-date: /home/looubuntu/ros2_ws/install/my_interfaces/include/my_interfaces/my_interfaces
[1.449s] -- Up-to-date: /home/looubuntu/ros2_ws/install/my_interfaces/include/my_interfaces/my_interfaces/msg
[1.449s] -- Up-to-date: /home/looubuntu/ros2_ws/install/my_interfaces/include/my_interfaces/my_interfaces/msg/detail
[1.449s] -- Up-to-date: /home/looubuntu/ros2_ws/install/my_interfaces/include/my_interfaces/my_interfaces/msg/detail/my_msg__type_support.cpp
[1.449s] -- Up-to-date: /home/looubuntu/ros2_ws/install/my_interfaces/include/my_interfaces/my_interfaces/msg/detail/my_msg__rosidl_typesupport_introspection_cpp.hpp
[1.449s] -- Up-to-date: /home/looubuntu/ros2_ws/install/my_interfaces/include/my_interfaces/my_interfaces/srv
[1.449s] -- Up-to-date: /home/looubuntu/ros2_ws/install/my_interfaces/include/my_interfaces/my_interfaces/srv/detail
[1.449s] -- Up-to-date: /home/looubuntu/ros2_ws/install/my_interfaces/include/my_interfaces/my_interfaces/srv/detail/vd__type_support.cpp
[1.449s] -- Up-to-date: /home/looubuntu/ros2_ws/install/my_interfaces/include/my_interfaces/my_interfaces/srv/detail/vd__rosidl_typesupport_introspection_cpp.hpp
[1.449s] -- Installing: /home/looubuntu/ros2_ws/install/my_interfaces/lib/libmy_interfaces__rosidl_typesupport_introspection_cpp.so
[1.449s] -- Set runtime path of "/home/looubuntu/ros2_ws/install/my_interfaces/lib/libmy_interfaces__rosidl_typesupport_introspection_cpp.so" to ""
[1.449s] -- Installing: /home/looubuntu/ros2_ws/install/my_interfaces/lib/libmy_interfaces__rosidl_typesupport_cpp.so
[1.449s] -- Set runtime path of "/home/looubuntu/ros2_ws/install/my_interfaces/lib/libmy_interfaces__rosidl_typesupport_cpp.so" to ""
[1.450s] -- Up-to-date: /home/looubuntu/ros2_ws/install/my_interfaces/share/my_interfaces/environment/pythonpath.sh
[1.450s] -- Up-to-date: /home/looubuntu/ros2_ws/install/my_interfaces/share/my_interfaces/environment/pythonpath.dsv
[1.450s] -- Up-to-date: /home/looubuntu/ros2_ws/install/my_interfaces/local/lib/python3.10/dist-packages/my_interfaces-0.0.0-py3.10.egg-info
[1.450s] -- Installing: /home/looubuntu/ros2_ws/install/my_interfaces/local/lib/python3.10/dist-packages/my_interfaces-0.0.0-py3.10.egg-info/top_level.txt
[1.450s] -- Installing: /home/looubuntu/ros2_ws/install/my_interfaces/local/lib/python3.10/dist-packages/my_interfaces-0.0.0-py3.10.egg-info/PKG-INFO
[1.450s] -- Installing: /home/looubuntu/ros2_ws/install/my_interfaces/local/lib/python3.10/dist-packages/my_interfaces-0.0.0-py3.10.egg-info/SOURCES.txt
[1.450s] -- Installing: /home/looubuntu/ros2_ws/install/my_interfaces/local/lib/python3.10/dist-packages/my_interfaces-0.0.0-py3.10.egg-info/dependency_links.txt
[1.450s] -- Up-to-date: /home/looubuntu/ros2_ws/install/my_interfaces/local/lib/python3.10/dist-packages/my_interfaces
[1.450s] -- Up-to-date: /home/looubuntu/ros2_ws/install/my_interfaces/local/lib/python3.10/dist-packages/my_interfaces/msg
[1.450s] -- Up-to-date: /home/looubuntu/ros2_ws/install/my_interfaces/local/lib/python3.10/dist-packages/my_interfaces/msg/__init__.py
[1.450s] -- Up-to-date: /home/looubuntu/ros2_ws/install/my_interfaces/local/lib/python3.10/dist-packages/my_interfaces/msg/_my_msg_s.c
[1.450s] -- Up-to-date: /home/looubuntu/ros2_ws/install/my_interfaces/local/lib/python3.10/dist-packages/my_interfaces/msg/_my_msg.py
[1.450s] -- Up-to-date: /home/looubuntu/ros2_ws/install/my_interfaces/local/lib/python3.10/dist-packages/my_interfaces/my_interfaces_s__rosidl_typesupport_c.cpython-310-x86_64-linux-gnu.so
[1.450s] -- Up-to-date: /home/looubuntu/ros2_ws/install/my_interfaces/local/lib/python3.10/dist-packages/my_interfaces/__init__.py
[1.450s] -- Up-to-date: /home/looubuntu/ros2_ws/install/my_interfaces/local/lib/python3.10/dist-packages/my_interfaces/_my_interfaces_s.ep.rosidl_typesupport_c.c
[1.450s] -- Up-to-date: /home/looubuntu/ros2_ws/install/my_interfaces/local/lib/python3.10/dist-packages/my_interfaces/libmy_interfaces__rosidl_generator_py.so
[1.450s] -- Up-to-date: /home/looubuntu/ros2_ws/install/my_interfaces/local/lib/python3.10/dist-packages/my_interfaces/srv
[1.450s] -- Up-to-date: /home/looubuntu/ros2_ws/install/my_interfaces/local/lib/python3.10/dist-packages/my_interfaces/srv/_vd_s.c
[1.451s] -- Up-to-date: /home/looubuntu/ros2_ws/install/my_interfaces/local/lib/python3.10/dist-packages/my_interfaces/srv/__init__.py
[1.451s] -- Up-to-date: /home/looubuntu/ros2_ws/install/my_interfaces/local/lib/python3.10/dist-packages/my_interfaces/srv/_vd.py
[1.451s] -- Up-to-date: /home/looubuntu/ros2_ws/install/my_interfaces/local/lib/python3.10/dist-packages/my_interfaces/_my_interfaces_s.ep.rosidl_typesupport_introspection_c.c
[1.451s] -- Up-to-date: /home/looubuntu/ros2_ws/install/my_interfaces/local/lib/python3.10/dist-packages/my_interfaces/_my_interfaces_s.ep.rosidl_typesupport_fastrtps_c.c
[1.451s] -- Up-to-date: /home/looubuntu/ros2_ws/install/my_interfaces/local/lib/python3.10/dist-packages/my_interfaces/my_interfaces_s__rosidl_typesupport_introspection_c.cpython-310-x86_64-linux-gnu.so
[1.451s] -- Installing: /home/looubuntu/ros2_ws/install/my_interfaces/local/lib/python3.10/dist-packages/my_interfaces/my_interfaces_s__rosidl_typesupport_fastrtps_c.cpython-310-x86_64-linux-gnu.so
[1.491s] Listing '/home/looubuntu/ros2_ws/install/my_interfaces/local/lib/python3.10/dist-packages/my_interfaces'...
[1.491s] Listing '/home/looubuntu/ros2_ws/install/my_interfaces/local/lib/python3.10/dist-packages/my_interfaces/msg'...
[1.492s] Listing '/home/looubuntu/ros2_ws/install/my_interfaces/local/lib/python3.10/dist-packages/my_interfaces/srv'...
[1.502s] -- Installing: /home/looubuntu/ros2_ws/install/my_interfaces/local/lib/python3.10/dist-packages/my_interfaces/my_interfaces_s__rosidl_typesupport_fastrtps_c.cpython-310-x86_64-linux-gnu.so
[1.502s] -- Set runtime path of "/home/looubuntu/ros2_ws/install/my_interfaces/local/lib/python3.10/dist-packages/my_interfaces/my_interfaces_s__rosidl_typesupport_fastrtps_c.cpython-310-x86_64-linux-gnu.so" to ""
[1.502s] -- Up-to-date: /home/looubuntu/ros2_ws/install/my_interfaces/local/lib/python3.10/dist-packages/my_interfaces/my_interfaces_s__rosidl_typesupport_introspection_c.cpython-310-x86_64-linux-gnu.so
[1.503s] -- Up-to-date: /home/looubuntu/ros2_ws/install/my_interfaces/local/lib/python3.10/dist-packages/my_interfaces/my_interfaces_s__rosidl_typesupport_c.cpython-310-x86_64-linux-gnu.so
[1.503s] -- Up-to-date: /home/looubuntu/ros2_ws/install/my_interfaces/lib/libmy_interfaces__rosidl_generator_py.so
[1.503s] -- Up-to-date: /home/looubuntu/ros2_ws/install/my_interfaces/share/my_interfaces/msg/MyMsg.idl
[1.503s] -- Up-to-date: /home/looubuntu/ros2_ws/install/my_interfaces/share/my_interfaces/srv/Vd.idl
[1.503s] -- Up-to-date: /home/looubuntu/ros2_ws/install/my_interfaces/share/my_interfaces/msg/MyMsg.msg
[1.503s] -- Up-to-date: /home/looubuntu/ros2_ws/install/my_interfaces/share/my_interfaces/srv/Vd.srv
[1.503s] -- Up-to-date: /home/looubuntu/ros2_ws/install/my_interfaces/share/my_interfaces/srv/Vd_Request.msg
[1.503s] -- Up-to-date: /home/looubuntu/ros2_ws/install/my_interfaces/share/my_interfaces/srv/Vd_Response.msg
[1.504s] -- Up-to-date: /home/looubuntu/ros2_ws/install/my_interfaces/share/ament_index/resource_index/package_run_dependencies/my_interfaces
[1.504s] -- Up-to-date: /home/looubuntu/ros2_ws/install/my_interfaces/share/ament_index/resource_index/parent_prefix_path/my_interfaces
[1.504s] -- Up-to-date: /home/looubuntu/ros2_ws/install/my_interfaces/share/my_interfaces/environment/ament_prefix_path.sh
[1.504s] -- Up-to-date: /home/looubuntu/ros2_ws/install/my_interfaces/share/my_interfaces/environment/ament_prefix_path.dsv
[1.504s] -- Up-to-date: /home/looubuntu/ros2_ws/install/my_interfaces/share/my_interfaces/environment/path.sh
[1.504s] -- Up-to-date: /home/looubuntu/ros2_ws/install/my_interfaces/share/my_interfaces/environment/path.dsv
[1.504s] -- Up-to-date: /home/looubuntu/ros2_ws/install/my_interfaces/share/my_interfaces/local_setup.bash
[1.504s] -- Up-to-date: /home/looubuntu/ros2_ws/install/my_interfaces/share/my_interfaces/local_setup.sh
[1.504s] -- Up-to-date: /home/looubuntu/ros2_ws/install/my_interfaces/share/my_interfaces/local_setup.zsh
[1.505s] -- Up-to-date: /home/looubuntu/ros2_ws/install/my_interfaces/share/my_interfaces/local_setup.dsv
[1.505s] -- Installing: /home/looubuntu/ros2_ws/install/my_interfaces/share/my_interfaces/package.dsv
[1.505s] -- Up-to-date: /home/looubuntu/ros2_ws/install/my_interfaces/share/ament_index/resource_index/packages/my_interfaces
[1.505s] -- Up-to-date: /home/looubuntu/ros2_ws/install/my_interfaces/share/my_interfaces/cmake/export_my_interfaces__rosidl_generator_cExport.cmake
[1.505s] -- Up-to-date: /home/looubuntu/ros2_ws/install/my_interfaces/share/my_interfaces/cmake/export_my_interfaces__rosidl_generator_cExport-noconfig.cmake
[1.505s] -- Up-to-date: /home/looubuntu/ros2_ws/install/my_interfaces/share/my_interfaces/cmake/export_my_interfaces__rosidl_typesupport_fastrtps_cExport.cmake
[1.505s] -- Up-to-date: /home/looubuntu/ros2_ws/install/my_interfaces/share/my_interfaces/cmake/export_my_interfaces__rosidl_typesupport_fastrtps_cExport-noconfig.cmake
[1.506s] -- Up-to-date: /home/looubuntu/ros2_ws/install/my_interfaces/share/my_interfaces/cmake/my_interfaces__rosidl_typesupport_introspection_cExport.cmake
[1.506s] -- Up-to-date: /home/looubuntu/ros2_ws/install/my_interfaces/share/my_interfaces/cmake/my_interfaces__rosidl_typesupport_introspection_cExport-noconfig.cmake
[1.506s] -- Up-to-date: /home/looubuntu/ros2_ws/install/my_interfaces/share/my_interfaces/cmake/my_interfaces__rosidl_typesupport_cExport.cmake
[1.506s] -- Up-to-date: /home/looubuntu/ros2_ws/install/my_interfaces/share/my_interfaces/cmake/my_interfaces__rosidl_typesupport_cExport-noconfig.cmake
[1.507s] -- Up-to-date: /home/looubuntu/ros2_ws/install/my_interfaces/share/my_interfaces/cmake/export_my_interfaces__rosidl_generator_cppExport.cmake
[1.507s] -- Up-to-date: /home/looubuntu/ros2_ws/install/my_interfaces/share/my_interfaces/cmake/export_my_interfaces__rosidl_typesupport_fastrtps_cppExport.cmake
[1.507s] -- Up-to-date: /home/looubuntu/ros2_ws/install/my_interfaces/share/my_interfaces/cmake/export_my_interfaces__rosidl_typesupport_fastrtps_cppExport-noconfig.cmake
[1.508s] -- Up-to-date: /home/looubuntu/ros2_ws/install/my_interfaces/share/my_interfaces/cmake/my_interfaces__rosidl_typesupport_introspection_cppExport.cmake
[1.508s] -- Up-to-date: /home/looubuntu/ros2_ws/install/my_interfaces/share/my_interfaces/cmake/my_interfaces__rosidl_typesupport_introspection_cppExport-noconfig.cmake
[1.508s] -- Up-to-date: /home/looubuntu/ros2_ws/install/my_interfaces/share/my_interfaces/cmake/my_interfaces__rosidl_typesupport_cppExport.cmake
[1.508s] -- Up-to-date: /home/looubuntu/ros2_ws/install/my_interfaces/share/my_interfaces/cmake/my_interfaces__rosidl_typesupport_cppExport-noconfig.cmake
[1.509s] -- Up-to-date: /home/looubuntu/ros2_ws/install/my_interfaces/share/my_interfaces/cmake/export_my_interfaces__rosidl_generator_pyExport.cmake
[1.509s] -- Up-to-date: /home/looubuntu/ros2_ws/install/my_interfaces/share/my_interfaces/cmake/export_my_interfaces__rosidl_generator_pyExport-noconfig.cmake
[1.509s] -- Up-to-date: /home/looubuntu/ros2_ws/install/my_interfaces/share/my_interfaces/cmake/rosidl_cmake-extras.cmake
[1.509s] -- Up-to-date: /home/looubuntu/ros2_ws/install/my_interfaces/share/my_interfaces/cmake/ament_cmake_export_include_directories-extras.cmake
[1.510s] -- Up-to-date: /home/looubuntu/ros2_ws/install/my_interfaces/share/my_interfaces/cmake/ament_cmake_export_libraries-extras.cmake
[1.510s] -- Up-to-date: /home/looubuntu/ros2_ws/install/my_interfaces/share/my_interfaces/cmake/ament_cmake_export_targets-extras.cmake
[1.510s] -- Up-to-date: /home/looubuntu/ros2_ws/install/my_interfaces/share/my_interfaces/cmake/rosidl_cmake_export_typesupport_targets-extras.cmake
[1.510s] -- Up-to-date: /home/looubuntu/ros2_ws/install/my_interfaces/share/my_interfaces/cmake/ament_cmake_export_dependencies-extras.cmake
[1.510s] -- Up-to-date: /home/looubuntu/ros2_ws/install/my_interfaces/share/my_interfaces/cmake/rosidl_cmake_export_typesupport_libraries-extras.cmake
[1.510s] -- Up-to-date: /home/looubuntu/ros2_ws/install/my_interfaces/share/my_interfaces/cmake/my_interfacesConfig.cmake
[1.510s] -- Up-to-date: /home/looubuntu/ros2_ws/install/my_interfaces/share/my_interfaces/cmake/my_interfacesConfig-version.cmake
[1.510s] -- Up-to-date: /home/looubuntu/ros2_ws/install/my_interfaces/share/my_interfaces/package.xml
[1.512s] Invoked command in '/home/looubuntu/ros2_ws/build/my_interfaces' returned '0': CMAKE_PREFIX_PATH=${CMAKE_PREFIX_PATH}:/home/looubuntu/ros2_ws/install/my_team_robot:/home/looubuntu/ros2_ws/install/my_robot_ver3:/home/looubuntu/ros2_ws/install/my_robot:/home/looubuntu/ros2_ws/install/my_rb:/home/looubuntu/ros2_ws/install/my_pkg:/home/looubuntu/ros2_ws/install/modelo_robot:/opt/ros/humble /usr/bin/cmake --install /home/looubuntu/ros2_ws/build/my_interfaces
