[2.069s] Invoking command in '/home/looubuntu/ros2_ws/src/my_pkg': PYTHONPATH=/home/looubuntu/ros2_ws/build/my_pkg/prefix_override:/usr/lib/python3/dist-packages/colcon_core/task/python/colcon_distutils_commands:/home/looubuntu/ros2_ws/install/my_pkg/lib/python3.10/site-packages:${PYTHONPATH} /usr/bin/python3 -W ignore:setup.py install is deprecated setup.py egg_info --egg-base ../../build/my_pkg build --build-base /home/looubuntu/ros2_ws/build/my_pkg/build install --record /home/looubuntu/ros2_ws/build/my_pkg/install.log --single-version-externally-managed install_data
[2.484s] running egg_info
[2.485s] writing ../../build/my_pkg/my_pkg.egg-info/PKG-INFO
[2.485s] writing dependency_links to ../../build/my_pkg/my_pkg.egg-info/dependency_links.txt
[2.486s] writing entry points to ../../build/my_pkg/my_pkg.egg-info/entry_points.txt
[2.486s] writing requirements to ../../build/my_pkg/my_pkg.egg-info/requires.txt
[2.486s] writing top-level names to ../../build/my_pkg/my_pkg.egg-info/top_level.txt
[2.490s] reading manifest file '../../build/my_pkg/my_pkg.egg-info/SOURCES.txt'
[2.490s] adding license file 'LICENSE'
[2.491s] writing manifest file '../../build/my_pkg/my_pkg.egg-info/SOURCES.txt'
[2.491s] running build
[2.491s] running build_py
[2.493s] running install
[2.493s] running install_lib
[2.497s] running install_data
[2.497s] running install_egg_info
[2.500s] removing '/home/looubuntu/ros2_ws/install/my_pkg/lib/python3.10/site-packages/my_pkg-0.0.0-py3.10.egg-info' (and everything under it)
[2.500s] Copying ../../build/my_pkg/my_pkg.egg-info to /home/looubuntu/ros2_ws/install/my_pkg/lib/python3.10/site-packages/my_pkg-0.0.0-py3.10.egg-info
[2.501s] running install_scripts
[2.526s] Installing control script to /home/looubuntu/ros2_ws/install/my_pkg/lib/my_pkg
[2.527s] writing list of installed files to '/home/looubuntu/ros2_ws/build/my_pkg/install.log'
[2.591s] Invoked command in '/home/looubuntu/ros2_ws/src/my_pkg' returned '0': PYTHONPATH=/home/looubuntu/ros2_ws/build/my_pkg/prefix_override:/usr/lib/python3/dist-packages/colcon_core/task/python/colcon_distutils_commands:/home/looubuntu/ros2_ws/install/my_pkg/lib/python3.10/site-packages:${PYTHONPATH} /usr/bin/python3 -W ignore:setup.py install is deprecated setup.py egg_info --egg-base ../../build/my_pkg build --build-base /home/looubuntu/ros2_ws/build/my_pkg/build install --record /home/looubuntu/ros2_ws/build/my_pkg/install.log --single-version-externally-managed install_data
