[1.472s] Invoking command in '/home/looubuntu/ros2_ws/src/my_team_robot': PYTHONPATH=/home/looubuntu/ros2_ws/build/my_team_robot/prefix_override:/usr/lib/python3/dist-packages/colcon_core/task/python/colcon_distutils_commands:/home/looubuntu/ros2_ws/install/my_team_robot/lib/python3.10/site-packages:${PYTHONPATH} /usr/bin/python3 -W ignore:setup.py install is deprecated setup.py egg_info --egg-base ../../build/my_team_robot build --build-base /home/looubuntu/ros2_ws/build/my_team_robot/build install --record /home/looubuntu/ros2_ws/build/my_team_robot/install.log --single-version-externally-managed install_data
[1.695s] running egg_info
[1.696s] writing ../../build/my_team_robot/my_team_robot.egg-info/PKG-INFO
[1.696s] writing dependency_links to ../../build/my_team_robot/my_team_robot.egg-info/dependency_links.txt
[1.696s] writing entry points to ../../build/my_team_robot/my_team_robot.egg-info/entry_points.txt
[1.696s] writing requirements to ../../build/my_team_robot/my_team_robot.egg-info/requires.txt
[1.696s] writing top-level names to ../../build/my_team_robot/my_team_robot.egg-info/top_level.txt
[1.698s] reading manifest file '../../build/my_team_robot/my_team_robot.egg-info/SOURCES.txt'
[1.698s] adding license file 'LICENSE'
[1.698s] writing manifest file '../../build/my_team_robot/my_team_robot.egg-info/SOURCES.txt'
[1.699s] running build
[1.699s] running build_py
[1.699s] running install
[1.699s] running install_lib
[1.700s] running install_data
[1.700s] running install_egg_info
[1.702s] removing '/home/looubuntu/ros2_ws/install/my_team_robot/lib/python3.10/site-packages/my_team_robot-0.0.0-py3.10.egg-info' (and everything under it)
[1.702s] Copying ../../build/my_team_robot/my_team_robot.egg-info to /home/looubuntu/ros2_ws/install/my_team_robot/lib/python3.10/site-packages/my_team_robot-0.0.0-py3.10.egg-info
[1.703s] running install_scripts
[1.725s] writing list of installed files to '/home/looubuntu/ros2_ws/build/my_team_robot/install.log'
[1.759s] Invoked command in '/home/looubuntu/ros2_ws/src/my_team_robot' returned '0': PYTHONPATH=/home/looubuntu/ros2_ws/build/my_team_robot/prefix_override:/usr/lib/python3/dist-packages/colcon_core/task/python/colcon_distutils_commands:/home/looubuntu/ros2_ws/install/my_team_robot/lib/python3.10/site-packages:${PYTHONPATH} /usr/bin/python3 -W ignore:setup.py install is deprecated setup.py egg_info --egg-base ../../build/my_team_robot build --build-base /home/looubuntu/ros2_ws/build/my_team_robot/build install --record /home/looubuntu/ros2_ws/build/my_team_robot/install.log --single-version-externally-managed install_data
