[1.275s] Invoking command in '/home/looubuntu/ros2_ws/src/my_team_robot': PYTHONPATH=/home/looubuntu/ros2_ws/build/my_team_robot/prefix_override:/usr/lib/python3/dist-packages/colcon_core/task/python/colcon_distutils_commands:/home/looubuntu/ros2_ws/install/my_team_robot/lib/python3.10/site-packages:${PYTHONPATH} /usr/bin/python3 -W ignore:setup.py install is deprecated setup.py egg_info --egg-base ../../build/my_team_robot build --build-base /home/looubuntu/ros2_ws/build/my_team_robot/build install --record /home/looubuntu/ros2_ws/build/my_team_robot/install.log --single-version-externally-managed install_data
[1.502s] running egg_info
[1.503s] writing ../../build/my_team_robot/my_team_robot.egg-info/PKG-INFO
[1.503s] writing dependency_links to ../../build/my_team_robot/my_team_robot.egg-info/dependency_links.txt
[1.503s] writing entry points to ../../build/my_team_robot/my_team_robot.egg-info/entry_points.txt
[1.503s] writing requirements to ../../build/my_team_robot/my_team_robot.egg-info/requires.txt
[1.504s] writing top-level names to ../../build/my_team_robot/my_team_robot.egg-info/top_level.txt
[1.505s] reading manifest file '../../build/my_team_robot/my_team_robot.egg-info/SOURCES.txt'
[1.505s] adding license file 'LICENSE'
[1.506s] writing manifest file '../../build/my_team_robot/my_team_robot.egg-info/SOURCES.txt'
[1.506s] running build
[1.506s] running build_py
[1.506s] running install
[1.507s] running install_lib
[1.508s] running install_data
[1.508s] copying urdf/Car3_ver2banh.SLDASM.urdf -> /home/looubuntu/ros2_ws/install/my_team_robot/share/my_team_robot/urdf
[1.508s] running install_egg_info
[1.510s] removing '/home/looubuntu/ros2_ws/install/my_team_robot/lib/python3.10/site-packages/my_team_robot-0.0.0-py3.10.egg-info' (and everything under it)
[1.510s] Copying ../../build/my_team_robot/my_team_robot.egg-info to /home/looubuntu/ros2_ws/install/my_team_robot/lib/python3.10/site-packages/my_team_robot-0.0.0-py3.10.egg-info
[1.511s] running install_scripts
[1.531s] writing list of installed files to '/home/looubuntu/ros2_ws/build/my_team_robot/install.log'
[1.554s] Invoked command in '/home/looubuntu/ros2_ws/src/my_team_robot' returned '0': PYTHONPATH=/home/looubuntu/ros2_ws/build/my_team_robot/prefix_override:/usr/lib/python3/dist-packages/colcon_core/task/python/colcon_distutils_commands:/home/looubuntu/ros2_ws/install/my_team_robot/lib/python3.10/site-packages:${PYTHONPATH} /usr/bin/python3 -W ignore:setup.py install is deprecated setup.py egg_info --egg-base ../../build/my_team_robot build --build-base /home/looubuntu/ros2_ws/build/my_team_robot/build install --record /home/looubuntu/ros2_ws/build/my_team_robot/install.log --single-version-externally-managed install_data
