[0.983s] Invoking command in '/home/looubuntu/ros2_ws/src/my_robot': PYTHONPATH=/home/looubuntu/ros2_ws/build/my_robot/prefix_override:/usr/lib/python3/dist-packages/colcon_core/task/python/colcon_distutils_commands:/home/looubuntu/ros2_ws/install/my_robot/lib/python3.10/site-packages:${PYTHONPATH} /usr/bin/python3 -W ignore:setup.py install is deprecated setup.py egg_info --egg-base ../../build/my_robot build --build-base /home/looubuntu/ros2_ws/build/my_robot/build install --record /home/looubuntu/ros2_ws/build/my_robot/install.log --single-version-externally-managed install_data
[1.194s] running egg_info
[1.195s] writing ../../build/my_robot/my_robot.egg-info/PKG-INFO
[1.195s] writing dependency_links to ../../build/my_robot/my_robot.egg-info/dependency_links.txt
[1.195s] writing entry points to ../../build/my_robot/my_robot.egg-info/entry_points.txt
[1.196s] writing requirements to ../../build/my_robot/my_robot.egg-info/requires.txt
[1.196s] writing top-level names to ../../build/my_robot/my_robot.egg-info/top_level.txt
[1.198s] reading manifest file '../../build/my_robot/my_robot.egg-info/SOURCES.txt'
[1.198s] adding license file 'LICENSE'
[1.199s] writing manifest file '../../build/my_robot/my_robot.egg-info/SOURCES.txt'
[1.199s] running build
[1.199s] running build_py
[1.199s] running install
[1.200s] running install_lib
[1.201s] running install_data
[1.202s] copying urdf/kaya.urdf -> /home/looubuntu/ros2_ws/install/my_robot/share/my_robot/urdf
[1.202s] copying launch/display.launch.py -> /home/looubuntu/ros2_ws/install/my_robot/share/my_robot/launch
[1.202s] copying meshes/nano_chassis_base.dae -> /home/looubuntu/ros2_ws/install/my_robot/share/my_robot/meshes
[1.202s] copying meshes/shock_mount.dae -> /home/looubuntu/ros2_ws/install/my_robot/share/my_robot/meshes
[1.202s] copying meshes/base_collision.dae -> /home/looubuntu/ros2_ws/install/my_robot/share/my_robot/meshes
[1.202s] copying meshes/realsense.dae -> /home/looubuntu/ros2_ws/install/my_robot/share/my_robot/meshes
[1.202s] copying meshes/base.dae -> /home/looubuntu/ros2_ws/install/my_robot/share/my_robot/meshes
[1.202s] copying meshes/wheel_and_rollers.dae -> /home/looubuntu/ros2_ws/install/my_robot/share/my_robot/meshes
[1.203s] copying meshes/nano_chassis_rs_mount.dae -> /home/looubuntu/ros2_ws/install/my_robot/share/my_robot/meshes
[1.203s] copying meshes/axle.dae -> /home/looubuntu/ros2_ws/install/my_robot/share/my_robot/meshes
[1.203s] copying meshes/pusher.dae -> /home/looubuntu/ros2_ws/install/my_robot/share/my_robot/meshes
[1.203s] copying meshes/assembly_battery.dae -> /home/looubuntu/ros2_ws/install/my_robot/share/my_robot/meshes
[1.203s] copying meshes/nano_chassis_bridge.dae -> /home/looubuntu/ros2_ws/install/my_robot/share/my_robot/meshes
[1.203s] copying meshes/mx12w.dae -> /home/looubuntu/ros2_ws/install/my_robot/share/my_robot/meshes
[1.203s] running install_egg_info
[1.205s] removing '/home/looubuntu/ros2_ws/install/my_robot/lib/python3.10/site-packages/my_robot-0.0.0-py3.10.egg-info' (and everything under it)
[1.205s] Copying ../../build/my_robot/my_robot.egg-info to /home/looubuntu/ros2_ws/install/my_robot/lib/python3.10/site-packages/my_robot-0.0.0-py3.10.egg-info
[1.206s] running install_scripts
[1.233s] writing list of installed files to '/home/looubuntu/ros2_ws/build/my_robot/install.log'
[1.254s] Invoked command in '/home/looubuntu/ros2_ws/src/my_robot' returned '0': PYTHONPATH=/home/looubuntu/ros2_ws/build/my_robot/prefix_override:/usr/lib/python3/dist-packages/colcon_core/task/python/colcon_distutils_commands:/home/looubuntu/ros2_ws/install/my_robot/lib/python3.10/site-packages:${PYTHONPATH} /usr/bin/python3 -W ignore:setup.py install is deprecated setup.py egg_info --egg-base ../../build/my_robot build --build-base /home/looubuntu/ros2_ws/build/my_robot/build install --record /home/looubuntu/ros2_ws/build/my_robot/install.log --single-version-externally-managed install_data
