[0.011s] Invoking command in '/home/looubuntu/ros2_ws/build/my_interfaces': CMAKE_PREFIX_PATH=${CMAKE_PREFIX_PATH}:/home/looubuntu/ros2_ws/install/my_pkg:/opt/ros/humble /usr/bin/cmake --build /home/looubuntu/ros2_ws/build/my_interfaces -- -j12 -l12
[0.040s] [35m[1mConsolidate compiler generated dependencies of target my_interfaces__rosidl_generator_c[0m
[0.047s] [  2%] Built target my_interfaces__cpp
[0.048s] [ 12%] Built target my_interfaces__rosidl_generator_c
[0.055s] [ 12%] Built target ament_cmake_python_copy_my_interfaces
[0.055s] [35m[1mConsolidate compiler generated dependencies of target my_interfaces__rosidl_typesupport_cpp[0m
[0.056s] [35m[1mConsolidate compiler generated dependencies of target my_interfaces__rosidl_typesupport_fastrtps_c[0m
[0.057s] [35m[1mConsolidate compiler generated dependencies of target my_interfaces__rosidl_typesupport_introspection_c[0m
[0.058s] [35m[1mConsolidate compiler generated dependencies of target my_interfaces__rosidl_typesupport_c[0m
[0.058s] [35m[1mConsolidate compiler generated dependencies of target my_interfaces__rosidl_typesupport_introspection_cpp[0m
[0.058s] [35m[1mConsolidate compiler generated dependencies of target my_interfaces__rosidl_typesupport_fastrtps_cpp[0m
[0.065s] [ 23%] Built target my_interfaces__rosidl_typesupport_cpp
[0.066s] [ 33%] Built target my_interfaces__rosidl_typesupport_fastrtps_c
[0.068s] [ 46%] Built target my_interfaces__rosidl_typesupport_c
[0.068s] [ 53%] Built target my_interfaces__rosidl_typesupport_introspection_c
[0.068s] [ 64%] Built target my_interfaces__rosidl_typesupport_fastrtps_cpp
[0.069s] [ 74%] Built target my_interfaces__rosidl_typesupport_introspection_cpp
[0.082s] [ 74%] Built target my_interfaces
[0.096s] [ 76%] Built target my_interfaces__py
[0.104s] [35m[1mConsolidate compiler generated dependencies of target my_interfaces__rosidl_generator_py[0m
[0.113s] [ 84%] Built target my_interfaces__rosidl_generator_py
[0.121s] [35m[1mConsolidate compiler generated dependencies of target my_interfaces__rosidl_typesupport_introspection_c__pyext[0m
[0.122s] [35m[1mConsolidate compiler generated dependencies of target my_interfaces__rosidl_typesupport_c__pyext[0m
[0.122s] [35m[1mConsolidate compiler generated dependencies of target my_interfaces__rosidl_typesupport_fastrtps_c__pyext[0m
[0.131s] [ 94%] Built target my_interfaces__rosidl_typesupport_c__pyext
[0.131s] [ 94%] Built target my_interfaces__rosidl_typesupport_fastrtps_c__pyext
[0.131s] [100%] Built target my_interfaces__rosidl_typesupport_introspection_c__pyext
[0.263s] running egg_info
[0.264s] writing my_interfaces.egg-info/PKG-INFO
[0.264s] writing dependency_links to my_interfaces.egg-info/dependency_links.txt
[0.264s] writing top-level names to my_interfaces.egg-info/top_level.txt
[0.266s] reading manifest file 'my_interfaces.egg-info/SOURCES.txt'
[0.267s] writing manifest file 'my_interfaces.egg-info/SOURCES.txt'
[0.287s] [100%] Built target ament_cmake_python_build_my_interfaces_egg
[0.296s] Invoked command in '/home/looubuntu/ros2_ws/build/my_interfaces' returned '0': CMAKE_PREFIX_PATH=${CMAKE_PREFIX_PATH}:/home/looubuntu/ros2_ws/install/my_pkg:/opt/ros/humble /usr/bin/cmake --build /home/looubuntu/ros2_ws/build/my_interfaces -- -j12 -l12
[0.349s] Invoking command in '/home/looubuntu/ros2_ws/build/my_interfaces': CMAKE_PREFIX_PATH=${CMAKE_PREFIX_PATH}:/home/looubuntu/ros2_ws/install/my_pkg:/opt/ros/humble /usr/bin/cmake --install /home/looubuntu/ros2_ws/build/my_interfaces
[0.355s] -- Install configuration: ""
[0.355s] -- Up-to-date: /home/looubuntu/ros2_ws/install/my_interfaces/share/ament_index/resource_index/rosidl_interfaces/my_interfaces
[0.355s] -- Up-to-date: /home/looubuntu/ros2_ws/install/my_interfaces/include/my_interfaces/my_interfaces
[0.355s] -- Up-to-date: /home/looubuntu/ros2_ws/install/my_interfaces/include/my_interfaces/my_interfaces/msg
[0.355s] -- Up-to-date: /home/looubuntu/ros2_ws/install/my_interfaces/include/my_interfaces/my_interfaces/msg/rosidl_generator_c__visibility_control.h
[0.355s] -- Up-to-date: /home/looubuntu/ros2_ws/install/my_interfaces/include/my_interfaces/my_interfaces/msg/my_msg.h
[0.355s] -- Up-to-date: /home/looubuntu/ros2_ws/install/my_interfaces/include/my_interfaces/my_interfaces/msg/detail
[0.355s] -- Up-to-date: /home/looubuntu/ros2_ws/install/my_interfaces/include/my_interfaces/my_interfaces/msg/detail/my_msg__functions.h
[0.355s] -- Up-to-date: /home/looubuntu/ros2_ws/install/my_interfaces/include/my_interfaces/my_interfaces/msg/detail/my_msg__type_support.h
[0.355s] -- Up-to-date: /home/looubuntu/ros2_ws/install/my_interfaces/include/my_interfaces/my_interfaces/msg/detail/my_msg__functions.c
[0.355s] -- Up-to-date: /home/looubuntu/ros2_ws/install/my_interfaces/include/my_interfaces/my_interfaces/msg/detail/my_msg__struct.h
[0.355s] -- Up-to-date: /home/looubuntu/ros2_ws/install/my_interfaces/include/my_interfaces/my_interfaces/srv
[0.355s] -- Up-to-date: /home/looubuntu/ros2_ws/install/my_interfaces/include/my_interfaces/my_interfaces/srv/vd.h
[0.355s] -- Up-to-date: /home/looubuntu/ros2_ws/install/my_interfaces/include/my_interfaces/my_interfaces/srv/detail
[0.356s] -- Up-to-date: /home/looubuntu/ros2_ws/install/my_interfaces/include/my_interfaces/my_interfaces/srv/detail/vd__struct.h
[0.356s] -- Up-to-date: /home/looubuntu/ros2_ws/install/my_interfaces/include/my_interfaces/my_interfaces/srv/detail/vd__functions.c
[0.356s] -- Up-to-date: /home/looubuntu/ros2_ws/install/my_interfaces/include/my_interfaces/my_interfaces/srv/detail/vd__type_support.h
[0.356s] -- Up-to-date: /home/looubuntu/ros2_ws/install/my_interfaces/include/my_interfaces/my_interfaces/srv/detail/vd__functions.h
[0.356s] -- Up-to-date: /home/looubuntu/ros2_ws/install/my_interfaces/share/my_interfaces/environment/library_path.sh
[0.356s] -- Up-to-date: /home/looubuntu/ros2_ws/install/my_interfaces/share/my_interfaces/environment/library_path.dsv
[0.356s] -- Up-to-date: /home/looubuntu/ros2_ws/install/my_interfaces/lib/libmy_interfaces__rosidl_generator_c.so
[0.356s] -- Up-to-date: /home/looubuntu/ros2_ws/install/my_interfaces/include/my_interfaces/my_interfaces
[0.356s] -- Up-to-date: /home/looubuntu/ros2_ws/install/my_interfaces/include/my_interfaces/my_interfaces/msg
[0.356s] -- Up-to-date: /home/looubuntu/ros2_ws/install/my_interfaces/include/my_interfaces/my_interfaces/msg/detail
[0.356s] -- Up-to-date: /home/looubuntu/ros2_ws/install/my_interfaces/include/my_interfaces/my_interfaces/msg/detail/my_msg__rosidl_typesupport_fastrtps_c.h
[0.356s] -- Up-to-date: /home/looubuntu/ros2_ws/install/my_interfaces/include/my_interfaces/my_interfaces/msg/rosidl_typesupport_fastrtps_c__visibility_control.h
[0.356s] -- Up-to-date: /home/looubuntu/ros2_ws/install/my_interfaces/include/my_interfaces/my_interfaces/srv
[0.356s] -- Up-to-date: /home/looubuntu/ros2_ws/install/my_interfaces/include/my_interfaces/my_interfaces/srv/detail
[0.356s] -- Up-to-date: /home/looubuntu/ros2_ws/install/my_interfaces/include/my_interfaces/my_interfaces/srv/detail/vd__rosidl_typesupport_fastrtps_c.h
[0.356s] -- Up-to-date: /home/looubuntu/ros2_ws/install/my_interfaces/lib/libmy_interfaces__rosidl_typesupport_fastrtps_c.so
[0.356s] -- Up-to-date: /home/looubuntu/ros2_ws/install/my_interfaces/include/my_interfaces/my_interfaces
[0.357s] -- Up-to-date: /home/looubuntu/ros2_ws/install/my_interfaces/include/my_interfaces/my_interfaces/msg
[0.357s] -- Up-to-date: /home/looubuntu/ros2_ws/install/my_interfaces/include/my_interfaces/my_interfaces/msg/detail
[0.357s] -- Up-to-date: /home/looubuntu/ros2_ws/install/my_interfaces/include/my_interfaces/my_interfaces/msg/detail/my_msg__type_support.c
[0.357s] -- Up-to-date: /home/looubuntu/ros2_ws/install/my_interfaces/include/my_interfaces/my_interfaces/msg/detail/my_msg__rosidl_typesupport_introspection_c.h
[0.357s] -- Up-to-date: /home/looubuntu/ros2_ws/install/my_interfaces/include/my_interfaces/my_interfaces/msg/rosidl_typesupport_introspection_c__visibility_control.h
[0.357s] -- Up-to-date: /home/looubuntu/ros2_ws/install/my_interfaces/include/my_interfaces/my_interfaces/srv
[0.357s] -- Up-to-date: /home/looubuntu/ros2_ws/install/my_interfaces/include/my_interfaces/my_interfaces/srv/detail
[0.357s] -- Up-to-date: /home/looubuntu/ros2_ws/install/my_interfaces/include/my_interfaces/my_interfaces/srv/detail/vd__type_support.c
[0.357s] -- Up-to-date: /home/looubuntu/ros2_ws/install/my_interfaces/include/my_interfaces/my_interfaces/srv/detail/vd__rosidl_typesupport_introspection_c.h
[0.357s] -- Up-to-date: /home/looubuntu/ros2_ws/install/my_interfaces/lib/libmy_interfaces__rosidl_typesupport_introspection_c.so
[0.357s] -- Up-to-date: /home/looubuntu/ros2_ws/install/my_interfaces/lib/libmy_interfaces__rosidl_typesupport_c.so
[0.357s] -- Up-to-date: /home/looubuntu/ros2_ws/install/my_interfaces/include/my_interfaces/my_interfaces
[0.357s] -- Up-to-date: /home/looubuntu/ros2_ws/install/my_interfaces/include/my_interfaces/my_interfaces/msg
[0.357s] -- Up-to-date: /home/looubuntu/ros2_ws/install/my_interfaces/include/my_interfaces/my_interfaces/msg/detail
[0.357s] -- Up-to-date: /home/looubuntu/ros2_ws/install/my_interfaces/include/my_interfaces/my_interfaces/msg/detail/my_msg__struct.hpp
[0.357s] -- Up-to-date: /home/looubuntu/ros2_ws/install/my_interfaces/include/my_interfaces/my_interfaces/msg/detail/my_msg__traits.hpp
[0.357s] -- Up-to-date: /home/looubuntu/ros2_ws/install/my_interfaces/include/my_interfaces/my_interfaces/msg/detail/my_msg__builder.hpp
[0.358s] -- Up-to-date: /home/looubuntu/ros2_ws/install/my_interfaces/include/my_interfaces/my_interfaces/msg/my_msg.hpp
[0.358s] -- Up-to-date: /home/looubuntu/ros2_ws/install/my_interfaces/include/my_interfaces/my_interfaces/srv
[0.358s] -- Up-to-date: /home/looubuntu/ros2_ws/install/my_interfaces/include/my_interfaces/my_interfaces/srv/detail
[0.358s] -- Up-to-date: /home/looubuntu/ros2_ws/install/my_interfaces/include/my_interfaces/my_interfaces/srv/detail/vd__traits.hpp
[0.358s] -- Up-to-date: /home/looubuntu/ros2_ws/install/my_interfaces/include/my_interfaces/my_interfaces/srv/detail/vd__struct.hpp
[0.358s] -- Up-to-date: /home/looubuntu/ros2_ws/install/my_interfaces/include/my_interfaces/my_interfaces/srv/detail/vd__builder.hpp
[0.358s] -- Up-to-date: /home/looubuntu/ros2_ws/install/my_interfaces/include/my_interfaces/my_interfaces/srv/vd.hpp
[0.358s] -- Up-to-date: /home/looubuntu/ros2_ws/install/my_interfaces/include/my_interfaces/my_interfaces
[0.358s] -- Up-to-date: /home/looubuntu/ros2_ws/install/my_interfaces/include/my_interfaces/my_interfaces/msg
[0.358s] -- Up-to-date: /home/looubuntu/ros2_ws/install/my_interfaces/include/my_interfaces/my_interfaces/msg/rosidl_typesupport_fastrtps_cpp__visibility_control.h
[0.358s] -- Up-to-date: /home/looubuntu/ros2_ws/install/my_interfaces/include/my_interfaces/my_interfaces/msg/detail
[0.358s] -- Up-to-date: /home/looubuntu/ros2_ws/install/my_interfaces/include/my_interfaces/my_interfaces/msg/detail/my_msg__rosidl_typesupport_fastrtps_cpp.hpp
[0.358s] -- Up-to-date: /home/looubuntu/ros2_ws/install/my_interfaces/include/my_interfaces/my_interfaces/msg/detail/dds_fastrtps
[0.358s] -- Up-to-date: /home/looubuntu/ros2_ws/install/my_interfaces/include/my_interfaces/my_interfaces/srv
[0.358s] -- Up-to-date: /home/looubuntu/ros2_ws/install/my_interfaces/include/my_interfaces/my_interfaces/srv/detail
[0.358s] -- Up-to-date: /home/looubuntu/ros2_ws/install/my_interfaces/include/my_interfaces/my_interfaces/srv/detail/vd__rosidl_typesupport_fastrtps_cpp.hpp
[0.358s] -- Up-to-date: /home/looubuntu/ros2_ws/install/my_interfaces/include/my_interfaces/my_interfaces/srv/detail/dds_fastrtps
[0.358s] -- Up-to-date: /home/looubuntu/ros2_ws/install/my_interfaces/lib/libmy_interfaces__rosidl_typesupport_fastrtps_cpp.so
[0.358s] -- Up-to-date: /home/looubuntu/ros2_ws/install/my_interfaces/include/my_interfaces/my_interfaces
[0.359s] -- Up-to-date: /home/looubuntu/ros2_ws/install/my_interfaces/include/my_interfaces/my_interfaces/msg
[0.359s] -- Up-to-date: /home/looubuntu/ros2_ws/install/my_interfaces/include/my_interfaces/my_interfaces/msg/detail
[0.359s] -- Up-to-date: /home/looubuntu/ros2_ws/install/my_interfaces/include/my_interfaces/my_interfaces/msg/detail/my_msg__type_support.cpp
[0.359s] -- Up-to-date: /home/looubuntu/ros2_ws/install/my_interfaces/include/my_interfaces/my_interfaces/msg/detail/my_msg__rosidl_typesupport_introspection_cpp.hpp
[0.359s] -- Up-to-date: /home/looubuntu/ros2_ws/install/my_interfaces/include/my_interfaces/my_interfaces/srv
[0.359s] -- Up-to-date: /home/looubuntu/ros2_ws/install/my_interfaces/include/my_interfaces/my_interfaces/srv/detail
[0.359s] -- Up-to-date: /home/looubuntu/ros2_ws/install/my_interfaces/include/my_interfaces/my_interfaces/srv/detail/vd__type_support.cpp
[0.359s] -- Up-to-date: /home/looubuntu/ros2_ws/install/my_interfaces/include/my_interfaces/my_interfaces/srv/detail/vd__rosidl_typesupport_introspection_cpp.hpp
[0.359s] -- Up-to-date: /home/looubuntu/ros2_ws/install/my_interfaces/lib/libmy_interfaces__rosidl_typesupport_introspection_cpp.so
[0.359s] -- Up-to-date: /home/looubuntu/ros2_ws/install/my_interfaces/lib/libmy_interfaces__rosidl_typesupport_cpp.so
[0.359s] -- Up-to-date: /home/looubuntu/ros2_ws/install/my_interfaces/share/my_interfaces/environment/pythonpath.sh
[0.359s] -- Up-to-date: /home/looubuntu/ros2_ws/install/my_interfaces/share/my_interfaces/environment/pythonpath.dsv
[0.359s] -- Up-to-date: /home/looubuntu/ros2_ws/install/my_interfaces/local/lib/python3.10/dist-packages/my_interfaces-0.0.0-py3.10.egg-info
[0.359s] -- Installing: /home/looubuntu/ros2_ws/install/my_interfaces/local/lib/python3.10/dist-packages/my_interfaces-0.0.0-py3.10.egg-info/top_level.txt
[0.359s] -- Installing: /home/looubuntu/ros2_ws/install/my_interfaces/local/lib/python3.10/dist-packages/my_interfaces-0.0.0-py3.10.egg-info/PKG-INFO
[0.359s] -- Installing: /home/looubuntu/ros2_ws/install/my_interfaces/local/lib/python3.10/dist-packages/my_interfaces-0.0.0-py3.10.egg-info/SOURCES.txt
[0.359s] -- Installing: /home/looubuntu/ros2_ws/install/my_interfaces/local/lib/python3.10/dist-packages/my_interfaces-0.0.0-py3.10.egg-info/dependency_links.txt
[0.360s] -- Up-to-date: /home/looubuntu/ros2_ws/install/my_interfaces/local/lib/python3.10/dist-packages/my_interfaces
[0.360s] -- Up-to-date: /home/looubuntu/ros2_ws/install/my_interfaces/local/lib/python3.10/dist-packages/my_interfaces/msg
[0.360s] -- Up-to-date: /home/looubuntu/ros2_ws/install/my_interfaces/local/lib/python3.10/dist-packages/my_interfaces/msg/__init__.py
[0.360s] -- Up-to-date: /home/looubuntu/ros2_ws/install/my_interfaces/local/lib/python3.10/dist-packages/my_interfaces/msg/_my_msg_s.c
[0.360s] -- Up-to-date: /home/looubuntu/ros2_ws/install/my_interfaces/local/lib/python3.10/dist-packages/my_interfaces/msg/_my_msg.py
[0.360s] -- Up-to-date: /home/looubuntu/ros2_ws/install/my_interfaces/local/lib/python3.10/dist-packages/my_interfaces/my_interfaces_s__rosidl_typesupport_c.cpython-310-x86_64-linux-gnu.so
[0.360s] -- Up-to-date: /home/looubuntu/ros2_ws/install/my_interfaces/local/lib/python3.10/dist-packages/my_interfaces/__init__.py
[0.360s] -- Up-to-date: /home/looubuntu/ros2_ws/install/my_interfaces/local/lib/python3.10/dist-packages/my_interfaces/_my_interfaces_s.ep.rosidl_typesupport_c.c
[0.360s] -- Up-to-date: /home/looubuntu/ros2_ws/install/my_interfaces/local/lib/python3.10/dist-packages/my_interfaces/libmy_interfaces__rosidl_generator_py.so
[0.360s] -- Up-to-date: /home/looubuntu/ros2_ws/install/my_interfaces/local/lib/python3.10/dist-packages/my_interfaces/srv
[0.360s] -- Up-to-date: /home/looubuntu/ros2_ws/install/my_interfaces/local/lib/python3.10/dist-packages/my_interfaces/srv/_vd_s.c
[0.360s] -- Up-to-date: /home/looubuntu/ros2_ws/install/my_interfaces/local/lib/python3.10/dist-packages/my_interfaces/srv/__init__.py
[0.360s] -- Up-to-date: /home/looubuntu/ros2_ws/install/my_interfaces/local/lib/python3.10/dist-packages/my_interfaces/srv/_vd.py
[0.360s] -- Up-to-date: /home/looubuntu/ros2_ws/install/my_interfaces/local/lib/python3.10/dist-packages/my_interfaces/_my_interfaces_s.ep.rosidl_typesupport_introspection_c.c
[0.360s] -- Up-to-date: /home/looubuntu/ros2_ws/install/my_interfaces/local/lib/python3.10/dist-packages/my_interfaces/_my_interfaces_s.ep.rosidl_typesupport_fastrtps_c.c
[0.360s] -- Up-to-date: /home/looubuntu/ros2_ws/install/my_interfaces/local/lib/python3.10/dist-packages/my_interfaces/my_interfaces_s__rosidl_typesupport_introspection_c.cpython-310-x86_64-linux-gnu.so
[0.360s] -- Up-to-date: /home/looubuntu/ros2_ws/install/my_interfaces/local/lib/python3.10/dist-packages/my_interfaces/my_interfaces_s__rosidl_typesupport_fastrtps_c.cpython-310-x86_64-linux-gnu.so
[0.384s] Listing '/home/looubuntu/ros2_ws/install/my_interfaces/local/lib/python3.10/dist-packages/my_interfaces'...
[0.385s] Listing '/home/looubuntu/ros2_ws/install/my_interfaces/local/lib/python3.10/dist-packages/my_interfaces/msg'...
[0.385s] Listing '/home/looubuntu/ros2_ws/install/my_interfaces/local/lib/python3.10/dist-packages/my_interfaces/srv'...
[0.389s] -- Up-to-date: /home/looubuntu/ros2_ws/install/my_interfaces/local/lib/python3.10/dist-packages/my_interfaces/my_interfaces_s__rosidl_typesupport_fastrtps_c.cpython-310-x86_64-linux-gnu.so
[0.389s] -- Up-to-date: /home/looubuntu/ros2_ws/install/my_interfaces/local/lib/python3.10/dist-packages/my_interfaces/my_interfaces_s__rosidl_typesupport_introspection_c.cpython-310-x86_64-linux-gnu.so
[0.389s] -- Up-to-date: /home/looubuntu/ros2_ws/install/my_interfaces/local/lib/python3.10/dist-packages/my_interfaces/my_interfaces_s__rosidl_typesupport_c.cpython-310-x86_64-linux-gnu.so
[0.389s] -- Up-to-date: /home/looubuntu/ros2_ws/install/my_interfaces/lib/libmy_interfaces__rosidl_generator_py.so
[0.390s] -- Up-to-date: /home/looubuntu/ros2_ws/install/my_interfaces/share/my_interfaces/msg/MyMsg.idl
[0.390s] -- Up-to-date: /home/looubuntu/ros2_ws/install/my_interfaces/share/my_interfaces/srv/Vd.idl
[0.390s] -- Up-to-date: /home/looubuntu/ros2_ws/install/my_interfaces/share/my_interfaces/msg/MyMsg.msg
[0.390s] -- Up-to-date: /home/looubuntu/ros2_ws/install/my_interfaces/share/my_interfaces/srv/Vd.srv
[0.390s] -- Up-to-date: /home/looubuntu/ros2_ws/install/my_interfaces/share/my_interfaces/srv/Vd_Request.msg
[0.390s] -- Up-to-date: /home/looubuntu/ros2_ws/install/my_interfaces/share/my_interfaces/srv/Vd_Response.msg
[0.390s] -- Up-to-date: /home/looubuntu/ros2_ws/install/my_interfaces/share/ament_index/resource_index/package_run_dependencies/my_interfaces
[0.391s] -- Up-to-date: /home/looubuntu/ros2_ws/install/my_interfaces/share/ament_index/resource_index/parent_prefix_path/my_interfaces
[0.391s] -- Up-to-date: /home/looubuntu/ros2_ws/install/my_interfaces/share/my_interfaces/environment/ament_prefix_path.sh
[0.391s] -- Up-to-date: /home/looubuntu/ros2_ws/install/my_interfaces/share/my_interfaces/environment/ament_prefix_path.dsv
[0.391s] -- Up-to-date: /home/looubuntu/ros2_ws/install/my_interfaces/share/my_interfaces/environment/path.sh
[0.391s] -- Up-to-date: /home/looubuntu/ros2_ws/install/my_interfaces/share/my_interfaces/environment/path.dsv
[0.391s] -- Up-to-date: /home/looubuntu/ros2_ws/install/my_interfaces/share/my_interfaces/local_setup.bash
[0.391s] -- Up-to-date: /home/looubuntu/ros2_ws/install/my_interfaces/share/my_interfaces/local_setup.sh
[0.392s] -- Up-to-date: /home/looubuntu/ros2_ws/install/my_interfaces/share/my_interfaces/local_setup.zsh
[0.392s] -- Up-to-date: /home/looubuntu/ros2_ws/install/my_interfaces/share/my_interfaces/local_setup.dsv
[0.392s] -- Installing: /home/looubuntu/ros2_ws/install/my_interfaces/share/my_interfaces/package.dsv
[0.392s] -- Up-to-date: /home/looubuntu/ros2_ws/install/my_interfaces/share/ament_index/resource_index/packages/my_interfaces
[0.392s] -- Up-to-date: /home/looubuntu/ros2_ws/install/my_interfaces/share/my_interfaces/cmake/export_my_interfaces__rosidl_generator_cExport.cmake
[0.392s] -- Up-to-date: /home/looubuntu/ros2_ws/install/my_interfaces/share/my_interfaces/cmake/export_my_interfaces__rosidl_generator_cExport-noconfig.cmake
[0.392s] -- Up-to-date: /home/looubuntu/ros2_ws/install/my_interfaces/share/my_interfaces/cmake/export_my_interfaces__rosidl_typesupport_fastrtps_cExport.cmake
[0.392s] -- Up-to-date: /home/looubuntu/ros2_ws/install/my_interfaces/share/my_interfaces/cmake/export_my_interfaces__rosidl_typesupport_fastrtps_cExport-noconfig.cmake
[0.392s] -- Up-to-date: /home/looubuntu/ros2_ws/install/my_interfaces/share/my_interfaces/cmake/my_interfaces__rosidl_typesupport_introspection_cExport.cmake
[0.392s] -- Up-to-date: /home/looubuntu/ros2_ws/install/my_interfaces/share/my_interfaces/cmake/my_interfaces__rosidl_typesupport_introspection_cExport-noconfig.cmake
[0.392s] -- Up-to-date: /home/looubuntu/ros2_ws/install/my_interfaces/share/my_interfaces/cmake/my_interfaces__rosidl_typesupport_cExport.cmake
[0.393s] -- Up-to-date: /home/looubuntu/ros2_ws/install/my_interfaces/share/my_interfaces/cmake/my_interfaces__rosidl_typesupport_cExport-noconfig.cmake
[0.393s] -- Up-to-date: /home/looubuntu/ros2_ws/install/my_interfaces/share/my_interfaces/cmake/export_my_interfaces__rosidl_generator_cppExport.cmake
[0.393s] -- Up-to-date: /home/looubuntu/ros2_ws/install/my_interfaces/share/my_interfaces/cmake/export_my_interfaces__rosidl_typesupport_fastrtps_cppExport.cmake
[0.393s] -- Up-to-date: /home/looubuntu/ros2_ws/install/my_interfaces/share/my_interfaces/cmake/export_my_interfaces__rosidl_typesupport_fastrtps_cppExport-noconfig.cmake
[0.393s] -- Up-to-date: /home/looubuntu/ros2_ws/install/my_interfaces/share/my_interfaces/cmake/my_interfaces__rosidl_typesupport_introspection_cppExport.cmake
[0.393s] -- Up-to-date: /home/looubuntu/ros2_ws/install/my_interfaces/share/my_interfaces/cmake/my_interfaces__rosidl_typesupport_introspection_cppExport-noconfig.cmake
[0.393s] -- Up-to-date: /home/looubuntu/ros2_ws/install/my_interfaces/share/my_interfaces/cmake/my_interfaces__rosidl_typesupport_cppExport.cmake
[0.393s] -- Up-to-date: /home/looubuntu/ros2_ws/install/my_interfaces/share/my_interfaces/cmake/my_interfaces__rosidl_typesupport_cppExport-noconfig.cmake
[0.393s] -- Up-to-date: /home/looubuntu/ros2_ws/install/my_interfaces/share/my_interfaces/cmake/export_my_interfaces__rosidl_generator_pyExport.cmake
[0.394s] -- Up-to-date: /home/looubuntu/ros2_ws/install/my_interfaces/share/my_interfaces/cmake/export_my_interfaces__rosidl_generator_pyExport-noconfig.cmake
[0.394s] -- Up-to-date: /home/looubuntu/ros2_ws/install/my_interfaces/share/my_interfaces/cmake/rosidl_cmake-extras.cmake
[0.395s] -- Up-to-date: /home/looubuntu/ros2_ws/install/my_interfaces/share/my_interfaces/cmake/ament_cmake_export_include_directories-extras.cmake
[0.395s] -- Up-to-date: /home/looubuntu/ros2_ws/install/my_interfaces/share/my_interfaces/cmake/ament_cmake_export_libraries-extras.cmake
[0.395s] -- Up-to-date: /home/looubuntu/ros2_ws/install/my_interfaces/share/my_interfaces/cmake/ament_cmake_export_targets-extras.cmake
[0.395s] -- Up-to-date: /home/looubuntu/ros2_ws/install/my_interfaces/share/my_interfaces/cmake/rosidl_cmake_export_typesupport_targets-extras.cmake
[0.395s] -- Up-to-date: /home/looubuntu/ros2_ws/install/my_interfaces/share/my_interfaces/cmake/ament_cmake_export_dependencies-extras.cmake
[0.396s] -- Up-to-date: /home/looubuntu/ros2_ws/install/my_interfaces/share/my_interfaces/cmake/rosidl_cmake_export_typesupport_libraries-extras.cmake
[0.396s] -- Up-to-date: /home/looubuntu/ros2_ws/install/my_interfaces/share/my_interfaces/cmake/my_interfacesConfig.cmake
[0.396s] -- Up-to-date: /home/looubuntu/ros2_ws/install/my_interfaces/share/my_interfaces/cmake/my_interfacesConfig-version.cmake
[0.396s] -- Up-to-date: /home/looubuntu/ros2_ws/install/my_interfaces/share/my_interfaces/package.xml
[0.396s] Invoked command in '/home/looubuntu/ros2_ws/build/my_interfaces' returned '0': CMAKE_PREFIX_PATH=${CMAKE_PREFIX_PATH}:/home/looubuntu/ros2_ws/install/my_pkg:/opt/ros/humble /usr/bin/cmake --install /home/looubuntu/ros2_ws/build/my_interfaces
