[1.065s] Invoking command in '/home/looubuntu/ros2_ws/src/my_rb': PYTHONPATH=/home/looubuntu/ros2_ws/build/my_rb/prefix_override:/usr/lib/python3/dist-packages/colcon_core/task/python/colcon_distutils_commands:/home/looubuntu/ros2_ws/install/my_rb/lib/python3.10/site-packages:${PYTHONPATH} /usr/bin/python3 -W ignore:setup.py install is deprecated setup.py egg_info --egg-base ../../build/my_rb build --build-base /home/looubuntu/ros2_ws/build/my_rb/build install --record /home/looubuntu/ros2_ws/build/my_rb/install.log --single-version-externally-managed install_data
[1.281s] running egg_info
[1.282s] writing ../../build/my_rb/my_rb.egg-info/PKG-INFO
[1.282s] writing dependency_links to ../../build/my_rb/my_rb.egg-info/dependency_links.txt
[1.282s] writing entry points to ../../build/my_rb/my_rb.egg-info/entry_points.txt
[1.282s] writing requirements to ../../build/my_rb/my_rb.egg-info/requires.txt
[1.282s] writing top-level names to ../../build/my_rb/my_rb.egg-info/top_level.txt
[1.284s] reading manifest file '../../build/my_rb/my_rb.egg-info/SOURCES.txt'
[1.284s] adding license file 'LICENSE'
[1.285s] writing manifest file '../../build/my_rb/my_rb.egg-info/SOURCES.txt'
[1.285s] running build
[1.285s] running build_py
[1.285s] running install
[1.285s] running install_lib
[1.286s] running install_data
[1.286s] copying launch/gazebo.launch.py -> /home/looubuntu/ros2_ws/install/my_rb/share/my_rb/launch
[1.287s] running install_egg_info
[1.288s] removing '/home/looubuntu/ros2_ws/install/my_rb/lib/python3.10/site-packages/my_rb-0.0.0-py3.10.egg-info' (and everything under it)
[1.288s] Copying ../../build/my_rb/my_rb.egg-info to /home/looubuntu/ros2_ws/install/my_rb/lib/python3.10/site-packages/my_rb-0.0.0-py3.10.egg-info
[1.289s] running install_scripts
[1.308s] writing list of installed files to '/home/looubuntu/ros2_ws/build/my_rb/install.log'
[1.334s] Invoked command in '/home/looubuntu/ros2_ws/src/my_rb' returned '0': PYTHONPATH=/home/looubuntu/ros2_ws/build/my_rb/prefix_override:/usr/lib/python3/dist-packages/colcon_core/task/python/colcon_distutils_commands:/home/looubuntu/ros2_ws/install/my_rb/lib/python3.10/site-packages:${PYTHONPATH} /usr/bin/python3 -W ignore:setup.py install is deprecated setup.py egg_info --egg-base ../../build/my_rb build --build-base /home/looubuntu/ros2_ws/build/my_rb/build install --record /home/looubuntu/ros2_ws/build/my_rb/install.log --single-version-externally-managed install_data
