[0.099s] DEBUG:colcon:Command line arguments: ['/usr/bin/colcon', 'build']
[0.099s] DEBUG:colcon:Parsed command line arguments: Namespace(log_base=None, log_level=None, verb_name='build', build_base='build', install_base='install', merge_install=False, symlink_install=False, test_result_base=None, continue_on_error=False, executor='parallel', parallel_workers=12, event_handlers=None, ignore_user_meta=False, metas=['./colcon.meta'], base_paths=['.'], packages_ignore=None, packages_ignore_regex=None, paths=None, packages_up_to=None, packages_up_to_regex=None, packages_above=None, packages_above_and_dependencies=None, packages_above_depth=None, packages_select_by_dep=None, packages_skip_by_dep=None, packages_skip_up_to=None, packages_select_build_failed=False, packages_skip_build_finished=False, packages_select_test_failures=False, packages_skip_test_passed=False, packages_select=None, packages_skip=None, packages_select_regex=None, packages_skip_regex=None, packages_start=None, packages_end=None, allow_overriding=[], cmake_args=None, cmake_target=None, cmake_target_skip_unavailable=False, cmake_clean_cache=False, cmake_clean_first=False, cmake_force_configure=False, ament_cmake_args=None, catkin_cmake_args=None, catkin_skip_building_tests=False, mixin_files=None, mixin=None, verb_parser=<colcon_mixin.mixin.mixin_argument.MixinArgumentDecorator object at 0x71efb8841f60>, verb_extension=<colcon_core.verb.build.BuildVerb object at 0x71efb8936530>, main=<bound method BuildVerb.main of <colcon_core.verb.build.BuildVerb object at 0x71efb8936530>>, mixin_verb=('build',))
[0.251s] Level 1:colcon.colcon_core.package_discovery:discover_packages(colcon_meta) check parameters
[0.251s] Level 1:colcon.colcon_core.package_discovery:discover_packages(recursive) check parameters
[0.251s] Level 1:colcon.colcon_core.package_discovery:discover_packages(ignore) check parameters
[0.251s] Level 1:colcon.colcon_core.package_discovery:discover_packages(path) check parameters
[0.251s] Level 1:colcon.colcon_core.package_discovery:discover_packages(colcon_meta) discover
[0.251s] Level 1:colcon.colcon_core.package_discovery:discover_packages(recursive) discover
[0.251s] INFO:colcon.colcon_core.package_discovery:Crawling recursively for packages in '/home/looubuntu/ros2_ws'
[0.251s] Level 1:colcon.colcon_core.package_identification:_identify(.) by extensions ['ignore', 'ignore_ament_install']
[0.251s] Level 1:colcon.colcon_core.package_identification:_identify(.) by extension 'ignore'
[0.251s] Level 1:colcon.colcon_core.package_identification:_identify(.) by extension 'ignore_ament_install'
[0.252s] Level 1:colcon.colcon_core.package_identification:_identify(.) by extensions ['colcon_pkg']
[0.252s] Level 1:colcon.colcon_core.package_identification:_identify(.) by extension 'colcon_pkg'
[0.252s] Level 1:colcon.colcon_core.package_identification:_identify(.) by extensions ['colcon_meta']
[0.252s] Level 1:colcon.colcon_core.package_identification:_identify(.) by extension 'colcon_meta'
[0.252s] Level 1:colcon.colcon_core.package_identification:_identify(.) by extensions ['ros']
[0.252s] Level 1:colcon.colcon_core.package_identification:_identify(.) by extension 'ros'
[0.261s] Level 1:colcon.colcon_core.package_identification:_identify(.) by extensions ['cmake', 'python']
[0.261s] Level 1:colcon.colcon_core.package_identification:_identify(.) by extension 'cmake'
[0.262s] Level 1:colcon.colcon_core.package_identification:_identify(.) by extension 'python'
[0.262s] Level 1:colcon.colcon_core.package_identification:_identify(.) by extensions ['python_setup_py']
[0.262s] Level 1:colcon.colcon_core.package_identification:_identify(.) by extension 'python_setup_py'
[0.262s] Level 1:colcon.colcon_core.package_identification:_identify(__pycache__) by extensions ['ignore', 'ignore_ament_install']
[0.262s] Level 1:colcon.colcon_core.package_identification:_identify(__pycache__) by extension 'ignore'
[0.262s] Level 1:colcon.colcon_core.package_identification:_identify(__pycache__) by extension 'ignore_ament_install'
[0.262s] Level 1:colcon.colcon_core.package_identification:_identify(__pycache__) by extensions ['colcon_pkg']
[0.262s] Level 1:colcon.colcon_core.package_identification:_identify(__pycache__) by extension 'colcon_pkg'
[0.262s] Level 1:colcon.colcon_core.package_identification:_identify(__pycache__) by extensions ['colcon_meta']
[0.262s] Level 1:colcon.colcon_core.package_identification:_identify(__pycache__) by extension 'colcon_meta'
[0.262s] Level 1:colcon.colcon_core.package_identification:_identify(__pycache__) by extensions ['ros']
[0.262s] Level 1:colcon.colcon_core.package_identification:_identify(__pycache__) by extension 'ros'
[0.262s] Level 1:colcon.colcon_core.package_identification:_identify(__pycache__) by extensions ['cmake', 'python']
[0.262s] Level 1:colcon.colcon_core.package_identification:_identify(__pycache__) by extension 'cmake'
[0.263s] Level 1:colcon.colcon_core.package_identification:_identify(__pycache__) by extension 'python'
[0.263s] Level 1:colcon.colcon_core.package_identification:_identify(__pycache__) by extensions ['python_setup_py']
[0.263s] Level 1:colcon.colcon_core.package_identification:_identify(__pycache__) by extension 'python_setup_py'
[0.263s] Level 1:colcon.colcon_core.package_identification:_identify(build) by extensions ['ignore', 'ignore_ament_install']
[0.263s] Level 1:colcon.colcon_core.package_identification:_identify(build) by extension 'ignore'
[0.263s] Level 1:colcon.colcon_core.package_identification:_identify(build) ignored
[0.263s] Level 1:colcon.colcon_core.package_identification:_identify(install) by extensions ['ignore', 'ignore_ament_install']
[0.263s] Level 1:colcon.colcon_core.package_identification:_identify(install) by extension 'ignore'
[0.263s] Level 1:colcon.colcon_core.package_identification:_identify(install) ignored
[0.263s] Level 1:colcon.colcon_core.package_identification:_identify(log) by extensions ['ignore', 'ignore_ament_install']
[0.263s] Level 1:colcon.colcon_core.package_identification:_identify(log) by extension 'ignore'
[0.263s] Level 1:colcon.colcon_core.package_identification:_identify(log) ignored
[0.264s] Level 1:colcon.colcon_core.package_identification:_identify(meshes) by extensions ['ignore', 'ignore_ament_install']
[0.264s] Level 1:colcon.colcon_core.package_identification:_identify(meshes) by extension 'ignore'
[0.264s] Level 1:colcon.colcon_core.package_identification:_identify(meshes) by extension 'ignore_ament_install'
[0.264s] Level 1:colcon.colcon_core.package_identification:_identify(meshes) by extensions ['colcon_pkg']
[0.264s] Level 1:colcon.colcon_core.package_identification:_identify(meshes) by extension 'colcon_pkg'
[0.264s] Level 1:colcon.colcon_core.package_identification:_identify(meshes) by extensions ['colcon_meta']
[0.264s] Level 1:colcon.colcon_core.package_identification:_identify(meshes) by extension 'colcon_meta'
[0.264s] Level 1:colcon.colcon_core.package_identification:_identify(meshes) by extensions ['ros']
[0.264s] Level 1:colcon.colcon_core.package_identification:_identify(meshes) by extension 'ros'
[0.264s] Level 1:colcon.colcon_core.package_identification:_identify(meshes) by extensions ['cmake', 'python']
[0.264s] Level 1:colcon.colcon_core.package_identification:_identify(meshes) by extension 'cmake'
[0.264s] Level 1:colcon.colcon_core.package_identification:_identify(meshes) by extension 'python'
[0.264s] Level 1:colcon.colcon_core.package_identification:_identify(meshes) by extensions ['python_setup_py']
[0.264s] Level 1:colcon.colcon_core.package_identification:_identify(meshes) by extension 'python_setup_py'
[0.264s] Level 1:colcon.colcon_core.package_identification:_identify(src) by extensions ['ignore', 'ignore_ament_install']
[0.264s] Level 1:colcon.colcon_core.package_identification:_identify(src) by extension 'ignore'
[0.264s] Level 1:colcon.colcon_core.package_identification:_identify(src) by extension 'ignore_ament_install'
[0.264s] Level 1:colcon.colcon_core.package_identification:_identify(src) by extensions ['colcon_pkg']
[0.264s] Level 1:colcon.colcon_core.package_identification:_identify(src) by extension 'colcon_pkg'
[0.264s] Level 1:colcon.colcon_core.package_identification:_identify(src) by extensions ['colcon_meta']
[0.264s] Level 1:colcon.colcon_core.package_identification:_identify(src) by extension 'colcon_meta'
[0.265s] Level 1:colcon.colcon_core.package_identification:_identify(src) by extensions ['ros']
[0.265s] Level 1:colcon.colcon_core.package_identification:_identify(src) by extension 'ros'
[0.265s] Level 1:colcon.colcon_core.package_identification:_identify(src) by extensions ['cmake', 'python']
[0.265s] Level 1:colcon.colcon_core.package_identification:_identify(src) by extension 'cmake'
[0.265s] Level 1:colcon.colcon_core.package_identification:_identify(src) by extension 'python'
[0.265s] Level 1:colcon.colcon_core.package_identification:_identify(src) by extensions ['python_setup_py']
[0.265s] Level 1:colcon.colcon_core.package_identification:_identify(src) by extension 'python_setup_py'
[0.265s] Level 1:colcon.colcon_core.package_identification:_identify(src/build) by extensions ['ignore', 'ignore_ament_install']
[0.265s] Level 1:colcon.colcon_core.package_identification:_identify(src/build) by extension 'ignore'
[0.265s] Level 1:colcon.colcon_core.package_identification:_identify(src/build) ignored
[0.265s] Level 1:colcon.colcon_core.package_identification:_identify(src/install) by extensions ['ignore', 'ignore_ament_install']
[0.265s] Level 1:colcon.colcon_core.package_identification:_identify(src/install) by extension 'ignore'
[0.265s] Level 1:colcon.colcon_core.package_identification:_identify(src/install) ignored
[0.265s] Level 1:colcon.colcon_core.package_identification:_identify(src/log) by extensions ['ignore', 'ignore_ament_install']
[0.265s] Level 1:colcon.colcon_core.package_identification:_identify(src/log) by extension 'ignore'
[0.265s] Level 1:colcon.colcon_core.package_identification:_identify(src/log) ignored
[0.265s] Level 1:colcon.colcon_core.package_identification:_identify(src/modelo_robot) by extensions ['ignore', 'ignore_ament_install']
[0.265s] Level 1:colcon.colcon_core.package_identification:_identify(src/modelo_robot) by extension 'ignore'
[0.265s] Level 1:colcon.colcon_core.package_identification:_identify(src/modelo_robot) by extension 'ignore_ament_install'
[0.266s] Level 1:colcon.colcon_core.package_identification:_identify(src/modelo_robot) by extensions ['colcon_pkg']
[0.266s] Level 1:colcon.colcon_core.package_identification:_identify(src/modelo_robot) by extension 'colcon_pkg'
[0.266s] Level 1:colcon.colcon_core.package_identification:_identify(src/modelo_robot) by extensions ['colcon_meta']
[0.266s] Level 1:colcon.colcon_core.package_identification:_identify(src/modelo_robot) by extension 'colcon_meta'
[0.266s] Level 1:colcon.colcon_core.package_identification:_identify(src/modelo_robot) by extensions ['ros']
[0.266s] Level 1:colcon.colcon_core.package_identification:_identify(src/modelo_robot) by extension 'ros'
[0.268s] DEBUG:colcon.colcon_core.package_identification:Package 'src/modelo_robot' with type 'ros.ament_python' and name 'modelo_robot'
[0.268s] Level 1:colcon.colcon_core.package_identification:_identify(src/my_interfaces) by extensions ['ignore', 'ignore_ament_install']
[0.268s] Level 1:colcon.colcon_core.package_identification:_identify(src/my_interfaces) by extension 'ignore'
[0.268s] Level 1:colcon.colcon_core.package_identification:_identify(src/my_interfaces) by extension 'ignore_ament_install'
[0.268s] Level 1:colcon.colcon_core.package_identification:_identify(src/my_interfaces) by extensions ['colcon_pkg']
[0.268s] Level 1:colcon.colcon_core.package_identification:_identify(src/my_interfaces) by extension 'colcon_pkg'
[0.268s] Level 1:colcon.colcon_core.package_identification:_identify(src/my_interfaces) by extensions ['colcon_meta']
[0.268s] Level 1:colcon.colcon_core.package_identification:_identify(src/my_interfaces) by extension 'colcon_meta'
[0.268s] Level 1:colcon.colcon_core.package_identification:_identify(src/my_interfaces) by extensions ['ros']
[0.268s] Level 1:colcon.colcon_core.package_identification:_identify(src/my_interfaces) by extension 'ros'
[0.269s] DEBUG:colcon.colcon_core.package_identification:Package 'src/my_interfaces' with type 'ros.ament_cmake' and name 'my_interfaces'
[0.269s] Level 1:colcon.colcon_core.package_identification:_identify(src/my_pkg) by extensions ['ignore', 'ignore_ament_install']
[0.269s] Level 1:colcon.colcon_core.package_identification:_identify(src/my_pkg) by extension 'ignore'
[0.269s] Level 1:colcon.colcon_core.package_identification:_identify(src/my_pkg) by extension 'ignore_ament_install'
[0.269s] Level 1:colcon.colcon_core.package_identification:_identify(src/my_pkg) by extensions ['colcon_pkg']
[0.269s] Level 1:colcon.colcon_core.package_identification:_identify(src/my_pkg) by extension 'colcon_pkg'
[0.269s] Level 1:colcon.colcon_core.package_identification:_identify(src/my_pkg) by extensions ['colcon_meta']
[0.269s] Level 1:colcon.colcon_core.package_identification:_identify(src/my_pkg) by extension 'colcon_meta'
[0.269s] Level 1:colcon.colcon_core.package_identification:_identify(src/my_pkg) by extensions ['ros']
[0.269s] Level 1:colcon.colcon_core.package_identification:_identify(src/my_pkg) by extension 'ros'
[0.270s] DEBUG:colcon.colcon_core.package_identification:Package 'src/my_pkg' with type 'ros.ament_python' and name 'my_pkg'
[0.270s] Level 1:colcon.colcon_core.package_identification:_identify(src/my_robot) by extensions ['ignore', 'ignore_ament_install']
[0.270s] Level 1:colcon.colcon_core.package_identification:_identify(src/my_robot) by extension 'ignore'
[0.270s] Level 1:colcon.colcon_core.package_identification:_identify(src/my_robot) by extension 'ignore_ament_install'
[0.270s] Level 1:colcon.colcon_core.package_identification:_identify(src/my_robot) by extensions ['colcon_pkg']
[0.270s] Level 1:colcon.colcon_core.package_identification:_identify(src/my_robot) by extension 'colcon_pkg'
[0.270s] Level 1:colcon.colcon_core.package_identification:_identify(src/my_robot) by extensions ['colcon_meta']
[0.270s] Level 1:colcon.colcon_core.package_identification:_identify(src/my_robot) by extension 'colcon_meta'
[0.270s] Level 1:colcon.colcon_core.package_identification:_identify(src/my_robot) by extensions ['ros']
[0.270s] Level 1:colcon.colcon_core.package_identification:_identify(src/my_robot) by extension 'ros'
[0.270s] DEBUG:colcon.colcon_core.package_identification:Package 'src/my_robot' with type 'ros.ament_python' and name 'my_robot'
[0.271s] Level 1:colcon.colcon_core.package_identification:_identify(src/urdf_test) by extensions ['ignore', 'ignore_ament_install']
[0.271s] Level 1:colcon.colcon_core.package_identification:_identify(src/urdf_test) by extension 'ignore'
[0.271s] Level 1:colcon.colcon_core.package_identification:_identify(src/urdf_test) by extension 'ignore_ament_install'
[0.271s] Level 1:colcon.colcon_core.package_identification:_identify(src/urdf_test) by extensions ['colcon_pkg']
[0.271s] Level 1:colcon.colcon_core.package_identification:_identify(src/urdf_test) by extension 'colcon_pkg'
[0.271s] Level 1:colcon.colcon_core.package_identification:_identify(src/urdf_test) by extensions ['colcon_meta']
[0.271s] Level 1:colcon.colcon_core.package_identification:_identify(src/urdf_test) by extension 'colcon_meta'
[0.271s] Level 1:colcon.colcon_core.package_identification:_identify(src/urdf_test) by extensions ['ros']
[0.271s] Level 1:colcon.colcon_core.package_identification:_identify(src/urdf_test) by extension 'ros'
[0.271s] DEBUG:colcon.colcon_core.package_identification:Package 'src/urdf_test' with type 'ros.ament_cmake' and name 'urdf_test'
[0.271s] Level 1:colcon.colcon_core.package_identification:_identify(urdf) by extensions ['ignore', 'ignore_ament_install']
[0.271s] Level 1:colcon.colcon_core.package_identification:_identify(urdf) by extension 'ignore'
[0.272s] Level 1:colcon.colcon_core.package_identification:_identify(urdf) by extension 'ignore_ament_install'
[0.272s] Level 1:colcon.colcon_core.package_identification:_identify(urdf) by extensions ['colcon_pkg']
[0.272s] Level 1:colcon.colcon_core.package_identification:_identify(urdf) by extension 'colcon_pkg'
[0.272s] Level 1:colcon.colcon_core.package_identification:_identify(urdf) by extensions ['colcon_meta']
[0.272s] Level 1:colcon.colcon_core.package_identification:_identify(urdf) by extension 'colcon_meta'
[0.272s] Level 1:colcon.colcon_core.package_identification:_identify(urdf) by extensions ['ros']
[0.272s] Level 1:colcon.colcon_core.package_identification:_identify(urdf) by extension 'ros'
[0.272s] Level 1:colcon.colcon_core.package_identification:_identify(urdf) by extensions ['cmake', 'python']
[0.272s] Level 1:colcon.colcon_core.package_identification:_identify(urdf) by extension 'cmake'
[0.272s] Level 1:colcon.colcon_core.package_identification:_identify(urdf) by extension 'python'
[0.272s] Level 1:colcon.colcon_core.package_identification:_identify(urdf) by extensions ['python_setup_py']
[0.272s] Level 1:colcon.colcon_core.package_identification:_identify(urdf) by extension 'python_setup_py'
[0.272s] Level 1:colcon.colcon_core.package_discovery:discover_packages(recursive) using defaults
[0.272s] Level 1:colcon.colcon_core.package_discovery:discover_packages(ignore) discover
[0.272s] Level 1:colcon.colcon_core.package_discovery:discover_packages(ignore) using defaults
[0.272s] Level 1:colcon.colcon_core.package_discovery:discover_packages(path) discover
[0.272s] Level 1:colcon.colcon_core.package_discovery:discover_packages(path) using defaults
[0.290s] Level 1:colcon.colcon_core.package_discovery:discover_packages(prefix_path) check parameters
[0.290s] Level 1:colcon.colcon_core.package_discovery:discover_packages(prefix_path) discover
[0.291s] DEBUG:colcon.colcon_installed_package_information.package_discovery:Found 5 installed packages in /home/looubuntu/ros2_ws/install
[0.293s] DEBUG:colcon.colcon_installed_package_information.package_discovery:Found 311 installed packages in /opt/ros/humble
[0.304s] Level 1:colcon.colcon_core.package_discovery:discover_packages(prefix_path) using defaults
[0.340s] Level 5:colcon.colcon_core.verb:set package 'modelo_robot' build argument 'cmake_args' from command line to 'None'
[0.341s] Level 5:colcon.colcon_core.verb:set package 'modelo_robot' build argument 'cmake_target' from command line to 'None'
[0.341s] Level 5:colcon.colcon_core.verb:set package 'modelo_robot' build argument 'cmake_target_skip_unavailable' from command line to 'False'
[0.341s] Level 5:colcon.colcon_core.verb:set package 'modelo_robot' build argument 'cmake_clean_cache' from command line to 'False'
[0.341s] Level 5:colcon.colcon_core.verb:set package 'modelo_robot' build argument 'cmake_clean_first' from command line to 'False'
[0.341s] Level 5:colcon.colcon_core.verb:set package 'modelo_robot' build argument 'cmake_force_configure' from command line to 'False'
[0.341s] Level 5:colcon.colcon_core.verb:set package 'modelo_robot' build argument 'ament_cmake_args' from command line to 'None'
[0.341s] Level 5:colcon.colcon_core.verb:set package 'modelo_robot' build argument 'catkin_cmake_args' from command line to 'None'
[0.341s] Level 5:colcon.colcon_core.verb:set package 'modelo_robot' build argument 'catkin_skip_building_tests' from command line to 'False'
[0.341s] DEBUG:colcon.colcon_core.verb:Building package 'modelo_robot' with the following arguments: {'ament_cmake_args': None, 'build_base': '/home/looubuntu/ros2_ws/build/modelo_robot', 'catkin_cmake_args': None, 'catkin_skip_building_tests': False, 'cmake_args': None, 'cmake_clean_cache': False, 'cmake_clean_first': False, 'cmake_force_configure': False, 'cmake_target': None, 'cmake_target_skip_unavailable': False, 'install_base': '/home/looubuntu/ros2_ws/install/modelo_robot', 'merge_install': False, 'path': '/home/looubuntu/ros2_ws/src/modelo_robot', 'symlink_install': False, 'test_result_base': None}
[0.341s] Level 5:colcon.colcon_core.verb:set package 'my_interfaces' build argument 'cmake_args' from command line to 'None'
[0.341s] Level 5:colcon.colcon_core.verb:set package 'my_interfaces' build argument 'cmake_target' from command line to 'None'
[0.341s] Level 5:colcon.colcon_core.verb:set package 'my_interfaces' build argument 'cmake_target_skip_unavailable' from command line to 'False'
[0.341s] Level 5:colcon.colcon_core.verb:set package 'my_interfaces' build argument 'cmake_clean_cache' from command line to 'False'
[0.341s] Level 5:colcon.colcon_core.verb:set package 'my_interfaces' build argument 'cmake_clean_first' from command line to 'False'
[0.341s] Level 5:colcon.colcon_core.verb:set package 'my_interfaces' build argument 'cmake_force_configure' from command line to 'False'
[0.341s] Level 5:colcon.colcon_core.verb:set package 'my_interfaces' build argument 'ament_cmake_args' from command line to 'None'
[0.341s] Level 5:colcon.colcon_core.verb:set package 'my_interfaces' build argument 'catkin_cmake_args' from command line to 'None'
[0.341s] Level 5:colcon.colcon_core.verb:set package 'my_interfaces' build argument 'catkin_skip_building_tests' from command line to 'False'
[0.341s] DEBUG:colcon.colcon_core.verb:Building package 'my_interfaces' with the following arguments: {'ament_cmake_args': None, 'build_base': '/home/looubuntu/ros2_ws/build/my_interfaces', 'catkin_cmake_args': None, 'catkin_skip_building_tests': False, 'cmake_args': None, 'cmake_clean_cache': False, 'cmake_clean_first': False, 'cmake_force_configure': False, 'cmake_target': None, 'cmake_target_skip_unavailable': False, 'install_base': '/home/looubuntu/ros2_ws/install/my_interfaces', 'merge_install': False, 'path': '/home/looubuntu/ros2_ws/src/my_interfaces', 'symlink_install': False, 'test_result_base': None}
[0.342s] Level 5:colcon.colcon_core.verb:set package 'my_pkg' build argument 'cmake_args' from command line to 'None'
[0.342s] Level 5:colcon.colcon_core.verb:set package 'my_pkg' build argument 'cmake_target' from command line to 'None'
[0.342s] Level 5:colcon.colcon_core.verb:set package 'my_pkg' build argument 'cmake_target_skip_unavailable' from command line to 'False'
[0.342s] Level 5:colcon.colcon_core.verb:set package 'my_pkg' build argument 'cmake_clean_cache' from command line to 'False'
[0.342s] Level 5:colcon.colcon_core.verb:set package 'my_pkg' build argument 'cmake_clean_first' from command line to 'False'
[0.342s] Level 5:colcon.colcon_core.verb:set package 'my_pkg' build argument 'cmake_force_configure' from command line to 'False'
[0.342s] Level 5:colcon.colcon_core.verb:set package 'my_pkg' build argument 'ament_cmake_args' from command line to 'None'
[0.342s] Level 5:colcon.colcon_core.verb:set package 'my_pkg' build argument 'catkin_cmake_args' from command line to 'None'
[0.342s] Level 5:colcon.colcon_core.verb:set package 'my_pkg' build argument 'catkin_skip_building_tests' from command line to 'False'
[0.342s] DEBUG:colcon.colcon_core.verb:Building package 'my_pkg' with the following arguments: {'ament_cmake_args': None, 'build_base': '/home/looubuntu/ros2_ws/build/my_pkg', 'catkin_cmake_args': None, 'catkin_skip_building_tests': False, 'cmake_args': None, 'cmake_clean_cache': False, 'cmake_clean_first': False, 'cmake_force_configure': False, 'cmake_target': None, 'cmake_target_skip_unavailable': False, 'install_base': '/home/looubuntu/ros2_ws/install/my_pkg', 'merge_install': False, 'path': '/home/looubuntu/ros2_ws/src/my_pkg', 'symlink_install': False, 'test_result_base': None}
[0.342s] Level 5:colcon.colcon_core.verb:set package 'my_robot' build argument 'cmake_args' from command line to 'None'
[0.342s] Level 5:colcon.colcon_core.verb:set package 'my_robot' build argument 'cmake_target' from command line to 'None'
[0.342s] Level 5:colcon.colcon_core.verb:set package 'my_robot' build argument 'cmake_target_skip_unavailable' from command line to 'False'
[0.342s] Level 5:colcon.colcon_core.verb:set package 'my_robot' build argument 'cmake_clean_cache' from command line to 'False'
[0.342s] Level 5:colcon.colcon_core.verb:set package 'my_robot' build argument 'cmake_clean_first' from command line to 'False'
[0.342s] Level 5:colcon.colcon_core.verb:set package 'my_robot' build argument 'cmake_force_configure' from command line to 'False'
[0.342s] Level 5:colcon.colcon_core.verb:set package 'my_robot' build argument 'ament_cmake_args' from command line to 'None'
[0.342s] Level 5:colcon.colcon_core.verb:set package 'my_robot' build argument 'catkin_cmake_args' from command line to 'None'
[0.342s] Level 5:colcon.colcon_core.verb:set package 'my_robot' build argument 'catkin_skip_building_tests' from command line to 'False'
[0.342s] DEBUG:colcon.colcon_core.verb:Building package 'my_robot' with the following arguments: {'ament_cmake_args': None, 'build_base': '/home/looubuntu/ros2_ws/build/my_robot', 'catkin_cmake_args': None, 'catkin_skip_building_tests': False, 'cmake_args': None, 'cmake_clean_cache': False, 'cmake_clean_first': False, 'cmake_force_configure': False, 'cmake_target': None, 'cmake_target_skip_unavailable': False, 'install_base': '/home/looubuntu/ros2_ws/install/my_robot', 'merge_install': False, 'path': '/home/looubuntu/ros2_ws/src/my_robot', 'symlink_install': False, 'test_result_base': None}
[0.343s] Level 5:colcon.colcon_core.verb:set package 'urdf_test' build argument 'cmake_args' from command line to 'None'
[0.343s] Level 5:colcon.colcon_core.verb:set package 'urdf_test' build argument 'cmake_target' from command line to 'None'
[0.343s] Level 5:colcon.colcon_core.verb:set package 'urdf_test' build argument 'cmake_target_skip_unavailable' from command line to 'False'
[0.343s] Level 5:colcon.colcon_core.verb:set package 'urdf_test' build argument 'cmake_clean_cache' from command line to 'False'
[0.343s] Level 5:colcon.colcon_core.verb:set package 'urdf_test' build argument 'cmake_clean_first' from command line to 'False'
[0.343s] Level 5:colcon.colcon_core.verb:set package 'urdf_test' build argument 'cmake_force_configure' from command line to 'False'
[0.343s] Level 5:colcon.colcon_core.verb:set package 'urdf_test' build argument 'ament_cmake_args' from command line to 'None'
[0.343s] Level 5:colcon.colcon_core.verb:set package 'urdf_test' build argument 'catkin_cmake_args' from command line to 'None'
[0.343s] Level 5:colcon.colcon_core.verb:set package 'urdf_test' build argument 'catkin_skip_building_tests' from command line to 'False'
[0.343s] DEBUG:colcon.colcon_core.verb:Building package 'urdf_test' with the following arguments: {'ament_cmake_args': None, 'build_base': '/home/looubuntu/ros2_ws/build/urdf_test', 'catkin_cmake_args': None, 'catkin_skip_building_tests': False, 'cmake_args': None, 'cmake_clean_cache': False, 'cmake_clean_first': False, 'cmake_force_configure': False, 'cmake_target': None, 'cmake_target_skip_unavailable': False, 'install_base': '/home/looubuntu/ros2_ws/install/urdf_test', 'merge_install': False, 'path': '/home/looubuntu/ros2_ws/src/urdf_test', 'symlink_install': False, 'test_result_base': None}
[0.343s] INFO:colcon.colcon_core.executor:Executing jobs using 'parallel' executor
[0.344s] DEBUG:colcon.colcon_parallel_executor.executor.parallel:run_until_complete
[0.344s] INFO:colcon.colcon_ros.task.ament_python.build:Building ROS package in '/home/looubuntu/ros2_ws/src/modelo_robot' with build type 'ament_python'
[0.344s] Level 1:colcon.colcon_core.shell:create_environment_hook('modelo_robot', 'ament_prefix_path')
[0.347s] INFO:colcon.colcon_core.plugin_system:Skipping extension 'colcon_core.shell.bat': Not used on non-Windows systems
[0.347s] INFO:colcon.colcon_core.shell:Creating environment hook '/home/looubuntu/ros2_ws/install/modelo_robot/share/modelo_robot/hook/ament_prefix_path.ps1'
[0.348s] INFO:colcon.colcon_core.shell:Creating environment descriptor '/home/looubuntu/ros2_ws/install/modelo_robot/share/modelo_robot/hook/ament_prefix_path.dsv'
[0.348s] INFO:colcon.colcon_core.shell:Creating environment hook '/home/looubuntu/ros2_ws/install/modelo_robot/share/modelo_robot/hook/ament_prefix_path.sh'
[0.349s] INFO:colcon.colcon_core.shell:Skip shell extension 'powershell' for command environment: Not usable outside of PowerShell
[0.349s] DEBUG:colcon.colcon_core.shell:Skip shell extension 'dsv' for command environment
[0.352s] INFO:colcon.colcon_ros.task.ament_cmake.build:Building ROS package in '/home/looubuntu/ros2_ws/src/my_interfaces' with build type 'ament_cmake'
[0.352s] INFO:colcon.colcon_cmake.task.cmake.build:Building CMake package in '/home/looubuntu/ros2_ws/src/my_interfaces'
[0.352s] INFO:colcon.colcon_core.shell:Skip shell extension 'powershell' for command environment: Not usable outside of PowerShell
[0.352s] DEBUG:colcon.colcon_core.shell:Skip shell extension 'dsv' for command environment
[0.355s] INFO:colcon.colcon_ros.task.ament_python.build:Building ROS package in '/home/looubuntu/ros2_ws/src/my_pkg' with build type 'ament_python'
[0.355s] Level 1:colcon.colcon_core.shell:create_environment_hook('my_pkg', 'ament_prefix_path')
[0.355s] INFO:colcon.colcon_core.shell:Creating environment hook '/home/looubuntu/ros2_ws/install/my_pkg/share/my_pkg/hook/ament_prefix_path.ps1'
[0.356s] INFO:colcon.colcon_core.shell:Creating environment descriptor '/home/looubuntu/ros2_ws/install/my_pkg/share/my_pkg/hook/ament_prefix_path.dsv'
[0.356s] INFO:colcon.colcon_core.shell:Creating environment hook '/home/looubuntu/ros2_ws/install/my_pkg/share/my_pkg/hook/ament_prefix_path.sh'
[0.356s] INFO:colcon.colcon_core.shell:Skip shell extension 'powershell' for command environment: Not usable outside of PowerShell
[0.356s] DEBUG:colcon.colcon_core.shell:Skip shell extension 'dsv' for command environment
[0.359s] INFO:colcon.colcon_ros.task.ament_python.build:Building ROS package in '/home/looubuntu/ros2_ws/src/my_robot' with build type 'ament_python'
[0.359s] Level 1:colcon.colcon_core.shell:create_environment_hook('my_robot', 'ament_prefix_path')
[0.359s] INFO:colcon.colcon_core.shell:Creating environment hook '/home/looubuntu/ros2_ws/install/my_robot/share/my_robot/hook/ament_prefix_path.ps1'
[0.360s] INFO:colcon.colcon_core.shell:Creating environment descriptor '/home/looubuntu/ros2_ws/install/my_robot/share/my_robot/hook/ament_prefix_path.dsv'
[0.360s] INFO:colcon.colcon_core.shell:Creating environment hook '/home/looubuntu/ros2_ws/install/my_robot/share/my_robot/hook/ament_prefix_path.sh'
[0.360s] INFO:colcon.colcon_core.shell:Skip shell extension 'powershell' for command environment: Not usable outside of PowerShell
[0.360s] DEBUG:colcon.colcon_core.shell:Skip shell extension 'dsv' for command environment
[0.363s] INFO:colcon.colcon_ros.task.ament_cmake.build:Building ROS package in '/home/looubuntu/ros2_ws/src/urdf_test' with build type 'ament_cmake'
[0.364s] INFO:colcon.colcon_cmake.task.cmake.build:Building CMake package in '/home/looubuntu/ros2_ws/src/urdf_test'
[0.364s] INFO:colcon.colcon_core.shell:Skip shell extension 'powershell' for command environment: Not usable outside of PowerShell
[0.364s] DEBUG:colcon.colcon_core.shell:Skip shell extension 'dsv' for command environment
[0.595s] INFO:colcon.colcon_core.task.python.build:Building Python package in '/home/looubuntu/ros2_ws/src/modelo_robot'
[0.595s] INFO:colcon.colcon_core.shell:Skip shell extension 'powershell' for command environment: Not usable outside of PowerShell
[0.595s] DEBUG:colcon.colcon_core.shell:Skip shell extension 'dsv' for command environment
[0.602s] DEBUG:colcon.colcon_core.event_handler.log_command:Invoking command in '/home/looubuntu/ros2_ws/build/my_interfaces': CMAKE_PREFIX_PATH=${CMAKE_PREFIX_PATH}:/home/looubuntu/ros2_ws/install/my_robot:/home/looubuntu/ros2_ws/install/my_pkg:/home/looubuntu/ros2_ws/install/modelo_robot:/opt/ros/humble /usr/bin/cmake --build /home/looubuntu/ros2_ws/build/my_interfaces -- -j12 -l12
[0.871s] INFO:colcon.colcon_core.task.python.build:Building Python package in '/home/looubuntu/ros2_ws/src/my_pkg'
[0.872s] INFO:colcon.colcon_core.shell:Skip shell extension 'powershell' for command environment: Not usable outside of PowerShell
[0.872s] DEBUG:colcon.colcon_core.shell:Skip shell extension 'dsv' for command environment
[1.113s] INFO:colcon.colcon_core.task.python.build:Building Python package in '/home/looubuntu/ros2_ws/src/my_robot'
[1.114s] INFO:colcon.colcon_core.shell:Skip shell extension 'powershell' for command environment: Not usable outside of PowerShell
[1.114s] DEBUG:colcon.colcon_core.shell:Skip shell extension 'dsv' for command environment
[1.121s] DEBUG:colcon.colcon_core.event_handler.log_command:Invoking command in '/home/looubuntu/ros2_ws/build/urdf_test': CMAKE_PREFIX_PATH=${CMAKE_PREFIX_PATH}:/home/looubuntu/ros2_ws/install/my_robot:/home/looubuntu/ros2_ws/install/my_pkg:/home/looubuntu/ros2_ws/install/modelo_robot:/opt/ros/humble /usr/bin/cmake --build /home/looubuntu/ros2_ws/build/urdf_test -- -j12 -l12
[1.122s] DEBUG:colcon.colcon_core.event_handler.log_command:Invoked command in '/home/looubuntu/ros2_ws/build/my_interfaces' returned '0': CMAKE_PREFIX_PATH=${CMAKE_PREFIX_PATH}:/home/looubuntu/ros2_ws/install/my_robot:/home/looubuntu/ros2_ws/install/my_pkg:/home/looubuntu/ros2_ws/install/modelo_robot:/opt/ros/humble /usr/bin/cmake --build /home/looubuntu/ros2_ws/build/my_interfaces -- -j12 -l12
[1.153s] DEBUG:colcon.colcon_core.event_handler.log_command:Invoked command in '/home/looubuntu/ros2_ws/build/urdf_test' returned '0': CMAKE_PREFIX_PATH=${CMAKE_PREFIX_PATH}:/home/looubuntu/ros2_ws/install/my_robot:/home/looubuntu/ros2_ws/install/my_pkg:/home/looubuntu/ros2_ws/install/modelo_robot:/opt/ros/humble /usr/bin/cmake --build /home/looubuntu/ros2_ws/build/urdf_test -- -j12 -l12
[1.178s] DEBUG:colcon.colcon_core.event_handler.log_command:Invoking command in '/home/looubuntu/ros2_ws/build/urdf_test': CMAKE_PREFIX_PATH=${CMAKE_PREFIX_PATH}:/home/looubuntu/ros2_ws/install/my_robot:/home/looubuntu/ros2_ws/install/my_pkg:/home/looubuntu/ros2_ws/install/modelo_robot:/opt/ros/humble /usr/bin/cmake --install /home/looubuntu/ros2_ws/build/urdf_test
[1.181s] DEBUG:colcon.colcon_core.event_handler.log_command:Invoking command in '/home/looubuntu/ros2_ws/build/my_interfaces': CMAKE_PREFIX_PATH=${CMAKE_PREFIX_PATH}:/home/looubuntu/ros2_ws/install/my_robot:/home/looubuntu/ros2_ws/install/my_pkg:/home/looubuntu/ros2_ws/install/modelo_robot:/opt/ros/humble /usr/bin/cmake --install /home/looubuntu/ros2_ws/build/my_interfaces
[1.188s] Level 1:colcon.colcon_core.environment:create_environment_scripts_only(urdf_test)
[1.195s] DEBUG:colcon.colcon_core.event_handler.log_command:Invoked command in '/home/looubuntu/ros2_ws/build/urdf_test' returned '0': CMAKE_PREFIX_PATH=${CMAKE_PREFIX_PATH}:/home/looubuntu/ros2_ws/install/my_robot:/home/looubuntu/ros2_ws/install/my_pkg:/home/looubuntu/ros2_ws/install/modelo_robot:/opt/ros/humble /usr/bin/cmake --install /home/looubuntu/ros2_ws/build/urdf_test
[1.197s] Level 1:colcon.colcon_core.environment:checking '/home/looubuntu/ros2_ws/install/urdf_test' for CMake module files
[1.197s] Level 1:colcon.colcon_core.environment:checking '/home/looubuntu/ros2_ws/install/urdf_test' for CMake config files
[1.199s] Level 1:colcon.colcon_core.shell:create_environment_hook('urdf_test', 'cmake_prefix_path')
[1.199s] INFO:colcon.colcon_core.shell:Creating environment hook '/home/looubuntu/ros2_ws/install/urdf_test/share/urdf_test/hook/cmake_prefix_path.ps1'
[1.201s] INFO:colcon.colcon_core.shell:Creating environment descriptor '/home/looubuntu/ros2_ws/install/urdf_test/share/urdf_test/hook/cmake_prefix_path.dsv'
[1.202s] INFO:colcon.colcon_core.shell:Creating environment hook '/home/looubuntu/ros2_ws/install/urdf_test/share/urdf_test/hook/cmake_prefix_path.sh'
[1.203s] Level 1:colcon.colcon_core.environment:checking '/home/looubuntu/ros2_ws/install/urdf_test/bin'
[1.203s] Level 1:colcon.colcon_core.environment:checking '/home/looubuntu/ros2_ws/install/urdf_test/lib/pkgconfig/urdf_test.pc'
[1.203s] Level 1:colcon.colcon_core.environment:checking '/home/looubuntu/ros2_ws/install/urdf_test/lib/python3.10/site-packages'
[1.204s] Level 1:colcon.colcon_core.environment:checking '/home/looubuntu/ros2_ws/install/urdf_test/bin'
[1.204s] INFO:colcon.colcon_core.shell:Creating package script '/home/looubuntu/ros2_ws/install/urdf_test/share/urdf_test/package.ps1'
[1.207s] INFO:colcon.colcon_core.shell:Creating package descriptor '/home/looubuntu/ros2_ws/install/urdf_test/share/urdf_test/package.dsv'
[1.209s] INFO:colcon.colcon_core.shell:Creating package script '/home/looubuntu/ros2_ws/install/urdf_test/share/urdf_test/package.sh'
[1.210s] INFO:colcon.colcon_core.shell:Creating package script '/home/looubuntu/ros2_ws/install/urdf_test/share/urdf_test/package.bash'
[1.212s] INFO:colcon.colcon_core.shell:Creating package script '/home/looubuntu/ros2_ws/install/urdf_test/share/urdf_test/package.zsh'
[1.213s] Level 1:colcon.colcon_core.environment:create_file_with_runtime_dependencies(/home/looubuntu/ros2_ws/install/urdf_test/share/colcon-core/packages/urdf_test)
[1.233s] Level 1:colcon.colcon_core.environment:create_environment_scripts_only(urdf_test)
[1.233s] Level 1:colcon.colcon_core.environment:checking '/home/looubuntu/ros2_ws/install/urdf_test' for CMake module files
[1.235s] Level 1:colcon.colcon_core.environment:checking '/home/looubuntu/ros2_ws/install/urdf_test' for CMake config files
[1.236s] Level 1:colcon.colcon_core.shell:create_environment_hook('urdf_test', 'cmake_prefix_path')
[1.236s] INFO:colcon.colcon_core.shell:Creating environment hook '/home/looubuntu/ros2_ws/install/urdf_test/share/urdf_test/hook/cmake_prefix_path.ps1'
[1.237s] INFO:colcon.colcon_core.shell:Creating environment descriptor '/home/looubuntu/ros2_ws/install/urdf_test/share/urdf_test/hook/cmake_prefix_path.dsv'
[1.237s] INFO:colcon.colcon_core.shell:Creating environment hook '/home/looubuntu/ros2_ws/install/urdf_test/share/urdf_test/hook/cmake_prefix_path.sh'
[1.238s] Level 1:colcon.colcon_core.environment:checking '/home/looubuntu/ros2_ws/install/urdf_test/bin'
[1.238s] Level 1:colcon.colcon_core.environment:checking '/home/looubuntu/ros2_ws/install/urdf_test/lib/pkgconfig/urdf_test.pc'
[1.238s] Level 1:colcon.colcon_core.environment:checking '/home/looubuntu/ros2_ws/install/urdf_test/lib/python3.10/site-packages'
[1.238s] Level 1:colcon.colcon_core.environment:checking '/home/looubuntu/ros2_ws/install/urdf_test/bin'
[1.238s] INFO:colcon.colcon_core.shell:Creating package script '/home/looubuntu/ros2_ws/install/urdf_test/share/urdf_test/package.ps1'
[1.239s] INFO:colcon.colcon_core.shell:Creating package descriptor '/home/looubuntu/ros2_ws/install/urdf_test/share/urdf_test/package.dsv'
[1.239s] INFO:colcon.colcon_core.shell:Creating package script '/home/looubuntu/ros2_ws/install/urdf_test/share/urdf_test/package.sh'
[1.240s] INFO:colcon.colcon_core.shell:Creating package script '/home/looubuntu/ros2_ws/install/urdf_test/share/urdf_test/package.bash'
[1.240s] INFO:colcon.colcon_core.shell:Creating package script '/home/looubuntu/ros2_ws/install/urdf_test/share/urdf_test/package.zsh'
[1.240s] Level 1:colcon.colcon_core.environment:create_file_with_runtime_dependencies(/home/looubuntu/ros2_ws/install/urdf_test/share/colcon-core/packages/urdf_test)
[1.241s] Level 1:colcon.colcon_core.environment:create_environment_scripts_only(my_interfaces)
[1.241s] Level 1:colcon.colcon_core.environment:checking '/home/looubuntu/ros2_ws/install/my_interfaces' for CMake module files
[1.242s] DEBUG:colcon.colcon_core.event_handler.log_command:Invoked command in '/home/looubuntu/ros2_ws/build/my_interfaces' returned '0': CMAKE_PREFIX_PATH=${CMAKE_PREFIX_PATH}:/home/looubuntu/ros2_ws/install/my_robot:/home/looubuntu/ros2_ws/install/my_pkg:/home/looubuntu/ros2_ws/install/modelo_robot:/opt/ros/humble /usr/bin/cmake --install /home/looubuntu/ros2_ws/build/my_interfaces
[1.242s] Level 1:colcon.colcon_core.environment:checking '/home/looubuntu/ros2_ws/install/my_interfaces' for CMake config files
[1.242s] Level 1:colcon.colcon_core.shell:create_environment_hook('my_interfaces', 'cmake_prefix_path')
[1.243s] INFO:colcon.colcon_core.shell:Creating environment hook '/home/looubuntu/ros2_ws/install/my_interfaces/share/my_interfaces/hook/cmake_prefix_path.ps1'
[1.243s] INFO:colcon.colcon_core.shell:Creating environment descriptor '/home/looubuntu/ros2_ws/install/my_interfaces/share/my_interfaces/hook/cmake_prefix_path.dsv'
[1.243s] INFO:colcon.colcon_core.shell:Creating environment hook '/home/looubuntu/ros2_ws/install/my_interfaces/share/my_interfaces/hook/cmake_prefix_path.sh'
[1.244s] Level 1:colcon.colcon_core.environment:checking '/home/looubuntu/ros2_ws/install/my_interfaces/lib'
[1.244s] Level 1:colcon.colcon_core.shell:create_environment_hook('my_interfaces', 'ld_library_path_lib')
[1.244s] INFO:colcon.colcon_core.shell:Creating environment hook '/home/looubuntu/ros2_ws/install/my_interfaces/share/my_interfaces/hook/ld_library_path_lib.ps1'
[1.245s] INFO:colcon.colcon_core.shell:Creating environment descriptor '/home/looubuntu/ros2_ws/install/my_interfaces/share/my_interfaces/hook/ld_library_path_lib.dsv'
[1.245s] INFO:colcon.colcon_core.shell:Creating environment hook '/home/looubuntu/ros2_ws/install/my_interfaces/share/my_interfaces/hook/ld_library_path_lib.sh'
[1.246s] Level 1:colcon.colcon_core.environment:checking '/home/looubuntu/ros2_ws/install/my_interfaces/bin'
[1.246s] Level 1:colcon.colcon_core.environment:checking '/home/looubuntu/ros2_ws/install/my_interfaces/lib/pkgconfig/my_interfaces.pc'
[1.246s] Level 1:colcon.colcon_core.environment:checking '/home/looubuntu/ros2_ws/install/my_interfaces/lib/python3.10/site-packages'
[1.246s] Level 1:colcon.colcon_core.environment:checking '/home/looubuntu/ros2_ws/install/my_interfaces/bin'
[1.247s] INFO:colcon.colcon_core.shell:Creating package script '/home/looubuntu/ros2_ws/install/my_interfaces/share/my_interfaces/package.ps1'
[1.247s] INFO:colcon.colcon_core.shell:Creating package descriptor '/home/looubuntu/ros2_ws/install/my_interfaces/share/my_interfaces/package.dsv'
[1.248s] INFO:colcon.colcon_core.shell:Creating package script '/home/looubuntu/ros2_ws/install/my_interfaces/share/my_interfaces/package.sh'
[1.248s] INFO:colcon.colcon_core.shell:Creating package script '/home/looubuntu/ros2_ws/install/my_interfaces/share/my_interfaces/package.bash'
[1.249s] INFO:colcon.colcon_core.shell:Creating package script '/home/looubuntu/ros2_ws/install/my_interfaces/share/my_interfaces/package.zsh'
[1.249s] Level 1:colcon.colcon_core.environment:create_file_with_runtime_dependencies(/home/looubuntu/ros2_ws/install/my_interfaces/share/colcon-core/packages/my_interfaces)
[1.328s] Level 1:colcon.colcon_core.environment:create_environment_scripts_only(my_interfaces)
[1.329s] Level 1:colcon.colcon_core.environment:checking '/home/looubuntu/ros2_ws/install/my_interfaces' for CMake module files
[1.329s] Level 1:colcon.colcon_core.environment:checking '/home/looubuntu/ros2_ws/install/my_interfaces' for CMake config files
[1.329s] Level 1:colcon.colcon_core.shell:create_environment_hook('my_interfaces', 'cmake_prefix_path')
[1.330s] INFO:colcon.colcon_core.shell:Creating environment hook '/home/looubuntu/ros2_ws/install/my_interfaces/share/my_interfaces/hook/cmake_prefix_path.ps1'
[1.330s] INFO:colcon.colcon_core.shell:Creating environment descriptor '/home/looubuntu/ros2_ws/install/my_interfaces/share/my_interfaces/hook/cmake_prefix_path.dsv'
[1.330s] INFO:colcon.colcon_core.shell:Creating environment hook '/home/looubuntu/ros2_ws/install/my_interfaces/share/my_interfaces/hook/cmake_prefix_path.sh'
[1.331s] Level 1:colcon.colcon_core.environment:checking '/home/looubuntu/ros2_ws/install/my_interfaces/lib'
[1.331s] Level 1:colcon.colcon_core.shell:create_environment_hook('my_interfaces', 'ld_library_path_lib')
[1.331s] INFO:colcon.colcon_core.shell:Creating environment hook '/home/looubuntu/ros2_ws/install/my_interfaces/share/my_interfaces/hook/ld_library_path_lib.ps1'
[1.332s] INFO:colcon.colcon_core.shell:Creating environment descriptor '/home/looubuntu/ros2_ws/install/my_interfaces/share/my_interfaces/hook/ld_library_path_lib.dsv'
[1.332s] INFO:colcon.colcon_core.shell:Creating environment hook '/home/looubuntu/ros2_ws/install/my_interfaces/share/my_interfaces/hook/ld_library_path_lib.sh'
[1.332s] Level 1:colcon.colcon_core.environment:checking '/home/looubuntu/ros2_ws/install/my_interfaces/bin'
[1.332s] Level 1:colcon.colcon_core.environment:checking '/home/looubuntu/ros2_ws/install/my_interfaces/lib/pkgconfig/my_interfaces.pc'
[1.333s] Level 1:colcon.colcon_core.environment:checking '/home/looubuntu/ros2_ws/install/my_interfaces/lib/python3.10/site-packages'
[1.333s] Level 1:colcon.colcon_core.environment:checking '/home/looubuntu/ros2_ws/install/my_interfaces/bin'
[1.333s] INFO:colcon.colcon_core.shell:Creating package script '/home/looubuntu/ros2_ws/install/my_interfaces/share/my_interfaces/package.ps1'
[1.334s] INFO:colcon.colcon_core.shell:Creating package descriptor '/home/looubuntu/ros2_ws/install/my_interfaces/share/my_interfaces/package.dsv'
[1.334s] INFO:colcon.colcon_core.shell:Creating package script '/home/looubuntu/ros2_ws/install/my_interfaces/share/my_interfaces/package.sh'
[1.335s] INFO:colcon.colcon_core.shell:Creating package script '/home/looubuntu/ros2_ws/install/my_interfaces/share/my_interfaces/package.bash'
[1.335s] INFO:colcon.colcon_core.shell:Creating package script '/home/looubuntu/ros2_ws/install/my_interfaces/share/my_interfaces/package.zsh'
[1.335s] Level 1:colcon.colcon_core.environment:create_file_with_runtime_dependencies(/home/looubuntu/ros2_ws/install/my_interfaces/share/colcon-core/packages/my_interfaces)
[1.477s] DEBUG:colcon.colcon_core.event_handler.log_command:Invoking command in '/home/looubuntu/ros2_ws/src/my_pkg': PYTHONPATH=/home/looubuntu/ros2_ws/build/my_pkg/prefix_override:/usr/lib/python3/dist-packages/colcon_core/task/python/colcon_distutils_commands:/home/looubuntu/ros2_ws/install/my_pkg/lib/python3.10/site-packages:${PYTHONPATH} /usr/bin/python3 -W ignore:setup.py install is deprecated setup.py egg_info --egg-base ../../build/my_pkg build --build-base /home/looubuntu/ros2_ws/build/my_pkg/build install --record /home/looubuntu/ros2_ws/build/my_pkg/install.log --single-version-externally-managed install_data
[1.488s] DEBUG:colcon.colcon_core.event_handler.log_command:Invoking command in '/home/looubuntu/ros2_ws/src/modelo_robot': PYTHONPATH=/home/looubuntu/ros2_ws/build/modelo_robot/prefix_override:/usr/lib/python3/dist-packages/colcon_core/task/python/colcon_distutils_commands:/home/looubuntu/ros2_ws/install/modelo_robot/lib/python3.10/site-packages:${PYTHONPATH} /usr/bin/python3 -W ignore:setup.py install is deprecated setup.py egg_info --egg-base ../../build/modelo_robot build --build-base /home/looubuntu/ros2_ws/build/modelo_robot/build install --record /home/looubuntu/ros2_ws/build/modelo_robot/install.log --install-scripts $base/lib/modelo_robot --single-version-externally-managed install_data
[1.502s] DEBUG:colcon.colcon_core.event_handler.log_command:Invoking command in '/home/looubuntu/ros2_ws/src/my_robot': PYTHONPATH=/home/looubuntu/ros2_ws/build/my_robot/prefix_override:/usr/lib/python3/dist-packages/colcon_core/task/python/colcon_distutils_commands:/home/looubuntu/ros2_ws/install/my_robot/lib/python3.10/site-packages:${PYTHONPATH} /usr/bin/python3 -W ignore:setup.py install is deprecated setup.py egg_info --egg-base ../../build/my_robot build --build-base /home/looubuntu/ros2_ws/build/my_robot/build install --record /home/looubuntu/ros2_ws/build/my_robot/install.log --single-version-externally-managed install_data
[1.756s] Level 1:colcon.colcon_core.environment:checking '/home/looubuntu/ros2_ws/install/my_pkg' for CMake module files
[1.757s] DEBUG:colcon.colcon_core.event_handler.log_command:Invoked command in '/home/looubuntu/ros2_ws/src/my_pkg' returned '0': PYTHONPATH=/home/looubuntu/ros2_ws/build/my_pkg/prefix_override:/usr/lib/python3/dist-packages/colcon_core/task/python/colcon_distutils_commands:/home/looubuntu/ros2_ws/install/my_pkg/lib/python3.10/site-packages:${PYTHONPATH} /usr/bin/python3 -W ignore:setup.py install is deprecated setup.py egg_info --egg-base ../../build/my_pkg build --build-base /home/looubuntu/ros2_ws/build/my_pkg/build install --record /home/looubuntu/ros2_ws/build/my_pkg/install.log --single-version-externally-managed install_data
[1.757s] Level 1:colcon.colcon_core.environment:checking '/home/looubuntu/ros2_ws/install/my_pkg' for CMake config files
[1.757s] Level 1:colcon.colcon_core.environment:checking '/home/looubuntu/ros2_ws/install/my_pkg/lib'
[1.757s] Level 1:colcon.colcon_core.environment:checking '/home/looubuntu/ros2_ws/install/my_pkg/bin'
[1.758s] Level 1:colcon.colcon_core.environment:checking '/home/looubuntu/ros2_ws/install/my_pkg/lib/pkgconfig/my_pkg.pc'
[1.758s] Level 1:colcon.colcon_core.environment:checking '/home/looubuntu/ros2_ws/install/my_pkg/lib/python3.10/site-packages'
[1.758s] Level 1:colcon.colcon_core.shell:create_environment_hook('my_pkg', 'pythonpath')
[1.758s] INFO:colcon.colcon_core.shell:Creating environment hook '/home/looubuntu/ros2_ws/install/my_pkg/share/my_pkg/hook/pythonpath.ps1'
[1.758s] INFO:colcon.colcon_core.shell:Creating environment descriptor '/home/looubuntu/ros2_ws/install/my_pkg/share/my_pkg/hook/pythonpath.dsv'
[1.759s] INFO:colcon.colcon_core.shell:Creating environment hook '/home/looubuntu/ros2_ws/install/my_pkg/share/my_pkg/hook/pythonpath.sh'
[1.759s] Level 1:colcon.colcon_core.environment:checking '/home/looubuntu/ros2_ws/install/my_pkg/bin'
[1.759s] Level 1:colcon.colcon_core.environment:create_environment_scripts_only(my_pkg)
[1.759s] INFO:colcon.colcon_core.shell:Creating package script '/home/looubuntu/ros2_ws/install/my_pkg/share/my_pkg/package.ps1'
[1.760s] INFO:colcon.colcon_core.shell:Creating package descriptor '/home/looubuntu/ros2_ws/install/my_pkg/share/my_pkg/package.dsv'
[1.760s] INFO:colcon.colcon_core.shell:Creating package script '/home/looubuntu/ros2_ws/install/my_pkg/share/my_pkg/package.sh'
[1.760s] INFO:colcon.colcon_core.shell:Creating package script '/home/looubuntu/ros2_ws/install/my_pkg/share/my_pkg/package.bash'
[1.761s] INFO:colcon.colcon_core.shell:Creating package script '/home/looubuntu/ros2_ws/install/my_pkg/share/my_pkg/package.zsh'
[1.761s] Level 1:colcon.colcon_core.environment:create_file_with_runtime_dependencies(/home/looubuntu/ros2_ws/install/my_pkg/share/colcon-core/packages/my_pkg)
[1.774s] Level 1:colcon.colcon_core.environment:checking '/home/looubuntu/ros2_ws/install/modelo_robot' for CMake module files
[1.774s] DEBUG:colcon.colcon_core.event_handler.log_command:Invoked command in '/home/looubuntu/ros2_ws/src/modelo_robot' returned '0': PYTHONPATH=/home/looubuntu/ros2_ws/build/modelo_robot/prefix_override:/usr/lib/python3/dist-packages/colcon_core/task/python/colcon_distutils_commands:/home/looubuntu/ros2_ws/install/modelo_robot/lib/python3.10/site-packages:${PYTHONPATH} /usr/bin/python3 -W ignore:setup.py install is deprecated setup.py egg_info --egg-base ../../build/modelo_robot build --build-base /home/looubuntu/ros2_ws/build/modelo_robot/build install --record /home/looubuntu/ros2_ws/build/modelo_robot/install.log --install-scripts $base/lib/modelo_robot --single-version-externally-managed install_data
[1.774s] Level 1:colcon.colcon_core.environment:checking '/home/looubuntu/ros2_ws/install/modelo_robot' for CMake config files
[1.775s] Level 1:colcon.colcon_core.environment:checking '/home/looubuntu/ros2_ws/install/modelo_robot/lib'
[1.775s] Level 1:colcon.colcon_core.environment:checking '/home/looubuntu/ros2_ws/install/modelo_robot/bin'
[1.775s] Level 1:colcon.colcon_core.environment:checking '/home/looubuntu/ros2_ws/install/modelo_robot/lib/pkgconfig/modelo_robot.pc'
[1.775s] Level 1:colcon.colcon_core.environment:checking '/home/looubuntu/ros2_ws/install/modelo_robot/lib/python3.10/site-packages'
[1.776s] Level 1:colcon.colcon_core.shell:create_environment_hook('modelo_robot', 'pythonpath')
[1.776s] INFO:colcon.colcon_core.shell:Creating environment hook '/home/looubuntu/ros2_ws/install/modelo_robot/share/modelo_robot/hook/pythonpath.ps1'
[1.776s] INFO:colcon.colcon_core.shell:Creating environment descriptor '/home/looubuntu/ros2_ws/install/modelo_robot/share/modelo_robot/hook/pythonpath.dsv'
[1.777s] INFO:colcon.colcon_core.shell:Creating environment hook '/home/looubuntu/ros2_ws/install/modelo_robot/share/modelo_robot/hook/pythonpath.sh'
[1.777s] Level 1:colcon.colcon_core.environment:checking '/home/looubuntu/ros2_ws/install/modelo_robot/bin'
[1.777s] Level 1:colcon.colcon_core.environment:create_environment_scripts_only(modelo_robot)
[1.778s] INFO:colcon.colcon_core.shell:Creating package script '/home/looubuntu/ros2_ws/install/modelo_robot/share/modelo_robot/package.ps1'
[1.778s] INFO:colcon.colcon_core.shell:Creating package descriptor '/home/looubuntu/ros2_ws/install/modelo_robot/share/modelo_robot/package.dsv'
[1.779s] INFO:colcon.colcon_core.shell:Creating package script '/home/looubuntu/ros2_ws/install/modelo_robot/share/modelo_robot/package.sh'
[1.779s] INFO:colcon.colcon_core.shell:Creating package script '/home/looubuntu/ros2_ws/install/modelo_robot/share/modelo_robot/package.bash'
[1.780s] INFO:colcon.colcon_core.shell:Creating package script '/home/looubuntu/ros2_ws/install/modelo_robot/share/modelo_robot/package.zsh'
[1.780s] Level 1:colcon.colcon_core.environment:create_file_with_runtime_dependencies(/home/looubuntu/ros2_ws/install/modelo_robot/share/colcon-core/packages/modelo_robot)
[1.819s] Level 1:colcon.colcon_core.environment:checking '/home/looubuntu/ros2_ws/install/my_robot' for CMake module files
[1.820s] DEBUG:colcon.colcon_core.event_handler.log_command:Invoked command in '/home/looubuntu/ros2_ws/src/my_robot' returned '0': PYTHONPATH=/home/looubuntu/ros2_ws/build/my_robot/prefix_override:/usr/lib/python3/dist-packages/colcon_core/task/python/colcon_distutils_commands:/home/looubuntu/ros2_ws/install/my_robot/lib/python3.10/site-packages:${PYTHONPATH} /usr/bin/python3 -W ignore:setup.py install is deprecated setup.py egg_info --egg-base ../../build/my_robot build --build-base /home/looubuntu/ros2_ws/build/my_robot/build install --record /home/looubuntu/ros2_ws/build/my_robot/install.log --single-version-externally-managed install_data
[1.820s] Level 1:colcon.colcon_core.environment:checking '/home/looubuntu/ros2_ws/install/my_robot' for CMake config files
[1.820s] Level 1:colcon.colcon_core.environment:checking '/home/looubuntu/ros2_ws/install/my_robot/lib'
[1.821s] Level 1:colcon.colcon_core.environment:checking '/home/looubuntu/ros2_ws/install/my_robot/bin'
[1.821s] Level 1:colcon.colcon_core.environment:checking '/home/looubuntu/ros2_ws/install/my_robot/lib/pkgconfig/my_robot.pc'
[1.821s] Level 1:colcon.colcon_core.environment:checking '/home/looubuntu/ros2_ws/install/my_robot/lib/python3.10/site-packages'
[1.821s] Level 1:colcon.colcon_core.shell:create_environment_hook('my_robot', 'pythonpath')
[1.821s] INFO:colcon.colcon_core.shell:Creating environment hook '/home/looubuntu/ros2_ws/install/my_robot/share/my_robot/hook/pythonpath.ps1'
[1.821s] INFO:colcon.colcon_core.shell:Creating environment descriptor '/home/looubuntu/ros2_ws/install/my_robot/share/my_robot/hook/pythonpath.dsv'
[1.822s] INFO:colcon.colcon_core.shell:Creating environment hook '/home/looubuntu/ros2_ws/install/my_robot/share/my_robot/hook/pythonpath.sh'
[1.822s] Level 1:colcon.colcon_core.environment:checking '/home/looubuntu/ros2_ws/install/my_robot/bin'
[1.822s] Level 1:colcon.colcon_core.environment:create_environment_scripts_only(my_robot)
[1.822s] INFO:colcon.colcon_core.shell:Creating package script '/home/looubuntu/ros2_ws/install/my_robot/share/my_robot/package.ps1'
[1.823s] INFO:colcon.colcon_core.shell:Creating package descriptor '/home/looubuntu/ros2_ws/install/my_robot/share/my_robot/package.dsv'
[1.823s] INFO:colcon.colcon_core.shell:Creating package script '/home/looubuntu/ros2_ws/install/my_robot/share/my_robot/package.sh'
[1.823s] INFO:colcon.colcon_core.shell:Creating package script '/home/looubuntu/ros2_ws/install/my_robot/share/my_robot/package.bash'
[1.824s] INFO:colcon.colcon_core.shell:Creating package script '/home/looubuntu/ros2_ws/install/my_robot/share/my_robot/package.zsh'
[1.824s] Level 1:colcon.colcon_core.environment:create_file_with_runtime_dependencies(/home/looubuntu/ros2_ws/install/my_robot/share/colcon-core/packages/my_robot)
[1.824s] DEBUG:colcon.colcon_parallel_executor.executor.parallel:closing loop
[1.824s] DEBUG:colcon.colcon_parallel_executor.executor.parallel:loop closed
[1.824s] DEBUG:colcon.colcon_parallel_executor.executor.parallel:run_until_complete finished with '0'
[1.824s] DEBUG:colcon.colcon_core.event_reactor:joining thread
[1.829s] INFO:colcon.colcon_core.plugin_system:Skipping extension 'colcon_notification.desktop_notification.terminal_notifier': Not used on non-Darwin systems
[1.829s] INFO:colcon.colcon_core.plugin_system:Skipping extension 'colcon_notification.desktop_notification.win32': Not used on non-Windows systems
[1.829s] INFO:colcon.colcon_notification.desktop_notification:Sending desktop notification using 'notify2'
[1.840s] DEBUG:colcon.colcon_core.event_reactor:joined thread
[1.840s] INFO:colcon.colcon_core.shell:Creating prefix script '/home/looubuntu/ros2_ws/install/local_setup.ps1'
[1.841s] INFO:colcon.colcon_core.shell:Creating prefix util module '/home/looubuntu/ros2_ws/install/_local_setup_util_ps1.py'
[1.842s] INFO:colcon.colcon_core.shell:Creating prefix chain script '/home/looubuntu/ros2_ws/install/setup.ps1'
[1.843s] INFO:colcon.colcon_core.shell:Creating prefix script '/home/looubuntu/ros2_ws/install/local_setup.sh'
[1.843s] INFO:colcon.colcon_core.shell:Creating prefix util module '/home/looubuntu/ros2_ws/install/_local_setup_util_sh.py'
[1.844s] INFO:colcon.colcon_core.shell:Creating prefix chain script '/home/looubuntu/ros2_ws/install/setup.sh'
[1.844s] INFO:colcon.colcon_core.shell:Creating prefix script '/home/looubuntu/ros2_ws/install/local_setup.bash'
[1.845s] INFO:colcon.colcon_core.shell:Creating prefix chain script '/home/looubuntu/ros2_ws/install/setup.bash'
[1.846s] INFO:colcon.colcon_core.shell:Creating prefix script '/home/looubuntu/ros2_ws/install/local_setup.zsh'
[1.846s] INFO:colcon.colcon_core.shell:Creating prefix chain script '/home/looubuntu/ros2_ws/install/setup.zsh'
