[2.511s] Invoking command in '/home/looubuntu/ros2_ws/src/my_pkg': PYTHONPATH=/home/looubuntu/ros2_ws/build/my_pkg/prefix_override:/usr/lib/python3/dist-packages/colcon_core/task/python/colcon_distutils_commands:/home/looubuntu/ros2_ws/install/my_pkg/lib/python3.10/site-packages:${PYTHONPATH} /usr/bin/python3 -W ignore:setup.py install is deprecated setup.py egg_info --egg-base ../../build/my_pkg build --build-base /home/looubuntu/ros2_ws/build/my_pkg/build install --record /home/looubuntu/ros2_ws/build/my_pkg/install.log --single-version-externally-managed install_data
[2.902s] running egg_info
[2.906s] writing ../../build/my_pkg/my_pkg.egg-info/PKG-INFO
[2.907s] writing dependency_links to ../../build/my_pkg/my_pkg.egg-info/dependency_links.txt
[2.908s] writing entry points to ../../build/my_pkg/my_pkg.egg-info/entry_points.txt
[2.908s] writing requirements to ../../build/my_pkg/my_pkg.egg-info/requires.txt
[2.908s] writing top-level names to ../../build/my_pkg/my_pkg.egg-info/top_level.txt
[2.911s] reading manifest file '../../build/my_pkg/my_pkg.egg-info/SOURCES.txt'
[2.912s] adding license file 'LICENSE'
[2.912s] writing manifest file '../../build/my_pkg/my_pkg.egg-info/SOURCES.txt'
[2.913s] running build
[2.913s] running build_py
[2.915s] running install
[2.915s] running install_lib
[2.918s] running install_data
[2.922s] running install_egg_info
[2.925s] removing '/home/looubuntu/ros2_ws/install/my_pkg/lib/python3.10/site-packages/my_pkg-0.0.0-py3.10.egg-info' (and everything under it)
[2.926s] Copying ../../build/my_pkg/my_pkg.egg-info to /home/looubuntu/ros2_ws/install/my_pkg/lib/python3.10/site-packages/my_pkg-0.0.0-py3.10.egg-info
[2.926s] running install_scripts
[2.959s] Installing control script to /home/looubuntu/ros2_ws/install/my_pkg/lib/my_pkg
[2.960s] writing list of installed files to '/home/looubuntu/ros2_ws/build/my_pkg/install.log'
[3.062s] Invoked command in '/home/looubuntu/ros2_ws/src/my_pkg' returned '0': PYTHONPATH=/home/looubuntu/ros2_ws/build/my_pkg/prefix_override:/usr/lib/python3/dist-packages/colcon_core/task/python/colcon_distutils_commands:/home/looubuntu/ros2_ws/install/my_pkg/lib/python3.10/site-packages:${PYTHONPATH} /usr/bin/python3 -W ignore:setup.py install is deprecated setup.py egg_info --egg-base ../../build/my_pkg build --build-base /home/looubuntu/ros2_ws/build/my_pkg/build install --record /home/looubuntu/ros2_ws/build/my_pkg/install.log --single-version-externally-managed install_data
