[0.440s] Invoking command in '/home/looubuntu/ros2_ws/src/my_pkg': PYTHONPATH=/home/looubuntu/ros2_ws/build/my_pkg/prefix_override:/usr/lib/python3/dist-packages/colcon_core/task/python/colcon_distutils_commands:/home/looubuntu/ros2_ws/install/my_pkg/lib/python3.10/site-packages:${PYTHONPATH} /usr/bin/python3 -W ignore:setup.py install is deprecated setup.py egg_info --egg-base ../../build/my_pkg build --build-base /home/looubuntu/ros2_ws/build/my_pkg/build install --record /home/looubuntu/ros2_ws/build/my_pkg/install.log --single-version-externally-managed install_data
[0.612s] running egg_info
[0.613s] writing ../../build/my_pkg/my_pkg.egg-info/PKG-INFO
[0.613s] writing dependency_links to ../../build/my_pkg/my_pkg.egg-info/dependency_links.txt
[0.613s] writing entry points to ../../build/my_pkg/my_pkg.egg-info/entry_points.txt
[0.613s] writing requirements to ../../build/my_pkg/my_pkg.egg-info/requires.txt
[0.613s] writing top-level names to ../../build/my_pkg/my_pkg.egg-info/top_level.txt
[0.614s] reading manifest file '../../build/my_pkg/my_pkg.egg-info/SOURCES.txt'
[0.615s] adding license file 'LICENSE'
[0.615s] writing manifest file '../../build/my_pkg/my_pkg.egg-info/SOURCES.txt'
[0.615s] running build
[0.615s] running build_py
[0.615s] copying my_pkg/nhan.py -> /home/looubuntu/ros2_ws/build/my_pkg/build/lib/my_pkg
[0.615s] running install
[0.616s] running install_lib
[0.616s] copying /home/looubuntu/ros2_ws/build/my_pkg/build/lib/my_pkg/nhan.py -> /home/looubuntu/ros2_ws/install/my_pkg/lib/python3.10/site-packages/my_pkg
[0.617s] byte-compiling /home/looubuntu/ros2_ws/install/my_pkg/lib/python3.10/site-packages/my_pkg/nhan.py to nhan.cpython-310.pyc
[0.617s] running install_data
[0.617s] running install_egg_info
[0.618s] removing '/home/looubuntu/ros2_ws/install/my_pkg/lib/python3.10/site-packages/my_pkg-0.0.0-py3.10.egg-info' (and everything under it)
[0.618s] Copying ../../build/my_pkg/my_pkg.egg-info to /home/looubuntu/ros2_ws/install/my_pkg/lib/python3.10/site-packages/my_pkg-0.0.0-py3.10.egg-info
[0.619s] running install_scripts
[0.634s] Installing listener script to /home/looubuntu/ros2_ws/install/my_pkg/lib/my_pkg
[0.634s] Installing talker script to /home/looubuntu/ros2_ws/install/my_pkg/lib/my_pkg
[0.635s] writing list of installed files to '/home/looubuntu/ros2_ws/build/my_pkg/install.log'
[0.651s] Invoked command in '/home/looubuntu/ros2_ws/src/my_pkg' returned '0': PYTHONPATH=/home/looubuntu/ros2_ws/build/my_pkg/prefix_override:/usr/lib/python3/dist-packages/colcon_core/task/python/colcon_distutils_commands:/home/looubuntu/ros2_ws/install/my_pkg/lib/python3.10/site-packages:${PYTHONPATH} /usr/bin/python3 -W ignore:setup.py install is deprecated setup.py egg_info --egg-base ../../build/my_pkg build --build-base /home/looubuntu/ros2_ws/build/my_pkg/build install --record /home/looubuntu/ros2_ws/build/my_pkg/install.log --single-version-externally-managed install_data
