[1.296s] Invoking command in '/home/looubuntu/ros2_ws/src/my_team_robot': PYTHONPATH=/home/looubuntu/ros2_ws/build/my_team_robot/prefix_override:/usr/lib/python3/dist-packages/colcon_core/task/python/colcon_distutils_commands:/home/looubuntu/ros2_ws/install/my_team_robot/lib/python3.10/site-packages:${PYTHONPATH} /usr/bin/python3 -W ignore:setup.py install is deprecated setup.py egg_info --egg-base ../../build/my_team_robot build --build-base /home/looubuntu/ros2_ws/build/my_team_robot/build install --record /home/looubuntu/ros2_ws/build/my_team_robot/install.log --single-version-externally-managed install_data
[1.523s] running egg_info
[1.524s] writing ../../build/my_team_robot/my_team_robot.egg-info/PKG-INFO
[1.524s] writing dependency_links to ../../build/my_team_robot/my_team_robot.egg-info/dependency_links.txt
[1.524s] writing entry points to ../../build/my_team_robot/my_team_robot.egg-info/entry_points.txt
[1.524s] writing requirements to ../../build/my_team_robot/my_team_robot.egg-info/requires.txt
[1.524s] writing top-level names to ../../build/my_team_robot/my_team_robot.egg-info/top_level.txt
[1.525s] reading manifest file '../../build/my_team_robot/my_team_robot.egg-info/SOURCES.txt'
[1.526s] adding license file 'LICENSE'
[1.526s] writing manifest file '../../build/my_team_robot/my_team_robot.egg-info/SOURCES.txt'
[1.526s] running build
[1.526s] running build_py
[1.526s] running install
[1.527s] running install_lib
[1.528s] running install_data
[1.528s] copying urdf/Car3banh.SLDASM.csv -> /home/looubuntu/ros2_ws/install/my_team_robot/share/my_team_robot/urdf
[1.528s] copying urdf/Car3banh.SLDASM.urdf -> /home/looubuntu/ros2_ws/install/my_team_robot/share/my_team_robot/urdf
[1.528s] copying launch/display.launch.py -> /home/looubuntu/ros2_ws/install/my_team_robot/share/my_team_robot/launch
[1.528s] copying launch/gazebo.launch.py -> /home/looubuntu/ros2_ws/install/my_team_robot/share/my_team_robot/launch
[1.528s] running install_egg_info
[1.530s] removing '/home/looubuntu/ros2_ws/install/my_team_robot/lib/python3.10/site-packages/my_team_robot-0.0.0-py3.10.egg-info' (and everything under it)
[1.530s] Copying ../../build/my_team_robot/my_team_robot.egg-info to /home/looubuntu/ros2_ws/install/my_team_robot/lib/python3.10/site-packages/my_team_robot-0.0.0-py3.10.egg-info
[1.531s] running install_scripts
[1.550s] writing list of installed files to '/home/looubuntu/ros2_ws/build/my_team_robot/install.log'
[1.592s] Invoked command in '/home/looubuntu/ros2_ws/src/my_team_robot' returned '0': PYTHONPATH=/home/looubuntu/ros2_ws/build/my_team_robot/prefix_override:/usr/lib/python3/dist-packages/colcon_core/task/python/colcon_distutils_commands:/home/looubuntu/ros2_ws/install/my_team_robot/lib/python3.10/site-packages:${PYTHONPATH} /usr/bin/python3 -W ignore:setup.py install is deprecated setup.py egg_info --egg-base ../../build/my_team_robot build --build-base /home/looubuntu/ros2_ws/build/my_team_robot/build install --record /home/looubuntu/ros2_ws/build/my_team_robot/install.log --single-version-externally-managed install_data
