[0.552s] Invoking command in '/home/looubuntu/ros2_ws/src/my_pkg': PYTHONPATH=/home/looubuntu/ros2_ws/src/build/my_pkg/prefix_override:/usr/lib/python3/dist-packages/colcon_core/task/python/colcon_distutils_commands:/home/looubuntu/ros2_ws/src/install/my_pkg/lib/python3.10/site-packages:${PYTHONPATH} /usr/bin/python3 -W ignore:setup.py install is deprecated setup.py egg_info --egg-base ../build/my_pkg build --build-base /home/looubuntu/ros2_ws/src/build/my_pkg/build install --record /home/looubuntu/ros2_ws/src/build/my_pkg/install.log --single-version-externally-managed install_data
[0.746s] running egg_info
[0.747s] creating ../build/my_pkg/my_pkg.egg-info
[0.747s] writing ../build/my_pkg/my_pkg.egg-info/PKG-INFO
[0.747s] writing dependency_links to ../build/my_pkg/my_pkg.egg-info/dependency_links.txt
[0.747s] writing entry points to ../build/my_pkg/my_pkg.egg-info/entry_points.txt
[0.747s] writing requirements to ../build/my_pkg/my_pkg.egg-info/requires.txt
[0.747s] writing top-level names to ../build/my_pkg/my_pkg.egg-info/top_level.txt
[0.747s] writing manifest file '../build/my_pkg/my_pkg.egg-info/SOURCES.txt'
[0.749s] reading manifest file '../build/my_pkg/my_pkg.egg-info/SOURCES.txt'
[0.749s] adding license file 'LICENSE'
[0.749s] writing manifest file '../build/my_pkg/my_pkg.egg-info/SOURCES.txt'
[0.749s] running build
[0.750s] running build_py
[0.750s] creating /home/looubuntu/ros2_ws/src/build/my_pkg/build
[0.750s] creating /home/looubuntu/ros2_ws/src/build/my_pkg/build/lib
[0.750s] creating /home/looubuntu/ros2_ws/src/build/my_pkg/build/lib/my_pkg
[0.750s] copying my_pkg/__init__.py -> /home/looubuntu/ros2_ws/src/build/my_pkg/build/lib/my_pkg
[0.750s] running install
[0.750s] running install_lib
[0.751s] creating /home/looubuntu/ros2_ws/src/install/my_pkg/lib/python3.10/site-packages/my_pkg
[0.751s] copying /home/looubuntu/ros2_ws/src/build/my_pkg/build/lib/my_pkg/__init__.py -> /home/looubuntu/ros2_ws/src/install/my_pkg/lib/python3.10/site-packages/my_pkg
[0.752s] byte-compiling /home/looubuntu/ros2_ws/src/install/my_pkg/lib/python3.10/site-packages/my_pkg/__init__.py to __init__.cpython-310.pyc
[0.752s] running install_data
[0.752s] creating /home/looubuntu/ros2_ws/src/install/my_pkg/share/ament_index
[0.752s] creating /home/looubuntu/ros2_ws/src/install/my_pkg/share/ament_index/resource_index
[0.752s] creating /home/looubuntu/ros2_ws/src/install/my_pkg/share/ament_index/resource_index/packages
[0.752s] copying resource/my_pkg -> /home/looubuntu/ros2_ws/src/install/my_pkg/share/ament_index/resource_index/packages
[0.752s] copying package.xml -> /home/looubuntu/ros2_ws/src/install/my_pkg/share/my_pkg
[0.752s] running install_egg_info
[0.754s] Copying ../build/my_pkg/my_pkg.egg-info to /home/looubuntu/ros2_ws/src/install/my_pkg/lib/python3.10/site-packages/my_pkg-0.0.0-py3.10.egg-info
[0.754s] running install_scripts
[0.774s] writing list of installed files to '/home/looubuntu/ros2_ws/src/build/my_pkg/install.log'
[0.805s] Invoked command in '/home/looubuntu/ros2_ws/src/my_pkg' returned '0': PYTHONPATH=/home/looubuntu/ros2_ws/src/build/my_pkg/prefix_override:/usr/lib/python3/dist-packages/colcon_core/task/python/colcon_distutils_commands:/home/looubuntu/ros2_ws/src/install/my_pkg/lib/python3.10/site-packages:${PYTHONPATH} /usr/bin/python3 -W ignore:setup.py install is deprecated setup.py egg_info --egg-base ../build/my_pkg build --build-base /home/looubuntu/ros2_ws/src/build/my_pkg/build install --record /home/looubuntu/ros2_ws/src/build/my_pkg/install.log --single-version-externally-managed install_data
