[1.022s] Invoking command in '/home/looubuntu/ros2_ws/src/modelo_robot': PYTHONPATH=/home/looubuntu/ros2_ws/build/modelo_robot/prefix_override:/usr/lib/python3/dist-packages/colcon_core/task/python/colcon_distutils_commands:/home/looubuntu/ros2_ws/install/modelo_robot/lib/python3.10/site-packages:${PYTHONPATH} /usr/bin/python3 -W ignore:setup.py install is deprecated setup.py egg_info --egg-base ../../build/modelo_robot build --build-base /home/looubuntu/ros2_ws/build/modelo_robot/build install --record /home/looubuntu/ros2_ws/build/modelo_robot/install.log --install-scripts $base/lib/modelo_robot --single-version-externally-managed install_data
[1.225s] /usr/lib/python3/dist-packages/setuptools/dist.py:723: UserWarning: Usage of dash-separated 'script-dir' will not be supported in future versions. Please use the underscore name 'script_dir' instead
[1.225s]   warnings.warn(
[1.232s] running egg_info
[1.233s] writing ../../build/modelo_robot/modelo_robot.egg-info/PKG-INFO
[1.233s] writing dependency_links to ../../build/modelo_robot/modelo_robot.egg-info/dependency_links.txt
[1.233s] writing entry points to ../../build/modelo_robot/modelo_robot.egg-info/entry_points.txt
[1.234s] writing requirements to ../../build/modelo_robot/modelo_robot.egg-info/requires.txt
[1.234s] writing top-level names to ../../build/modelo_robot/modelo_robot.egg-info/top_level.txt
[1.235s] reading manifest file '../../build/modelo_robot/modelo_robot.egg-info/SOURCES.txt'
[1.236s] writing manifest file '../../build/modelo_robot/modelo_robot.egg-info/SOURCES.txt'
[1.236s] running build
[1.236s] running build_py
[1.236s] copying modelo_robot/__init__.py -> /home/looubuntu/ros2_ws/build/modelo_robot/build/lib/modelo_robot
[1.236s] running install
[1.237s] running install_lib
[1.237s] copying /home/looubuntu/ros2_ws/build/modelo_robot/build/lib/modelo_robot/__init__.py -> /home/looubuntu/ros2_ws/install/modelo_robot/lib/python3.10/site-packages/modelo_robot
[1.238s] byte-compiling /home/looubuntu/ros2_ws/install/modelo_robot/lib/python3.10/site-packages/modelo_robot/__init__.py to __init__.cpython-310.pyc
[1.238s] running install_data
[1.238s] copying resource/modelo_robot -> /home/looubuntu/ros2_ws/install/modelo_robot/share/ament_index/resource_index/packages
[1.238s] copying package.xml -> /home/looubuntu/ros2_ws/install/modelo_robot/share/modelo_robot
[1.238s] copying urdf/Seguidor_linea_robot.urdf -> /home/looubuntu/ros2_ws/install/modelo_robot/share/modelo_robot/urdf
[1.238s] copying launch/display.launch.py -> /home/looubuntu/ros2_ws/install/modelo_robot/share/modelo_robot/launch
[1.238s] copying launch/gazebo.launch.py -> /home/looubuntu/ros2_ws/install/modelo_robot/share/modelo_robot/launch
[1.238s] copying meshes/Rueda_derecha_link.STL -> /home/looubuntu/ros2_ws/install/modelo_robot/share/modelo_robot/meshes
[1.239s] copying meshes/Rueda_izquierda_link.STL -> /home/looubuntu/ros2_ws/install/modelo_robot/share/modelo_robot/meshes
[1.240s] copying meshes/Rueda_castor_link.STL -> /home/looubuntu/ros2_ws/install/modelo_robot/share/modelo_robot/meshes
[1.240s] copying meshes/base_link.STL -> /home/looubuntu/ros2_ws/install/modelo_robot/share/modelo_robot/meshes
[1.242s] copying meshes/Base_castor_link.STL -> /home/looubuntu/ros2_ws/install/modelo_robot/share/modelo_robot/meshes
[1.242s] copying worlds/museum.world -> /home/looubuntu/ros2_ws/install/modelo_robot/share/modelo_robot/worlds
[1.242s] copying worlds/world.world -> /home/looubuntu/ros2_ws/install/modelo_robot/share/modelo_robot/worlds
[1.242s] creating /home/looubuntu/ros2_ws/install/modelo_robot/share/modelo_robot/config
[1.242s] copying config/ekf.yaml -> /home/looubuntu/ros2_ws/install/modelo_robot/share/modelo_robot/config
[1.242s] running install_egg_info
[1.244s] removing '/home/looubuntu/ros2_ws/install/modelo_robot/lib/python3.10/site-packages/modelo_robot-0.0.0-py3.10.egg-info' (and everything under it)
[1.244s] Copying ../../build/modelo_robot/modelo_robot.egg-info to /home/looubuntu/ros2_ws/install/modelo_robot/lib/python3.10/site-packages/modelo_robot-0.0.0-py3.10.egg-info
[1.245s] running install_scripts
[1.263s] writing list of installed files to '/home/looubuntu/ros2_ws/build/modelo_robot/install.log'
[1.286s] Invoked command in '/home/looubuntu/ros2_ws/src/modelo_robot' returned '0': PYTHONPATH=/home/looubuntu/ros2_ws/build/modelo_robot/prefix_override:/usr/lib/python3/dist-packages/colcon_core/task/python/colcon_distutils_commands:/home/looubuntu/ros2_ws/install/modelo_robot/lib/python3.10/site-packages:${PYTHONPATH} /usr/bin/python3 -W ignore:setup.py install is deprecated setup.py egg_info --egg-base ../../build/modelo_robot build --build-base /home/looubuntu/ros2_ws/build/modelo_robot/build install --record /home/looubuntu/ros2_ws/build/modelo_robot/install.log --install-scripts $base/lib/modelo_robot --single-version-externally-managed install_data
