[1.182s] Invoking command in '/home/looubuntu/ros2_ws/src/my_pkg': PYTHONPATH=/home/looubuntu/ros2_ws/build/my_pkg/prefix_override:/usr/lib/python3/dist-packages/colcon_core/task/python/colcon_distutils_commands:/home/looubuntu/ros2_ws/install/my_pkg/lib/python3.10/site-packages:${PYTHONPATH} /usr/bin/python3 -W ignore:setup.py install is deprecated setup.py egg_info --egg-base ../../build/my_pkg build --build-base /home/looubuntu/ros2_ws/build/my_pkg/build install --record /home/looubuntu/ros2_ws/build/my_pkg/install.log --single-version-externally-managed install_data
[1.394s] running egg_info
[1.395s] writing ../../build/my_pkg/my_pkg.egg-info/PKG-INFO
[1.396s] writing dependency_links to ../../build/my_pkg/my_pkg.egg-info/dependency_links.txt
[1.396s] writing entry points to ../../build/my_pkg/my_pkg.egg-info/entry_points.txt
[1.396s] writing requirements to ../../build/my_pkg/my_pkg.egg-info/requires.txt
[1.396s] writing top-level names to ../../build/my_pkg/my_pkg.egg-info/top_level.txt
[1.397s] reading manifest file '../../build/my_pkg/my_pkg.egg-info/SOURCES.txt'
[1.397s] adding license file 'LICENSE'
[1.398s] writing manifest file '../../build/my_pkg/my_pkg.egg-info/SOURCES.txt'
[1.398s] running build
[1.398s] running build_py
[1.399s] running install
[1.400s] running install_lib
[1.401s] running install_data
[1.402s] running install_egg_info
[1.402s] removing '/home/looubuntu/ros2_ws/install/my_pkg/lib/python3.10/site-packages/my_pkg-0.0.0-py3.10.egg-info' (and everything under it)
[1.403s] Copying ../../build/my_pkg/my_pkg.egg-info to /home/looubuntu/ros2_ws/install/my_pkg/lib/python3.10/site-packages/my_pkg-0.0.0-py3.10.egg-info
[1.403s] running install_scripts
[1.422s] Installing control script to /home/looubuntu/ros2_ws/install/my_pkg/lib/my_pkg
[1.423s] writing list of installed files to '/home/looubuntu/ros2_ws/build/my_pkg/install.log'
[1.442s] Invoked command in '/home/looubuntu/ros2_ws/src/my_pkg' returned '0': PYTHONPATH=/home/looubuntu/ros2_ws/build/my_pkg/prefix_override:/usr/lib/python3/dist-packages/colcon_core/task/python/colcon_distutils_commands:/home/looubuntu/ros2_ws/install/my_pkg/lib/python3.10/site-packages:${PYTHONPATH} /usr/bin/python3 -W ignore:setup.py install is deprecated setup.py egg_info --egg-base ../../build/my_pkg build --build-base /home/looubuntu/ros2_ws/build/my_pkg/build install --record /home/looubuntu/ros2_ws/build/my_pkg/install.log --single-version-externally-managed install_data
