[0.501s] Invoking command in '/home/looubuntu/ros2_ws/src/my_pkg': PYTHONPATH=/home/looubuntu/ros2_ws/build/my_pkg/prefix_override:/usr/lib/python3/dist-packages/colcon_core/task/python/colcon_distutils_commands:/home/looubuntu/ros2_ws/install/my_pkg/lib/python3.10/site-packages:${PYTHONPATH} /usr/bin/python3 -W ignore:setup.py install is deprecated setup.py egg_info --egg-base ../../build/my_pkg build --build-base /home/looubuntu/ros2_ws/build/my_pkg/build install --record /home/looubuntu/ros2_ws/build/my_pkg/install.log --single-version-externally-managed install_data
[0.689s] running egg_info
[0.690s] writing ../../build/my_pkg/my_pkg.egg-info/PKG-INFO
[0.690s] writing dependency_links to ../../build/my_pkg/my_pkg.egg-info/dependency_links.txt
[0.690s] writing entry points to ../../build/my_pkg/my_pkg.egg-info/entry_points.txt
[0.690s] writing requirements to ../../build/my_pkg/my_pkg.egg-info/requires.txt
[0.690s] writing top-level names to ../../build/my_pkg/my_pkg.egg-info/top_level.txt
[0.692s] reading manifest file '../../build/my_pkg/my_pkg.egg-info/SOURCES.txt'
[0.692s] adding license file 'LICENSE'
[0.693s] writing manifest file '../../build/my_pkg/my_pkg.egg-info/SOURCES.txt'
[0.693s] running build
[0.693s] running build_py
[0.693s] copying my_pkg/service_member_function.py -> /home/looubuntu/ros2_ws/build/my_pkg/build/lib/my_pkg
[0.693s] copying my_pkg/client_member_function.py -> /home/looubuntu/ros2_ws/build/my_pkg/build/lib/my_pkg
[0.693s] running install
[0.694s] running install_lib
[0.694s] copying /home/looubuntu/ros2_ws/build/my_pkg/build/lib/my_pkg/service_member_function.py -> /home/looubuntu/ros2_ws/install/my_pkg/lib/python3.10/site-packages/my_pkg
[0.695s] copying /home/looubuntu/ros2_ws/build/my_pkg/build/lib/my_pkg/client_member_function.py -> /home/looubuntu/ros2_ws/install/my_pkg/lib/python3.10/site-packages/my_pkg
[0.695s] byte-compiling /home/looubuntu/ros2_ws/install/my_pkg/lib/python3.10/site-packages/my_pkg/service_member_function.py to service_member_function.cpython-310.pyc
[0.696s] byte-compiling /home/looubuntu/ros2_ws/install/my_pkg/lib/python3.10/site-packages/my_pkg/client_member_function.py to client_member_function.cpython-310.pyc
[0.696s] running install_data
[0.696s] running install_egg_info
[0.697s] removing '/home/looubuntu/ros2_ws/install/my_pkg/lib/python3.10/site-packages/my_pkg-0.0.0-py3.10.egg-info' (and everything under it)
[0.698s] Copying ../../build/my_pkg/my_pkg.egg-info to /home/looubuntu/ros2_ws/install/my_pkg/lib/python3.10/site-packages/my_pkg-0.0.0-py3.10.egg-info
[0.698s] running install_scripts
[0.715s] Installing client script to /home/looubuntu/ros2_ws/install/my_pkg/lib/my_pkg
[0.715s] Installing service script to /home/looubuntu/ros2_ws/install/my_pkg/lib/my_pkg
[0.716s] writing list of installed files to '/home/looubuntu/ros2_ws/build/my_pkg/install.log'
[0.735s] Invoked command in '/home/looubuntu/ros2_ws/src/my_pkg' returned '0': PYTHONPATH=/home/looubuntu/ros2_ws/build/my_pkg/prefix_override:/usr/lib/python3/dist-packages/colcon_core/task/python/colcon_distutils_commands:/home/looubuntu/ros2_ws/install/my_pkg/lib/python3.10/site-packages:${PYTHONPATH} /usr/bin/python3 -W ignore:setup.py install is deprecated setup.py egg_info --egg-base ../../build/my_pkg build --build-base /home/looubuntu/ros2_ws/build/my_pkg/build install --record /home/looubuntu/ros2_ws/build/my_pkg/install.log --single-version-externally-managed install_data
