running egg_info
creating ../../build/my_team_robot/my_team_robot.egg-info
writing ../../build/my_team_robot/my_team_robot.egg-info/PKG-INFO
writing dependency_links to ../../build/my_team_robot/my_team_robot.egg-info/dependency_links.txt
writing entry points to ../../build/my_team_robot/my_team_robot.egg-info/entry_points.txt
writing requirements to ../../build/my_team_robot/my_team_robot.egg-info/requires.txt
writing top-level names to ../../build/my_team_robot/my_team_robot.egg-info/top_level.txt
writing manifest file '../../build/my_team_robot/my_team_robot.egg-info/SOURCES.txt'
reading manifest file '../../build/my_team_robot/my_team_robot.egg-info/SOURCES.txt'
adding license file 'LICENSE'
writing manifest file '../../build/my_team_robot/my_team_robot.egg-info/SOURCES.txt'
running build
running build_py
creating /home/looubuntu/ros2_ws/build/my_team_robot/build
creating /home/looubuntu/ros2_ws/build/my_team_robot/build/lib
creating /home/looubuntu/ros2_ws/build/my_team_robot/build/lib/my_team_robot
copying my_team_robot/__init__.py -> /home/looubuntu/ros2_ws/build/my_team_robot/build/lib/my_team_robot
running install
running install_lib
creating /home/looubuntu/ros2_ws/install/my_team_robot/lib/python3.10/site-packages/my_team_robot
copying /home/looubuntu/ros2_ws/build/my_team_robot/build/lib/my_team_robot/__init__.py -> /home/looubuntu/ros2_ws/install/my_team_robot/lib/python3.10/site-packages/my_team_robot
byte-compiling /home/looubuntu/ros2_ws/install/my_team_robot/lib/python3.10/site-packages/my_team_robot/__init__.py to __init__.cpython-310.pyc
running install_data
creating /home/looubuntu/ros2_ws/install/my_team_robot/share/ament_index
creating /home/looubuntu/ros2_ws/install/my_team_robot/share/ament_index/resource_index
creating /home/looubuntu/ros2_ws/install/my_team_robot/share/ament_index/resource_index/packages
copying resource/my_team_robot -> /home/looubuntu/ros2_ws/install/my_team_robot/share/ament_index/resource_index/packages
copying package.xml -> /home/looubuntu/ros2_ws/install/my_team_robot/share/my_team_robot
creating /home/looubuntu/ros2_ws/install/my_team_robot/share/my_team_robot/urdf
copying urdf/Car3_ver2banh.SLDASM.urdf -> /home/looubuntu/ros2_ws/install/my_team_robot/share/my_team_robot/urdf
copying urdf/Car3_ver2banh.SLDASM.csv -> /home/looubuntu/ros2_ws/install/my_team_robot/share/my_team_robot/urdf
creating /home/looubuntu/ros2_ws/install/my_team_robot/share/my_team_robot/launch
copying launch/display.launch.py -> /home/looubuntu/ros2_ws/install/my_team_robot/share/my_team_robot/launch
copying launch/gazebo.launch.py -> /home/looubuntu/ros2_ws/install/my_team_robot/share/my_team_robot/launch
creating /home/looubuntu/ros2_ws/install/my_team_robot/share/my_team_robot/meshes
copying meshes/leftwheel.STL -> /home/looubuntu/ros2_ws/install/my_team_robot/share/my_team_robot/meshes
copying meshes/base_link.STL -> /home/looubuntu/ros2_ws/install/my_team_robot/share/my_team_robot/meshes
copying meshes/conquay.STL -> /home/looubuntu/ros2_ws/install/my_team_robot/share/my_team_robot/meshes
copying meshes/rightwheel.STL -> /home/looubuntu/ros2_ws/install/my_team_robot/share/my_team_robot/meshes
copying meshes/wheelmini.STL -> /home/looubuntu/ros2_ws/install/my_team_robot/share/my_team_robot/meshes
running install_egg_info
Copying ../../build/my_team_robot/my_team_robot.egg-info to /home/looubuntu/ros2_ws/install/my_team_robot/lib/python3.10/site-packages/my_team_robot-0.0.0-py3.10.egg-info
running install_scripts
writing list of installed files to '/home/looubuntu/ros2_ws/build/my_team_robot/install.log'
