[0.507s] Invoking command in '/home/looubuntu/ros2_ws/src/my_pkg': PYTHONPATH=/home/looubuntu/ros2_ws/build/my_pkg/prefix_override:/usr/lib/python3/dist-packages/colcon_core/task/python/colcon_distutils_commands:/home/looubuntu/ros2_ws/install/my_pkg/lib/python3.10/site-packages:${PYTHONPATH} /usr/bin/python3 -W ignore:setup.py install is deprecated setup.py egg_info --egg-base ../../build/my_pkg build --build-base /home/looubuntu/ros2_ws/build/my_pkg/build install --record /home/looubuntu/ros2_ws/build/my_pkg/install.log --single-version-externally-managed install_data
[0.694s] running egg_info
[0.694s] writing ../../build/my_pkg/my_pkg.egg-info/PKG-INFO
[0.694s] writing dependency_links to ../../build/my_pkg/my_pkg.egg-info/dependency_links.txt
[0.695s] writing entry points to ../../build/my_pkg/my_pkg.egg-info/entry_points.txt
[0.695s] writing requirements to ../../build/my_pkg/my_pkg.egg-info/requires.txt
[0.695s] writing top-level names to ../../build/my_pkg/my_pkg.egg-info/top_level.txt
[0.697s] reading manifest file '../../build/my_pkg/my_pkg.egg-info/SOURCES.txt'
[0.697s] adding license file 'LICENSE'
[0.698s] writing manifest file '../../build/my_pkg/my_pkg.egg-info/SOURCES.txt'
[0.698s] running build
[0.698s] running build_py
[0.698s] copying my_pkg/gui_int32.py -> /home/looubuntu/ros2_ws/build/my_pkg/build/lib/my_pkg
[0.698s] copying my_pkg/nhan.py -> /home/looubuntu/ros2_ws/build/my_pkg/build/lib/my_pkg
[0.699s] running install
[0.699s] running install_lib
[0.700s] copying /home/looubuntu/ros2_ws/build/my_pkg/build/lib/my_pkg/gui_int32.py -> /home/looubuntu/ros2_ws/install/my_pkg/lib/python3.10/site-packages/my_pkg
[0.700s] copying /home/looubuntu/ros2_ws/build/my_pkg/build/lib/my_pkg/nhan.py -> /home/looubuntu/ros2_ws/install/my_pkg/lib/python3.10/site-packages/my_pkg
[0.701s] byte-compiling /home/looubuntu/ros2_ws/install/my_pkg/lib/python3.10/site-packages/my_pkg/gui_int32.py to gui_int32.cpython-310.pyc
[0.701s] byte-compiling /home/looubuntu/ros2_ws/install/my_pkg/lib/python3.10/site-packages/my_pkg/nhan.py to nhan.cpython-310.pyc
[0.701s] running install_data
[0.701s] running install_egg_info
[0.703s] removing '/home/looubuntu/ros2_ws/install/my_pkg/lib/python3.10/site-packages/my_pkg-0.0.0-py3.10.egg-info' (and everything under it)
[0.703s] Copying ../../build/my_pkg/my_pkg.egg-info to /home/looubuntu/ros2_ws/install/my_pkg/lib/python3.10/site-packages/my_pkg-0.0.0-py3.10.egg-info
[0.704s] running install_scripts
[0.720s] Installing listener script to /home/looubuntu/ros2_ws/install/my_pkg/lib/my_pkg
[0.720s] Installing talker script to /home/looubuntu/ros2_ws/install/my_pkg/lib/my_pkg
[0.720s] Installing talker_int32 script to /home/looubuntu/ros2_ws/install/my_pkg/lib/my_pkg
[0.720s] writing list of installed files to '/home/looubuntu/ros2_ws/build/my_pkg/install.log'
[0.738s] Invoked command in '/home/looubuntu/ros2_ws/src/my_pkg' returned '0': PYTHONPATH=/home/looubuntu/ros2_ws/build/my_pkg/prefix_override:/usr/lib/python3/dist-packages/colcon_core/task/python/colcon_distutils_commands:/home/looubuntu/ros2_ws/install/my_pkg/lib/python3.10/site-packages:${PYTHONPATH} /usr/bin/python3 -W ignore:setup.py install is deprecated setup.py egg_info --egg-base ../../build/my_pkg build --build-base /home/looubuntu/ros2_ws/build/my_pkg/build install --record /home/looubuntu/ros2_ws/build/my_pkg/install.log --single-version-externally-managed install_data
