[0.580s] Invoking command in '/home/looubuntu/ros2_ws/src/my_pkg': PYTHONPATH=/home/looubuntu/ros2_ws/build/my_pkg/prefix_override:/usr/lib/python3/dist-packages/colcon_core/task/python/colcon_distutils_commands:/home/looubuntu/ros2_ws/install/my_pkg/lib/python3.10/site-packages:${PYTHONPATH} /usr/bin/python3 -W ignore:setup.py install is deprecated setup.py egg_info --egg-base ../../build/my_pkg build --build-base /home/looubuntu/ros2_ws/build/my_pkg/build install --record /home/looubuntu/ros2_ws/build/my_pkg/install.log --single-version-externally-managed install_data
[0.794s] running egg_info
[0.795s] writing ../../build/my_pkg/my_pkg.egg-info/PKG-INFO
[0.795s] writing dependency_links to ../../build/my_pkg/my_pkg.egg-info/dependency_links.txt
[0.795s] writing entry points to ../../build/my_pkg/my_pkg.egg-info/entry_points.txt
[0.795s] writing requirements to ../../build/my_pkg/my_pkg.egg-info/requires.txt
[0.795s] writing top-level names to ../../build/my_pkg/my_pkg.egg-info/top_level.txt
[0.796s] reading manifest file '../../build/my_pkg/my_pkg.egg-info/SOURCES.txt'
[0.796s] adding license file 'LICENSE'
[0.797s] writing manifest file '../../build/my_pkg/my_pkg.egg-info/SOURCES.txt'
[0.797s] running build
[0.797s] running build_py
[0.797s] copying my_pkg/crtl.py -> /home/looubuntu/ros2_ws/build/my_pkg/build/lib/my_pkg
[0.797s] running install
[0.798s] running install_lib
[0.799s] copying /home/looubuntu/ros2_ws/build/my_pkg/build/lib/my_pkg/crtl.py -> /home/looubuntu/ros2_ws/install/my_pkg/lib/python3.10/site-packages/my_pkg
[0.799s] byte-compiling /home/looubuntu/ros2_ws/install/my_pkg/lib/python3.10/site-packages/my_pkg/crtl.py to crtl.cpython-310.pyc
[0.800s] running install_data
[0.800s] running install_egg_info
[0.801s] removing '/home/looubuntu/ros2_ws/install/my_pkg/lib/python3.10/site-packages/my_pkg-0.0.0-py3.10.egg-info' (and everything under it)
[0.801s] Copying ../../build/my_pkg/my_pkg.egg-info to /home/looubuntu/ros2_ws/install/my_pkg/lib/python3.10/site-packages/my_pkg-0.0.0-py3.10.egg-info
[0.802s] running install_scripts
[0.822s] Installing talker script to /home/looubuntu/ros2_ws/install/my_pkg/lib/my_pkg
[0.822s] writing list of installed files to '/home/looubuntu/ros2_ws/build/my_pkg/install.log'
[0.846s] Invoked command in '/home/looubuntu/ros2_ws/src/my_pkg' returned '0': PYTHONPATH=/home/looubuntu/ros2_ws/build/my_pkg/prefix_override:/usr/lib/python3/dist-packages/colcon_core/task/python/colcon_distutils_commands:/home/looubuntu/ros2_ws/install/my_pkg/lib/python3.10/site-packages:${PYTHONPATH} /usr/bin/python3 -W ignore:setup.py install is deprecated setup.py egg_info --egg-base ../../build/my_pkg build --build-base /home/looubuntu/ros2_ws/build/my_pkg/build install --record /home/looubuntu/ros2_ws/build/my_pkg/install.log --single-version-externally-managed install_data
