[0.011s] Invoking command in '/home/looubuntu/ros2_ws/build/my_interfaces': CMAKE_PREFIX_PATH=${CMAKE_PREFIX_PATH}:/home/looubuntu/ros2_ws/install/my_pkg:/opt/ros/humble /usr/bin/cmake --build /home/looubuntu/ros2_ws/build/my_interfaces -- -j12 -l12
[0.045s] [  9%] Built target my_interfaces__cpp
[0.045s] [ 12%] Built target my_interfaces__rosidl_generator_c
[0.055s] [ 12%] Built target ament_cmake_python_copy_my_interfaces
[0.061s] [ 41%] Built target my_interfaces__rosidl_typesupport_cpp
[0.061s] [ 41%] Built target my_interfaces__rosidl_typesupport_fastrtps_c
[0.061s] [ 41%] Built target my_interfaces__rosidl_typesupport_fastrtps_cpp
[0.062s] [ 51%] Built target my_interfaces__rosidl_typesupport_c
[0.064s] [ 61%] Built target my_interfaces__rosidl_typesupport_introspection_c
[0.066s] [ 70%] Built target my_interfaces__rosidl_typesupport_introspection_cpp
[0.079s] [ 70%] Built target my_interfaces
[0.093s] [ 74%] Built target my_interfaces__py
[0.107s] [ 80%] Built target my_interfaces__rosidl_generator_py
[0.123s] [100%] Built target my_interfaces__rosidl_typesupport_fastrtps_c__pyext
[0.123s] [100%] Built target my_interfaces__rosidl_typesupport_c__pyext
[0.123s] [100%] Built target my_interfaces__rosidl_typesupport_introspection_c__pyext
[0.250s] running egg_info
[0.251s] writing my_interfaces.egg-info/PKG-INFO
[0.252s] writing dependency_links to my_interfaces.egg-info/dependency_links.txt
[0.252s] writing top-level names to my_interfaces.egg-info/top_level.txt
[0.253s] reading manifest file 'my_interfaces.egg-info/SOURCES.txt'
[0.253s] writing manifest file 'my_interfaces.egg-info/SOURCES.txt'
[0.273s] [100%] Built target ament_cmake_python_build_my_interfaces_egg
