[1.886s] Invoking command in '/home/looubuntu/ros2_ws/src/my_rb': PYTHONPATH=/home/looubuntu/ros2_ws/build/my_rb/prefix_override:/usr/lib/python3/dist-packages/colcon_core/task/python/colcon_distutils_commands:/home/looubuntu/ros2_ws/install/my_rb/lib/python3.10/site-packages:${PYTHONPATH} /usr/bin/python3 -W ignore:setup.py install is deprecated setup.py egg_info --egg-base ../../build/my_rb build --build-base /home/looubuntu/ros2_ws/build/my_rb/build install --record /home/looubuntu/ros2_ws/build/my_rb/install.log --single-version-externally-managed install_data
[2.207s] running egg_info
[2.208s] writing ../../build/my_rb/my_rb.egg-info/PKG-INFO
[2.208s] writing dependency_links to ../../build/my_rb/my_rb.egg-info/dependency_links.txt
[2.208s] writing entry points to ../../build/my_rb/my_rb.egg-info/entry_points.txt
[2.208s] writing requirements to ../../build/my_rb/my_rb.egg-info/requires.txt
[2.208s] writing top-level names to ../../build/my_rb/my_rb.egg-info/top_level.txt
[2.211s] reading manifest file '../../build/my_rb/my_rb.egg-info/SOURCES.txt'
[2.211s] adding license file 'LICENSE'
[2.212s] writing manifest file '../../build/my_rb/my_rb.egg-info/SOURCES.txt'
[2.212s] running build
[2.212s] running build_py
[2.213s] running install
[2.213s] running install_lib
[2.215s] running install_data
[2.215s] running install_egg_info
[2.217s] removing '/home/looubuntu/ros2_ws/install/my_rb/lib/python3.10/site-packages/my_rb-0.0.0-py3.10.egg-info' (and everything under it)
[2.217s] Copying ../../build/my_rb/my_rb.egg-info to /home/looubuntu/ros2_ws/install/my_rb/lib/python3.10/site-packages/my_rb-0.0.0-py3.10.egg-info
[2.218s] running install_scripts
[2.241s] writing list of installed files to '/home/looubuntu/ros2_ws/build/my_rb/install.log'
[2.272s] Invoked command in '/home/looubuntu/ros2_ws/src/my_rb' returned '0': PYTHONPATH=/home/looubuntu/ros2_ws/build/my_rb/prefix_override:/usr/lib/python3/dist-packages/colcon_core/task/python/colcon_distutils_commands:/home/looubuntu/ros2_ws/install/my_rb/lib/python3.10/site-packages:${PYTHONPATH} /usr/bin/python3 -W ignore:setup.py install is deprecated setup.py egg_info --egg-base ../../build/my_rb build --build-base /home/looubuntu/ros2_ws/build/my_rb/build install --record /home/looubuntu/ros2_ws/build/my_rb/install.log --single-version-externally-managed install_data
