[0.029s] Invoking command in '/home/looubuntu/ros2_ws/build/my_interfaces': CMAKE_PREFIX_PATH=/opt/ros/humble /usr/bin/cmake --build /home/looubuntu/ros2_ws/build/my_interfaces -- -j12 -l12
[0.657s] [  2%] Built target my_interfaces__cpp
[0.658s] [ 12%] Built target my_interfaces__rosidl_generator_c
[0.658s] [ 12%] Built target ament_cmake_python_copy_my_interfaces
[0.658s] [ 43%] Built target my_interfaces__rosidl_typesupport_introspection_c
[0.658s] [ 43%] Built target my_interfaces__rosidl_typesupport_introspection_cpp
[0.658s] [ 43%] Built target my_interfaces__rosidl_typesupport_c
[0.658s] [ 53%] Built target my_interfaces__rosidl_typesupport_cpp
[0.658s] [ 64%] Built target my_interfaces__rosidl_typesupport_fastrtps_cpp
[0.658s] [ 74%] Built target my_interfaces__rosidl_typesupport_fastrtps_c
[0.658s] [ 74%] Built target my_interfaces
[0.658s] [ 76%] Built target my_interfaces__py
[0.658s] [ 84%] Built target my_interfaces__rosidl_generator_py
[0.658s] [100%] Built target my_interfaces__rosidl_typesupport_fastrtps_c__pyext
[0.659s] [100%] Built target my_interfaces__rosidl_typesupport_c__pyext
[0.659s] [100%] Built target my_interfaces__rosidl_typesupport_introspection_c__pyext
[0.659s] running egg_info
[0.659s] writing my_interfaces.egg-info/PKG-INFO
[0.659s] writing dependency_links to my_interfaces.egg-info/dependency_links.txt
[0.659s] writing top-level names to my_interfaces.egg-info/top_level.txt
[0.659s] reading manifest file 'my_interfaces.egg-info/SOURCES.txt'
[0.659s] writing manifest file 'my_interfaces.egg-info/SOURCES.txt'
[0.659s] [100%] Built target ament_cmake_python_build_my_interfaces_egg
[0.873s] Invoked command in '/home/looubuntu/ros2_ws/build/my_interfaces' returned '0': CMAKE_PREFIX_PATH=/opt/ros/humble /usr/bin/cmake --build /home/looubuntu/ros2_ws/build/my_interfaces -- -j12 -l12
[0.927s] Invoking command in '/home/looubuntu/ros2_ws/build/my_interfaces': CMAKE_PREFIX_PATH=/opt/ros/humble /usr/bin/cmake --install /home/looubuntu/ros2_ws/build/my_interfaces
[0.933s] -- Install configuration: ""
[0.934s] -- Up-to-date: /home/looubuntu/ros2_ws/install/my_interfaces/share/ament_index/resource_index/rosidl_interfaces/my_interfaces
[0.935s] -- Up-to-date: /home/looubuntu/ros2_ws/install/my_interfaces/include/my_interfaces/my_interfaces
[0.935s] -- Up-to-date: /home/looubuntu/ros2_ws/install/my_interfaces/include/my_interfaces/my_interfaces/msg
[0.935s] -- Up-to-date: /home/looubuntu/ros2_ws/install/my_interfaces/include/my_interfaces/my_interfaces/msg/rosidl_generator_c__visibility_control.h
[0.935s] -- Up-to-date: /home/looubuntu/ros2_ws/install/my_interfaces/include/my_interfaces/my_interfaces/msg/my_msg.h
[0.935s] -- Up-to-date: /home/looubuntu/ros2_ws/install/my_interfaces/include/my_interfaces/my_interfaces/msg/detail
[0.935s] -- Up-to-date: /home/looubuntu/ros2_ws/install/my_interfaces/include/my_interfaces/my_interfaces/msg/detail/my_msg__functions.h
[0.936s] -- Up-to-date: /home/looubuntu/ros2_ws/install/my_interfaces/include/my_interfaces/my_interfaces/msg/detail/my_msg__type_support.h
[0.936s] -- Up-to-date: /home/looubuntu/ros2_ws/install/my_interfaces/include/my_interfaces/my_interfaces/msg/detail/my_msg__functions.c
[0.936s] -- Up-to-date: /home/looubuntu/ros2_ws/install/my_interfaces/include/my_interfaces/my_interfaces/msg/detail/my_msg__struct.h
[0.936s] -- Up-to-date: /home/looubuntu/ros2_ws/install/my_interfaces/include/my_interfaces/my_interfaces/srv
[0.936s] -- Up-to-date: /home/looubuntu/ros2_ws/install/my_interfaces/include/my_interfaces/my_interfaces/srv/vd.h
[0.936s] -- Up-to-date: /home/looubuntu/ros2_ws/install/my_interfaces/include/my_interfaces/my_interfaces/srv/detail
[0.936s] -- Up-to-date: /home/looubuntu/ros2_ws/install/my_interfaces/include/my_interfaces/my_interfaces/srv/detail/vd__struct.h
[0.936s] -- Up-to-date: /home/looubuntu/ros2_ws/install/my_interfaces/include/my_interfaces/my_interfaces/srv/detail/vd__functions.c
[0.936s] -- Up-to-date: /home/looubuntu/ros2_ws/install/my_interfaces/include/my_interfaces/my_interfaces/srv/detail/vd__type_support.h
[0.937s] -- Up-to-date: /home/looubuntu/ros2_ws/install/my_interfaces/include/my_interfaces/my_interfaces/srv/detail/vd__functions.h
[0.937s] -- Up-to-date: /home/looubuntu/ros2_ws/install/my_interfaces/share/my_interfaces/environment/library_path.sh
[0.937s] -- Up-to-date: /home/looubuntu/ros2_ws/install/my_interfaces/share/my_interfaces/environment/library_path.dsv
[0.937s] -- Up-to-date: /home/looubuntu/ros2_ws/install/my_interfaces/lib/libmy_interfaces__rosidl_generator_c.so
[0.937s] -- Up-to-date: /home/looubuntu/ros2_ws/install/my_interfaces/include/my_interfaces/my_interfaces
[0.937s] -- Up-to-date: /home/looubuntu/ros2_ws/install/my_interfaces/include/my_interfaces/my_interfaces/msg
[0.937s] -- Up-to-date: /home/looubuntu/ros2_ws/install/my_interfaces/include/my_interfaces/my_interfaces/msg/detail
[0.938s] -- Up-to-date: /home/looubuntu/ros2_ws/install/my_interfaces/include/my_interfaces/my_interfaces/msg/detail/my_msg__rosidl_typesupport_fastrtps_c.h
[0.938s] -- Up-to-date: /home/looubuntu/ros2_ws/install/my_interfaces/include/my_interfaces/my_interfaces/msg/rosidl_typesupport_fastrtps_c__visibility_control.h
[0.938s] -- Up-to-date: /home/looubuntu/ros2_ws/install/my_interfaces/include/my_interfaces/my_interfaces/srv
[0.938s] -- Up-to-date: /home/looubuntu/ros2_ws/install/my_interfaces/include/my_interfaces/my_interfaces/srv/detail
[0.938s] -- Up-to-date: /home/looubuntu/ros2_ws/install/my_interfaces/include/my_interfaces/my_interfaces/srv/detail/vd__rosidl_typesupport_fastrtps_c.h
[0.938s] -- Up-to-date: /home/looubuntu/ros2_ws/install/my_interfaces/lib/libmy_interfaces__rosidl_typesupport_fastrtps_c.so
[0.938s] -- Up-to-date: /home/looubuntu/ros2_ws/install/my_interfaces/include/my_interfaces/my_interfaces
[0.938s] -- Up-to-date: /home/looubuntu/ros2_ws/install/my_interfaces/include/my_interfaces/my_interfaces/msg
[0.938s] -- Up-to-date: /home/looubuntu/ros2_ws/install/my_interfaces/include/my_interfaces/my_interfaces/msg/detail
[0.939s] -- Up-to-date: /home/looubuntu/ros2_ws/install/my_interfaces/include/my_interfaces/my_interfaces/msg/detail/my_msg__type_support.c
[0.939s] -- Up-to-date: /home/looubuntu/ros2_ws/install/my_interfaces/include/my_interfaces/my_interfaces/msg/detail/my_msg__rosidl_typesupport_introspection_c.h
[0.939s] -- Up-to-date: /home/looubuntu/ros2_ws/install/my_interfaces/include/my_interfaces/my_interfaces/msg/rosidl_typesupport_introspection_c__visibility_control.h
[0.939s] -- Up-to-date: /home/looubuntu/ros2_ws/install/my_interfaces/include/my_interfaces/my_interfaces/srv
[0.939s] -- Up-to-date: /home/looubuntu/ros2_ws/install/my_interfaces/include/my_interfaces/my_interfaces/srv/detail
[0.939s] -- Up-to-date: /home/looubuntu/ros2_ws/install/my_interfaces/include/my_interfaces/my_interfaces/srv/detail/vd__type_support.c
[0.939s] -- Up-to-date: /home/looubuntu/ros2_ws/install/my_interfaces/include/my_interfaces/my_interfaces/srv/detail/vd__rosidl_typesupport_introspection_c.h
[0.939s] -- Up-to-date: /home/looubuntu/ros2_ws/install/my_interfaces/lib/libmy_interfaces__rosidl_typesupport_introspection_c.so
[0.940s] -- Up-to-date: /home/looubuntu/ros2_ws/install/my_interfaces/lib/libmy_interfaces__rosidl_typesupport_c.so
[0.940s] -- Up-to-date: /home/looubuntu/ros2_ws/install/my_interfaces/include/my_interfaces/my_interfaces
[0.940s] -- Up-to-date: /home/looubuntu/ros2_ws/install/my_interfaces/include/my_interfaces/my_interfaces/msg
[0.940s] -- Up-to-date: /home/looubuntu/ros2_ws/install/my_interfaces/include/my_interfaces/my_interfaces/msg/detail
[0.941s] -- Up-to-date: /home/looubuntu/ros2_ws/install/my_interfaces/include/my_interfaces/my_interfaces/msg/detail/my_msg__struct.hpp
[0.941s] -- Up-to-date: /home/looubuntu/ros2_ws/install/my_interfaces/include/my_interfaces/my_interfaces/msg/detail/my_msg__traits.hpp
[0.941s] -- Up-to-date: /home/looubuntu/ros2_ws/install/my_interfaces/include/my_interfaces/my_interfaces/msg/detail/my_msg__builder.hpp
[0.941s] -- Up-to-date: /home/looubuntu/ros2_ws/install/my_interfaces/include/my_interfaces/my_interfaces/msg/my_msg.hpp
[0.941s] -- Up-to-date: /home/looubuntu/ros2_ws/install/my_interfaces/include/my_interfaces/my_interfaces/srv
[0.941s] -- Up-to-date: /home/looubuntu/ros2_ws/install/my_interfaces/include/my_interfaces/my_interfaces/srv/detail
[0.941s] -- Up-to-date: /home/looubuntu/ros2_ws/install/my_interfaces/include/my_interfaces/my_interfaces/srv/detail/vd__traits.hpp
[0.941s] -- Up-to-date: /home/looubuntu/ros2_ws/install/my_interfaces/include/my_interfaces/my_interfaces/srv/detail/vd__struct.hpp
[0.941s] -- Up-to-date: /home/looubuntu/ros2_ws/install/my_interfaces/include/my_interfaces/my_interfaces/srv/detail/vd__builder.hpp
[0.941s] -- Up-to-date: /home/looubuntu/ros2_ws/install/my_interfaces/include/my_interfaces/my_interfaces/srv/vd.hpp
[0.941s] -- Up-to-date: /home/looubuntu/ros2_ws/install/my_interfaces/include/my_interfaces/my_interfaces
[0.941s] -- Up-to-date: /home/looubuntu/ros2_ws/install/my_interfaces/include/my_interfaces/my_interfaces/msg
[0.942s] -- Up-to-date: /home/looubuntu/ros2_ws/install/my_interfaces/include/my_interfaces/my_interfaces/msg/rosidl_typesupport_fastrtps_cpp__visibility_control.h
[0.942s] -- Up-to-date: /home/looubuntu/ros2_ws/install/my_interfaces/include/my_interfaces/my_interfaces/msg/detail
[0.942s] -- Up-to-date: /home/looubuntu/ros2_ws/install/my_interfaces/include/my_interfaces/my_interfaces/msg/detail/my_msg__rosidl_typesupport_fastrtps_cpp.hpp
[0.942s] -- Up-to-date: /home/looubuntu/ros2_ws/install/my_interfaces/include/my_interfaces/my_interfaces/msg/detail/dds_fastrtps
[0.942s] -- Up-to-date: /home/looubuntu/ros2_ws/install/my_interfaces/include/my_interfaces/my_interfaces/srv
[0.942s] -- Up-to-date: /home/looubuntu/ros2_ws/install/my_interfaces/include/my_interfaces/my_interfaces/srv/detail
[0.942s] -- Up-to-date: /home/looubuntu/ros2_ws/install/my_interfaces/include/my_interfaces/my_interfaces/srv/detail/vd__rosidl_typesupport_fastrtps_cpp.hpp
[0.942s] -- Up-to-date: /home/looubuntu/ros2_ws/install/my_interfaces/include/my_interfaces/my_interfaces/srv/detail/dds_fastrtps
[0.942s] -- Up-to-date: /home/looubuntu/ros2_ws/install/my_interfaces/lib/libmy_interfaces__rosidl_typesupport_fastrtps_cpp.so
[0.942s] -- Up-to-date: /home/looubuntu/ros2_ws/install/my_interfaces/include/my_interfaces/my_interfaces
[0.942s] -- Up-to-date: /home/looubuntu/ros2_ws/install/my_interfaces/include/my_interfaces/my_interfaces/msg
[0.943s] -- Up-to-date: /home/looubuntu/ros2_ws/install/my_interfaces/include/my_interfaces/my_interfaces/msg/detail
[0.943s] -- Up-to-date: /home/looubuntu/ros2_ws/install/my_interfaces/include/my_interfaces/my_interfaces/msg/detail/my_msg__type_support.cpp
[0.943s] -- Up-to-date: /home/looubuntu/ros2_ws/install/my_interfaces/include/my_interfaces/my_interfaces/msg/detail/my_msg__rosidl_typesupport_introspection_cpp.hpp
[0.943s] -- Up-to-date: /home/looubuntu/ros2_ws/install/my_interfaces/include/my_interfaces/my_interfaces/srv
[0.943s] -- Up-to-date: /home/looubuntu/ros2_ws/install/my_interfaces/include/my_interfaces/my_interfaces/srv/detail
[0.943s] -- Up-to-date: /home/looubuntu/ros2_ws/install/my_interfaces/include/my_interfaces/my_interfaces/srv/detail/vd__type_support.cpp
[0.943s] -- Up-to-date: /home/looubuntu/ros2_ws/install/my_interfaces/include/my_interfaces/my_interfaces/srv/detail/vd__rosidl_typesupport_introspection_cpp.hpp
[0.943s] -- Up-to-date: /home/looubuntu/ros2_ws/install/my_interfaces/lib/libmy_interfaces__rosidl_typesupport_introspection_cpp.so
[0.944s] -- Up-to-date: /home/looubuntu/ros2_ws/install/my_interfaces/lib/libmy_interfaces__rosidl_typesupport_cpp.so
[0.944s] -- Up-to-date: /home/looubuntu/ros2_ws/install/my_interfaces/share/my_interfaces/environment/pythonpath.sh
[0.944s] -- Up-to-date: /home/looubuntu/ros2_ws/install/my_interfaces/share/my_interfaces/environment/pythonpath.dsv
[0.945s] -- Up-to-date: /home/looubuntu/ros2_ws/install/my_interfaces/local/lib/python3.10/dist-packages/my_interfaces-0.0.0-py3.10.egg-info
[0.945s] -- Installing: /home/looubuntu/ros2_ws/install/my_interfaces/local/lib/python3.10/dist-packages/my_interfaces-0.0.0-py3.10.egg-info/top_level.txt
[0.945s] -- Installing: /home/looubuntu/ros2_ws/install/my_interfaces/local/lib/python3.10/dist-packages/my_interfaces-0.0.0-py3.10.egg-info/PKG-INFO
[0.945s] -- Installing: /home/looubuntu/ros2_ws/install/my_interfaces/local/lib/python3.10/dist-packages/my_interfaces-0.0.0-py3.10.egg-info/SOURCES.txt
[0.945s] -- Installing: /home/looubuntu/ros2_ws/install/my_interfaces/local/lib/python3.10/dist-packages/my_interfaces-0.0.0-py3.10.egg-info/dependency_links.txt
[0.945s] -- Up-to-date: /home/looubuntu/ros2_ws/install/my_interfaces/local/lib/python3.10/dist-packages/my_interfaces
[0.945s] -- Up-to-date: /home/looubuntu/ros2_ws/install/my_interfaces/local/lib/python3.10/dist-packages/my_interfaces/msg
[0.946s] -- Up-to-date: /home/looubuntu/ros2_ws/install/my_interfaces/local/lib/python3.10/dist-packages/my_interfaces/msg/__init__.py
[0.946s] -- Up-to-date: /home/looubuntu/ros2_ws/install/my_interfaces/local/lib/python3.10/dist-packages/my_interfaces/msg/_my_msg_s.c
[0.946s] -- Up-to-date: /home/looubuntu/ros2_ws/install/my_interfaces/local/lib/python3.10/dist-packages/my_interfaces/msg/_my_msg.py
[0.946s] -- Up-to-date: /home/looubuntu/ros2_ws/install/my_interfaces/local/lib/python3.10/dist-packages/my_interfaces/my_interfaces_s__rosidl_typesupport_c.cpython-310-x86_64-linux-gnu.so
[0.946s] -- Up-to-date: /home/looubuntu/ros2_ws/install/my_interfaces/local/lib/python3.10/dist-packages/my_interfaces/__init__.py
[0.946s] -- Up-to-date: /home/looubuntu/ros2_ws/install/my_interfaces/local/lib/python3.10/dist-packages/my_interfaces/_my_interfaces_s.ep.rosidl_typesupport_c.c
[0.946s] -- Up-to-date: /home/looubuntu/ros2_ws/install/my_interfaces/local/lib/python3.10/dist-packages/my_interfaces/libmy_interfaces__rosidl_generator_py.so
[0.946s] -- Up-to-date: /home/looubuntu/ros2_ws/install/my_interfaces/local/lib/python3.10/dist-packages/my_interfaces/srv
[0.947s] -- Up-to-date: /home/looubuntu/ros2_ws/install/my_interfaces/local/lib/python3.10/dist-packages/my_interfaces/srv/_vd_s.c
[0.947s] -- Up-to-date: /home/looubuntu/ros2_ws/install/my_interfaces/local/lib/python3.10/dist-packages/my_interfaces/srv/__init__.py
[0.947s] -- Up-to-date: /home/looubuntu/ros2_ws/install/my_interfaces/local/lib/python3.10/dist-packages/my_interfaces/srv/_vd.py
[0.947s] -- Up-to-date: /home/looubuntu/ros2_ws/install/my_interfaces/local/lib/python3.10/dist-packages/my_interfaces/_my_interfaces_s.ep.rosidl_typesupport_introspection_c.c
[0.947s] -- Up-to-date: /home/looubuntu/ros2_ws/install/my_interfaces/local/lib/python3.10/dist-packages/my_interfaces/_my_interfaces_s.ep.rosidl_typesupport_fastrtps_c.c
[0.947s] -- Up-to-date: /home/looubuntu/ros2_ws/install/my_interfaces/local/lib/python3.10/dist-packages/my_interfaces/my_interfaces_s__rosidl_typesupport_introspection_c.cpython-310-x86_64-linux-gnu.so
[0.947s] -- Up-to-date: /home/looubuntu/ros2_ws/install/my_interfaces/local/lib/python3.10/dist-packages/my_interfaces/my_interfaces_s__rosidl_typesupport_fastrtps_c.cpython-310-x86_64-linux-gnu.so
[0.972s] Listing '/home/looubuntu/ros2_ws/install/my_interfaces/local/lib/python3.10/dist-packages/my_interfaces'...
[0.972s] Listing '/home/looubuntu/ros2_ws/install/my_interfaces/local/lib/python3.10/dist-packages/my_interfaces/msg'...
[0.972s] Listing '/home/looubuntu/ros2_ws/install/my_interfaces/local/lib/python3.10/dist-packages/my_interfaces/srv'...
[0.976s] -- Up-to-date: /home/looubuntu/ros2_ws/install/my_interfaces/local/lib/python3.10/dist-packages/my_interfaces/my_interfaces_s__rosidl_typesupport_fastrtps_c.cpython-310-x86_64-linux-gnu.so
[0.976s] -- Up-to-date: /home/looubuntu/ros2_ws/install/my_interfaces/local/lib/python3.10/dist-packages/my_interfaces/my_interfaces_s__rosidl_typesupport_introspection_c.cpython-310-x86_64-linux-gnu.so
[0.977s] -- Up-to-date: /home/looubuntu/ros2_ws/install/my_interfaces/local/lib/python3.10/dist-packages/my_interfaces/my_interfaces_s__rosidl_typesupport_c.cpython-310-x86_64-linux-gnu.so
[0.977s] -- Up-to-date: /home/looubuntu/ros2_ws/install/my_interfaces/lib/libmy_interfaces__rosidl_generator_py.so
[0.977s] -- Up-to-date: /home/looubuntu/ros2_ws/install/my_interfaces/share/my_interfaces/msg/MyMsg.idl
[0.977s] -- Up-to-date: /home/looubuntu/ros2_ws/install/my_interfaces/share/my_interfaces/srv/Vd.idl
[0.978s] -- Up-to-date: /home/looubuntu/ros2_ws/install/my_interfaces/share/my_interfaces/msg/MyMsg.msg
[0.978s] -- Up-to-date: /home/looubuntu/ros2_ws/install/my_interfaces/share/my_interfaces/srv/Vd.srv
[0.978s] -- Up-to-date: /home/looubuntu/ros2_ws/install/my_interfaces/share/my_interfaces/srv/Vd_Request.msg
[0.978s] -- Up-to-date: /home/looubuntu/ros2_ws/install/my_interfaces/share/my_interfaces/srv/Vd_Response.msg
[0.978s] -- Up-to-date: /home/looubuntu/ros2_ws/install/my_interfaces/share/ament_index/resource_index/package_run_dependencies/my_interfaces
[0.978s] -- Up-to-date: /home/looubuntu/ros2_ws/install/my_interfaces/share/ament_index/resource_index/parent_prefix_path/my_interfaces
[0.978s] -- Up-to-date: /home/looubuntu/ros2_ws/install/my_interfaces/share/my_interfaces/environment/ament_prefix_path.sh
[0.978s] -- Up-to-date: /home/looubuntu/ros2_ws/install/my_interfaces/share/my_interfaces/environment/ament_prefix_path.dsv
[0.979s] -- Up-to-date: /home/looubuntu/ros2_ws/install/my_interfaces/share/my_interfaces/environment/path.sh
[0.979s] -- Up-to-date: /home/looubuntu/ros2_ws/install/my_interfaces/share/my_interfaces/environment/path.dsv
[0.979s] -- Up-to-date: /home/looubuntu/ros2_ws/install/my_interfaces/share/my_interfaces/local_setup.bash
[0.979s] -- Up-to-date: /home/looubuntu/ros2_ws/install/my_interfaces/share/my_interfaces/local_setup.sh
[0.979s] -- Up-to-date: /home/looubuntu/ros2_ws/install/my_interfaces/share/my_interfaces/local_setup.zsh
[0.979s] -- Up-to-date: /home/looubuntu/ros2_ws/install/my_interfaces/share/my_interfaces/local_setup.dsv
[0.979s] -- Installing: /home/looubuntu/ros2_ws/install/my_interfaces/share/my_interfaces/package.dsv
[0.979s] -- Up-to-date: /home/looubuntu/ros2_ws/install/my_interfaces/share/ament_index/resource_index/packages/my_interfaces
[0.980s] -- Up-to-date: /home/looubuntu/ros2_ws/install/my_interfaces/share/my_interfaces/cmake/export_my_interfaces__rosidl_generator_cExport.cmake
[0.980s] -- Up-to-date: /home/looubuntu/ros2_ws/install/my_interfaces/share/my_interfaces/cmake/export_my_interfaces__rosidl_generator_cExport-noconfig.cmake
[0.980s] -- Up-to-date: /home/looubuntu/ros2_ws/install/my_interfaces/share/my_interfaces/cmake/export_my_interfaces__rosidl_typesupport_fastrtps_cExport.cmake
[0.981s] -- Up-to-date: /home/looubuntu/ros2_ws/install/my_interfaces/share/my_interfaces/cmake/export_my_interfaces__rosidl_typesupport_fastrtps_cExport-noconfig.cmake
[0.981s] -- Up-to-date: /home/looubuntu/ros2_ws/install/my_interfaces/share/my_interfaces/cmake/my_interfaces__rosidl_typesupport_introspection_cExport.cmake
[0.981s] -- Up-to-date: /home/looubuntu/ros2_ws/install/my_interfaces/share/my_interfaces/cmake/my_interfaces__rosidl_typesupport_introspection_cExport-noconfig.cmake
[0.982s] -- Up-to-date: /home/looubuntu/ros2_ws/install/my_interfaces/share/my_interfaces/cmake/my_interfaces__rosidl_typesupport_cExport.cmake
[0.982s] -- Up-to-date: /home/looubuntu/ros2_ws/install/my_interfaces/share/my_interfaces/cmake/my_interfaces__rosidl_typesupport_cExport-noconfig.cmake
[0.982s] -- Up-to-date: /home/looubuntu/ros2_ws/install/my_interfaces/share/my_interfaces/cmake/export_my_interfaces__rosidl_generator_cppExport.cmake
[0.983s] -- Up-to-date: /home/looubuntu/ros2_ws/install/my_interfaces/share/my_interfaces/cmake/export_my_interfaces__rosidl_typesupport_fastrtps_cppExport.cmake
[0.983s] -- Up-to-date: /home/looubuntu/ros2_ws/install/my_interfaces/share/my_interfaces/cmake/export_my_interfaces__rosidl_typesupport_fastrtps_cppExport-noconfig.cmake
[0.983s] -- Up-to-date: /home/looubuntu/ros2_ws/install/my_interfaces/share/my_interfaces/cmake/my_interfaces__rosidl_typesupport_introspection_cppExport.cmake
[0.983s] -- Up-to-date: /home/looubuntu/ros2_ws/install/my_interfaces/share/my_interfaces/cmake/my_interfaces__rosidl_typesupport_introspection_cppExport-noconfig.cmake
[0.984s] -- Up-to-date: /home/looubuntu/ros2_ws/install/my_interfaces/share/my_interfaces/cmake/my_interfaces__rosidl_typesupport_cppExport.cmake
[0.984s] -- Up-to-date: /home/looubuntu/ros2_ws/install/my_interfaces/share/my_interfaces/cmake/my_interfaces__rosidl_typesupport_cppExport-noconfig.cmake
[0.985s] -- Up-to-date: /home/looubuntu/ros2_ws/install/my_interfaces/share/my_interfaces/cmake/export_my_interfaces__rosidl_generator_pyExport.cmake
[0.985s] -- Up-to-date: /home/looubuntu/ros2_ws/install/my_interfaces/share/my_interfaces/cmake/export_my_interfaces__rosidl_generator_pyExport-noconfig.cmake
[0.985s] -- Up-to-date: /home/looubuntu/ros2_ws/install/my_interfaces/share/my_interfaces/cmake/rosidl_cmake-extras.cmake
[0.985s] -- Up-to-date: /home/looubuntu/ros2_ws/install/my_interfaces/share/my_interfaces/cmake/ament_cmake_export_include_directories-extras.cmake
[0.985s] -- Up-to-date: /home/looubuntu/ros2_ws/install/my_interfaces/share/my_interfaces/cmake/ament_cmake_export_libraries-extras.cmake
[0.985s] -- Up-to-date: /home/looubuntu/ros2_ws/install/my_interfaces/share/my_interfaces/cmake/ament_cmake_export_targets-extras.cmake
[0.985s] -- Up-to-date: /home/looubuntu/ros2_ws/install/my_interfaces/share/my_interfaces/cmake/rosidl_cmake_export_typesupport_targets-extras.cmake
[0.985s] -- Up-to-date: /home/looubuntu/ros2_ws/install/my_interfaces/share/my_interfaces/cmake/ament_cmake_export_dependencies-extras.cmake
[0.985s] -- Up-to-date: /home/looubuntu/ros2_ws/install/my_interfaces/share/my_interfaces/cmake/rosidl_cmake_export_typesupport_libraries-extras.cmake
[0.985s] -- Up-to-date: /home/looubuntu/ros2_ws/install/my_interfaces/share/my_interfaces/cmake/my_interfacesConfig.cmake
[0.986s] -- Up-to-date: /home/looubuntu/ros2_ws/install/my_interfaces/share/my_interfaces/cmake/my_interfacesConfig-version.cmake
[0.986s] -- Up-to-date: /home/looubuntu/ros2_ws/install/my_interfaces/share/my_interfaces/package.xml
[0.987s] Invoked command in '/home/looubuntu/ros2_ws/build/my_interfaces' returned '0': CMAKE_PREFIX_PATH=/opt/ros/humble /usr/bin/cmake --install /home/looubuntu/ros2_ws/build/my_interfaces
