[0.474s] Invoking command in '/home/looubuntu/ros2_ws/src/my_pkg': PYTHONPATH=/home/looubuntu/ros2_ws/build/my_pkg/prefix_override:/usr/lib/python3/dist-packages/colcon_core/task/python/colcon_distutils_commands:/home/looubuntu/ros2_ws/install/my_pkg/lib/python3.10/site-packages:${PYTHONPATH} /usr/bin/python3 -W ignore:setup.py install is deprecated setup.py egg_info --egg-base ../../build/my_pkg build --build-base /home/looubuntu/ros2_ws/build/my_pkg/build install --record /home/looubuntu/ros2_ws/build/my_pkg/install.log --single-version-externally-managed install_data
[0.662s] running egg_info
[0.663s] creating ../../build/my_pkg/my_pkg.egg-info
[0.663s] writing ../../build/my_pkg/my_pkg.egg-info/PKG-INFO
[0.663s] writing dependency_links to ../../build/my_pkg/my_pkg.egg-info/dependency_links.txt
[0.663s] writing entry points to ../../build/my_pkg/my_pkg.egg-info/entry_points.txt
[0.663s] writing requirements to ../../build/my_pkg/my_pkg.egg-info/requires.txt
[0.663s] writing top-level names to ../../build/my_pkg/my_pkg.egg-info/top_level.txt
[0.663s] writing manifest file '../../build/my_pkg/my_pkg.egg-info/SOURCES.txt'
[0.665s] reading manifest file '../../build/my_pkg/my_pkg.egg-info/SOURCES.txt'
[0.665s] adding license file 'LICENSE'
[0.665s] writing manifest file '../../build/my_pkg/my_pkg.egg-info/SOURCES.txt'
[0.665s] running build
[0.665s] running build_py
[0.666s] creating /home/looubuntu/ros2_ws/build/my_pkg/build
[0.666s] creating /home/looubuntu/ros2_ws/build/my_pkg/build/lib
[0.666s] creating /home/looubuntu/ros2_ws/build/my_pkg/build/lib/my_pkg
[0.666s] copying my_pkg/__init__.py -> /home/looubuntu/ros2_ws/build/my_pkg/build/lib/my_pkg
[0.666s] running install
[0.666s] running install_lib
[0.667s] creating /home/looubuntu/ros2_ws/install/my_pkg/lib/python3.10/site-packages/my_pkg
[0.667s] copying /home/looubuntu/ros2_ws/build/my_pkg/build/lib/my_pkg/__init__.py -> /home/looubuntu/ros2_ws/install/my_pkg/lib/python3.10/site-packages/my_pkg
[0.667s] byte-compiling /home/looubuntu/ros2_ws/install/my_pkg/lib/python3.10/site-packages/my_pkg/__init__.py to __init__.cpython-310.pyc
[0.667s] running install_data
[0.668s] creating /home/looubuntu/ros2_ws/install/my_pkg/share/ament_index
[0.668s] creating /home/looubuntu/ros2_ws/install/my_pkg/share/ament_index/resource_index
[0.668s] creating /home/looubuntu/ros2_ws/install/my_pkg/share/ament_index/resource_index/packages
[0.668s] copying resource/my_pkg -> /home/looubuntu/ros2_ws/install/my_pkg/share/ament_index/resource_index/packages
[0.668s] copying package.xml -> /home/looubuntu/ros2_ws/install/my_pkg/share/my_pkg
[0.668s] running install_egg_info
[0.669s] Copying ../../build/my_pkg/my_pkg.egg-info to /home/looubuntu/ros2_ws/install/my_pkg/lib/python3.10/site-packages/my_pkg-0.0.0-py3.10.egg-info
[0.670s] running install_scripts
[0.686s] writing list of installed files to '/home/looubuntu/ros2_ws/build/my_pkg/install.log'
[0.702s] Invoked command in '/home/looubuntu/ros2_ws/src/my_pkg' returned '0': PYTHONPATH=/home/looubuntu/ros2_ws/build/my_pkg/prefix_override:/usr/lib/python3/dist-packages/colcon_core/task/python/colcon_distutils_commands:/home/looubuntu/ros2_ws/install/my_pkg/lib/python3.10/site-packages:${PYTHONPATH} /usr/bin/python3 -W ignore:setup.py install is deprecated setup.py egg_info --egg-base ../../build/my_pkg build --build-base /home/looubuntu/ros2_ws/build/my_pkg/build install --record /home/looubuntu/ros2_ws/build/my_pkg/install.log --single-version-externally-managed install_data
