[0.013s] Invoking command in '/home/looubuntu/ros2_ws/build/my_interfaces': CMAKE_PREFIX_PATH=/opt/ros/humble /usr/bin/cmake --build /home/looubuntu/ros2_ws/build/my_interfaces -- -j12 -l12
[0.220s] [  6%] Built target my_interfaces__cpp
[0.220s] [ 12%] Built target my_interfaces__rosidl_generator_c
[0.220s] [ 12%] Built target ament_cmake_python_copy_my_interfaces
[0.220s] [ 22%] Built target my_interfaces__rosidl_typesupport_cpp
[0.220s] [ 41%] Built target my_interfaces__rosidl_typesupport_fastrtps_cpp
[0.220s] [ 41%] Built target my_interfaces__rosidl_typesupport_introspection_cpp
[0.220s] [ 61%] Built target my_interfaces__rosidl_typesupport_c
[0.220s] [ 61%] Built target my_interfaces__rosidl_typesupport_introspection_c
[0.220s] [ 70%] Built target my_interfaces__rosidl_typesupport_fastrtps_c
[0.220s] [ 70%] Built target my_interfaces
[0.220s] [ 74%] Built target my_interfaces__py
[0.220s] [ 80%] Built target my_interfaces__rosidl_generator_py
[0.220s] [ 93%] Built target my_interfaces__rosidl_typesupport_fastrtps_c__pyext
[0.220s] [ 93%] Built target my_interfaces__rosidl_typesupport_c__pyext
[0.220s] [100%] Built target my_interfaces__rosidl_typesupport_introspection_c__pyext
[0.243s] running egg_info
[0.243s] writing my_interfaces.egg-info/PKG-INFO
[0.244s] writing dependency_links to my_interfaces.egg-info/dependency_links.txt
[0.244s] writing top-level names to my_interfaces.egg-info/top_level.txt
[0.245s] reading manifest file 'my_interfaces.egg-info/SOURCES.txt'
[0.246s] writing manifest file 'my_interfaces.egg-info/SOURCES.txt'
[0.266s] [100%] Built target ament_cmake_python_build_my_interfaces_egg
[0.275s] Invoked command in '/home/looubuntu/ros2_ws/build/my_interfaces' returned '0': CMAKE_PREFIX_PATH=/opt/ros/humble /usr/bin/cmake --build /home/looubuntu/ros2_ws/build/my_interfaces -- -j12 -l12
[0.321s] Invoking command in '/home/looubuntu/ros2_ws/build/my_interfaces': CMAKE_PREFIX_PATH=/opt/ros/humble /usr/bin/cmake --install /home/looubuntu/ros2_ws/build/my_interfaces
[0.327s] -- Install configuration: ""
[0.327s] -- Up-to-date: /home/looubuntu/ros2_ws/install/my_interfaces/share/ament_index/resource_index/rosidl_interfaces/my_interfaces
[0.328s] -- Up-to-date: /home/looubuntu/ros2_ws/install/my_interfaces/include/my_interfaces/my_interfaces
[0.328s] -- Up-to-date: /home/looubuntu/ros2_ws/install/my_interfaces/include/my_interfaces/my_interfaces/msg
[0.328s] -- Up-to-date: /home/looubuntu/ros2_ws/install/my_interfaces/include/my_interfaces/my_interfaces/msg/rosidl_generator_c__visibility_control.h
[0.328s] -- Up-to-date: /home/looubuntu/ros2_ws/install/my_interfaces/include/my_interfaces/my_interfaces/msg/my_msg.h
[0.328s] -- Up-to-date: /home/looubuntu/ros2_ws/install/my_interfaces/include/my_interfaces/my_interfaces/msg/detail
[0.328s] -- Up-to-date: /home/looubuntu/ros2_ws/install/my_interfaces/include/my_interfaces/my_interfaces/msg/detail/my_msg__functions.h
[0.328s] -- Up-to-date: /home/looubuntu/ros2_ws/install/my_interfaces/include/my_interfaces/my_interfaces/msg/detail/my_msg__type_support.h
[0.328s] -- Up-to-date: /home/looubuntu/ros2_ws/install/my_interfaces/include/my_interfaces/my_interfaces/msg/detail/my_msg__functions.c
[0.328s] -- Up-to-date: /home/looubuntu/ros2_ws/install/my_interfaces/include/my_interfaces/my_interfaces/msg/detail/my_msg__struct.h
[0.328s] -- Up-to-date: /home/looubuntu/ros2_ws/install/my_interfaces/share/my_interfaces/environment/library_path.sh
[0.328s] -- Up-to-date: /home/looubuntu/ros2_ws/install/my_interfaces/share/my_interfaces/environment/library_path.dsv
[0.328s] -- Up-to-date: /home/looubuntu/ros2_ws/install/my_interfaces/lib/libmy_interfaces__rosidl_generator_c.so
[0.328s] -- Up-to-date: /home/looubuntu/ros2_ws/install/my_interfaces/include/my_interfaces/my_interfaces
[0.329s] -- Up-to-date: /home/looubuntu/ros2_ws/install/my_interfaces/include/my_interfaces/my_interfaces/msg
[0.329s] -- Up-to-date: /home/looubuntu/ros2_ws/install/my_interfaces/include/my_interfaces/my_interfaces/msg/detail
[0.329s] -- Up-to-date: /home/looubuntu/ros2_ws/install/my_interfaces/include/my_interfaces/my_interfaces/msg/detail/my_msg__rosidl_typesupport_fastrtps_c.h
[0.329s] -- Up-to-date: /home/looubuntu/ros2_ws/install/my_interfaces/include/my_interfaces/my_interfaces/msg/rosidl_typesupport_fastrtps_c__visibility_control.h
[0.329s] -- Up-to-date: /home/looubuntu/ros2_ws/install/my_interfaces/lib/libmy_interfaces__rosidl_typesupport_fastrtps_c.so
[0.329s] -- Up-to-date: /home/looubuntu/ros2_ws/install/my_interfaces/include/my_interfaces/my_interfaces
[0.329s] -- Up-to-date: /home/looubuntu/ros2_ws/install/my_interfaces/include/my_interfaces/my_interfaces/msg
[0.329s] -- Up-to-date: /home/looubuntu/ros2_ws/install/my_interfaces/include/my_interfaces/my_interfaces/msg/detail
[0.329s] -- Up-to-date: /home/looubuntu/ros2_ws/install/my_interfaces/include/my_interfaces/my_interfaces/msg/detail/my_msg__type_support.c
[0.329s] -- Up-to-date: /home/looubuntu/ros2_ws/install/my_interfaces/include/my_interfaces/my_interfaces/msg/detail/my_msg__rosidl_typesupport_introspection_c.h
[0.329s] -- Up-to-date: /home/looubuntu/ros2_ws/install/my_interfaces/include/my_interfaces/my_interfaces/msg/rosidl_typesupport_introspection_c__visibility_control.h
[0.329s] -- Up-to-date: /home/looubuntu/ros2_ws/install/my_interfaces/lib/libmy_interfaces__rosidl_typesupport_introspection_c.so
[0.329s] -- Up-to-date: /home/looubuntu/ros2_ws/install/my_interfaces/lib/libmy_interfaces__rosidl_typesupport_c.so
[0.329s] -- Up-to-date: /home/looubuntu/ros2_ws/install/my_interfaces/include/my_interfaces/my_interfaces
[0.329s] -- Up-to-date: /home/looubuntu/ros2_ws/install/my_interfaces/include/my_interfaces/my_interfaces/msg
[0.330s] -- Up-to-date: /home/looubuntu/ros2_ws/install/my_interfaces/include/my_interfaces/my_interfaces/msg/detail
[0.330s] -- Up-to-date: /home/looubuntu/ros2_ws/install/my_interfaces/include/my_interfaces/my_interfaces/msg/detail/my_msg__struct.hpp
[0.330s] -- Up-to-date: /home/looubuntu/ros2_ws/install/my_interfaces/include/my_interfaces/my_interfaces/msg/detail/my_msg__traits.hpp
[0.330s] -- Up-to-date: /home/looubuntu/ros2_ws/install/my_interfaces/include/my_interfaces/my_interfaces/msg/detail/my_msg__builder.hpp
[0.330s] -- Up-to-date: /home/looubuntu/ros2_ws/install/my_interfaces/include/my_interfaces/my_interfaces/msg/my_msg.hpp
[0.330s] -- Up-to-date: /home/looubuntu/ros2_ws/install/my_interfaces/include/my_interfaces/my_interfaces
[0.330s] -- Up-to-date: /home/looubuntu/ros2_ws/install/my_interfaces/include/my_interfaces/my_interfaces/msg
[0.330s] -- Up-to-date: /home/looubuntu/ros2_ws/install/my_interfaces/include/my_interfaces/my_interfaces/msg/rosidl_typesupport_fastrtps_cpp__visibility_control.h
[0.330s] -- Up-to-date: /home/looubuntu/ros2_ws/install/my_interfaces/include/my_interfaces/my_interfaces/msg/detail
[0.330s] -- Up-to-date: /home/looubuntu/ros2_ws/install/my_interfaces/include/my_interfaces/my_interfaces/msg/detail/my_msg__rosidl_typesupport_fastrtps_cpp.hpp
[0.330s] -- Up-to-date: /home/looubuntu/ros2_ws/install/my_interfaces/include/my_interfaces/my_interfaces/msg/detail/dds_fastrtps
[0.330s] -- Up-to-date: /home/looubuntu/ros2_ws/install/my_interfaces/lib/libmy_interfaces__rosidl_typesupport_fastrtps_cpp.so
[0.330s] -- Up-to-date: /home/looubuntu/ros2_ws/install/my_interfaces/include/my_interfaces/my_interfaces
[0.330s] -- Up-to-date: /home/looubuntu/ros2_ws/install/my_interfaces/include/my_interfaces/my_interfaces/msg
[0.330s] -- Up-to-date: /home/looubuntu/ros2_ws/install/my_interfaces/include/my_interfaces/my_interfaces/msg/detail
[0.331s] -- Up-to-date: /home/looubuntu/ros2_ws/install/my_interfaces/include/my_interfaces/my_interfaces/msg/detail/my_msg__type_support.cpp
[0.331s] -- Up-to-date: /home/looubuntu/ros2_ws/install/my_interfaces/include/my_interfaces/my_interfaces/msg/detail/my_msg__rosidl_typesupport_introspection_cpp.hpp
[0.331s] -- Up-to-date: /home/looubuntu/ros2_ws/install/my_interfaces/lib/libmy_interfaces__rosidl_typesupport_introspection_cpp.so
[0.331s] -- Up-to-date: /home/looubuntu/ros2_ws/install/my_interfaces/lib/libmy_interfaces__rosidl_typesupport_cpp.so
[0.331s] -- Up-to-date: /home/looubuntu/ros2_ws/install/my_interfaces/share/my_interfaces/environment/pythonpath.sh
[0.331s] -- Up-to-date: /home/looubuntu/ros2_ws/install/my_interfaces/share/my_interfaces/environment/pythonpath.dsv
[0.331s] -- Up-to-date: /home/looubuntu/ros2_ws/install/my_interfaces/local/lib/python3.10/dist-packages/my_interfaces-0.0.0-py3.10.egg-info
[0.331s] -- Installing: /home/looubuntu/ros2_ws/install/my_interfaces/local/lib/python3.10/dist-packages/my_interfaces-0.0.0-py3.10.egg-info/top_level.txt
[0.331s] -- Installing: /home/looubuntu/ros2_ws/install/my_interfaces/local/lib/python3.10/dist-packages/my_interfaces-0.0.0-py3.10.egg-info/PKG-INFO
[0.331s] -- Installing: /home/looubuntu/ros2_ws/install/my_interfaces/local/lib/python3.10/dist-packages/my_interfaces-0.0.0-py3.10.egg-info/SOURCES.txt
[0.331s] -- Installing: /home/looubuntu/ros2_ws/install/my_interfaces/local/lib/python3.10/dist-packages/my_interfaces-0.0.0-py3.10.egg-info/dependency_links.txt
[0.331s] -- Up-to-date: /home/looubuntu/ros2_ws/install/my_interfaces/local/lib/python3.10/dist-packages/my_interfaces
[0.331s] -- Up-to-date: /home/looubuntu/ros2_ws/install/my_interfaces/local/lib/python3.10/dist-packages/my_interfaces/msg
[0.331s] -- Up-to-date: /home/looubuntu/ros2_ws/install/my_interfaces/local/lib/python3.10/dist-packages/my_interfaces/msg/__init__.py
[0.331s] -- Up-to-date: /home/looubuntu/ros2_ws/install/my_interfaces/local/lib/python3.10/dist-packages/my_interfaces/msg/_my_msg_s.c
[0.331s] -- Up-to-date: /home/looubuntu/ros2_ws/install/my_interfaces/local/lib/python3.10/dist-packages/my_interfaces/msg/_my_msg.py
[0.331s] -- Up-to-date: /home/looubuntu/ros2_ws/install/my_interfaces/local/lib/python3.10/dist-packages/my_interfaces/my_interfaces_s__rosidl_typesupport_c.cpython-310-x86_64-linux-gnu.so
[0.331s] -- Up-to-date: /home/looubuntu/ros2_ws/install/my_interfaces/local/lib/python3.10/dist-packages/my_interfaces/__init__.py
[0.331s] -- Up-to-date: /home/looubuntu/ros2_ws/install/my_interfaces/local/lib/python3.10/dist-packages/my_interfaces/_my_interfaces_s.ep.rosidl_typesupport_c.c
[0.331s] -- Up-to-date: /home/looubuntu/ros2_ws/install/my_interfaces/local/lib/python3.10/dist-packages/my_interfaces/libmy_interfaces__rosidl_generator_py.so
[0.331s] -- Up-to-date: /home/looubuntu/ros2_ws/install/my_interfaces/local/lib/python3.10/dist-packages/my_interfaces/_my_interfaces_s.ep.rosidl_typesupport_introspection_c.c
[0.332s] -- Up-to-date: /home/looubuntu/ros2_ws/install/my_interfaces/local/lib/python3.10/dist-packages/my_interfaces/_my_interfaces_s.ep.rosidl_typesupport_fastrtps_c.c
[0.332s] -- Up-to-date: /home/looubuntu/ros2_ws/install/my_interfaces/local/lib/python3.10/dist-packages/my_interfaces/my_interfaces_s__rosidl_typesupport_introspection_c.cpython-310-x86_64-linux-gnu.so
[0.332s] -- Up-to-date: /home/looubuntu/ros2_ws/install/my_interfaces/local/lib/python3.10/dist-packages/my_interfaces/my_interfaces_s__rosidl_typesupport_fastrtps_c.cpython-310-x86_64-linux-gnu.so
[0.356s] Listing '/home/looubuntu/ros2_ws/install/my_interfaces/local/lib/python3.10/dist-packages/my_interfaces'...
[0.356s] Listing '/home/looubuntu/ros2_ws/install/my_interfaces/local/lib/python3.10/dist-packages/my_interfaces/msg'...
[0.360s] -- Up-to-date: /home/looubuntu/ros2_ws/install/my_interfaces/local/lib/python3.10/dist-packages/my_interfaces/my_interfaces_s__rosidl_typesupport_fastrtps_c.cpython-310-x86_64-linux-gnu.so
[0.360s] -- Up-to-date: /home/looubuntu/ros2_ws/install/my_interfaces/local/lib/python3.10/dist-packages/my_interfaces/my_interfaces_s__rosidl_typesupport_introspection_c.cpython-310-x86_64-linux-gnu.so
[0.361s] -- Up-to-date: /home/looubuntu/ros2_ws/install/my_interfaces/local/lib/python3.10/dist-packages/my_interfaces/my_interfaces_s__rosidl_typesupport_c.cpython-310-x86_64-linux-gnu.so
[0.361s] -- Up-to-date: /home/looubuntu/ros2_ws/install/my_interfaces/lib/libmy_interfaces__rosidl_generator_py.so
[0.361s] -- Up-to-date: /home/looubuntu/ros2_ws/install/my_interfaces/share/my_interfaces/msg/MyMsg.idl
[0.361s] -- Up-to-date: /home/looubuntu/ros2_ws/install/my_interfaces/share/my_interfaces/msg/MyMsg.msg
[0.361s] -- Up-to-date: /home/looubuntu/ros2_ws/install/my_interfaces/share/ament_index/resource_index/package_run_dependencies/my_interfaces
[0.361s] -- Up-to-date: /home/looubuntu/ros2_ws/install/my_interfaces/share/ament_index/resource_index/parent_prefix_path/my_interfaces
[0.361s] -- Up-to-date: /home/looubuntu/ros2_ws/install/my_interfaces/share/my_interfaces/environment/ament_prefix_path.sh
[0.362s] -- Up-to-date: /home/looubuntu/ros2_ws/install/my_interfaces/share/my_interfaces/environment/ament_prefix_path.dsv
[0.362s] -- Up-to-date: /home/looubuntu/ros2_ws/install/my_interfaces/share/my_interfaces/environment/path.sh
[0.362s] -- Up-to-date: /home/looubuntu/ros2_ws/install/my_interfaces/share/my_interfaces/environment/path.dsv
[0.362s] -- Up-to-date: /home/looubuntu/ros2_ws/install/my_interfaces/share/my_interfaces/local_setup.bash
[0.362s] -- Up-to-date: /home/looubuntu/ros2_ws/install/my_interfaces/share/my_interfaces/local_setup.sh
[0.362s] -- Up-to-date: /home/looubuntu/ros2_ws/install/my_interfaces/share/my_interfaces/local_setup.zsh
[0.362s] -- Up-to-date: /home/looubuntu/ros2_ws/install/my_interfaces/share/my_interfaces/local_setup.dsv
[0.362s] -- Installing: /home/looubuntu/ros2_ws/install/my_interfaces/share/my_interfaces/package.dsv
[0.362s] -- Up-to-date: /home/looubuntu/ros2_ws/install/my_interfaces/share/ament_index/resource_index/packages/my_interfaces
[0.362s] -- Up-to-date: /home/looubuntu/ros2_ws/install/my_interfaces/share/my_interfaces/cmake/export_my_interfaces__rosidl_generator_cExport.cmake
[0.362s] -- Up-to-date: /home/looubuntu/ros2_ws/install/my_interfaces/share/my_interfaces/cmake/export_my_interfaces__rosidl_generator_cExport-noconfig.cmake
[0.362s] -- Up-to-date: /home/looubuntu/ros2_ws/install/my_interfaces/share/my_interfaces/cmake/export_my_interfaces__rosidl_typesupport_fastrtps_cExport.cmake
[0.362s] -- Up-to-date: /home/looubuntu/ros2_ws/install/my_interfaces/share/my_interfaces/cmake/export_my_interfaces__rosidl_typesupport_fastrtps_cExport-noconfig.cmake
[0.363s] -- Up-to-date: /home/looubuntu/ros2_ws/install/my_interfaces/share/my_interfaces/cmake/my_interfaces__rosidl_typesupport_introspection_cExport.cmake
[0.363s] -- Up-to-date: /home/looubuntu/ros2_ws/install/my_interfaces/share/my_interfaces/cmake/my_interfaces__rosidl_typesupport_introspection_cExport-noconfig.cmake
[0.363s] -- Up-to-date: /home/looubuntu/ros2_ws/install/my_interfaces/share/my_interfaces/cmake/my_interfaces__rosidl_typesupport_cExport.cmake
[0.363s] -- Up-to-date: /home/looubuntu/ros2_ws/install/my_interfaces/share/my_interfaces/cmake/my_interfaces__rosidl_typesupport_cExport-noconfig.cmake
[0.363s] -- Up-to-date: /home/looubuntu/ros2_ws/install/my_interfaces/share/my_interfaces/cmake/export_my_interfaces__rosidl_generator_cppExport.cmake
[0.363s] -- Up-to-date: /home/looubuntu/ros2_ws/install/my_interfaces/share/my_interfaces/cmake/export_my_interfaces__rosidl_typesupport_fastrtps_cppExport.cmake
[0.363s] -- Up-to-date: /home/looubuntu/ros2_ws/install/my_interfaces/share/my_interfaces/cmake/export_my_interfaces__rosidl_typesupport_fastrtps_cppExport-noconfig.cmake
[0.363s] -- Up-to-date: /home/looubuntu/ros2_ws/install/my_interfaces/share/my_interfaces/cmake/my_interfaces__rosidl_typesupport_introspection_cppExport.cmake
[0.363s] -- Up-to-date: /home/looubuntu/ros2_ws/install/my_interfaces/share/my_interfaces/cmake/my_interfaces__rosidl_typesupport_introspection_cppExport-noconfig.cmake
[0.363s] -- Up-to-date: /home/looubuntu/ros2_ws/install/my_interfaces/share/my_interfaces/cmake/my_interfaces__rosidl_typesupport_cppExport.cmake
[0.363s] -- Up-to-date: /home/looubuntu/ros2_ws/install/my_interfaces/share/my_interfaces/cmake/my_interfaces__rosidl_typesupport_cppExport-noconfig.cmake
[0.363s] -- Up-to-date: /home/looubuntu/ros2_ws/install/my_interfaces/share/my_interfaces/cmake/export_my_interfaces__rosidl_generator_pyExport.cmake
[0.364s] -- Up-to-date: /home/looubuntu/ros2_ws/install/my_interfaces/share/my_interfaces/cmake/export_my_interfaces__rosidl_generator_pyExport-noconfig.cmake
[0.364s] -- Up-to-date: /home/looubuntu/ros2_ws/install/my_interfaces/share/my_interfaces/cmake/rosidl_cmake-extras.cmake
[0.364s] -- Up-to-date: /home/looubuntu/ros2_ws/install/my_interfaces/share/my_interfaces/cmake/ament_cmake_export_include_directories-extras.cmake
[0.364s] -- Up-to-date: /home/looubuntu/ros2_ws/install/my_interfaces/share/my_interfaces/cmake/ament_cmake_export_libraries-extras.cmake
[0.364s] -- Up-to-date: /home/looubuntu/ros2_ws/install/my_interfaces/share/my_interfaces/cmake/ament_cmake_export_targets-extras.cmake
[0.364s] -- Up-to-date: /home/looubuntu/ros2_ws/install/my_interfaces/share/my_interfaces/cmake/rosidl_cmake_export_typesupport_targets-extras.cmake
[0.364s] -- Up-to-date: /home/looubuntu/ros2_ws/install/my_interfaces/share/my_interfaces/cmake/ament_cmake_export_dependencies-extras.cmake
[0.364s] -- Up-to-date: /home/looubuntu/ros2_ws/install/my_interfaces/share/my_interfaces/cmake/rosidl_cmake_export_typesupport_libraries-extras.cmake
[0.364s] -- Up-to-date: /home/looubuntu/ros2_ws/install/my_interfaces/share/my_interfaces/cmake/my_interfacesConfig.cmake
[0.364s] -- Up-to-date: /home/looubuntu/ros2_ws/install/my_interfaces/share/my_interfaces/cmake/my_interfacesConfig-version.cmake
[0.364s] -- Up-to-date: /home/looubuntu/ros2_ws/install/my_interfaces/share/my_interfaces/package.xml
[0.366s] Invoked command in '/home/looubuntu/ros2_ws/build/my_interfaces' returned '0': CMAKE_PREFIX_PATH=/opt/ros/humble /usr/bin/cmake --install /home/looubuntu/ros2_ws/build/my_interfaces
