[0.099s] DEBUG:colcon:Command line arguments: ['/usr/bin/colcon', 'build']
[0.099s] DEBUG:colcon:Parsed command line arguments: Namespace(log_base=None, log_level=None, verb_name='build', build_base='build', install_base='install', merge_install=False, symlink_install=False, test_result_base=None, continue_on_error=False, executor='parallel', parallel_workers=12, event_handlers=None, ignore_user_meta=False, metas=['./colcon.meta'], base_paths=['.'], packages_ignore=None, packages_ignore_regex=None, paths=None, packages_up_to=None, packages_up_to_regex=None, packages_above=None, packages_above_and_dependencies=None, packages_above_depth=None, packages_select_by_dep=None, packages_skip_by_dep=None, packages_skip_up_to=None, packages_select_build_failed=False, packages_skip_build_finished=False, packages_select_test_failures=False, packages_skip_test_passed=False, packages_select=None, packages_skip=None, packages_select_regex=None, packages_skip_regex=None, packages_start=None, packages_end=None, allow_overriding=[], cmake_args=None, cmake_target=None, cmake_target_skip_unavailable=False, cmake_clean_cache=False, cmake_clean_first=False, cmake_force_configure=False, ament_cmake_args=None, catkin_cmake_args=None, catkin_skip_building_tests=False, mixin_files=None, mixin=None, verb_parser=<colcon_mixin.mixin.mixin_argument.MixinArgumentDecorator object at 0x7c23d3046620>, verb_extension=<colcon_core.verb.build.BuildVerb object at 0x7c23d3142bf0>, main=<bound method BuildVerb.main of <colcon_core.verb.build.BuildVerb object at 0x7c23d3142bf0>>, mixin_verb=('build',))
[0.252s] Level 1:colcon.colcon_core.package_discovery:discover_packages(colcon_meta) check parameters
[0.252s] Level 1:colcon.colcon_core.package_discovery:discover_packages(recursive) check parameters
[0.252s] Level 1:colcon.colcon_core.package_discovery:discover_packages(ignore) check parameters
[0.252s] Level 1:colcon.colcon_core.package_discovery:discover_packages(path) check parameters
[0.252s] Level 1:colcon.colcon_core.package_discovery:discover_packages(colcon_meta) discover
[0.252s] Level 1:colcon.colcon_core.package_discovery:discover_packages(recursive) discover
[0.252s] INFO:colcon.colcon_core.package_discovery:Crawling recursively for packages in '/home/looubuntu/ros2_ws/src'
[0.252s] Level 1:colcon.colcon_core.package_identification:_identify(.) by extensions ['ignore', 'ignore_ament_install']
[0.253s] Level 1:colcon.colcon_core.package_identification:_identify(.) by extension 'ignore'
[0.253s] Level 1:colcon.colcon_core.package_identification:_identify(.) by extension 'ignore_ament_install'
[0.253s] Level 1:colcon.colcon_core.package_identification:_identify(.) by extensions ['colcon_pkg']
[0.253s] Level 1:colcon.colcon_core.package_identification:_identify(.) by extension 'colcon_pkg'
[0.253s] Level 1:colcon.colcon_core.package_identification:_identify(.) by extensions ['colcon_meta']
[0.253s] Level 1:colcon.colcon_core.package_identification:_identify(.) by extension 'colcon_meta'
[0.253s] Level 1:colcon.colcon_core.package_identification:_identify(.) by extensions ['ros']
[0.253s] Level 1:colcon.colcon_core.package_identification:_identify(.) by extension 'ros'
[0.263s] Level 1:colcon.colcon_core.package_identification:_identify(.) by extensions ['cmake', 'python']
[0.263s] Level 1:colcon.colcon_core.package_identification:_identify(.) by extension 'cmake'
[0.263s] Level 1:colcon.colcon_core.package_identification:_identify(.) by extension 'python'
[0.263s] Level 1:colcon.colcon_core.package_identification:_identify(.) by extensions ['python_setup_py']
[0.263s] Level 1:colcon.colcon_core.package_identification:_identify(.) by extension 'python_setup_py'
[0.263s] Level 1:colcon.colcon_core.package_identification:_identify(build) by extensions ['ignore', 'ignore_ament_install']
[0.263s] Level 1:colcon.colcon_core.package_identification:_identify(build) by extension 'ignore'
[0.263s] Level 1:colcon.colcon_core.package_identification:_identify(build) ignored
[0.263s] Level 1:colcon.colcon_core.package_identification:_identify(install) by extensions ['ignore', 'ignore_ament_install']
[0.263s] Level 1:colcon.colcon_core.package_identification:_identify(install) by extension 'ignore'
[0.263s] Level 1:colcon.colcon_core.package_identification:_identify(install) ignored
[0.263s] Level 1:colcon.colcon_core.package_identification:_identify(log) by extensions ['ignore', 'ignore_ament_install']
[0.264s] Level 1:colcon.colcon_core.package_identification:_identify(log) by extension 'ignore'
[0.264s] Level 1:colcon.colcon_core.package_identification:_identify(log) ignored
[0.264s] Level 1:colcon.colcon_core.package_identification:_identify(my_interfaces) by extensions ['ignore', 'ignore_ament_install']
[0.264s] Level 1:colcon.colcon_core.package_identification:_identify(my_interfaces) by extension 'ignore'
[0.264s] Level 1:colcon.colcon_core.package_identification:_identify(my_interfaces) by extension 'ignore_ament_install'
[0.264s] Level 1:colcon.colcon_core.package_identification:_identify(my_interfaces) by extensions ['colcon_pkg']
[0.264s] Level 1:colcon.colcon_core.package_identification:_identify(my_interfaces) by extension 'colcon_pkg'
[0.264s] Level 1:colcon.colcon_core.package_identification:_identify(my_interfaces) by extensions ['colcon_meta']
[0.264s] Level 1:colcon.colcon_core.package_identification:_identify(my_interfaces) by extension 'colcon_meta'
[0.264s] Level 1:colcon.colcon_core.package_identification:_identify(my_interfaces) by extensions ['ros']
[0.264s] Level 1:colcon.colcon_core.package_identification:_identify(my_interfaces) by extension 'ros'
[0.266s] DEBUG:colcon.colcon_core.package_identification:Package 'my_interfaces' with type 'ros.ament_cmake' and name 'my_interfaces'
[0.266s] Level 1:colcon.colcon_core.package_identification:_identify(my_pkg) by extensions ['ignore', 'ignore_ament_install']
[0.266s] Level 1:colcon.colcon_core.package_identification:_identify(my_pkg) by extension 'ignore'
[0.266s] Level 1:colcon.colcon_core.package_identification:_identify(my_pkg) by extension 'ignore_ament_install'
[0.266s] Level 1:colcon.colcon_core.package_identification:_identify(my_pkg) by extensions ['colcon_pkg']
[0.266s] Level 1:colcon.colcon_core.package_identification:_identify(my_pkg) by extension 'colcon_pkg'
[0.266s] Level 1:colcon.colcon_core.package_identification:_identify(my_pkg) by extensions ['colcon_meta']
[0.266s] Level 1:colcon.colcon_core.package_identification:_identify(my_pkg) by extension 'colcon_meta'
[0.266s] Level 1:colcon.colcon_core.package_identification:_identify(my_pkg) by extensions ['ros']
[0.266s] Level 1:colcon.colcon_core.package_identification:_identify(my_pkg) by extension 'ros'
[0.267s] DEBUG:colcon.colcon_core.package_identification:Package 'my_pkg' with type 'ros.ament_python' and name 'my_pkg'
[0.267s] Level 1:colcon.colcon_core.package_identification:_identify(my_rb) by extensions ['ignore', 'ignore_ament_install']
[0.267s] Level 1:colcon.colcon_core.package_identification:_identify(my_rb) by extension 'ignore'
[0.267s] Level 1:colcon.colcon_core.package_identification:_identify(my_rb) by extension 'ignore_ament_install'
[0.268s] Level 1:colcon.colcon_core.package_identification:_identify(my_rb) by extensions ['colcon_pkg']
[0.268s] Level 1:colcon.colcon_core.package_identification:_identify(my_rb) by extension 'colcon_pkg'
[0.268s] Level 1:colcon.colcon_core.package_identification:_identify(my_rb) by extensions ['colcon_meta']
[0.268s] Level 1:colcon.colcon_core.package_identification:_identify(my_rb) by extension 'colcon_meta'
[0.268s] Level 1:colcon.colcon_core.package_identification:_identify(my_rb) by extensions ['ros']
[0.268s] Level 1:colcon.colcon_core.package_identification:_identify(my_rb) by extension 'ros'
[0.268s] DEBUG:colcon.colcon_core.package_identification:Package 'my_rb' with type 'ros.ament_python' and name 'my_rb'
[0.268s] Level 1:colcon.colcon_core.package_identification:_identify(my_robot) by extensions ['ignore', 'ignore_ament_install']
[0.268s] Level 1:colcon.colcon_core.package_identification:_identify(my_robot) by extension 'ignore'
[0.268s] Level 1:colcon.colcon_core.package_identification:_identify(my_robot) by extension 'ignore_ament_install'
[0.268s] Level 1:colcon.colcon_core.package_identification:_identify(my_robot) by extensions ['colcon_pkg']
[0.268s] Level 1:colcon.colcon_core.package_identification:_identify(my_robot) by extension 'colcon_pkg'
[0.268s] Level 1:colcon.colcon_core.package_identification:_identify(my_robot) by extensions ['colcon_meta']
[0.268s] Level 1:colcon.colcon_core.package_identification:_identify(my_robot) by extension 'colcon_meta'
[0.268s] Level 1:colcon.colcon_core.package_identification:_identify(my_robot) by extensions ['ros']
[0.268s] Level 1:colcon.colcon_core.package_identification:_identify(my_robot) by extension 'ros'
[0.269s] DEBUG:colcon.colcon_core.package_identification:Package 'my_robot' with type 'ros.ament_python' and name 'my_robot'
[0.269s] Level 1:colcon.colcon_core.package_identification:_identify(my_robot_ver3) by extensions ['ignore', 'ignore_ament_install']
[0.269s] Level 1:colcon.colcon_core.package_identification:_identify(my_robot_ver3) by extension 'ignore'
[0.269s] Level 1:colcon.colcon_core.package_identification:_identify(my_robot_ver3) by extension 'ignore_ament_install'
[0.269s] Level 1:colcon.colcon_core.package_identification:_identify(my_robot_ver3) by extensions ['colcon_pkg']
[0.269s] Level 1:colcon.colcon_core.package_identification:_identify(my_robot_ver3) by extension 'colcon_pkg'
[0.269s] Level 1:colcon.colcon_core.package_identification:_identify(my_robot_ver3) by extensions ['colcon_meta']
[0.269s] Level 1:colcon.colcon_core.package_identification:_identify(my_robot_ver3) by extension 'colcon_meta'
[0.269s] Level 1:colcon.colcon_core.package_identification:_identify(my_robot_ver3) by extensions ['ros']
[0.269s] Level 1:colcon.colcon_core.package_identification:_identify(my_robot_ver3) by extension 'ros'
[0.270s] DEBUG:colcon.colcon_core.package_identification:Package 'my_robot_ver3' with type 'ros.ament_python' and name 'my_robot_ver3'
[0.270s] Level 1:colcon.colcon_core.package_discovery:discover_packages(recursive) using defaults
[0.270s] Level 1:colcon.colcon_core.package_discovery:discover_packages(ignore) discover
[0.270s] Level 1:colcon.colcon_core.package_discovery:discover_packages(ignore) using defaults
[0.270s] Level 1:colcon.colcon_core.package_discovery:discover_packages(path) discover
[0.270s] Level 1:colcon.colcon_core.package_discovery:discover_packages(path) using defaults
[0.288s] Level 1:colcon.colcon_core.package_discovery:discover_packages(prefix_path) check parameters
[0.288s] Level 1:colcon.colcon_core.package_discovery:discover_packages(prefix_path) discover
[0.289s] DEBUG:colcon.colcon_installed_package_information.package_discovery:Found 5 installed packages in /home/looubuntu/ros2_ws/src/install
[0.290s] DEBUG:colcon.colcon_installed_package_information.package_discovery:Found 311 installed packages in /opt/ros/humble
[0.299s] Level 1:colcon.colcon_core.package_discovery:discover_packages(prefix_path) using defaults
[0.336s] Level 5:colcon.colcon_core.verb:set package 'my_interfaces' build argument 'cmake_args' from command line to 'None'
[0.336s] Level 5:colcon.colcon_core.verb:set package 'my_interfaces' build argument 'cmake_target' from command line to 'None'
[0.336s] Level 5:colcon.colcon_core.verb:set package 'my_interfaces' build argument 'cmake_target_skip_unavailable' from command line to 'False'
[0.336s] Level 5:colcon.colcon_core.verb:set package 'my_interfaces' build argument 'cmake_clean_cache' from command line to 'False'
[0.336s] Level 5:colcon.colcon_core.verb:set package 'my_interfaces' build argument 'cmake_clean_first' from command line to 'False'
[0.336s] Level 5:colcon.colcon_core.verb:set package 'my_interfaces' build argument 'cmake_force_configure' from command line to 'False'
[0.336s] Level 5:colcon.colcon_core.verb:set package 'my_interfaces' build argument 'ament_cmake_args' from command line to 'None'
[0.336s] Level 5:colcon.colcon_core.verb:set package 'my_interfaces' build argument 'catkin_cmake_args' from command line to 'None'
[0.336s] Level 5:colcon.colcon_core.verb:set package 'my_interfaces' build argument 'catkin_skip_building_tests' from command line to 'False'
[0.336s] DEBUG:colcon.colcon_core.verb:Building package 'my_interfaces' with the following arguments: {'ament_cmake_args': None, 'build_base': '/home/looubuntu/ros2_ws/src/build/my_interfaces', 'catkin_cmake_args': None, 'catkin_skip_building_tests': False, 'cmake_args': None, 'cmake_clean_cache': False, 'cmake_clean_first': False, 'cmake_force_configure': False, 'cmake_target': None, 'cmake_target_skip_unavailable': False, 'install_base': '/home/looubuntu/ros2_ws/src/install/my_interfaces', 'merge_install': False, 'path': '/home/looubuntu/ros2_ws/src/my_interfaces', 'symlink_install': False, 'test_result_base': None}
[0.337s] Level 5:colcon.colcon_core.verb:set package 'my_pkg' build argument 'cmake_args' from command line to 'None'
[0.337s] Level 5:colcon.colcon_core.verb:set package 'my_pkg' build argument 'cmake_target' from command line to 'None'
[0.337s] Level 5:colcon.colcon_core.verb:set package 'my_pkg' build argument 'cmake_target_skip_unavailable' from command line to 'False'
[0.337s] Level 5:colcon.colcon_core.verb:set package 'my_pkg' build argument 'cmake_clean_cache' from command line to 'False'
[0.337s] Level 5:colcon.colcon_core.verb:set package 'my_pkg' build argument 'cmake_clean_first' from command line to 'False'
[0.337s] Level 5:colcon.colcon_core.verb:set package 'my_pkg' build argument 'cmake_force_configure' from command line to 'False'
[0.337s] Level 5:colcon.colcon_core.verb:set package 'my_pkg' build argument 'ament_cmake_args' from command line to 'None'
[0.337s] Level 5:colcon.colcon_core.verb:set package 'my_pkg' build argument 'catkin_cmake_args' from command line to 'None'
[0.337s] Level 5:colcon.colcon_core.verb:set package 'my_pkg' build argument 'catkin_skip_building_tests' from command line to 'False'
[0.337s] DEBUG:colcon.colcon_core.verb:Building package 'my_pkg' with the following arguments: {'ament_cmake_args': None, 'build_base': '/home/looubuntu/ros2_ws/src/build/my_pkg', 'catkin_cmake_args': None, 'catkin_skip_building_tests': False, 'cmake_args': None, 'cmake_clean_cache': False, 'cmake_clean_first': False, 'cmake_force_configure': False, 'cmake_target': None, 'cmake_target_skip_unavailable': False, 'install_base': '/home/looubuntu/ros2_ws/src/install/my_pkg', 'merge_install': False, 'path': '/home/looubuntu/ros2_ws/src/my_pkg', 'symlink_install': False, 'test_result_base': None}
[0.337s] Level 5:colcon.colcon_core.verb:set package 'my_rb' build argument 'cmake_args' from command line to 'None'
[0.337s] Level 5:colcon.colcon_core.verb:set package 'my_rb' build argument 'cmake_target' from command line to 'None'
[0.337s] Level 5:colcon.colcon_core.verb:set package 'my_rb' build argument 'cmake_target_skip_unavailable' from command line to 'False'
[0.337s] Level 5:colcon.colcon_core.verb:set package 'my_rb' build argument 'cmake_clean_cache' from command line to 'False'
[0.337s] Level 5:colcon.colcon_core.verb:set package 'my_rb' build argument 'cmake_clean_first' from command line to 'False'
[0.337s] Level 5:colcon.colcon_core.verb:set package 'my_rb' build argument 'cmake_force_configure' from command line to 'False'
[0.337s] Level 5:colcon.colcon_core.verb:set package 'my_rb' build argument 'ament_cmake_args' from command line to 'None'
[0.337s] Level 5:colcon.colcon_core.verb:set package 'my_rb' build argument 'catkin_cmake_args' from command line to 'None'
[0.338s] Level 5:colcon.colcon_core.verb:set package 'my_rb' build argument 'catkin_skip_building_tests' from command line to 'False'
[0.338s] DEBUG:colcon.colcon_core.verb:Building package 'my_rb' with the following arguments: {'ament_cmake_args': None, 'build_base': '/home/looubuntu/ros2_ws/src/build/my_rb', 'catkin_cmake_args': None, 'catkin_skip_building_tests': False, 'cmake_args': None, 'cmake_clean_cache': False, 'cmake_clean_first': False, 'cmake_force_configure': False, 'cmake_target': None, 'cmake_target_skip_unavailable': False, 'install_base': '/home/looubuntu/ros2_ws/src/install/my_rb', 'merge_install': False, 'path': '/home/looubuntu/ros2_ws/src/my_rb', 'symlink_install': False, 'test_result_base': None}
[0.338s] Level 5:colcon.colcon_core.verb:set package 'my_robot' build argument 'cmake_args' from command line to 'None'
[0.338s] Level 5:colcon.colcon_core.verb:set package 'my_robot' build argument 'cmake_target' from command line to 'None'
[0.338s] Level 5:colcon.colcon_core.verb:set package 'my_robot' build argument 'cmake_target_skip_unavailable' from command line to 'False'
[0.338s] Level 5:colcon.colcon_core.verb:set package 'my_robot' build argument 'cmake_clean_cache' from command line to 'False'
[0.338s] Level 5:colcon.colcon_core.verb:set package 'my_robot' build argument 'cmake_clean_first' from command line to 'False'
[0.338s] Level 5:colcon.colcon_core.verb:set package 'my_robot' build argument 'cmake_force_configure' from command line to 'False'
[0.338s] Level 5:colcon.colcon_core.verb:set package 'my_robot' build argument 'ament_cmake_args' from command line to 'None'
[0.338s] Level 5:colcon.colcon_core.verb:set package 'my_robot' build argument 'catkin_cmake_args' from command line to 'None'
[0.338s] Level 5:colcon.colcon_core.verb:set package 'my_robot' build argument 'catkin_skip_building_tests' from command line to 'False'
[0.338s] DEBUG:colcon.colcon_core.verb:Building package 'my_robot' with the following arguments: {'ament_cmake_args': None, 'build_base': '/home/looubuntu/ros2_ws/src/build/my_robot', 'catkin_cmake_args': None, 'catkin_skip_building_tests': False, 'cmake_args': None, 'cmake_clean_cache': False, 'cmake_clean_first': False, 'cmake_force_configure': False, 'cmake_target': None, 'cmake_target_skip_unavailable': False, 'install_base': '/home/looubuntu/ros2_ws/src/install/my_robot', 'merge_install': False, 'path': '/home/looubuntu/ros2_ws/src/my_robot', 'symlink_install': False, 'test_result_base': None}
[0.338s] Level 5:colcon.colcon_core.verb:set package 'my_robot_ver3' build argument 'cmake_args' from command line to 'None'
[0.338s] Level 5:colcon.colcon_core.verb:set package 'my_robot_ver3' build argument 'cmake_target' from command line to 'None'
[0.339s] Level 5:colcon.colcon_core.verb:set package 'my_robot_ver3' build argument 'cmake_target_skip_unavailable' from command line to 'False'
[0.339s] Level 5:colcon.colcon_core.verb:set package 'my_robot_ver3' build argument 'cmake_clean_cache' from command line to 'False'
[0.339s] Level 5:colcon.colcon_core.verb:set package 'my_robot_ver3' build argument 'cmake_clean_first' from command line to 'False'
[0.339s] Level 5:colcon.colcon_core.verb:set package 'my_robot_ver3' build argument 'cmake_force_configure' from command line to 'False'
[0.339s] Level 5:colcon.colcon_core.verb:set package 'my_robot_ver3' build argument 'ament_cmake_args' from command line to 'None'
[0.339s] Level 5:colcon.colcon_core.verb:set package 'my_robot_ver3' build argument 'catkin_cmake_args' from command line to 'None'
[0.339s] Level 5:colcon.colcon_core.verb:set package 'my_robot_ver3' build argument 'catkin_skip_building_tests' from command line to 'False'
[0.339s] DEBUG:colcon.colcon_core.verb:Building package 'my_robot_ver3' with the following arguments: {'ament_cmake_args': None, 'build_base': '/home/looubuntu/ros2_ws/src/build/my_robot_ver3', 'catkin_cmake_args': None, 'catkin_skip_building_tests': False, 'cmake_args': None, 'cmake_clean_cache': False, 'cmake_clean_first': False, 'cmake_force_configure': False, 'cmake_target': None, 'cmake_target_skip_unavailable': False, 'install_base': '/home/looubuntu/ros2_ws/src/install/my_robot_ver3', 'merge_install': False, 'path': '/home/looubuntu/ros2_ws/src/my_robot_ver3', 'symlink_install': False, 'test_result_base': None}
[0.339s] INFO:colcon.colcon_core.executor:Executing jobs using 'parallel' executor
[0.340s] DEBUG:colcon.colcon_parallel_executor.executor.parallel:run_until_complete
[0.340s] INFO:colcon.colcon_ros.task.ament_cmake.build:Building ROS package in '/home/looubuntu/ros2_ws/src/my_interfaces' with build type 'ament_cmake'
[0.340s] INFO:colcon.colcon_cmake.task.cmake.build:Building CMake package in '/home/looubuntu/ros2_ws/src/my_interfaces'
[0.342s] INFO:colcon.colcon_core.plugin_system:Skipping extension 'colcon_core.shell.bat': Not used on non-Windows systems
[0.342s] INFO:colcon.colcon_core.shell:Skip shell extension 'powershell' for command environment: Not usable outside of PowerShell
[0.342s] DEBUG:colcon.colcon_core.shell:Skip shell extension 'dsv' for command environment
[0.345s] INFO:colcon.colcon_ros.task.ament_python.build:Building ROS package in '/home/looubuntu/ros2_ws/src/my_pkg' with build type 'ament_python'
[0.345s] Level 1:colcon.colcon_core.shell:create_environment_hook('my_pkg', 'ament_prefix_path')
[0.345s] INFO:colcon.colcon_core.shell:Creating environment hook '/home/looubuntu/ros2_ws/src/install/my_pkg/share/my_pkg/hook/ament_prefix_path.ps1'
[0.346s] INFO:colcon.colcon_core.shell:Creating environment descriptor '/home/looubuntu/ros2_ws/src/install/my_pkg/share/my_pkg/hook/ament_prefix_path.dsv'
[0.346s] INFO:colcon.colcon_core.shell:Creating environment hook '/home/looubuntu/ros2_ws/src/install/my_pkg/share/my_pkg/hook/ament_prefix_path.sh'
[0.347s] INFO:colcon.colcon_core.shell:Skip shell extension 'powershell' for command environment: Not usable outside of PowerShell
[0.347s] DEBUG:colcon.colcon_core.shell:Skip shell extension 'dsv' for command environment
[0.349s] INFO:colcon.colcon_ros.task.ament_python.build:Building ROS package in '/home/looubuntu/ros2_ws/src/my_rb' with build type 'ament_python'
[0.349s] Level 1:colcon.colcon_core.shell:create_environment_hook('my_rb', 'ament_prefix_path')
[0.350s] INFO:colcon.colcon_core.shell:Creating environment hook '/home/looubuntu/ros2_ws/src/install/my_rb/share/my_rb/hook/ament_prefix_path.ps1'
[0.350s] INFO:colcon.colcon_core.shell:Creating environment descriptor '/home/looubuntu/ros2_ws/src/install/my_rb/share/my_rb/hook/ament_prefix_path.dsv'
[0.351s] INFO:colcon.colcon_core.shell:Creating environment hook '/home/looubuntu/ros2_ws/src/install/my_rb/share/my_rb/hook/ament_prefix_path.sh'
[0.351s] INFO:colcon.colcon_core.shell:Skip shell extension 'powershell' for command environment: Not usable outside of PowerShell
[0.351s] DEBUG:colcon.colcon_core.shell:Skip shell extension 'dsv' for command environment
[0.354s] INFO:colcon.colcon_ros.task.ament_python.build:Building ROS package in '/home/looubuntu/ros2_ws/src/my_robot' with build type 'ament_python'
[0.354s] Level 1:colcon.colcon_core.shell:create_environment_hook('my_robot', 'ament_prefix_path')
[0.355s] INFO:colcon.colcon_core.shell:Creating environment hook '/home/looubuntu/ros2_ws/src/install/my_robot/share/my_robot/hook/ament_prefix_path.ps1'
[0.356s] INFO:colcon.colcon_core.shell:Creating environment descriptor '/home/looubuntu/ros2_ws/src/install/my_robot/share/my_robot/hook/ament_prefix_path.dsv'
[0.356s] INFO:colcon.colcon_core.shell:Creating environment hook '/home/looubuntu/ros2_ws/src/install/my_robot/share/my_robot/hook/ament_prefix_path.sh'
[0.357s] INFO:colcon.colcon_core.shell:Skip shell extension 'powershell' for command environment: Not usable outside of PowerShell
[0.357s] DEBUG:colcon.colcon_core.shell:Skip shell extension 'dsv' for command environment
[0.360s] INFO:colcon.colcon_ros.task.ament_python.build:Building ROS package in '/home/looubuntu/ros2_ws/src/my_robot_ver3' with build type 'ament_python'
[0.360s] Level 1:colcon.colcon_core.shell:create_environment_hook('my_robot_ver3', 'ament_prefix_path')
[0.361s] INFO:colcon.colcon_core.shell:Creating environment hook '/home/looubuntu/ros2_ws/src/install/my_robot_ver3/share/my_robot_ver3/hook/ament_prefix_path.ps1'
[0.362s] INFO:colcon.colcon_core.shell:Creating environment descriptor '/home/looubuntu/ros2_ws/src/install/my_robot_ver3/share/my_robot_ver3/hook/ament_prefix_path.dsv'
[0.362s] INFO:colcon.colcon_core.shell:Creating environment hook '/home/looubuntu/ros2_ws/src/install/my_robot_ver3/share/my_robot_ver3/hook/ament_prefix_path.sh'
[0.363s] INFO:colcon.colcon_core.shell:Skip shell extension 'powershell' for command environment: Not usable outside of PowerShell
[0.363s] DEBUG:colcon.colcon_core.shell:Skip shell extension 'dsv' for command environment
[0.371s] DEBUG:colcon.colcon_core.event_handler.log_command:Invoking command in '/home/looubuntu/ros2_ws/src/build/my_interfaces': CMAKE_PREFIX_PATH=/home/looubuntu/ros2_ws/src/install/my_pkg:/opt/ros/humble /usr/bin/cmake --build /home/looubuntu/ros2_ws/src/build/my_interfaces -- -j12 -l12
[0.622s] INFO:colcon.colcon_core.task.python.build:Building Python package in '/home/looubuntu/ros2_ws/src/my_pkg'
[0.622s] INFO:colcon.colcon_core.shell:Skip shell extension 'powershell' for command environment: Not usable outside of PowerShell
[0.623s] DEBUG:colcon.colcon_core.shell:Skip shell extension 'dsv' for command environment
[0.857s] INFO:colcon.colcon_core.task.python.build:Building Python package in '/home/looubuntu/ros2_ws/src/my_rb'
[0.857s] INFO:colcon.colcon_core.shell:Skip shell extension 'powershell' for command environment: Not usable outside of PowerShell
[0.857s] DEBUG:colcon.colcon_core.shell:Skip shell extension 'dsv' for command environment
[1.095s] INFO:colcon.colcon_core.task.python.build:Building Python package in '/home/looubuntu/ros2_ws/src/my_robot'
[1.096s] INFO:colcon.colcon_core.shell:Skip shell extension 'powershell' for command environment: Not usable outside of PowerShell
[1.096s] DEBUG:colcon.colcon_core.shell:Skip shell extension 'dsv' for command environment
[1.316s] INFO:colcon.colcon_core.task.python.build:Building Python package in '/home/looubuntu/ros2_ws/src/my_robot_ver3'
[1.316s] INFO:colcon.colcon_core.shell:Skip shell extension 'powershell' for command environment: Not usable outside of PowerShell
[1.316s] DEBUG:colcon.colcon_core.shell:Skip shell extension 'dsv' for command environment
[1.320s] DEBUG:colcon.colcon_core.event_handler.log_command:Invoked command in '/home/looubuntu/ros2_ws/src/build/my_interfaces' returned '0': CMAKE_PREFIX_PATH=/home/looubuntu/ros2_ws/src/install/my_pkg:/opt/ros/humble /usr/bin/cmake --build /home/looubuntu/ros2_ws/src/build/my_interfaces -- -j12 -l12
[1.383s] DEBUG:colcon.colcon_core.event_handler.log_command:Invoking command in '/home/looubuntu/ros2_ws/src/build/my_interfaces': CMAKE_PREFIX_PATH=/home/looubuntu/ros2_ws/src/install/my_pkg:/opt/ros/humble /usr/bin/cmake --install /home/looubuntu/ros2_ws/src/build/my_interfaces
[1.431s] Level 1:colcon.colcon_core.environment:create_environment_scripts_only(my_interfaces)
[1.432s] DEBUG:colcon.colcon_core.event_handler.log_command:Invoked command in '/home/looubuntu/ros2_ws/src/build/my_interfaces' returned '0': CMAKE_PREFIX_PATH=/home/looubuntu/ros2_ws/src/install/my_pkg:/opt/ros/humble /usr/bin/cmake --install /home/looubuntu/ros2_ws/src/build/my_interfaces
[1.435s] Level 1:colcon.colcon_core.environment:checking '/home/looubuntu/ros2_ws/src/install/my_interfaces' for CMake module files
[1.436s] Level 1:colcon.colcon_core.environment:checking '/home/looubuntu/ros2_ws/src/install/my_interfaces' for CMake config files
[1.436s] Level 1:colcon.colcon_core.shell:create_environment_hook('my_interfaces', 'cmake_prefix_path')
[1.436s] INFO:colcon.colcon_core.shell:Creating environment hook '/home/looubuntu/ros2_ws/src/install/my_interfaces/share/my_interfaces/hook/cmake_prefix_path.ps1'
[1.437s] INFO:colcon.colcon_core.shell:Creating environment descriptor '/home/looubuntu/ros2_ws/src/install/my_interfaces/share/my_interfaces/hook/cmake_prefix_path.dsv'
[1.438s] INFO:colcon.colcon_core.shell:Creating environment hook '/home/looubuntu/ros2_ws/src/install/my_interfaces/share/my_interfaces/hook/cmake_prefix_path.sh'
[1.438s] Level 1:colcon.colcon_core.environment:checking '/home/looubuntu/ros2_ws/src/install/my_interfaces/lib'
[1.439s] Level 1:colcon.colcon_core.shell:create_environment_hook('my_interfaces', 'ld_library_path_lib')
[1.439s] INFO:colcon.colcon_core.shell:Creating environment hook '/home/looubuntu/ros2_ws/src/install/my_interfaces/share/my_interfaces/hook/ld_library_path_lib.ps1'
[1.440s] INFO:colcon.colcon_core.shell:Creating environment descriptor '/home/looubuntu/ros2_ws/src/install/my_interfaces/share/my_interfaces/hook/ld_library_path_lib.dsv'
[1.440s] INFO:colcon.colcon_core.shell:Creating environment hook '/home/looubuntu/ros2_ws/src/install/my_interfaces/share/my_interfaces/hook/ld_library_path_lib.sh'
[1.440s] Level 1:colcon.colcon_core.environment:checking '/home/looubuntu/ros2_ws/src/install/my_interfaces/bin'
[1.440s] Level 1:colcon.colcon_core.environment:checking '/home/looubuntu/ros2_ws/src/install/my_interfaces/lib/pkgconfig/my_interfaces.pc'
[1.441s] Level 1:colcon.colcon_core.environment:checking '/home/looubuntu/ros2_ws/src/install/my_interfaces/lib/python3.10/site-packages'
[1.441s] Level 1:colcon.colcon_core.environment:checking '/home/looubuntu/ros2_ws/src/install/my_interfaces/bin'
[1.442s] INFO:colcon.colcon_core.shell:Creating package script '/home/looubuntu/ros2_ws/src/install/my_interfaces/share/my_interfaces/package.ps1'
[1.443s] INFO:colcon.colcon_core.shell:Creating package descriptor '/home/looubuntu/ros2_ws/src/install/my_interfaces/share/my_interfaces/package.dsv'
[1.444s] INFO:colcon.colcon_core.shell:Creating package script '/home/looubuntu/ros2_ws/src/install/my_interfaces/share/my_interfaces/package.sh'
[1.445s] INFO:colcon.colcon_core.shell:Creating package script '/home/looubuntu/ros2_ws/src/install/my_interfaces/share/my_interfaces/package.bash'
[1.446s] INFO:colcon.colcon_core.shell:Creating package script '/home/looubuntu/ros2_ws/src/install/my_interfaces/share/my_interfaces/package.zsh'
[1.447s] Level 1:colcon.colcon_core.environment:create_file_with_runtime_dependencies(/home/looubuntu/ros2_ws/src/install/my_interfaces/share/colcon-core/packages/my_interfaces)
[1.502s] Level 1:colcon.colcon_core.environment:create_environment_scripts_only(my_interfaces)
[1.502s] Level 1:colcon.colcon_core.environment:checking '/home/looubuntu/ros2_ws/src/install/my_interfaces' for CMake module files
[1.503s] Level 1:colcon.colcon_core.environment:checking '/home/looubuntu/ros2_ws/src/install/my_interfaces' for CMake config files
[1.504s] Level 1:colcon.colcon_core.shell:create_environment_hook('my_interfaces', 'cmake_prefix_path')
[1.504s] INFO:colcon.colcon_core.shell:Creating environment hook '/home/looubuntu/ros2_ws/src/install/my_interfaces/share/my_interfaces/hook/cmake_prefix_path.ps1'
[1.505s] INFO:colcon.colcon_core.shell:Creating environment descriptor '/home/looubuntu/ros2_ws/src/install/my_interfaces/share/my_interfaces/hook/cmake_prefix_path.dsv'
[1.505s] INFO:colcon.colcon_core.shell:Creating environment hook '/home/looubuntu/ros2_ws/src/install/my_interfaces/share/my_interfaces/hook/cmake_prefix_path.sh'
[1.505s] Level 1:colcon.colcon_core.environment:checking '/home/looubuntu/ros2_ws/src/install/my_interfaces/lib'
[1.506s] Level 1:colcon.colcon_core.shell:create_environment_hook('my_interfaces', 'ld_library_path_lib')
[1.506s] INFO:colcon.colcon_core.shell:Creating environment hook '/home/looubuntu/ros2_ws/src/install/my_interfaces/share/my_interfaces/hook/ld_library_path_lib.ps1'
[1.506s] INFO:colcon.colcon_core.shell:Creating environment descriptor '/home/looubuntu/ros2_ws/src/install/my_interfaces/share/my_interfaces/hook/ld_library_path_lib.dsv'
[1.507s] INFO:colcon.colcon_core.shell:Creating environment hook '/home/looubuntu/ros2_ws/src/install/my_interfaces/share/my_interfaces/hook/ld_library_path_lib.sh'
[1.507s] Level 1:colcon.colcon_core.environment:checking '/home/looubuntu/ros2_ws/src/install/my_interfaces/bin'
[1.507s] Level 1:colcon.colcon_core.environment:checking '/home/looubuntu/ros2_ws/src/install/my_interfaces/lib/pkgconfig/my_interfaces.pc'
[1.507s] Level 1:colcon.colcon_core.environment:checking '/home/looubuntu/ros2_ws/src/install/my_interfaces/lib/python3.10/site-packages'
[1.508s] Level 1:colcon.colcon_core.environment:checking '/home/looubuntu/ros2_ws/src/install/my_interfaces/bin'
[1.508s] INFO:colcon.colcon_core.shell:Creating package script '/home/looubuntu/ros2_ws/src/install/my_interfaces/share/my_interfaces/package.ps1'
[1.509s] INFO:colcon.colcon_core.shell:Creating package descriptor '/home/looubuntu/ros2_ws/src/install/my_interfaces/share/my_interfaces/package.dsv'
[1.510s] INFO:colcon.colcon_core.shell:Creating package script '/home/looubuntu/ros2_ws/src/install/my_interfaces/share/my_interfaces/package.sh'
[1.510s] INFO:colcon.colcon_core.shell:Creating package script '/home/looubuntu/ros2_ws/src/install/my_interfaces/share/my_interfaces/package.bash'
[1.511s] INFO:colcon.colcon_core.shell:Creating package script '/home/looubuntu/ros2_ws/src/install/my_interfaces/share/my_interfaces/package.zsh'
[1.511s] Level 1:colcon.colcon_core.environment:create_file_with_runtime_dependencies(/home/looubuntu/ros2_ws/src/install/my_interfaces/share/colcon-core/packages/my_interfaces)
[1.639s] DEBUG:colcon.colcon_core.event_handler.log_command:Invoking command in '/home/looubuntu/ros2_ws/src/my_rb': PYTHONPATH=/home/looubuntu/ros2_ws/src/build/my_rb/prefix_override:/usr/lib/python3/dist-packages/colcon_core/task/python/colcon_distutils_commands:/home/looubuntu/ros2_ws/src/install/my_rb/lib/python3.10/site-packages:${PYTHONPATH} /usr/bin/python3 -W ignore:setup.py install is deprecated setup.py egg_info --egg-base ../build/my_rb build --build-base /home/looubuntu/ros2_ws/src/build/my_rb/build install --record /home/looubuntu/ros2_ws/src/build/my_rb/install.log --single-version-externally-managed install_data
[1.640s] DEBUG:colcon.colcon_core.event_handler.log_command:Invoking command in '/home/looubuntu/ros2_ws/src/my_pkg': PYTHONPATH=/home/looubuntu/ros2_ws/src/build/my_pkg/prefix_override:/usr/lib/python3/dist-packages/colcon_core/task/python/colcon_distutils_commands:/home/looubuntu/ros2_ws/src/install/my_pkg/lib/python3.10/site-packages:${PYTHONPATH} /usr/bin/python3 -W ignore:setup.py install is deprecated setup.py egg_info --egg-base ../build/my_pkg build --build-base /home/looubuntu/ros2_ws/src/build/my_pkg/build install --record /home/looubuntu/ros2_ws/src/build/my_pkg/install.log --single-version-externally-managed install_data
[1.675s] DEBUG:colcon.colcon_core.event_handler.log_command:Invoking command in '/home/looubuntu/ros2_ws/src/my_robot_ver3': PYTHONPATH=/home/looubuntu/ros2_ws/src/build/my_robot_ver3/prefix_override:/usr/lib/python3/dist-packages/colcon_core/task/python/colcon_distutils_commands:/home/looubuntu/ros2_ws/src/install/my_robot_ver3/lib/python3.10/site-packages:${PYTHONPATH} /usr/bin/python3 -W ignore:setup.py install is deprecated setup.py egg_info --egg-base ../build/my_robot_ver3 build --build-base /home/looubuntu/ros2_ws/src/build/my_robot_ver3/build install --record /home/looubuntu/ros2_ws/src/build/my_robot_ver3/install.log --single-version-externally-managed install_data
[1.681s] DEBUG:colcon.colcon_core.event_handler.log_command:Invoking command in '/home/looubuntu/ros2_ws/src/my_robot': PYTHONPATH=/home/looubuntu/ros2_ws/src/build/my_robot/prefix_override:/usr/lib/python3/dist-packages/colcon_core/task/python/colcon_distutils_commands:/home/looubuntu/ros2_ws/src/install/my_robot/lib/python3.10/site-packages:${PYTHONPATH} /usr/bin/python3 -W ignore:setup.py install is deprecated setup.py egg_info --egg-base ../build/my_robot build --build-base /home/looubuntu/ros2_ws/src/build/my_robot/build install --record /home/looubuntu/ros2_ws/src/build/my_robot/install.log --single-version-externally-managed install_data
[1.911s] Level 1:colcon.colcon_core.environment:checking '/home/looubuntu/ros2_ws/src/install/my_pkg' for CMake module files
[1.912s] DEBUG:colcon.colcon_core.event_handler.log_command:Invoked command in '/home/looubuntu/ros2_ws/src/my_pkg' returned '0': PYTHONPATH=/home/looubuntu/ros2_ws/src/build/my_pkg/prefix_override:/usr/lib/python3/dist-packages/colcon_core/task/python/colcon_distutils_commands:/home/looubuntu/ros2_ws/src/install/my_pkg/lib/python3.10/site-packages:${PYTHONPATH} /usr/bin/python3 -W ignore:setup.py install is deprecated setup.py egg_info --egg-base ../build/my_pkg build --build-base /home/looubuntu/ros2_ws/src/build/my_pkg/build install --record /home/looubuntu/ros2_ws/src/build/my_pkg/install.log --single-version-externally-managed install_data
[1.912s] Level 1:colcon.colcon_core.environment:checking '/home/looubuntu/ros2_ws/src/install/my_pkg' for CMake config files
[1.913s] Level 1:colcon.colcon_core.environment:checking '/home/looubuntu/ros2_ws/src/install/my_pkg/lib'
[1.913s] Level 1:colcon.colcon_core.environment:checking '/home/looubuntu/ros2_ws/src/install/my_pkg/bin'
[1.913s] Level 1:colcon.colcon_core.environment:checking '/home/looubuntu/ros2_ws/src/install/my_pkg/lib/pkgconfig/my_pkg.pc'
[1.913s] Level 1:colcon.colcon_core.environment:checking '/home/looubuntu/ros2_ws/src/install/my_pkg/lib/python3.10/site-packages'
[1.913s] Level 1:colcon.colcon_core.shell:create_environment_hook('my_pkg', 'pythonpath')
[1.914s] INFO:colcon.colcon_core.shell:Creating environment hook '/home/looubuntu/ros2_ws/src/install/my_pkg/share/my_pkg/hook/pythonpath.ps1'
[1.914s] INFO:colcon.colcon_core.shell:Creating environment descriptor '/home/looubuntu/ros2_ws/src/install/my_pkg/share/my_pkg/hook/pythonpath.dsv'
[1.915s] INFO:colcon.colcon_core.shell:Creating environment hook '/home/looubuntu/ros2_ws/src/install/my_pkg/share/my_pkg/hook/pythonpath.sh'
[1.915s] Level 1:colcon.colcon_core.environment:checking '/home/looubuntu/ros2_ws/src/install/my_pkg/bin'
[1.915s] Level 1:colcon.colcon_core.environment:create_environment_scripts_only(my_pkg)
[1.916s] INFO:colcon.colcon_core.shell:Creating package script '/home/looubuntu/ros2_ws/src/install/my_pkg/share/my_pkg/package.ps1'
[1.916s] INFO:colcon.colcon_core.shell:Creating package descriptor '/home/looubuntu/ros2_ws/src/install/my_pkg/share/my_pkg/package.dsv'
[1.917s] INFO:colcon.colcon_core.shell:Creating package script '/home/looubuntu/ros2_ws/src/install/my_pkg/share/my_pkg/package.sh'
[1.918s] INFO:colcon.colcon_core.shell:Creating package script '/home/looubuntu/ros2_ws/src/install/my_pkg/share/my_pkg/package.bash'
[1.918s] INFO:colcon.colcon_core.shell:Creating package script '/home/looubuntu/ros2_ws/src/install/my_pkg/share/my_pkg/package.zsh'
[1.919s] Level 1:colcon.colcon_core.environment:create_file_with_runtime_dependencies(/home/looubuntu/ros2_ws/src/install/my_pkg/share/colcon-core/packages/my_pkg)
[1.939s] Level 1:colcon.colcon_core.environment:checking '/home/looubuntu/ros2_ws/src/install/my_rb' for CMake module files
[1.940s] DEBUG:colcon.colcon_core.event_handler.log_command:Invoked command in '/home/looubuntu/ros2_ws/src/my_rb' returned '0': PYTHONPATH=/home/looubuntu/ros2_ws/src/build/my_rb/prefix_override:/usr/lib/python3/dist-packages/colcon_core/task/python/colcon_distutils_commands:/home/looubuntu/ros2_ws/src/install/my_rb/lib/python3.10/site-packages:${PYTHONPATH} /usr/bin/python3 -W ignore:setup.py install is deprecated setup.py egg_info --egg-base ../build/my_rb build --build-base /home/looubuntu/ros2_ws/src/build/my_rb/build install --record /home/looubuntu/ros2_ws/src/build/my_rb/install.log --single-version-externally-managed install_data
[1.941s] Level 1:colcon.colcon_core.environment:checking '/home/looubuntu/ros2_ws/src/install/my_rb' for CMake config files
[1.941s] Level 1:colcon.colcon_core.environment:checking '/home/looubuntu/ros2_ws/src/install/my_rb/lib'
[1.942s] Level 1:colcon.colcon_core.environment:checking '/home/looubuntu/ros2_ws/src/install/my_rb/bin'
[1.942s] Level 1:colcon.colcon_core.environment:checking '/home/looubuntu/ros2_ws/src/install/my_rb/lib/pkgconfig/my_rb.pc'
[1.942s] Level 1:colcon.colcon_core.environment:checking '/home/looubuntu/ros2_ws/src/install/my_rb/lib/python3.10/site-packages'
[1.942s] Level 1:colcon.colcon_core.shell:create_environment_hook('my_rb', 'pythonpath')
[1.942s] INFO:colcon.colcon_core.shell:Creating environment hook '/home/looubuntu/ros2_ws/src/install/my_rb/share/my_rb/hook/pythonpath.ps1'
[1.942s] INFO:colcon.colcon_core.shell:Creating environment descriptor '/home/looubuntu/ros2_ws/src/install/my_rb/share/my_rb/hook/pythonpath.dsv'
[1.943s] INFO:colcon.colcon_core.shell:Creating environment hook '/home/looubuntu/ros2_ws/src/install/my_rb/share/my_rb/hook/pythonpath.sh'
[1.943s] Level 1:colcon.colcon_core.environment:checking '/home/looubuntu/ros2_ws/src/install/my_rb/bin'
[1.943s] Level 1:colcon.colcon_core.environment:create_environment_scripts_only(my_rb)
[1.944s] INFO:colcon.colcon_core.shell:Creating package script '/home/looubuntu/ros2_ws/src/install/my_rb/share/my_rb/package.ps1'
[1.945s] INFO:colcon.colcon_core.shell:Creating package descriptor '/home/looubuntu/ros2_ws/src/install/my_rb/share/my_rb/package.dsv'
[1.945s] INFO:colcon.colcon_core.shell:Creating package script '/home/looubuntu/ros2_ws/src/install/my_rb/share/my_rb/package.sh'
[1.945s] INFO:colcon.colcon_core.shell:Creating package script '/home/looubuntu/ros2_ws/src/install/my_rb/share/my_rb/package.bash'
[1.946s] INFO:colcon.colcon_core.shell:Creating package script '/home/looubuntu/ros2_ws/src/install/my_rb/share/my_rb/package.zsh'
[1.946s] Level 1:colcon.colcon_core.environment:create_file_with_runtime_dependencies(/home/looubuntu/ros2_ws/src/install/my_rb/share/colcon-core/packages/my_rb)
[1.956s] Level 1:colcon.colcon_core.environment:checking '/home/looubuntu/ros2_ws/src/install/my_robot_ver3' for CMake module files
[1.957s] DEBUG:colcon.colcon_core.event_handler.log_command:Invoked command in '/home/looubuntu/ros2_ws/src/my_robot_ver3' returned '0': PYTHONPATH=/home/looubuntu/ros2_ws/src/build/my_robot_ver3/prefix_override:/usr/lib/python3/dist-packages/colcon_core/task/python/colcon_distutils_commands:/home/looubuntu/ros2_ws/src/install/my_robot_ver3/lib/python3.10/site-packages:${PYTHONPATH} /usr/bin/python3 -W ignore:setup.py install is deprecated setup.py egg_info --egg-base ../build/my_robot_ver3 build --build-base /home/looubuntu/ros2_ws/src/build/my_robot_ver3/build install --record /home/looubuntu/ros2_ws/src/build/my_robot_ver3/install.log --single-version-externally-managed install_data
[1.957s] Level 1:colcon.colcon_core.environment:checking '/home/looubuntu/ros2_ws/src/install/my_robot_ver3' for CMake config files
[1.958s] Level 1:colcon.colcon_core.environment:checking '/home/looubuntu/ros2_ws/src/install/my_robot_ver3/lib'
[1.958s] Level 1:colcon.colcon_core.environment:checking '/home/looubuntu/ros2_ws/src/install/my_robot_ver3/bin'
[1.958s] Level 1:colcon.colcon_core.environment:checking '/home/looubuntu/ros2_ws/src/install/my_robot_ver3/lib/pkgconfig/my_robot_ver3.pc'
[1.958s] Level 1:colcon.colcon_core.environment:checking '/home/looubuntu/ros2_ws/src/install/my_robot_ver3/lib/python3.10/site-packages'
[1.958s] Level 1:colcon.colcon_core.shell:create_environment_hook('my_robot_ver3', 'pythonpath')
[1.958s] INFO:colcon.colcon_core.shell:Creating environment hook '/home/looubuntu/ros2_ws/src/install/my_robot_ver3/share/my_robot_ver3/hook/pythonpath.ps1'
[1.959s] INFO:colcon.colcon_core.shell:Creating environment descriptor '/home/looubuntu/ros2_ws/src/install/my_robot_ver3/share/my_robot_ver3/hook/pythonpath.dsv'
[1.959s] INFO:colcon.colcon_core.shell:Creating environment hook '/home/looubuntu/ros2_ws/src/install/my_robot_ver3/share/my_robot_ver3/hook/pythonpath.sh'
[1.960s] Level 1:colcon.colcon_core.environment:checking '/home/looubuntu/ros2_ws/src/install/my_robot_ver3/bin'
[1.960s] Level 1:colcon.colcon_core.environment:create_environment_scripts_only(my_robot_ver3)
[1.961s] INFO:colcon.colcon_core.shell:Creating package script '/home/looubuntu/ros2_ws/src/install/my_robot_ver3/share/my_robot_ver3/package.ps1'
[1.961s] INFO:colcon.colcon_core.shell:Creating package descriptor '/home/looubuntu/ros2_ws/src/install/my_robot_ver3/share/my_robot_ver3/package.dsv'
[1.961s] INFO:colcon.colcon_core.shell:Creating package script '/home/looubuntu/ros2_ws/src/install/my_robot_ver3/share/my_robot_ver3/package.sh'
[1.962s] INFO:colcon.colcon_core.shell:Creating package script '/home/looubuntu/ros2_ws/src/install/my_robot_ver3/share/my_robot_ver3/package.bash'
[1.962s] INFO:colcon.colcon_core.shell:Creating package script '/home/looubuntu/ros2_ws/src/install/my_robot_ver3/share/my_robot_ver3/package.zsh'
[1.962s] Level 1:colcon.colcon_core.environment:create_file_with_runtime_dependencies(/home/looubuntu/ros2_ws/src/install/my_robot_ver3/share/colcon-core/packages/my_robot_ver3)
[1.984s] Level 1:colcon.colcon_core.environment:checking '/home/looubuntu/ros2_ws/src/install/my_robot' for CMake module files
[1.985s] DEBUG:colcon.colcon_core.event_handler.log_command:Invoked command in '/home/looubuntu/ros2_ws/src/my_robot' returned '0': PYTHONPATH=/home/looubuntu/ros2_ws/src/build/my_robot/prefix_override:/usr/lib/python3/dist-packages/colcon_core/task/python/colcon_distutils_commands:/home/looubuntu/ros2_ws/src/install/my_robot/lib/python3.10/site-packages:${PYTHONPATH} /usr/bin/python3 -W ignore:setup.py install is deprecated setup.py egg_info --egg-base ../build/my_robot build --build-base /home/looubuntu/ros2_ws/src/build/my_robot/build install --record /home/looubuntu/ros2_ws/src/build/my_robot/install.log --single-version-externally-managed install_data
[1.985s] Level 1:colcon.colcon_core.environment:checking '/home/looubuntu/ros2_ws/src/install/my_robot' for CMake config files
[1.986s] Level 1:colcon.colcon_core.environment:checking '/home/looubuntu/ros2_ws/src/install/my_robot/lib'
[1.986s] Level 1:colcon.colcon_core.environment:checking '/home/looubuntu/ros2_ws/src/install/my_robot/bin'
[1.986s] Level 1:colcon.colcon_core.environment:checking '/home/looubuntu/ros2_ws/src/install/my_robot/lib/pkgconfig/my_robot.pc'
[1.986s] Level 1:colcon.colcon_core.environment:checking '/home/looubuntu/ros2_ws/src/install/my_robot/lib/python3.10/site-packages'
[1.986s] Level 1:colcon.colcon_core.shell:create_environment_hook('my_robot', 'pythonpath')
[1.986s] INFO:colcon.colcon_core.shell:Creating environment hook '/home/looubuntu/ros2_ws/src/install/my_robot/share/my_robot/hook/pythonpath.ps1'
[1.987s] INFO:colcon.colcon_core.shell:Creating environment descriptor '/home/looubuntu/ros2_ws/src/install/my_robot/share/my_robot/hook/pythonpath.dsv'
[1.987s] INFO:colcon.colcon_core.shell:Creating environment hook '/home/looubuntu/ros2_ws/src/install/my_robot/share/my_robot/hook/pythonpath.sh'
[1.987s] Level 1:colcon.colcon_core.environment:checking '/home/looubuntu/ros2_ws/src/install/my_robot/bin'
[1.987s] Level 1:colcon.colcon_core.environment:create_environment_scripts_only(my_robot)
[1.988s] INFO:colcon.colcon_core.shell:Creating package script '/home/looubuntu/ros2_ws/src/install/my_robot/share/my_robot/package.ps1'
[1.988s] INFO:colcon.colcon_core.shell:Creating package descriptor '/home/looubuntu/ros2_ws/src/install/my_robot/share/my_robot/package.dsv'
[1.988s] INFO:colcon.colcon_core.shell:Creating package script '/home/looubuntu/ros2_ws/src/install/my_robot/share/my_robot/package.sh'
[1.989s] INFO:colcon.colcon_core.shell:Creating package script '/home/looubuntu/ros2_ws/src/install/my_robot/share/my_robot/package.bash'
[1.989s] INFO:colcon.colcon_core.shell:Creating package script '/home/looubuntu/ros2_ws/src/install/my_robot/share/my_robot/package.zsh'
[1.989s] Level 1:colcon.colcon_core.environment:create_file_with_runtime_dependencies(/home/looubuntu/ros2_ws/src/install/my_robot/share/colcon-core/packages/my_robot)
[1.989s] DEBUG:colcon.colcon_parallel_executor.executor.parallel:closing loop
[1.990s] DEBUG:colcon.colcon_parallel_executor.executor.parallel:loop closed
[1.990s] DEBUG:colcon.colcon_parallel_executor.executor.parallel:run_until_complete finished with '0'
[1.990s] DEBUG:colcon.colcon_core.event_reactor:joining thread
[1.994s] INFO:colcon.colcon_core.plugin_system:Skipping extension 'colcon_notification.desktop_notification.terminal_notifier': Not used on non-Darwin systems
[1.994s] INFO:colcon.colcon_core.plugin_system:Skipping extension 'colcon_notification.desktop_notification.win32': Not used on non-Windows systems
[1.994s] INFO:colcon.colcon_notification.desktop_notification:Sending desktop notification using 'notify2'
[2.002s] DEBUG:colcon.colcon_core.event_reactor:joined thread
[2.002s] INFO:colcon.colcon_core.shell:Creating prefix script '/home/looubuntu/ros2_ws/src/install/local_setup.ps1'
[2.003s] INFO:colcon.colcon_core.shell:Creating prefix util module '/home/looubuntu/ros2_ws/src/install/_local_setup_util_ps1.py'
[2.004s] INFO:colcon.colcon_core.shell:Creating prefix chain script '/home/looubuntu/ros2_ws/src/install/setup.ps1'
[2.006s] INFO:colcon.colcon_core.shell:Creating prefix script '/home/looubuntu/ros2_ws/src/install/local_setup.sh'
[2.006s] INFO:colcon.colcon_core.shell:Creating prefix util module '/home/looubuntu/ros2_ws/src/install/_local_setup_util_sh.py'
[2.007s] INFO:colcon.colcon_core.shell:Creating prefix chain script '/home/looubuntu/ros2_ws/src/install/setup.sh'
[2.008s] INFO:colcon.colcon_core.shell:Creating prefix script '/home/looubuntu/ros2_ws/src/install/local_setup.bash'
[2.008s] INFO:colcon.colcon_core.shell:Creating prefix chain script '/home/looubuntu/ros2_ws/src/install/setup.bash'
[2.009s] INFO:colcon.colcon_core.shell:Creating prefix script '/home/looubuntu/ros2_ws/src/install/local_setup.zsh'
[2.010s] INFO:colcon.colcon_core.shell:Creating prefix chain script '/home/looubuntu/ros2_ws/src/install/setup.zsh'
