running egg_info
creating ../../build/my_robot_ver3/my_robot_ver3.egg-info
writing ../../build/my_robot_ver3/my_robot_ver3.egg-info/PKG-INFO
writing dependency_links to ../../build/my_robot_ver3/my_robot_ver3.egg-info/dependency_links.txt
writing entry points to ../../build/my_robot_ver3/my_robot_ver3.egg-info/entry_points.txt
writing requirements to ../../build/my_robot_ver3/my_robot_ver3.egg-info/requires.txt
writing top-level names to ../../build/my_robot_ver3/my_robot_ver3.egg-info/top_level.txt
writing manifest file '../../build/my_robot_ver3/my_robot_ver3.egg-info/SOURCES.txt'
reading manifest file '../../build/my_robot_ver3/my_robot_ver3.egg-info/SOURCES.txt'
adding license file 'LICENSE'
writing manifest file '../../build/my_robot_ver3/my_robot_ver3.egg-info/SOURCES.txt'
running build
running build_py
creating /home/looubuntu/ros2_ws/build/my_robot_ver3/build
creating /home/looubuntu/ros2_ws/build/my_robot_ver3/build/lib
creating /home/looubuntu/ros2_ws/build/my_robot_ver3/build/lib/my_robot_ver3
copying my_robot_ver3/__init__.py -> /home/looubuntu/ros2_ws/build/my_robot_ver3/build/lib/my_robot_ver3
running install
running install_lib
creating /home/looubuntu/ros2_ws/install/my_robot_ver3/lib/python3.10/site-packages/my_robot_ver3
copying /home/looubuntu/ros2_ws/build/my_robot_ver3/build/lib/my_robot_ver3/__init__.py -> /home/looubuntu/ros2_ws/install/my_robot_ver3/lib/python3.10/site-packages/my_robot_ver3
byte-compiling /home/looubuntu/ros2_ws/install/my_robot_ver3/lib/python3.10/site-packages/my_robot_ver3/__init__.py to __init__.cpython-310.pyc
running install_data
creating /home/looubuntu/ros2_ws/install/my_robot_ver3/share/ament_index
creating /home/looubuntu/ros2_ws/install/my_robot_ver3/share/ament_index/resource_index
creating /home/looubuntu/ros2_ws/install/my_robot_ver3/share/ament_index/resource_index/packages
copying resource/my_robot_ver3 -> /home/looubuntu/ros2_ws/install/my_robot_ver3/share/ament_index/resource_index/packages
copying package.xml -> /home/looubuntu/ros2_ws/install/my_robot_ver3/share/my_robot_ver3
creating /home/looubuntu/ros2_ws/install/my_robot_ver3/share/my_robot_ver3/urdf
copying urdf/Car3banh.SLDASM.csv -> /home/looubuntu/ros2_ws/install/my_robot_ver3/share/my_robot_ver3/urdf
copying urdf/Car3banh.SLDASM.urdf -> /home/looubuntu/ros2_ws/install/my_robot_ver3/share/my_robot_ver3/urdf
creating /home/looubuntu/ros2_ws/install/my_robot_ver3/share/my_robot_ver3/launch
copying launch/display.launch.py -> /home/looubuntu/ros2_ws/install/my_robot_ver3/share/my_robot_ver3/launch
copying launch/gazebo.launch.py -> /home/looubuntu/ros2_ws/install/my_robot_ver3/share/my_robot_ver3/launch
creating /home/looubuntu/ros2_ws/install/my_robot_ver3/share/my_robot_ver3/meshes
copying meshes/leftwheel.STL -> /home/looubuntu/ros2_ws/install/my_robot_ver3/share/my_robot_ver3/meshes
copying meshes/base_link.STL -> /home/looubuntu/ros2_ws/install/my_robot_ver3/share/my_robot_ver3/meshes
copying meshes/conquay.STL -> /home/looubuntu/ros2_ws/install/my_robot_ver3/share/my_robot_ver3/meshes
copying meshes/rightwheel.STL -> /home/looubuntu/ros2_ws/install/my_robot_ver3/share/my_robot_ver3/meshes
copying meshes/wheelmini.STL -> /home/looubuntu/ros2_ws/install/my_robot_ver3/share/my_robot_ver3/meshes
running install_egg_info
Copying ../../build/my_robot_ver3/my_robot_ver3.egg-info to /home/looubuntu/ros2_ws/install/my_robot_ver3/lib/python3.10/site-packages/my_robot_ver3-0.0.0-py3.10.egg-info
running install_scripts
writing list of installed files to '/home/looubuntu/ros2_ws/build/my_robot_ver3/install.log'
