running egg_info
creating ../build/my_rb/my_rb.egg-info
writing ../build/my_rb/my_rb.egg-info/PKG-INFO
writing dependency_links to ../build/my_rb/my_rb.egg-info/dependency_links.txt
writing entry points to ../build/my_rb/my_rb.egg-info/entry_points.txt
writing requirements to ../build/my_rb/my_rb.egg-info/requires.txt
writing top-level names to ../build/my_rb/my_rb.egg-info/top_level.txt
writing manifest file '../build/my_rb/my_rb.egg-info/SOURCES.txt'
reading manifest file '../build/my_rb/my_rb.egg-info/SOURCES.txt'
adding license file 'LICENSE'
writing manifest file '../build/my_rb/my_rb.egg-info/SOURCES.txt'
running build
running build_py
creating /home/looubuntu/ros2_ws/src/build/my_rb/build
creating /home/looubuntu/ros2_ws/src/build/my_rb/build/lib
creating /home/looubuntu/ros2_ws/src/build/my_rb/build/lib/my_rb
copying my_rb/__init__.py -> /home/looubuntu/ros2_ws/src/build/my_rb/build/lib/my_rb
running install
running install_lib
creating /home/looubuntu/ros2_ws/src/install/my_rb/lib/python3.10/site-packages/my_rb
copying /home/looubuntu/ros2_ws/src/build/my_rb/build/lib/my_rb/__init__.py -> /home/looubuntu/ros2_ws/src/install/my_rb/lib/python3.10/site-packages/my_rb
byte-compiling /home/looubuntu/ros2_ws/src/install/my_rb/lib/python3.10/site-packages/my_rb/__init__.py to __init__.cpython-310.pyc
running install_data
creating /home/looubuntu/ros2_ws/src/install/my_rb/share/ament_index
creating /home/looubuntu/ros2_ws/src/install/my_rb/share/ament_index/resource_index
creating /home/looubuntu/ros2_ws/src/install/my_rb/share/ament_index/resource_index/packages
copying resource/my_rb -> /home/looubuntu/ros2_ws/src/install/my_rb/share/ament_index/resource_index/packages
copying package.xml -> /home/looubuntu/ros2_ws/src/install/my_rb/share/my_rb
creating /home/looubuntu/ros2_ws/src/install/my_rb/share/my_rb/urdf
copying urdf/Skid_Steering_Drive.SLDASM.urdf -> /home/looubuntu/ros2_ws/src/install/my_rb/share/my_rb/urdf
copying urdf/Skid_Steering_Drive.SLDASM.csv -> /home/looubuntu/ros2_ws/src/install/my_rb/share/my_rb/urdf
creating /home/looubuntu/ros2_ws/src/install/my_rb/share/my_rb/launch
copying launch/display.launch.py -> /home/looubuntu/ros2_ws/src/install/my_rb/share/my_rb/launch
copying launch/gazebo.launch.py -> /home/looubuntu/ros2_ws/src/install/my_rb/share/my_rb/launch
creating /home/looubuntu/ros2_ws/src/install/my_rb/share/my_rb/meshes
copying meshes/threewheel.STL -> /home/looubuntu/ros2_ws/src/install/my_rb/share/my_rb/meshes
copying meshes/base_link.STL -> /home/looubuntu/ros2_ws/src/install/my_rb/share/my_rb/meshes
copying meshes/fourwheel.STL -> /home/looubuntu/ros2_ws/src/install/my_rb/share/my_rb/meshes
copying meshes/onewheel.STL -> /home/looubuntu/ros2_ws/src/install/my_rb/share/my_rb/meshes
copying meshes/twowheel.STL -> /home/looubuntu/ros2_ws/src/install/my_rb/share/my_rb/meshes
running install_egg_info
Copying ../build/my_rb/my_rb.egg-info to /home/looubuntu/ros2_ws/src/install/my_rb/lib/python3.10/site-packages/my_rb-0.0.0-py3.10.egg-info
running install_scripts
writing list of installed files to '/home/looubuntu/ros2_ws/src/build/my_rb/install.log'
