/home/looubuntu/ros2_ws/install/my_rb/lib/python3.10/site-packages/my_rb/__init__.py
/home/looubuntu/ros2_ws/install/my_rb/lib/python3.10/site-packages/my_rb/__pycache__/__init__.cpython-310.pyc
/home/looubuntu/ros2_ws/install/my_rb/share/ament_index/resource_index/packages/my_rb
/home/looubuntu/ros2_ws/install/my_rb/share/my_rb/package.xml
/home/looubuntu/ros2_ws/install/my_rb/share/my_rb/urdf/Skid_Steering_Drive.SLDASM.urdf
/home/looubuntu/ros2_ws/install/my_rb/share/my_rb/urdf/Skid_Steering_Drive.SLDASM.csv
/home/looubuntu/ros2_ws/install/my_rb/share/my_rb/launch/display.launch.py
/home/looubuntu/ros2_ws/install/my_rb/share/my_rb/launch/gazebo.launch.py
/home/looubuntu/ros2_ws/install/my_rb/share/my_rb/meshes/threewheel.STL
/home/looubuntu/ros2_ws/install/my_rb/share/my_rb/meshes/base_link.STL
/home/looubuntu/ros2_ws/install/my_rb/share/my_rb/meshes/fourwheel.STL
/home/looubuntu/ros2_ws/install/my_rb/share/my_rb/meshes/onewheel.STL
/home/looubuntu/ros2_ws/install/my_rb/share/my_rb/meshes/twowheel.STL
/home/looubuntu/ros2_ws/install/my_rb/lib/python3.10/site-packages/my_rb-0.0.0-py3.10.egg-info/entry_points.txt
/home/looubuntu/ros2_ws/install/my_rb/lib/python3.10/site-packages/my_rb-0.0.0-py3.10.egg-info/top_level.txt
/home/looubuntu/ros2_ws/install/my_rb/lib/python3.10/site-packages/my_rb-0.0.0-py3.10.egg-info/PKG-INFO
/home/looubuntu/ros2_ws/install/my_rb/lib/python3.10/site-packages/my_rb-0.0.0-py3.10.egg-info/SOURCES.txt
/home/looubuntu/ros2_ws/install/my_rb/lib/python3.10/site-packages/my_rb-0.0.0-py3.10.egg-info/requires.txt
/home/looubuntu/ros2_ws/install/my_rb/lib/python3.10/site-packages/my_rb-0.0.0-py3.10.egg-info/zip-safe
/home/looubuntu/ros2_ws/install/my_rb/lib/python3.10/site-packages/my_rb-0.0.0-py3.10.egg-info/dependency_links.txt
