[1.314s] Invoking command in '/home/looubuntu/ros2_ws/src/my_robot_ver3': PYTHONPATH=/home/looubuntu/ros2_ws/src/build/my_robot_ver3/prefix_override:/usr/lib/python3/dist-packages/colcon_core/task/python/colcon_distutils_commands:/home/looubuntu/ros2_ws/src/install/my_robot_ver3/lib/python3.10/site-packages:${PYTHONPATH} /usr/bin/python3 -W ignore:setup.py install is deprecated setup.py egg_info --egg-base ../build/my_robot_ver3 build --build-base /home/looubuntu/ros2_ws/src/build/my_robot_ver3/build install --record /home/looubuntu/ros2_ws/src/build/my_robot_ver3/install.log --single-version-externally-managed install_data
[1.532s] running egg_info
[1.533s] writing ../build/my_robot_ver3/my_robot_ver3.egg-info/PKG-INFO
[1.533s] writing dependency_links to ../build/my_robot_ver3/my_robot_ver3.egg-info/dependency_links.txt
[1.533s] writing entry points to ../build/my_robot_ver3/my_robot_ver3.egg-info/entry_points.txt
[1.533s] writing requirements to ../build/my_robot_ver3/my_robot_ver3.egg-info/requires.txt
[1.533s] writing top-level names to ../build/my_robot_ver3/my_robot_ver3.egg-info/top_level.txt
[1.535s] reading manifest file '../build/my_robot_ver3/my_robot_ver3.egg-info/SOURCES.txt'
[1.535s] adding license file 'LICENSE'
[1.536s] writing manifest file '../build/my_robot_ver3/my_robot_ver3.egg-info/SOURCES.txt'
[1.536s] running build
[1.536s] running build_py
[1.536s] running install
[1.536s] running install_lib
[1.538s] running install_data
[1.538s] running install_egg_info
[1.540s] removing '/home/looubuntu/ros2_ws/src/install/my_robot_ver3/lib/python3.10/site-packages/my_robot_ver3-0.0.0-py3.10.egg-info' (and everything under it)
[1.540s] Copying ../build/my_robot_ver3/my_robot_ver3.egg-info to /home/looubuntu/ros2_ws/src/install/my_robot_ver3/lib/python3.10/site-packages/my_robot_ver3-0.0.0-py3.10.egg-info
[1.540s] running install_scripts
[1.559s] Installing learn script to /home/looubuntu/ros2_ws/src/install/my_robot_ver3/lib/my_robot_ver3
[1.559s] writing list of installed files to '/home/looubuntu/ros2_ws/src/build/my_robot_ver3/install.log'
[1.596s] Invoked command in '/home/looubuntu/ros2_ws/src/my_robot_ver3' returned '0': PYTHONPATH=/home/looubuntu/ros2_ws/src/build/my_robot_ver3/prefix_override:/usr/lib/python3/dist-packages/colcon_core/task/python/colcon_distutils_commands:/home/looubuntu/ros2_ws/src/install/my_robot_ver3/lib/python3.10/site-packages:${PYTHONPATH} /usr/bin/python3 -W ignore:setup.py install is deprecated setup.py egg_info --egg-base ../build/my_robot_ver3 build --build-base /home/looubuntu/ros2_ws/src/build/my_robot_ver3/build install --record /home/looubuntu/ros2_ws/src/build/my_robot_ver3/install.log --single-version-externally-managed install_data
