[2.057s] Invoking command in '/home/looubuntu/ros2_ws/src/my_robot_ver3': PYTHONPATH=/home/looubuntu/ros2_ws/build/my_robot_ver3/prefix_override:/usr/lib/python3/dist-packages/colcon_core/task/python/colcon_distutils_commands:/home/looubuntu/ros2_ws/install/my_robot_ver3/lib/python3.10/site-packages:${PYTHONPATH} /usr/bin/python3 -W ignore:setup.py install is deprecated setup.py egg_info --egg-base ../../build/my_robot_ver3 build --build-base /home/looubuntu/ros2_ws/build/my_robot_ver3/build install --record /home/looubuntu/ros2_ws/build/my_robot_ver3/install.log --single-version-externally-managed install_data
[2.353s] running egg_info
[2.354s] writing ../../build/my_robot_ver3/my_robot_ver3.egg-info/PKG-INFO
[2.354s] writing dependency_links to ../../build/my_robot_ver3/my_robot_ver3.egg-info/dependency_links.txt
[2.354s] writing entry points to ../../build/my_robot_ver3/my_robot_ver3.egg-info/entry_points.txt
[2.355s] writing requirements to ../../build/my_robot_ver3/my_robot_ver3.egg-info/requires.txt
[2.355s] writing top-level names to ../../build/my_robot_ver3/my_robot_ver3.egg-info/top_level.txt
[2.357s] reading manifest file '../../build/my_robot_ver3/my_robot_ver3.egg-info/SOURCES.txt'
[2.357s] adding license file 'LICENSE'
[2.357s] writing manifest file '../../build/my_robot_ver3/my_robot_ver3.egg-info/SOURCES.txt'
[2.358s] running build
[2.358s] running build_py
[2.358s] copying my_robot_ver3/robot_ai.py -> /home/looubuntu/ros2_ws/build/my_robot_ver3/build/lib/my_robot_ver3
[2.358s] running install
[2.359s] running install_lib
[2.360s] copying /home/looubuntu/ros2_ws/build/my_robot_ver3/build/lib/my_robot_ver3/robot_ai.py -> /home/looubuntu/ros2_ws/install/my_robot_ver3/lib/python3.10/site-packages/my_robot_ver3
[2.361s] byte-compiling /home/looubuntu/ros2_ws/install/my_robot_ver3/lib/python3.10/site-packages/my_robot_ver3/robot_ai.py to robot_ai.cpython-310.pyc
[2.362s] running install_data
[2.362s] running install_egg_info
[2.365s] removing '/home/looubuntu/ros2_ws/install/my_robot_ver3/lib/python3.10/site-packages/my_robot_ver3-0.0.0-py3.10.egg-info' (and everything under it)
[2.365s] Copying ../../build/my_robot_ver3/my_robot_ver3.egg-info to /home/looubuntu/ros2_ws/install/my_robot_ver3/lib/python3.10/site-packages/my_robot_ver3-0.0.0-py3.10.egg-info
[2.367s] running install_scripts
[2.391s] Installing learn script to /home/looubuntu/ros2_ws/install/my_robot_ver3/lib/my_robot_ver3
[2.392s] writing list of installed files to '/home/looubuntu/ros2_ws/build/my_robot_ver3/install.log'
[2.432s] Invoked command in '/home/looubuntu/ros2_ws/src/my_robot_ver3' returned '0': PYTHONPATH=/home/looubuntu/ros2_ws/build/my_robot_ver3/prefix_override:/usr/lib/python3/dist-packages/colcon_core/task/python/colcon_distutils_commands:/home/looubuntu/ros2_ws/install/my_robot_ver3/lib/python3.10/site-packages:${PYTHONPATH} /usr/bin/python3 -W ignore:setup.py install is deprecated setup.py egg_info --egg-base ../../build/my_robot_ver3 build --build-base /home/looubuntu/ros2_ws/build/my_robot_ver3/build install --record /home/looubuntu/ros2_ws/build/my_robot_ver3/install.log --single-version-externally-managed install_data
