[1.001s] Invoking command in '/home/looubuntu/ros2_ws/src/my_robot': PYTHONPATH=/home/looubuntu/ros2_ws/build/my_robot/prefix_override:/usr/lib/python3/dist-packages/colcon_core/task/python/colcon_distutils_commands:/home/looubuntu/ros2_ws/install/my_robot/lib/python3.10/site-packages:${PYTHONPATH} /usr/bin/python3 -W ignore:setup.py install is deprecated setup.py egg_info --egg-base ../../build/my_robot build --build-base /home/looubuntu/ros2_ws/build/my_robot/build install --record /home/looubuntu/ros2_ws/build/my_robot/install.log --single-version-externally-managed install_data
[1.194s] running egg_info
[1.195s] writing ../../build/my_robot/my_robot.egg-info/PKG-INFO
[1.195s] writing dependency_links to ../../build/my_robot/my_robot.egg-info/dependency_links.txt
[1.195s] writing entry points to ../../build/my_robot/my_robot.egg-info/entry_points.txt
[1.195s] writing requirements to ../../build/my_robot/my_robot.egg-info/requires.txt
[1.195s] writing top-level names to ../../build/my_robot/my_robot.egg-info/top_level.txt
[1.196s] reading manifest file '../../build/my_robot/my_robot.egg-info/SOURCES.txt'
[1.197s] adding license file 'LICENSE'
[1.197s] writing manifest file '../../build/my_robot/my_robot.egg-info/SOURCES.txt'
[1.197s] running build
[1.197s] running build_py
[1.197s] running install
[1.198s] running install_lib
[1.199s] running install_data
[1.199s] running install_egg_info
[1.200s] removing '/home/looubuntu/ros2_ws/install/my_robot/lib/python3.10/site-packages/my_robot-0.0.0-py3.10.egg-info' (and everything under it)
[1.200s] Copying ../../build/my_robot/my_robot.egg-info to /home/looubuntu/ros2_ws/install/my_robot/lib/python3.10/site-packages/my_robot-0.0.0-py3.10.egg-info
[1.201s] running install_scripts
[1.219s] writing list of installed files to '/home/looubuntu/ros2_ws/build/my_robot/install.log'
[1.248s] Invoked command in '/home/looubuntu/ros2_ws/src/my_robot' returned '0': PYTHONPATH=/home/looubuntu/ros2_ws/build/my_robot/prefix_override:/usr/lib/python3/dist-packages/colcon_core/task/python/colcon_distutils_commands:/home/looubuntu/ros2_ws/install/my_robot/lib/python3.10/site-packages:${PYTHONPATH} /usr/bin/python3 -W ignore:setup.py install is deprecated setup.py egg_info --egg-base ../../build/my_robot build --build-base /home/looubuntu/ros2_ws/build/my_robot/build install --record /home/looubuntu/ros2_ws/build/my_robot/install.log --single-version-externally-managed install_data
