[1.847s] Invoking command in '/home/looubuntu/ros2_ws/src/my_pkg': PYTHONPATH=/home/looubuntu/ros2_ws/build/my_pkg/prefix_override:/usr/lib/python3/dist-packages/colcon_core/task/python/colcon_distutils_commands:/home/looubuntu/ros2_ws/install/my_pkg/lib/python3.10/site-packages:${PYTHONPATH} /usr/bin/python3 -W ignore:setup.py install is deprecated setup.py egg_info --egg-base ../../build/my_pkg build --build-base /home/looubuntu/ros2_ws/build/my_pkg/build install --record /home/looubuntu/ros2_ws/build/my_pkg/install.log --single-version-externally-managed install_data
[2.153s] running egg_info
[2.154s] writing ../../build/my_pkg/my_pkg.egg-info/PKG-INFO
[2.154s] writing dependency_links to ../../build/my_pkg/my_pkg.egg-info/dependency_links.txt
[2.154s] writing entry points to ../../build/my_pkg/my_pkg.egg-info/entry_points.txt
[2.155s] writing requirements to ../../build/my_pkg/my_pkg.egg-info/requires.txt
[2.155s] writing top-level names to ../../build/my_pkg/my_pkg.egg-info/top_level.txt
[2.157s] reading manifest file '../../build/my_pkg/my_pkg.egg-info/SOURCES.txt'
[2.158s] adding license file 'LICENSE'
[2.159s] writing manifest file '../../build/my_pkg/my_pkg.egg-info/SOURCES.txt'
[2.159s] running build
[2.159s] running build_py
[2.160s] running install
[2.161s] running install_lib
[2.163s] running install_data
[2.163s] running install_egg_info
[2.166s] removing '/home/looubuntu/ros2_ws/install/my_pkg/lib/python3.10/site-packages/my_pkg-0.0.0-py3.10.egg-info' (and everything under it)
[2.166s] Copying ../../build/my_pkg/my_pkg.egg-info to /home/looubuntu/ros2_ws/install/my_pkg/lib/python3.10/site-packages/my_pkg-0.0.0-py3.10.egg-info
[2.167s] running install_scripts
[2.195s] Installing control script to /home/looubuntu/ros2_ws/install/my_pkg/lib/my_pkg
[2.196s] writing list of installed files to '/home/looubuntu/ros2_ws/build/my_pkg/install.log'
[2.281s] Invoked command in '/home/looubuntu/ros2_ws/src/my_pkg' returned '0': PYTHONPATH=/home/looubuntu/ros2_ws/build/my_pkg/prefix_override:/usr/lib/python3/dist-packages/colcon_core/task/python/colcon_distutils_commands:/home/looubuntu/ros2_ws/install/my_pkg/lib/python3.10/site-packages:${PYTHONPATH} /usr/bin/python3 -W ignore:setup.py install is deprecated setup.py egg_info --egg-base ../../build/my_pkg build --build-base /home/looubuntu/ros2_ws/build/my_pkg/build install --record /home/looubuntu/ros2_ws/build/my_pkg/install.log --single-version-externally-managed install_data
