[1.571s] Invoking command in '/home/looubuntu/ros2_ws/src/my_robot_ver3': PYTHONPATH=/home/looubuntu/ros2_ws/build/my_robot_ver3/prefix_override:/usr/lib/python3/dist-packages/colcon_core/task/python/colcon_distutils_commands:/home/looubuntu/ros2_ws/install/my_robot_ver3/lib/python3.10/site-packages:${PYTHONPATH} /usr/bin/python3 -W ignore:setup.py install is deprecated setup.py egg_info --egg-base ../../build/my_robot_ver3 build --build-base /home/looubuntu/ros2_ws/build/my_robot_ver3/build install --record /home/looubuntu/ros2_ws/build/my_robot_ver3/install.log --single-version-externally-managed install_data
[1.848s] running egg_info
[1.849s] writing ../../build/my_robot_ver3/my_robot_ver3.egg-info/PKG-INFO
[1.849s] writing dependency_links to ../../build/my_robot_ver3/my_robot_ver3.egg-info/dependency_links.txt
[1.849s] writing entry points to ../../build/my_robot_ver3/my_robot_ver3.egg-info/entry_points.txt
[1.849s] writing requirements to ../../build/my_robot_ver3/my_robot_ver3.egg-info/requires.txt
[1.849s] writing top-level names to ../../build/my_robot_ver3/my_robot_ver3.egg-info/top_level.txt
[1.851s] reading manifest file '../../build/my_robot_ver3/my_robot_ver3.egg-info/SOURCES.txt'
[1.852s] adding license file 'LICENSE'
[1.853s] writing manifest file '../../build/my_robot_ver3/my_robot_ver3.egg-info/SOURCES.txt'
[1.853s] running build
[1.853s] running build_py
[1.853s] copying my_robot_ver3/robot_ai.py -> /home/looubuntu/ros2_ws/build/my_robot_ver3/build/lib/my_robot_ver3
[1.854s] running install
[1.854s] running install_lib
[1.856s] copying /home/looubuntu/ros2_ws/build/my_robot_ver3/build/lib/my_robot_ver3/robot_ai.py -> /home/looubuntu/ros2_ws/install/my_robot_ver3/lib/python3.10/site-packages/my_robot_ver3
[1.857s] byte-compiling /home/looubuntu/ros2_ws/install/my_robot_ver3/lib/python3.10/site-packages/my_robot_ver3/robot_ai.py to robot_ai.cpython-310.pyc
[1.859s] running install_data
[1.859s] running install_egg_info
[1.862s] removing '/home/looubuntu/ros2_ws/install/my_robot_ver3/lib/python3.10/site-packages/my_robot_ver3-0.0.0-py3.10.egg-info' (and everything under it)
[1.862s] Copying ../../build/my_robot_ver3/my_robot_ver3.egg-info to /home/looubuntu/ros2_ws/install/my_robot_ver3/lib/python3.10/site-packages/my_robot_ver3-0.0.0-py3.10.egg-info
[1.863s] running install_scripts
[1.887s] Installing learn script to /home/looubuntu/ros2_ws/install/my_robot_ver3/lib/my_robot_ver3
[1.888s] writing list of installed files to '/home/looubuntu/ros2_ws/build/my_robot_ver3/install.log'
[1.931s] Invoked command in '/home/looubuntu/ros2_ws/src/my_robot_ver3' returned '0': PYTHONPATH=/home/looubuntu/ros2_ws/build/my_robot_ver3/prefix_override:/usr/lib/python3/dist-packages/colcon_core/task/python/colcon_distutils_commands:/home/looubuntu/ros2_ws/install/my_robot_ver3/lib/python3.10/site-packages:${PYTHONPATH} /usr/bin/python3 -W ignore:setup.py install is deprecated setup.py egg_info --egg-base ../../build/my_robot_ver3 build --build-base /home/looubuntu/ros2_ws/build/my_robot_ver3/build install --record /home/looubuntu/ros2_ws/build/my_robot_ver3/install.log --single-version-externally-managed install_data
