[0.275s] DEBUG:colcon:Command line arguments: ['/usr/bin/colcon', 'build']
[0.275s] DEBUG:colcon:Parsed command line arguments: Namespace(log_base=None, log_level=None, verb_name='build', build_base='build', install_base='install', merge_install=False, symlink_install=False, test_result_base=None, continue_on_error=False, executor='parallel', parallel_workers=12, event_handlers=None, ignore_user_meta=False, metas=['./colcon.meta'], base_paths=['.'], packages_ignore=None, packages_ignore_regex=None, paths=None, packages_up_to=None, packages_up_to_regex=None, packages_above=None, packages_above_and_dependencies=None, packages_above_depth=None, packages_select_by_dep=None, packages_skip_by_dep=None, packages_skip_up_to=None, packages_select_build_failed=False, packages_skip_build_finished=False, packages_select_test_failures=False, packages_skip_test_passed=False, packages_select=None, packages_skip=None, packages_select_regex=None, packages_skip_regex=None, packages_start=None, packages_end=None, allow_overriding=[], cmake_args=None, cmake_target=None, cmake_target_skip_unavailable=False, cmake_clean_cache=False, cmake_clean_first=False, cmake_force_configure=False, ament_cmake_args=None, catkin_cmake_args=None, catkin_skip_building_tests=False, mixin_files=None, mixin=None, verb_parser=<colcon_mixin.mixin.mixin_argument.MixinArgumentDecorator object at 0x7549b5542050>, verb_extension=<colcon_core.verb.build.BuildVerb object at 0x7549b5639c00>, main=<bound method BuildVerb.main of <colcon_core.verb.build.BuildVerb object at 0x7549b5639c00>>, mixin_verb=('build',))
[0.534s] Level 1:colcon.colcon_core.package_discovery:discover_packages(colcon_meta) check parameters
[0.534s] Level 1:colcon.colcon_core.package_discovery:discover_packages(recursive) check parameters
[0.534s] Level 1:colcon.colcon_core.package_discovery:discover_packages(ignore) check parameters
[0.534s] Level 1:colcon.colcon_core.package_discovery:discover_packages(path) check parameters
[0.534s] Level 1:colcon.colcon_core.package_discovery:discover_packages(colcon_meta) discover
[0.534s] Level 1:colcon.colcon_core.package_discovery:discover_packages(recursive) discover
[0.534s] INFO:colcon.colcon_core.package_discovery:Crawling recursively for packages in '/home/looubuntu/ros2_ws'
[0.534s] Level 1:colcon.colcon_core.package_identification:_identify(.) by extensions ['ignore', 'ignore_ament_install']
[0.534s] Level 1:colcon.colcon_core.package_identification:_identify(.) by extension 'ignore'
[0.534s] Level 1:colcon.colcon_core.package_identification:_identify(.) by extension 'ignore_ament_install'
[0.534s] Level 1:colcon.colcon_core.package_identification:_identify(.) by extensions ['colcon_pkg']
[0.534s] Level 1:colcon.colcon_core.package_identification:_identify(.) by extension 'colcon_pkg'
[0.534s] Level 1:colcon.colcon_core.package_identification:_identify(.) by extensions ['colcon_meta']
[0.535s] Level 1:colcon.colcon_core.package_identification:_identify(.) by extension 'colcon_meta'
[0.535s] Level 1:colcon.colcon_core.package_identification:_identify(.) by extensions ['ros']
[0.535s] Level 1:colcon.colcon_core.package_identification:_identify(.) by extension 'ros'
[0.546s] Level 1:colcon.colcon_core.package_identification:_identify(.) by extensions ['cmake', 'python']
[0.546s] Level 1:colcon.colcon_core.package_identification:_identify(.) by extension 'cmake'
[0.546s] Level 1:colcon.colcon_core.package_identification:_identify(.) by extension 'python'
[0.547s] Level 1:colcon.colcon_core.package_identification:_identify(.) by extensions ['python_setup_py']
[0.547s] Level 1:colcon.colcon_core.package_identification:_identify(.) by extension 'python_setup_py'
[0.547s] Level 1:colcon.colcon_core.package_identification:_identify(__pycache__) by extensions ['ignore', 'ignore_ament_install']
[0.547s] Level 1:colcon.colcon_core.package_identification:_identify(__pycache__) by extension 'ignore'
[0.547s] Level 1:colcon.colcon_core.package_identification:_identify(__pycache__) by extension 'ignore_ament_install'
[0.547s] Level 1:colcon.colcon_core.package_identification:_identify(__pycache__) by extensions ['colcon_pkg']
[0.547s] Level 1:colcon.colcon_core.package_identification:_identify(__pycache__) by extension 'colcon_pkg'
[0.547s] Level 1:colcon.colcon_core.package_identification:_identify(__pycache__) by extensions ['colcon_meta']
[0.547s] Level 1:colcon.colcon_core.package_identification:_identify(__pycache__) by extension 'colcon_meta'
[0.547s] Level 1:colcon.colcon_core.package_identification:_identify(__pycache__) by extensions ['ros']
[0.547s] Level 1:colcon.colcon_core.package_identification:_identify(__pycache__) by extension 'ros'
[0.547s] Level 1:colcon.colcon_core.package_identification:_identify(__pycache__) by extensions ['cmake', 'python']
[0.547s] Level 1:colcon.colcon_core.package_identification:_identify(__pycache__) by extension 'cmake'
[0.547s] Level 1:colcon.colcon_core.package_identification:_identify(__pycache__) by extension 'python'
[0.547s] Level 1:colcon.colcon_core.package_identification:_identify(__pycache__) by extensions ['python_setup_py']
[0.547s] Level 1:colcon.colcon_core.package_identification:_identify(__pycache__) by extension 'python_setup_py'
[0.547s] Level 1:colcon.colcon_core.package_identification:_identify(build) by extensions ['ignore', 'ignore_ament_install']
[0.548s] Level 1:colcon.colcon_core.package_identification:_identify(build) by extension 'ignore'
[0.548s] Level 1:colcon.colcon_core.package_identification:_identify(build) ignored
[0.548s] Level 1:colcon.colcon_core.package_identification:_identify(install) by extensions ['ignore', 'ignore_ament_install']
[0.548s] Level 1:colcon.colcon_core.package_identification:_identify(install) by extension 'ignore'
[0.548s] Level 1:colcon.colcon_core.package_identification:_identify(install) ignored
[0.548s] Level 1:colcon.colcon_core.package_identification:_identify(log) by extensions ['ignore', 'ignore_ament_install']
[0.549s] Level 1:colcon.colcon_core.package_identification:_identify(log) by extension 'ignore'
[0.549s] Level 1:colcon.colcon_core.package_identification:_identify(log) ignored
[0.549s] Level 1:colcon.colcon_core.package_identification:_identify(meshes) by extensions ['ignore', 'ignore_ament_install']
[0.549s] Level 1:colcon.colcon_core.package_identification:_identify(meshes) by extension 'ignore'
[0.549s] Level 1:colcon.colcon_core.package_identification:_identify(meshes) by extension 'ignore_ament_install'
[0.550s] Level 1:colcon.colcon_core.package_identification:_identify(meshes) by extensions ['colcon_pkg']
[0.550s] Level 1:colcon.colcon_core.package_identification:_identify(meshes) by extension 'colcon_pkg'
[0.550s] Level 1:colcon.colcon_core.package_identification:_identify(meshes) by extensions ['colcon_meta']
[0.550s] Level 1:colcon.colcon_core.package_identification:_identify(meshes) by extension 'colcon_meta'
[0.550s] Level 1:colcon.colcon_core.package_identification:_identify(meshes) by extensions ['ros']
[0.550s] Level 1:colcon.colcon_core.package_identification:_identify(meshes) by extension 'ros'
[0.550s] Level 1:colcon.colcon_core.package_identification:_identify(meshes) by extensions ['cmake', 'python']
[0.550s] Level 1:colcon.colcon_core.package_identification:_identify(meshes) by extension 'cmake'
[0.550s] Level 1:colcon.colcon_core.package_identification:_identify(meshes) by extension 'python'
[0.550s] Level 1:colcon.colcon_core.package_identification:_identify(meshes) by extensions ['python_setup_py']
[0.550s] Level 1:colcon.colcon_core.package_identification:_identify(meshes) by extension 'python_setup_py'
[0.550s] Level 1:colcon.colcon_core.package_identification:_identify(src) by extensions ['ignore', 'ignore_ament_install']
[0.550s] Level 1:colcon.colcon_core.package_identification:_identify(src) by extension 'ignore'
[0.550s] Level 1:colcon.colcon_core.package_identification:_identify(src) by extension 'ignore_ament_install'
[0.550s] Level 1:colcon.colcon_core.package_identification:_identify(src) by extensions ['colcon_pkg']
[0.550s] Level 1:colcon.colcon_core.package_identification:_identify(src) by extension 'colcon_pkg'
[0.550s] Level 1:colcon.colcon_core.package_identification:_identify(src) by extensions ['colcon_meta']
[0.550s] Level 1:colcon.colcon_core.package_identification:_identify(src) by extension 'colcon_meta'
[0.550s] Level 1:colcon.colcon_core.package_identification:_identify(src) by extensions ['ros']
[0.551s] Level 1:colcon.colcon_core.package_identification:_identify(src) by extension 'ros'
[0.551s] Level 1:colcon.colcon_core.package_identification:_identify(src) by extensions ['cmake', 'python']
[0.551s] Level 1:colcon.colcon_core.package_identification:_identify(src) by extension 'cmake'
[0.551s] Level 1:colcon.colcon_core.package_identification:_identify(src) by extension 'python'
[0.551s] Level 1:colcon.colcon_core.package_identification:_identify(src) by extensions ['python_setup_py']
[0.551s] Level 1:colcon.colcon_core.package_identification:_identify(src) by extension 'python_setup_py'
[0.551s] Level 1:colcon.colcon_core.package_identification:_identify(src/build) by extensions ['ignore', 'ignore_ament_install']
[0.551s] Level 1:colcon.colcon_core.package_identification:_identify(src/build) by extension 'ignore'
[0.551s] Level 1:colcon.colcon_core.package_identification:_identify(src/build) ignored
[0.551s] Level 1:colcon.colcon_core.package_identification:_identify(src/install) by extensions ['ignore', 'ignore_ament_install']
[0.551s] Level 1:colcon.colcon_core.package_identification:_identify(src/install) by extension 'ignore'
[0.551s] Level 1:colcon.colcon_core.package_identification:_identify(src/install) ignored
[0.551s] Level 1:colcon.colcon_core.package_identification:_identify(src/log) by extensions ['ignore', 'ignore_ament_install']
[0.551s] Level 1:colcon.colcon_core.package_identification:_identify(src/log) by extension 'ignore'
[0.551s] Level 1:colcon.colcon_core.package_identification:_identify(src/log) ignored
[0.551s] Level 1:colcon.colcon_core.package_identification:_identify(src/modelo_robot) by extensions ['ignore', 'ignore_ament_install']
[0.551s] Level 1:colcon.colcon_core.package_identification:_identify(src/modelo_robot) by extension 'ignore'
[0.552s] Level 1:colcon.colcon_core.package_identification:_identify(src/modelo_robot) by extension 'ignore_ament_install'
[0.552s] Level 1:colcon.colcon_core.package_identification:_identify(src/modelo_robot) by extensions ['colcon_pkg']
[0.552s] Level 1:colcon.colcon_core.package_identification:_identify(src/modelo_robot) by extension 'colcon_pkg'
[0.552s] Level 1:colcon.colcon_core.package_identification:_identify(src/modelo_robot) by extensions ['colcon_meta']
[0.552s] Level 1:colcon.colcon_core.package_identification:_identify(src/modelo_robot) by extension 'colcon_meta'
[0.552s] Level 1:colcon.colcon_core.package_identification:_identify(src/modelo_robot) by extensions ['ros']
[0.552s] Level 1:colcon.colcon_core.package_identification:_identify(src/modelo_robot) by extension 'ros'
[0.555s] DEBUG:colcon.colcon_core.package_identification:Package 'src/modelo_robot' with type 'ros.ament_python' and name 'modelo_robot'
[0.555s] Level 1:colcon.colcon_core.package_identification:_identify(src/my_interfaces) by extensions ['ignore', 'ignore_ament_install']
[0.555s] Level 1:colcon.colcon_core.package_identification:_identify(src/my_interfaces) by extension 'ignore'
[0.555s] Level 1:colcon.colcon_core.package_identification:_identify(src/my_interfaces) by extension 'ignore_ament_install'
[0.555s] Level 1:colcon.colcon_core.package_identification:_identify(src/my_interfaces) by extensions ['colcon_pkg']
[0.555s] Level 1:colcon.colcon_core.package_identification:_identify(src/my_interfaces) by extension 'colcon_pkg'
[0.555s] Level 1:colcon.colcon_core.package_identification:_identify(src/my_interfaces) by extensions ['colcon_meta']
[0.555s] Level 1:colcon.colcon_core.package_identification:_identify(src/my_interfaces) by extension 'colcon_meta'
[0.555s] Level 1:colcon.colcon_core.package_identification:_identify(src/my_interfaces) by extensions ['ros']
[0.555s] Level 1:colcon.colcon_core.package_identification:_identify(src/my_interfaces) by extension 'ros'
[0.556s] DEBUG:colcon.colcon_core.package_identification:Package 'src/my_interfaces' with type 'ros.ament_cmake' and name 'my_interfaces'
[0.556s] Level 1:colcon.colcon_core.package_identification:_identify(src/my_pkg) by extensions ['ignore', 'ignore_ament_install']
[0.556s] Level 1:colcon.colcon_core.package_identification:_identify(src/my_pkg) by extension 'ignore'
[0.556s] Level 1:colcon.colcon_core.package_identification:_identify(src/my_pkg) by extension 'ignore_ament_install'
[0.556s] Level 1:colcon.colcon_core.package_identification:_identify(src/my_pkg) by extensions ['colcon_pkg']
[0.556s] Level 1:colcon.colcon_core.package_identification:_identify(src/my_pkg) by extension 'colcon_pkg'
[0.556s] Level 1:colcon.colcon_core.package_identification:_identify(src/my_pkg) by extensions ['colcon_meta']
[0.556s] Level 1:colcon.colcon_core.package_identification:_identify(src/my_pkg) by extension 'colcon_meta'
[0.556s] Level 1:colcon.colcon_core.package_identification:_identify(src/my_pkg) by extensions ['ros']
[0.556s] Level 1:colcon.colcon_core.package_identification:_identify(src/my_pkg) by extension 'ros'
[0.557s] DEBUG:colcon.colcon_core.package_identification:Package 'src/my_pkg' with type 'ros.ament_python' and name 'my_pkg'
[0.557s] Level 1:colcon.colcon_core.package_identification:_identify(src/my_robot) by extensions ['ignore', 'ignore_ament_install']
[0.557s] Level 1:colcon.colcon_core.package_identification:_identify(src/my_robot) by extension 'ignore'
[0.557s] Level 1:colcon.colcon_core.package_identification:_identify(src/my_robot) by extension 'ignore_ament_install'
[0.557s] Level 1:colcon.colcon_core.package_identification:_identify(src/my_robot) by extensions ['colcon_pkg']
[0.557s] Level 1:colcon.colcon_core.package_identification:_identify(src/my_robot) by extension 'colcon_pkg'
[0.557s] Level 1:colcon.colcon_core.package_identification:_identify(src/my_robot) by extensions ['colcon_meta']
[0.557s] Level 1:colcon.colcon_core.package_identification:_identify(src/my_robot) by extension 'colcon_meta'
[0.557s] Level 1:colcon.colcon_core.package_identification:_identify(src/my_robot) by extensions ['ros']
[0.557s] Level 1:colcon.colcon_core.package_identification:_identify(src/my_robot) by extension 'ros'
[0.558s] DEBUG:colcon.colcon_core.package_identification:Package 'src/my_robot' with type 'ros.ament_python' and name 'my_robot'
[0.558s] Level 1:colcon.colcon_core.package_identification:_identify(src/urdf_test) by extensions ['ignore', 'ignore_ament_install']
[0.558s] Level 1:colcon.colcon_core.package_identification:_identify(src/urdf_test) by extension 'ignore'
[0.558s] Level 1:colcon.colcon_core.package_identification:_identify(src/urdf_test) by extension 'ignore_ament_install'
[0.558s] Level 1:colcon.colcon_core.package_identification:_identify(src/urdf_test) by extensions ['colcon_pkg']
[0.558s] Level 1:colcon.colcon_core.package_identification:_identify(src/urdf_test) by extension 'colcon_pkg'
[0.558s] Level 1:colcon.colcon_core.package_identification:_identify(src/urdf_test) by extensions ['colcon_meta']
[0.558s] Level 1:colcon.colcon_core.package_identification:_identify(src/urdf_test) by extension 'colcon_meta'
[0.558s] Level 1:colcon.colcon_core.package_identification:_identify(src/urdf_test) by extensions ['ros']
[0.558s] Level 1:colcon.colcon_core.package_identification:_identify(src/urdf_test) by extension 'ros'
[0.559s] DEBUG:colcon.colcon_core.package_identification:Package 'src/urdf_test' with type 'ros.ament_cmake' and name 'urdf_test'
[0.559s] Level 1:colcon.colcon_core.package_identification:_identify(urdf) by extensions ['ignore', 'ignore_ament_install']
[0.559s] Level 1:colcon.colcon_core.package_identification:_identify(urdf) by extension 'ignore'
[0.559s] Level 1:colcon.colcon_core.package_identification:_identify(urdf) by extension 'ignore_ament_install'
[0.559s] Level 1:colcon.colcon_core.package_identification:_identify(urdf) by extensions ['colcon_pkg']
[0.559s] Level 1:colcon.colcon_core.package_identification:_identify(urdf) by extension 'colcon_pkg'
[0.559s] Level 1:colcon.colcon_core.package_identification:_identify(urdf) by extensions ['colcon_meta']
[0.559s] Level 1:colcon.colcon_core.package_identification:_identify(urdf) by extension 'colcon_meta'
[0.560s] Level 1:colcon.colcon_core.package_identification:_identify(urdf) by extensions ['ros']
[0.560s] Level 1:colcon.colcon_core.package_identification:_identify(urdf) by extension 'ros'
[0.560s] Level 1:colcon.colcon_core.package_identification:_identify(urdf) by extensions ['cmake', 'python']
[0.560s] Level 1:colcon.colcon_core.package_identification:_identify(urdf) by extension 'cmake'
[0.560s] Level 1:colcon.colcon_core.package_identification:_identify(urdf) by extension 'python'
[0.560s] Level 1:colcon.colcon_core.package_identification:_identify(urdf) by extensions ['python_setup_py']
[0.560s] Level 1:colcon.colcon_core.package_identification:_identify(urdf) by extension 'python_setup_py'
[0.560s] Level 1:colcon.colcon_core.package_discovery:discover_packages(recursive) using defaults
[0.560s] Level 1:colcon.colcon_core.package_discovery:discover_packages(ignore) discover
[0.560s] Level 1:colcon.colcon_core.package_discovery:discover_packages(ignore) using defaults
[0.560s] Level 1:colcon.colcon_core.package_discovery:discover_packages(path) discover
[0.560s] Level 1:colcon.colcon_core.package_discovery:discover_packages(path) using defaults
[0.591s] Level 1:colcon.colcon_core.package_discovery:discover_packages(prefix_path) check parameters
[0.591s] Level 1:colcon.colcon_core.package_discovery:discover_packages(prefix_path) discover
[0.594s] DEBUG:colcon.colcon_installed_package_information.package_discovery:Found 311 installed packages in /opt/ros/humble
[0.608s] Level 1:colcon.colcon_core.package_discovery:discover_packages(prefix_path) using defaults
[0.647s] Level 5:colcon.colcon_core.verb:set package 'modelo_robot' build argument 'cmake_args' from command line to 'None'
[0.647s] Level 5:colcon.colcon_core.verb:set package 'modelo_robot' build argument 'cmake_target' from command line to 'None'
[0.647s] Level 5:colcon.colcon_core.verb:set package 'modelo_robot' build argument 'cmake_target_skip_unavailable' from command line to 'False'
[0.647s] Level 5:colcon.colcon_core.verb:set package 'modelo_robot' build argument 'cmake_clean_cache' from command line to 'False'
[0.647s] Level 5:colcon.colcon_core.verb:set package 'modelo_robot' build argument 'cmake_clean_first' from command line to 'False'
[0.647s] Level 5:colcon.colcon_core.verb:set package 'modelo_robot' build argument 'cmake_force_configure' from command line to 'False'
[0.647s] Level 5:colcon.colcon_core.verb:set package 'modelo_robot' build argument 'ament_cmake_args' from command line to 'None'
[0.647s] Level 5:colcon.colcon_core.verb:set package 'modelo_robot' build argument 'catkin_cmake_args' from command line to 'None'
[0.647s] Level 5:colcon.colcon_core.verb:set package 'modelo_robot' build argument 'catkin_skip_building_tests' from command line to 'False'
[0.647s] DEBUG:colcon.colcon_core.verb:Building package 'modelo_robot' with the following arguments: {'ament_cmake_args': None, 'build_base': '/home/looubuntu/ros2_ws/build/modelo_robot', 'catkin_cmake_args': None, 'catkin_skip_building_tests': False, 'cmake_args': None, 'cmake_clean_cache': False, 'cmake_clean_first': False, 'cmake_force_configure': False, 'cmake_target': None, 'cmake_target_skip_unavailable': False, 'install_base': '/home/looubuntu/ros2_ws/install/modelo_robot', 'merge_install': False, 'path': '/home/looubuntu/ros2_ws/src/modelo_robot', 'symlink_install': False, 'test_result_base': None}
[0.648s] Level 5:colcon.colcon_core.verb:set package 'my_interfaces' build argument 'cmake_args' from command line to 'None'
[0.648s] Level 5:colcon.colcon_core.verb:set package 'my_interfaces' build argument 'cmake_target' from command line to 'None'
[0.648s] Level 5:colcon.colcon_core.verb:set package 'my_interfaces' build argument 'cmake_target_skip_unavailable' from command line to 'False'
[0.648s] Level 5:colcon.colcon_core.verb:set package 'my_interfaces' build argument 'cmake_clean_cache' from command line to 'False'
[0.648s] Level 5:colcon.colcon_core.verb:set package 'my_interfaces' build argument 'cmake_clean_first' from command line to 'False'
[0.648s] Level 5:colcon.colcon_core.verb:set package 'my_interfaces' build argument 'cmake_force_configure' from command line to 'False'
[0.648s] Level 5:colcon.colcon_core.verb:set package 'my_interfaces' build argument 'ament_cmake_args' from command line to 'None'
[0.648s] Level 5:colcon.colcon_core.verb:set package 'my_interfaces' build argument 'catkin_cmake_args' from command line to 'None'
[0.648s] Level 5:colcon.colcon_core.verb:set package 'my_interfaces' build argument 'catkin_skip_building_tests' from command line to 'False'
[0.648s] DEBUG:colcon.colcon_core.verb:Building package 'my_interfaces' with the following arguments: {'ament_cmake_args': None, 'build_base': '/home/looubuntu/ros2_ws/build/my_interfaces', 'catkin_cmake_args': None, 'catkin_skip_building_tests': False, 'cmake_args': None, 'cmake_clean_cache': False, 'cmake_clean_first': False, 'cmake_force_configure': False, 'cmake_target': None, 'cmake_target_skip_unavailable': False, 'install_base': '/home/looubuntu/ros2_ws/install/my_interfaces', 'merge_install': False, 'path': '/home/looubuntu/ros2_ws/src/my_interfaces', 'symlink_install': False, 'test_result_base': None}
[0.649s] Level 5:colcon.colcon_core.verb:set package 'my_pkg' build argument 'cmake_args' from command line to 'None'
[0.649s] Level 5:colcon.colcon_core.verb:set package 'my_pkg' build argument 'cmake_target' from command line to 'None'
[0.649s] Level 5:colcon.colcon_core.verb:set package 'my_pkg' build argument 'cmake_target_skip_unavailable' from command line to 'False'
[0.649s] Level 5:colcon.colcon_core.verb:set package 'my_pkg' build argument 'cmake_clean_cache' from command line to 'False'
[0.649s] Level 5:colcon.colcon_core.verb:set package 'my_pkg' build argument 'cmake_clean_first' from command line to 'False'
[0.649s] Level 5:colcon.colcon_core.verb:set package 'my_pkg' build argument 'cmake_force_configure' from command line to 'False'
[0.649s] Level 5:colcon.colcon_core.verb:set package 'my_pkg' build argument 'ament_cmake_args' from command line to 'None'
[0.649s] Level 5:colcon.colcon_core.verb:set package 'my_pkg' build argument 'catkin_cmake_args' from command line to 'None'
[0.649s] Level 5:colcon.colcon_core.verb:set package 'my_pkg' build argument 'catkin_skip_building_tests' from command line to 'False'
[0.649s] DEBUG:colcon.colcon_core.verb:Building package 'my_pkg' with the following arguments: {'ament_cmake_args': None, 'build_base': '/home/looubuntu/ros2_ws/build/my_pkg', 'catkin_cmake_args': None, 'catkin_skip_building_tests': False, 'cmake_args': None, 'cmake_clean_cache': False, 'cmake_clean_first': False, 'cmake_force_configure': False, 'cmake_target': None, 'cmake_target_skip_unavailable': False, 'install_base': '/home/looubuntu/ros2_ws/install/my_pkg', 'merge_install': False, 'path': '/home/looubuntu/ros2_ws/src/my_pkg', 'symlink_install': False, 'test_result_base': None}
[0.649s] Level 5:colcon.colcon_core.verb:set package 'my_robot' build argument 'cmake_args' from command line to 'None'
[0.649s] Level 5:colcon.colcon_core.verb:set package 'my_robot' build argument 'cmake_target' from command line to 'None'
[0.649s] Level 5:colcon.colcon_core.verb:set package 'my_robot' build argument 'cmake_target_skip_unavailable' from command line to 'False'
[0.649s] Level 5:colcon.colcon_core.verb:set package 'my_robot' build argument 'cmake_clean_cache' from command line to 'False'
[0.649s] Level 5:colcon.colcon_core.verb:set package 'my_robot' build argument 'cmake_clean_first' from command line to 'False'
[0.649s] Level 5:colcon.colcon_core.verb:set package 'my_robot' build argument 'cmake_force_configure' from command line to 'False'
[0.649s] Level 5:colcon.colcon_core.verb:set package 'my_robot' build argument 'ament_cmake_args' from command line to 'None'
[0.649s] Level 5:colcon.colcon_core.verb:set package 'my_robot' build argument 'catkin_cmake_args' from command line to 'None'
[0.649s] Level 5:colcon.colcon_core.verb:set package 'my_robot' build argument 'catkin_skip_building_tests' from command line to 'False'
[0.649s] DEBUG:colcon.colcon_core.verb:Building package 'my_robot' with the following arguments: {'ament_cmake_args': None, 'build_base': '/home/looubuntu/ros2_ws/build/my_robot', 'catkin_cmake_args': None, 'catkin_skip_building_tests': False, 'cmake_args': None, 'cmake_clean_cache': False, 'cmake_clean_first': False, 'cmake_force_configure': False, 'cmake_target': None, 'cmake_target_skip_unavailable': False, 'install_base': '/home/looubuntu/ros2_ws/install/my_robot', 'merge_install': False, 'path': '/home/looubuntu/ros2_ws/src/my_robot', 'symlink_install': False, 'test_result_base': None}
[0.650s] Level 5:colcon.colcon_core.verb:set package 'urdf_test' build argument 'cmake_args' from command line to 'None'
[0.650s] Level 5:colcon.colcon_core.verb:set package 'urdf_test' build argument 'cmake_target' from command line to 'None'
[0.650s] Level 5:colcon.colcon_core.verb:set package 'urdf_test' build argument 'cmake_target_skip_unavailable' from command line to 'False'
[0.650s] Level 5:colcon.colcon_core.verb:set package 'urdf_test' build argument 'cmake_clean_cache' from command line to 'False'
[0.650s] Level 5:colcon.colcon_core.verb:set package 'urdf_test' build argument 'cmake_clean_first' from command line to 'False'
[0.650s] Level 5:colcon.colcon_core.verb:set package 'urdf_test' build argument 'cmake_force_configure' from command line to 'False'
[0.650s] Level 5:colcon.colcon_core.verb:set package 'urdf_test' build argument 'ament_cmake_args' from command line to 'None'
[0.650s] Level 5:colcon.colcon_core.verb:set package 'urdf_test' build argument 'catkin_cmake_args' from command line to 'None'
[0.650s] Level 5:colcon.colcon_core.verb:set package 'urdf_test' build argument 'catkin_skip_building_tests' from command line to 'False'
[0.650s] DEBUG:colcon.colcon_core.verb:Building package 'urdf_test' with the following arguments: {'ament_cmake_args': None, 'build_base': '/home/looubuntu/ros2_ws/build/urdf_test', 'catkin_cmake_args': None, 'catkin_skip_building_tests': False, 'cmake_args': None, 'cmake_clean_cache': False, 'cmake_clean_first': False, 'cmake_force_configure': False, 'cmake_target': None, 'cmake_target_skip_unavailable': False, 'install_base': '/home/looubuntu/ros2_ws/install/urdf_test', 'merge_install': False, 'path': '/home/looubuntu/ros2_ws/src/urdf_test', 'symlink_install': False, 'test_result_base': None}
[0.650s] INFO:colcon.colcon_core.executor:Executing jobs using 'parallel' executor
[0.651s] DEBUG:colcon.colcon_parallel_executor.executor.parallel:run_until_complete
[0.651s] INFO:colcon.colcon_ros.task.ament_python.build:Building ROS package in '/home/looubuntu/ros2_ws/src/modelo_robot' with build type 'ament_python'
[0.651s] Level 1:colcon.colcon_core.shell:create_environment_hook('modelo_robot', 'ament_prefix_path')
[0.656s] INFO:colcon.colcon_core.plugin_system:Skipping extension 'colcon_core.shell.bat': Not used on non-Windows systems
[0.656s] INFO:colcon.colcon_core.shell:Creating environment hook '/home/looubuntu/ros2_ws/install/modelo_robot/share/modelo_robot/hook/ament_prefix_path.ps1'
[0.658s] INFO:colcon.colcon_core.shell:Creating environment descriptor '/home/looubuntu/ros2_ws/install/modelo_robot/share/modelo_robot/hook/ament_prefix_path.dsv'
[0.658s] INFO:colcon.colcon_core.shell:Creating environment hook '/home/looubuntu/ros2_ws/install/modelo_robot/share/modelo_robot/hook/ament_prefix_path.sh'
[0.659s] INFO:colcon.colcon_core.shell:Skip shell extension 'powershell' for command environment: Not usable outside of PowerShell
[0.659s] DEBUG:colcon.colcon_core.shell:Skip shell extension 'dsv' for command environment
[0.662s] INFO:colcon.colcon_ros.task.ament_cmake.build:Building ROS package in '/home/looubuntu/ros2_ws/src/my_interfaces' with build type 'ament_cmake'
[0.662s] INFO:colcon.colcon_cmake.task.cmake.build:Building CMake package in '/home/looubuntu/ros2_ws/src/my_interfaces'
[0.662s] INFO:colcon.colcon_core.shell:Skip shell extension 'powershell' for command environment: Not usable outside of PowerShell
[0.662s] DEBUG:colcon.colcon_core.shell:Skip shell extension 'dsv' for command environment
[0.665s] INFO:colcon.colcon_ros.task.ament_python.build:Building ROS package in '/home/looubuntu/ros2_ws/src/my_pkg' with build type 'ament_python'
[0.665s] Level 1:colcon.colcon_core.shell:create_environment_hook('my_pkg', 'ament_prefix_path')
[0.665s] INFO:colcon.colcon_core.shell:Creating environment hook '/home/looubuntu/ros2_ws/install/my_pkg/share/my_pkg/hook/ament_prefix_path.ps1'
[0.667s] INFO:colcon.colcon_core.shell:Creating environment descriptor '/home/looubuntu/ros2_ws/install/my_pkg/share/my_pkg/hook/ament_prefix_path.dsv'
[0.667s] INFO:colcon.colcon_core.shell:Creating environment hook '/home/looubuntu/ros2_ws/install/my_pkg/share/my_pkg/hook/ament_prefix_path.sh'
[0.667s] INFO:colcon.colcon_core.shell:Skip shell extension 'powershell' for command environment: Not usable outside of PowerShell
[0.667s] DEBUG:colcon.colcon_core.shell:Skip shell extension 'dsv' for command environment
[0.670s] INFO:colcon.colcon_ros.task.ament_python.build:Building ROS package in '/home/looubuntu/ros2_ws/src/my_robot' with build type 'ament_python'
[0.670s] Level 1:colcon.colcon_core.shell:create_environment_hook('my_robot', 'ament_prefix_path')
[0.670s] INFO:colcon.colcon_core.shell:Creating environment hook '/home/looubuntu/ros2_ws/install/my_robot/share/my_robot/hook/ament_prefix_path.ps1'
[0.671s] INFO:colcon.colcon_core.shell:Creating environment descriptor '/home/looubuntu/ros2_ws/install/my_robot/share/my_robot/hook/ament_prefix_path.dsv'
[0.671s] INFO:colcon.colcon_core.shell:Creating environment hook '/home/looubuntu/ros2_ws/install/my_robot/share/my_robot/hook/ament_prefix_path.sh'
[0.671s] INFO:colcon.colcon_core.shell:Skip shell extension 'powershell' for command environment: Not usable outside of PowerShell
[0.671s] DEBUG:colcon.colcon_core.shell:Skip shell extension 'dsv' for command environment
[0.673s] INFO:colcon.colcon_ros.task.ament_cmake.build:Building ROS package in '/home/looubuntu/ros2_ws/src/urdf_test' with build type 'ament_cmake'
[0.674s] INFO:colcon.colcon_cmake.task.cmake.build:Building CMake package in '/home/looubuntu/ros2_ws/src/urdf_test'
[0.674s] INFO:colcon.colcon_core.shell:Skip shell extension 'powershell' for command environment: Not usable outside of PowerShell
[0.674s] DEBUG:colcon.colcon_core.shell:Skip shell extension 'dsv' for command environment
[0.932s] INFO:colcon.colcon_core.task.python.build:Building Python package in '/home/looubuntu/ros2_ws/src/modelo_robot'
[0.932s] INFO:colcon.colcon_core.shell:Skip shell extension 'powershell' for command environment: Not usable outside of PowerShell
[0.932s] DEBUG:colcon.colcon_core.shell:Skip shell extension 'dsv' for command environment
[0.938s] DEBUG:colcon.colcon_core.event_handler.log_command:Invoking command in '/home/looubuntu/ros2_ws/build/my_interfaces': CMAKE_PREFIX_PATH=/opt/ros/humble /usr/bin/cmake --build /home/looubuntu/ros2_ws/build/my_interfaces -- -j12 -l12
[1.193s] INFO:colcon.colcon_core.task.python.build:Building Python package in '/home/looubuntu/ros2_ws/src/my_pkg'
[1.193s] INFO:colcon.colcon_core.shell:Skip shell extension 'powershell' for command environment: Not usable outside of PowerShell
[1.193s] DEBUG:colcon.colcon_core.shell:Skip shell extension 'dsv' for command environment
[1.438s] INFO:colcon.colcon_core.task.python.build:Building Python package in '/home/looubuntu/ros2_ws/src/my_robot'
[1.439s] INFO:colcon.colcon_core.shell:Skip shell extension 'powershell' for command environment: Not usable outside of PowerShell
[1.439s] DEBUG:colcon.colcon_core.shell:Skip shell extension 'dsv' for command environment
[1.454s] DEBUG:colcon.colcon_core.event_handler.log_command:Invoking command in '/home/looubuntu/ros2_ws/build/urdf_test': CMAKE_PREFIX_PATH=/opt/ros/humble /usr/bin/cmake --build /home/looubuntu/ros2_ws/build/urdf_test -- -j12 -l12
[1.454s] DEBUG:colcon.colcon_core.event_handler.log_command:Invoked command in '/home/looubuntu/ros2_ws/build/my_interfaces' returned '0': CMAKE_PREFIX_PATH=/opt/ros/humble /usr/bin/cmake --build /home/looubuntu/ros2_ws/build/my_interfaces -- -j12 -l12
[1.490s] DEBUG:colcon.colcon_core.event_handler.log_command:Invoked command in '/home/looubuntu/ros2_ws/build/urdf_test' returned '0': CMAKE_PREFIX_PATH=/opt/ros/humble /usr/bin/cmake --build /home/looubuntu/ros2_ws/build/urdf_test -- -j12 -l12
[1.514s] DEBUG:colcon.colcon_core.event_handler.log_command:Invoking command in '/home/looubuntu/ros2_ws/build/urdf_test': CMAKE_PREFIX_PATH=/opt/ros/humble /usr/bin/cmake --install /home/looubuntu/ros2_ws/build/urdf_test
[1.518s] DEBUG:colcon.colcon_core.event_handler.log_command:Invoking command in '/home/looubuntu/ros2_ws/build/my_interfaces': CMAKE_PREFIX_PATH=/opt/ros/humble /usr/bin/cmake --install /home/looubuntu/ros2_ws/build/my_interfaces
[1.529s] Level 1:colcon.colcon_core.environment:create_environment_scripts_only(urdf_test)
[1.531s] DEBUG:colcon.colcon_core.event_handler.log_command:Invoked command in '/home/looubuntu/ros2_ws/build/urdf_test' returned '0': CMAKE_PREFIX_PATH=/opt/ros/humble /usr/bin/cmake --install /home/looubuntu/ros2_ws/build/urdf_test
[1.545s] Level 1:colcon.colcon_core.environment:checking '/home/looubuntu/ros2_ws/install/urdf_test' for CMake module files
[1.546s] Level 1:colcon.colcon_core.environment:checking '/home/looubuntu/ros2_ws/install/urdf_test' for CMake config files
[1.546s] Level 1:colcon.colcon_core.shell:create_environment_hook('urdf_test', 'cmake_prefix_path')
[1.546s] INFO:colcon.colcon_core.shell:Creating environment hook '/home/looubuntu/ros2_ws/install/urdf_test/share/urdf_test/hook/cmake_prefix_path.ps1'
[1.547s] INFO:colcon.colcon_core.shell:Creating environment descriptor '/home/looubuntu/ros2_ws/install/urdf_test/share/urdf_test/hook/cmake_prefix_path.dsv'
[1.549s] INFO:colcon.colcon_core.shell:Creating environment hook '/home/looubuntu/ros2_ws/install/urdf_test/share/urdf_test/hook/cmake_prefix_path.sh'
[1.550s] Level 1:colcon.colcon_core.environment:checking '/home/looubuntu/ros2_ws/install/urdf_test/bin'
[1.550s] Level 1:colcon.colcon_core.environment:checking '/home/looubuntu/ros2_ws/install/urdf_test/lib/pkgconfig/urdf_test.pc'
[1.551s] Level 1:colcon.colcon_core.environment:checking '/home/looubuntu/ros2_ws/install/urdf_test/lib/python3.10/site-packages'
[1.551s] Level 1:colcon.colcon_core.environment:checking '/home/looubuntu/ros2_ws/install/urdf_test/bin'
[1.552s] INFO:colcon.colcon_core.shell:Creating package script '/home/looubuntu/ros2_ws/install/urdf_test/share/urdf_test/package.ps1'
[1.553s] INFO:colcon.colcon_core.shell:Creating package descriptor '/home/looubuntu/ros2_ws/install/urdf_test/share/urdf_test/package.dsv'
[1.554s] INFO:colcon.colcon_core.shell:Creating package script '/home/looubuntu/ros2_ws/install/urdf_test/share/urdf_test/package.sh'
[1.555s] INFO:colcon.colcon_core.shell:Creating package script '/home/looubuntu/ros2_ws/install/urdf_test/share/urdf_test/package.bash'
[1.557s] INFO:colcon.colcon_core.shell:Creating package script '/home/looubuntu/ros2_ws/install/urdf_test/share/urdf_test/package.zsh'
[1.558s] Level 1:colcon.colcon_core.environment:create_file_with_runtime_dependencies(/home/looubuntu/ros2_ws/install/urdf_test/share/colcon-core/packages/urdf_test)
[1.586s] Level 1:colcon.colcon_core.environment:create_environment_scripts_only(urdf_test)
[1.587s] Level 1:colcon.colcon_core.environment:checking '/home/looubuntu/ros2_ws/install/urdf_test' for CMake module files
[1.587s] Level 1:colcon.colcon_core.environment:checking '/home/looubuntu/ros2_ws/install/urdf_test' for CMake config files
[1.588s] Level 1:colcon.colcon_core.shell:create_environment_hook('urdf_test', 'cmake_prefix_path')
[1.588s] INFO:colcon.colcon_core.shell:Creating environment hook '/home/looubuntu/ros2_ws/install/urdf_test/share/urdf_test/hook/cmake_prefix_path.ps1'
[1.589s] INFO:colcon.colcon_core.shell:Creating environment descriptor '/home/looubuntu/ros2_ws/install/urdf_test/share/urdf_test/hook/cmake_prefix_path.dsv'
[1.589s] INFO:colcon.colcon_core.shell:Creating environment hook '/home/looubuntu/ros2_ws/install/urdf_test/share/urdf_test/hook/cmake_prefix_path.sh'
[1.590s] Level 1:colcon.colcon_core.environment:checking '/home/looubuntu/ros2_ws/install/urdf_test/bin'
[1.590s] Level 1:colcon.colcon_core.environment:checking '/home/looubuntu/ros2_ws/install/urdf_test/lib/pkgconfig/urdf_test.pc'
[1.591s] Level 1:colcon.colcon_core.environment:checking '/home/looubuntu/ros2_ws/install/urdf_test/lib/python3.10/site-packages'
[1.591s] Level 1:colcon.colcon_core.environment:checking '/home/looubuntu/ros2_ws/install/urdf_test/bin'
[1.592s] INFO:colcon.colcon_core.shell:Creating package script '/home/looubuntu/ros2_ws/install/urdf_test/share/urdf_test/package.ps1'
[1.595s] INFO:colcon.colcon_core.shell:Creating package descriptor '/home/looubuntu/ros2_ws/install/urdf_test/share/urdf_test/package.dsv'
[1.597s] INFO:colcon.colcon_core.shell:Creating package script '/home/looubuntu/ros2_ws/install/urdf_test/share/urdf_test/package.sh'
[1.597s] INFO:colcon.colcon_core.shell:Creating package script '/home/looubuntu/ros2_ws/install/urdf_test/share/urdf_test/package.bash'
[1.598s] INFO:colcon.colcon_core.shell:Creating package script '/home/looubuntu/ros2_ws/install/urdf_test/share/urdf_test/package.zsh'
[1.599s] Level 1:colcon.colcon_core.environment:create_file_with_runtime_dependencies(/home/looubuntu/ros2_ws/install/urdf_test/share/colcon-core/packages/urdf_test)
[1.604s] Level 1:colcon.colcon_core.environment:create_environment_scripts_only(my_interfaces)
[1.605s] Level 1:colcon.colcon_core.environment:checking '/home/looubuntu/ros2_ws/install/my_interfaces' for CMake module files
[1.605s] DEBUG:colcon.colcon_core.event_handler.log_command:Invoked command in '/home/looubuntu/ros2_ws/build/my_interfaces' returned '0': CMAKE_PREFIX_PATH=/opt/ros/humble /usr/bin/cmake --install /home/looubuntu/ros2_ws/build/my_interfaces
[1.606s] Level 1:colcon.colcon_core.environment:checking '/home/looubuntu/ros2_ws/install/my_interfaces' for CMake config files
[1.607s] Level 1:colcon.colcon_core.shell:create_environment_hook('my_interfaces', 'cmake_prefix_path')
[1.608s] INFO:colcon.colcon_core.shell:Creating environment hook '/home/looubuntu/ros2_ws/install/my_interfaces/share/my_interfaces/hook/cmake_prefix_path.ps1'
[1.608s] INFO:colcon.colcon_core.shell:Creating environment descriptor '/home/looubuntu/ros2_ws/install/my_interfaces/share/my_interfaces/hook/cmake_prefix_path.dsv'
[1.609s] INFO:colcon.colcon_core.shell:Creating environment hook '/home/looubuntu/ros2_ws/install/my_interfaces/share/my_interfaces/hook/cmake_prefix_path.sh'
[1.610s] Level 1:colcon.colcon_core.environment:checking '/home/looubuntu/ros2_ws/install/my_interfaces/lib'
[1.610s] Level 1:colcon.colcon_core.shell:create_environment_hook('my_interfaces', 'ld_library_path_lib')
[1.610s] INFO:colcon.colcon_core.shell:Creating environment hook '/home/looubuntu/ros2_ws/install/my_interfaces/share/my_interfaces/hook/ld_library_path_lib.ps1'
[1.611s] INFO:colcon.colcon_core.shell:Creating environment descriptor '/home/looubuntu/ros2_ws/install/my_interfaces/share/my_interfaces/hook/ld_library_path_lib.dsv'
[1.611s] INFO:colcon.colcon_core.shell:Creating environment hook '/home/looubuntu/ros2_ws/install/my_interfaces/share/my_interfaces/hook/ld_library_path_lib.sh'
[1.612s] Level 1:colcon.colcon_core.environment:checking '/home/looubuntu/ros2_ws/install/my_interfaces/bin'
[1.612s] Level 1:colcon.colcon_core.environment:checking '/home/looubuntu/ros2_ws/install/my_interfaces/lib/pkgconfig/my_interfaces.pc'
[1.612s] Level 1:colcon.colcon_core.environment:checking '/home/looubuntu/ros2_ws/install/my_interfaces/lib/python3.10/site-packages'
[1.613s] Level 1:colcon.colcon_core.environment:checking '/home/looubuntu/ros2_ws/install/my_interfaces/bin'
[1.613s] INFO:colcon.colcon_core.shell:Creating package script '/home/looubuntu/ros2_ws/install/my_interfaces/share/my_interfaces/package.ps1'
[1.614s] INFO:colcon.colcon_core.shell:Creating package descriptor '/home/looubuntu/ros2_ws/install/my_interfaces/share/my_interfaces/package.dsv'
[1.615s] INFO:colcon.colcon_core.shell:Creating package script '/home/looubuntu/ros2_ws/install/my_interfaces/share/my_interfaces/package.sh'
[1.615s] INFO:colcon.colcon_core.shell:Creating package script '/home/looubuntu/ros2_ws/install/my_interfaces/share/my_interfaces/package.bash'
[1.616s] INFO:colcon.colcon_core.shell:Creating package script '/home/looubuntu/ros2_ws/install/my_interfaces/share/my_interfaces/package.zsh'
[1.616s] Level 1:colcon.colcon_core.environment:create_file_with_runtime_dependencies(/home/looubuntu/ros2_ws/install/my_interfaces/share/colcon-core/packages/my_interfaces)
[1.669s] Level 1:colcon.colcon_core.environment:create_environment_scripts_only(my_interfaces)
[1.670s] Level 1:colcon.colcon_core.environment:checking '/home/looubuntu/ros2_ws/install/my_interfaces' for CMake module files
[1.671s] Level 1:colcon.colcon_core.environment:checking '/home/looubuntu/ros2_ws/install/my_interfaces' for CMake config files
[1.671s] Level 1:colcon.colcon_core.shell:create_environment_hook('my_interfaces', 'cmake_prefix_path')
[1.671s] INFO:colcon.colcon_core.shell:Creating environment hook '/home/looubuntu/ros2_ws/install/my_interfaces/share/my_interfaces/hook/cmake_prefix_path.ps1'
[1.672s] INFO:colcon.colcon_core.shell:Creating environment descriptor '/home/looubuntu/ros2_ws/install/my_interfaces/share/my_interfaces/hook/cmake_prefix_path.dsv'
[1.672s] INFO:colcon.colcon_core.shell:Creating environment hook '/home/looubuntu/ros2_ws/install/my_interfaces/share/my_interfaces/hook/cmake_prefix_path.sh'
[1.673s] Level 1:colcon.colcon_core.environment:checking '/home/looubuntu/ros2_ws/install/my_interfaces/lib'
[1.673s] Level 1:colcon.colcon_core.shell:create_environment_hook('my_interfaces', 'ld_library_path_lib')
[1.673s] INFO:colcon.colcon_core.shell:Creating environment hook '/home/looubuntu/ros2_ws/install/my_interfaces/share/my_interfaces/hook/ld_library_path_lib.ps1'
[1.673s] INFO:colcon.colcon_core.shell:Creating environment descriptor '/home/looubuntu/ros2_ws/install/my_interfaces/share/my_interfaces/hook/ld_library_path_lib.dsv'
[1.674s] INFO:colcon.colcon_core.shell:Creating environment hook '/home/looubuntu/ros2_ws/install/my_interfaces/share/my_interfaces/hook/ld_library_path_lib.sh'
[1.674s] Level 1:colcon.colcon_core.environment:checking '/home/looubuntu/ros2_ws/install/my_interfaces/bin'
[1.674s] Level 1:colcon.colcon_core.environment:checking '/home/looubuntu/ros2_ws/install/my_interfaces/lib/pkgconfig/my_interfaces.pc'
[1.675s] Level 1:colcon.colcon_core.environment:checking '/home/looubuntu/ros2_ws/install/my_interfaces/lib/python3.10/site-packages'
[1.675s] Level 1:colcon.colcon_core.environment:checking '/home/looubuntu/ros2_ws/install/my_interfaces/bin'
[1.675s] INFO:colcon.colcon_core.shell:Creating package script '/home/looubuntu/ros2_ws/install/my_interfaces/share/my_interfaces/package.ps1'
[1.676s] INFO:colcon.colcon_core.shell:Creating package descriptor '/home/looubuntu/ros2_ws/install/my_interfaces/share/my_interfaces/package.dsv'
[1.677s] INFO:colcon.colcon_core.shell:Creating package script '/home/looubuntu/ros2_ws/install/my_interfaces/share/my_interfaces/package.sh'
[1.677s] INFO:colcon.colcon_core.shell:Creating package script '/home/looubuntu/ros2_ws/install/my_interfaces/share/my_interfaces/package.bash'
[1.677s] INFO:colcon.colcon_core.shell:Creating package script '/home/looubuntu/ros2_ws/install/my_interfaces/share/my_interfaces/package.zsh'
[1.678s] Level 1:colcon.colcon_core.environment:create_file_with_runtime_dependencies(/home/looubuntu/ros2_ws/install/my_interfaces/share/colcon-core/packages/my_interfaces)
[1.845s] DEBUG:colcon.colcon_core.event_handler.log_command:Invoking command in '/home/looubuntu/ros2_ws/src/modelo_robot': PYTHONPATH=/home/looubuntu/ros2_ws/build/modelo_robot/prefix_override:/usr/lib/python3/dist-packages/colcon_core/task/python/colcon_distutils_commands:/home/looubuntu/ros2_ws/install/modelo_robot/lib/python3.10/site-packages:${PYTHONPATH} /usr/bin/python3 -W ignore:setup.py install is deprecated setup.py egg_info --egg-base ../../build/modelo_robot build --build-base /home/looubuntu/ros2_ws/build/modelo_robot/build install --record /home/looubuntu/ros2_ws/build/modelo_robot/install.log --install-scripts $base/lib/modelo_robot --single-version-externally-managed install_data
[1.850s] DEBUG:colcon.colcon_core.event_handler.log_command:Invoking command in '/home/looubuntu/ros2_ws/src/my_robot': PYTHONPATH=/home/looubuntu/ros2_ws/build/my_robot/prefix_override:/usr/lib/python3/dist-packages/colcon_core/task/python/colcon_distutils_commands:/home/looubuntu/ros2_ws/install/my_robot/lib/python3.10/site-packages:${PYTHONPATH} /usr/bin/python3 -W ignore:setup.py install is deprecated setup.py egg_info --egg-base ../../build/my_robot build --build-base /home/looubuntu/ros2_ws/build/my_robot/build install --record /home/looubuntu/ros2_ws/build/my_robot/install.log --single-version-externally-managed install_data
[1.850s] DEBUG:colcon.colcon_core.event_handler.log_command:Invoking command in '/home/looubuntu/ros2_ws/src/my_pkg': PYTHONPATH=/home/looubuntu/ros2_ws/build/my_pkg/prefix_override:/usr/lib/python3/dist-packages/colcon_core/task/python/colcon_distutils_commands:/home/looubuntu/ros2_ws/install/my_pkg/lib/python3.10/site-packages:${PYTHONPATH} /usr/bin/python3 -W ignore:setup.py install is deprecated setup.py egg_info --egg-base ../../build/my_pkg build --build-base /home/looubuntu/ros2_ws/build/my_pkg/build install --record /home/looubuntu/ros2_ws/build/my_pkg/install.log --single-version-externally-managed install_data
[2.161s] Level 1:colcon.colcon_core.environment:checking '/home/looubuntu/ros2_ws/install/my_pkg' for CMake module files
[2.162s] DEBUG:colcon.colcon_core.event_handler.log_command:Invoked command in '/home/looubuntu/ros2_ws/src/my_pkg' returned '0': PYTHONPATH=/home/looubuntu/ros2_ws/build/my_pkg/prefix_override:/usr/lib/python3/dist-packages/colcon_core/task/python/colcon_distutils_commands:/home/looubuntu/ros2_ws/install/my_pkg/lib/python3.10/site-packages:${PYTHONPATH} /usr/bin/python3 -W ignore:setup.py install is deprecated setup.py egg_info --egg-base ../../build/my_pkg build --build-base /home/looubuntu/ros2_ws/build/my_pkg/build install --record /home/looubuntu/ros2_ws/build/my_pkg/install.log --single-version-externally-managed install_data
[2.162s] Level 1:colcon.colcon_core.environment:checking '/home/looubuntu/ros2_ws/install/my_pkg' for CMake config files
[2.165s] Level 1:colcon.colcon_core.environment:checking '/home/looubuntu/ros2_ws/install/my_pkg/lib'
[2.166s] Level 1:colcon.colcon_core.environment:checking '/home/looubuntu/ros2_ws/install/my_pkg/bin'
[2.166s] Level 1:colcon.colcon_core.environment:checking '/home/looubuntu/ros2_ws/install/my_pkg/lib/pkgconfig/my_pkg.pc'
[2.166s] Level 1:colcon.colcon_core.environment:checking '/home/looubuntu/ros2_ws/install/my_pkg/lib/python3.10/site-packages'
[2.166s] Level 1:colcon.colcon_core.shell:create_environment_hook('my_pkg', 'pythonpath')
[2.166s] INFO:colcon.colcon_core.shell:Creating environment hook '/home/looubuntu/ros2_ws/install/my_pkg/share/my_pkg/hook/pythonpath.ps1'
[2.166s] INFO:colcon.colcon_core.shell:Creating environment descriptor '/home/looubuntu/ros2_ws/install/my_pkg/share/my_pkg/hook/pythonpath.dsv'
[2.167s] INFO:colcon.colcon_core.shell:Creating environment hook '/home/looubuntu/ros2_ws/install/my_pkg/share/my_pkg/hook/pythonpath.sh'
[2.167s] Level 1:colcon.colcon_core.environment:checking '/home/looubuntu/ros2_ws/install/my_pkg/bin'
[2.167s] Level 1:colcon.colcon_core.environment:create_environment_scripts_only(my_pkg)
[2.167s] INFO:colcon.colcon_core.shell:Creating package script '/home/looubuntu/ros2_ws/install/my_pkg/share/my_pkg/package.ps1'
[2.168s] INFO:colcon.colcon_core.shell:Creating package descriptor '/home/looubuntu/ros2_ws/install/my_pkg/share/my_pkg/package.dsv'
[2.168s] INFO:colcon.colcon_core.shell:Creating package script '/home/looubuntu/ros2_ws/install/my_pkg/share/my_pkg/package.sh'
[2.168s] INFO:colcon.colcon_core.shell:Creating package script '/home/looubuntu/ros2_ws/install/my_pkg/share/my_pkg/package.bash'
[2.169s] INFO:colcon.colcon_core.shell:Creating package script '/home/looubuntu/ros2_ws/install/my_pkg/share/my_pkg/package.zsh'
[2.169s] Level 1:colcon.colcon_core.environment:create_file_with_runtime_dependencies(/home/looubuntu/ros2_ws/install/my_pkg/share/colcon-core/packages/my_pkg)
[2.170s] Level 1:colcon.colcon_core.environment:checking '/home/looubuntu/ros2_ws/install/modelo_robot' for CMake module files
[2.170s] DEBUG:colcon.colcon_core.event_handler.log_command:Invoked command in '/home/looubuntu/ros2_ws/src/modelo_robot' returned '0': PYTHONPATH=/home/looubuntu/ros2_ws/build/modelo_robot/prefix_override:/usr/lib/python3/dist-packages/colcon_core/task/python/colcon_distutils_commands:/home/looubuntu/ros2_ws/install/modelo_robot/lib/python3.10/site-packages:${PYTHONPATH} /usr/bin/python3 -W ignore:setup.py install is deprecated setup.py egg_info --egg-base ../../build/modelo_robot build --build-base /home/looubuntu/ros2_ws/build/modelo_robot/build install --record /home/looubuntu/ros2_ws/build/modelo_robot/install.log --install-scripts $base/lib/modelo_robot --single-version-externally-managed install_data
[2.171s] Level 1:colcon.colcon_core.environment:checking '/home/looubuntu/ros2_ws/install/modelo_robot' for CMake config files
[2.172s] Level 1:colcon.colcon_core.environment:checking '/home/looubuntu/ros2_ws/install/modelo_robot/lib'
[2.172s] Level 1:colcon.colcon_core.environment:checking '/home/looubuntu/ros2_ws/install/modelo_robot/bin'
[2.172s] Level 1:colcon.colcon_core.environment:checking '/home/looubuntu/ros2_ws/install/modelo_robot/lib/pkgconfig/modelo_robot.pc'
[2.172s] Level 1:colcon.colcon_core.environment:checking '/home/looubuntu/ros2_ws/install/modelo_robot/lib/python3.10/site-packages'
[2.172s] Level 1:colcon.colcon_core.shell:create_environment_hook('modelo_robot', 'pythonpath')
[2.172s] INFO:colcon.colcon_core.shell:Creating environment hook '/home/looubuntu/ros2_ws/install/modelo_robot/share/modelo_robot/hook/pythonpath.ps1'
[2.172s] INFO:colcon.colcon_core.shell:Creating environment descriptor '/home/looubuntu/ros2_ws/install/modelo_robot/share/modelo_robot/hook/pythonpath.dsv'
[2.173s] INFO:colcon.colcon_core.shell:Creating environment hook '/home/looubuntu/ros2_ws/install/modelo_robot/share/modelo_robot/hook/pythonpath.sh'
[2.173s] Level 1:colcon.colcon_core.environment:checking '/home/looubuntu/ros2_ws/install/modelo_robot/bin'
[2.173s] Level 1:colcon.colcon_core.environment:create_environment_scripts_only(modelo_robot)
[2.173s] INFO:colcon.colcon_core.shell:Creating package script '/home/looubuntu/ros2_ws/install/modelo_robot/share/modelo_robot/package.ps1'
[2.174s] INFO:colcon.colcon_core.shell:Creating package descriptor '/home/looubuntu/ros2_ws/install/modelo_robot/share/modelo_robot/package.dsv'
[2.174s] INFO:colcon.colcon_core.shell:Creating package script '/home/looubuntu/ros2_ws/install/modelo_robot/share/modelo_robot/package.sh'
[2.174s] INFO:colcon.colcon_core.shell:Creating package script '/home/looubuntu/ros2_ws/install/modelo_robot/share/modelo_robot/package.bash'
[2.174s] INFO:colcon.colcon_core.shell:Creating package script '/home/looubuntu/ros2_ws/install/modelo_robot/share/modelo_robot/package.zsh'
[2.175s] Level 1:colcon.colcon_core.environment:create_file_with_runtime_dependencies(/home/looubuntu/ros2_ws/install/modelo_robot/share/colcon-core/packages/modelo_robot)
[2.175s] Level 1:colcon.colcon_core.environment:checking '/home/looubuntu/ros2_ws/install/my_robot' for CMake module files
[2.176s] DEBUG:colcon.colcon_core.event_handler.log_command:Invoked command in '/home/looubuntu/ros2_ws/src/my_robot' returned '0': PYTHONPATH=/home/looubuntu/ros2_ws/build/my_robot/prefix_override:/usr/lib/python3/dist-packages/colcon_core/task/python/colcon_distutils_commands:/home/looubuntu/ros2_ws/install/my_robot/lib/python3.10/site-packages:${PYTHONPATH} /usr/bin/python3 -W ignore:setup.py install is deprecated setup.py egg_info --egg-base ../../build/my_robot build --build-base /home/looubuntu/ros2_ws/build/my_robot/build install --record /home/looubuntu/ros2_ws/build/my_robot/install.log --single-version-externally-managed install_data
[2.176s] Level 1:colcon.colcon_core.environment:checking '/home/looubuntu/ros2_ws/install/my_robot' for CMake config files
[2.177s] Level 1:colcon.colcon_core.environment:checking '/home/looubuntu/ros2_ws/install/my_robot/lib'
[2.177s] Level 1:colcon.colcon_core.environment:checking '/home/looubuntu/ros2_ws/install/my_robot/bin'
[2.177s] Level 1:colcon.colcon_core.environment:checking '/home/looubuntu/ros2_ws/install/my_robot/lib/pkgconfig/my_robot.pc'
[2.177s] Level 1:colcon.colcon_core.environment:checking '/home/looubuntu/ros2_ws/install/my_robot/lib/python3.10/site-packages'
[2.177s] Level 1:colcon.colcon_core.shell:create_environment_hook('my_robot', 'pythonpath')
[2.177s] INFO:colcon.colcon_core.shell:Creating environment hook '/home/looubuntu/ros2_ws/install/my_robot/share/my_robot/hook/pythonpath.ps1'
[2.177s] INFO:colcon.colcon_core.shell:Creating environment descriptor '/home/looubuntu/ros2_ws/install/my_robot/share/my_robot/hook/pythonpath.dsv'
[2.178s] INFO:colcon.colcon_core.shell:Creating environment hook '/home/looubuntu/ros2_ws/install/my_robot/share/my_robot/hook/pythonpath.sh'
[2.178s] Level 1:colcon.colcon_core.environment:checking '/home/looubuntu/ros2_ws/install/my_robot/bin'
[2.178s] Level 1:colcon.colcon_core.environment:create_environment_scripts_only(my_robot)
[2.178s] INFO:colcon.colcon_core.shell:Creating package script '/home/looubuntu/ros2_ws/install/my_robot/share/my_robot/package.ps1'
[2.179s] INFO:colcon.colcon_core.shell:Creating package descriptor '/home/looubuntu/ros2_ws/install/my_robot/share/my_robot/package.dsv'
[2.179s] INFO:colcon.colcon_core.shell:Creating package script '/home/looubuntu/ros2_ws/install/my_robot/share/my_robot/package.sh'
[2.179s] INFO:colcon.colcon_core.shell:Creating package script '/home/looubuntu/ros2_ws/install/my_robot/share/my_robot/package.bash'
[2.180s] INFO:colcon.colcon_core.shell:Creating package script '/home/looubuntu/ros2_ws/install/my_robot/share/my_robot/package.zsh'
[2.180s] Level 1:colcon.colcon_core.environment:create_file_with_runtime_dependencies(/home/looubuntu/ros2_ws/install/my_robot/share/colcon-core/packages/my_robot)
[2.180s] DEBUG:colcon.colcon_parallel_executor.executor.parallel:closing loop
[2.181s] DEBUG:colcon.colcon_parallel_executor.executor.parallel:loop closed
[2.181s] DEBUG:colcon.colcon_parallel_executor.executor.parallel:run_until_complete finished with '0'
[2.181s] DEBUG:colcon.colcon_core.event_reactor:joining thread
[2.188s] INFO:colcon.colcon_core.plugin_system:Skipping extension 'colcon_notification.desktop_notification.terminal_notifier': Not used on non-Darwin systems
[2.188s] INFO:colcon.colcon_core.plugin_system:Skipping extension 'colcon_notification.desktop_notification.win32': Not used on non-Windows systems
[2.188s] INFO:colcon.colcon_notification.desktop_notification:Sending desktop notification using 'notify2'
[2.200s] DEBUG:colcon.colcon_core.event_reactor:joined thread
[2.200s] INFO:colcon.colcon_core.shell:Creating prefix script '/home/looubuntu/ros2_ws/install/local_setup.ps1'
[2.201s] INFO:colcon.colcon_core.shell:Creating prefix util module '/home/looubuntu/ros2_ws/install/_local_setup_util_ps1.py'
[2.202s] INFO:colcon.colcon_core.shell:Creating prefix chain script '/home/looubuntu/ros2_ws/install/setup.ps1'
[2.203s] INFO:colcon.colcon_core.shell:Creating prefix script '/home/looubuntu/ros2_ws/install/local_setup.sh'
[2.204s] INFO:colcon.colcon_core.shell:Creating prefix util module '/home/looubuntu/ros2_ws/install/_local_setup_util_sh.py'
[2.204s] INFO:colcon.colcon_core.shell:Creating prefix chain script '/home/looubuntu/ros2_ws/install/setup.sh'
[2.205s] INFO:colcon.colcon_core.shell:Creating prefix script '/home/looubuntu/ros2_ws/install/local_setup.bash'
[2.206s] INFO:colcon.colcon_core.shell:Creating prefix chain script '/home/looubuntu/ros2_ws/install/setup.bash'
[2.207s] INFO:colcon.colcon_core.shell:Creating prefix script '/home/looubuntu/ros2_ws/install/local_setup.zsh'
[2.208s] INFO:colcon.colcon_core.shell:Creating prefix chain script '/home/looubuntu/ros2_ws/install/setup.zsh'
