[0.106s] DEBUG:colcon:Command line arguments: ['/usr/bin/colcon', 'build']
[0.106s] DEBUG:colcon:Parsed command line arguments: Namespace(log_base=None, log_level=None, verb_name='build', build_base='build', install_base='install', merge_install=False, symlink_install=False, test_result_base=None, continue_on_error=False, executor='parallel', parallel_workers=12, event_handlers=None, ignore_user_meta=False, metas=['./colcon.meta'], base_paths=['.'], packages_ignore=None, packages_ignore_regex=None, paths=None, packages_up_to=None, packages_up_to_regex=None, packages_above=None, packages_above_and_dependencies=None, packages_above_depth=None, packages_select_by_dep=None, packages_skip_by_dep=None, packages_skip_up_to=None, packages_select_build_failed=False, packages_skip_build_finished=False, packages_select_test_failures=False, packages_skip_test_passed=False, packages_select=None, packages_skip=None, packages_select_regex=None, packages_skip_regex=None, packages_start=None, packages_end=None, allow_overriding=[], cmake_args=None, cmake_target=None, cmake_target_skip_unavailable=False, cmake_clean_cache=False, cmake_clean_first=False, cmake_force_configure=False, ament_cmake_args=None, catkin_cmake_args=None, catkin_skip_building_tests=False, mixin_files=None, mixin=None, verb_parser=<colcon_mixin.mixin.mixin_argument.MixinArgumentDecorator object at 0x7fb712f32860>, verb_extension=<colcon_core.verb.build.BuildVerb object at 0x7fb713022ec0>, main=<bound method BuildVerb.main of <colcon_core.verb.build.BuildVerb object at 0x7fb713022ec0>>, mixin_verb=('build',))
[0.266s] Level 1:colcon.colcon_core.package_discovery:discover_packages(colcon_meta) check parameters
[0.266s] Level 1:colcon.colcon_core.package_discovery:discover_packages(recursive) check parameters
[0.266s] Level 1:colcon.colcon_core.package_discovery:discover_packages(ignore) check parameters
[0.266s] Level 1:colcon.colcon_core.package_discovery:discover_packages(path) check parameters
[0.267s] Level 1:colcon.colcon_core.package_discovery:discover_packages(colcon_meta) discover
[0.267s] Level 1:colcon.colcon_core.package_discovery:discover_packages(recursive) discover
[0.267s] INFO:colcon.colcon_core.package_discovery:Crawling recursively for packages in '/home/looubuntu/ros2_ws'
[0.267s] Level 1:colcon.colcon_core.package_identification:_identify(.) by extensions ['ignore', 'ignore_ament_install']
[0.267s] Level 1:colcon.colcon_core.package_identification:_identify(.) by extension 'ignore'
[0.267s] Level 1:colcon.colcon_core.package_identification:_identify(.) by extension 'ignore_ament_install'
[0.267s] Level 1:colcon.colcon_core.package_identification:_identify(.) by extensions ['colcon_pkg']
[0.267s] Level 1:colcon.colcon_core.package_identification:_identify(.) by extension 'colcon_pkg'
[0.267s] Level 1:colcon.colcon_core.package_identification:_identify(.) by extensions ['colcon_meta']
[0.267s] Level 1:colcon.colcon_core.package_identification:_identify(.) by extension 'colcon_meta'
[0.267s] Level 1:colcon.colcon_core.package_identification:_identify(.) by extensions ['ros']
[0.267s] Level 1:colcon.colcon_core.package_identification:_identify(.) by extension 'ros'
[0.280s] Level 1:colcon.colcon_core.package_identification:_identify(.) by extensions ['cmake', 'python']
[0.280s] Level 1:colcon.colcon_core.package_identification:_identify(.) by extension 'cmake'
[0.280s] Level 1:colcon.colcon_core.package_identification:_identify(.) by extension 'python'
[0.280s] Level 1:colcon.colcon_core.package_identification:_identify(.) by extensions ['python_setup_py']
[0.280s] Level 1:colcon.colcon_core.package_identification:_identify(.) by extension 'python_setup_py'
[0.280s] Level 1:colcon.colcon_core.package_identification:_identify(__pycache__) by extensions ['ignore', 'ignore_ament_install']
[0.280s] Level 1:colcon.colcon_core.package_identification:_identify(__pycache__) by extension 'ignore'
[0.280s] Level 1:colcon.colcon_core.package_identification:_identify(__pycache__) by extension 'ignore_ament_install'
[0.280s] Level 1:colcon.colcon_core.package_identification:_identify(__pycache__) by extensions ['colcon_pkg']
[0.280s] Level 1:colcon.colcon_core.package_identification:_identify(__pycache__) by extension 'colcon_pkg'
[0.280s] Level 1:colcon.colcon_core.package_identification:_identify(__pycache__) by extensions ['colcon_meta']
[0.280s] Level 1:colcon.colcon_core.package_identification:_identify(__pycache__) by extension 'colcon_meta'
[0.281s] Level 1:colcon.colcon_core.package_identification:_identify(__pycache__) by extensions ['ros']
[0.281s] Level 1:colcon.colcon_core.package_identification:_identify(__pycache__) by extension 'ros'
[0.281s] Level 1:colcon.colcon_core.package_identification:_identify(__pycache__) by extensions ['cmake', 'python']
[0.281s] Level 1:colcon.colcon_core.package_identification:_identify(__pycache__) by extension 'cmake'
[0.281s] Level 1:colcon.colcon_core.package_identification:_identify(__pycache__) by extension 'python'
[0.281s] Level 1:colcon.colcon_core.package_identification:_identify(__pycache__) by extensions ['python_setup_py']
[0.281s] Level 1:colcon.colcon_core.package_identification:_identify(__pycache__) by extension 'python_setup_py'
[0.281s] Level 1:colcon.colcon_core.package_identification:_identify(build) by extensions ['ignore', 'ignore_ament_install']
[0.281s] Level 1:colcon.colcon_core.package_identification:_identify(build) by extension 'ignore'
[0.281s] Level 1:colcon.colcon_core.package_identification:_identify(build) ignored
[0.281s] Level 1:colcon.colcon_core.package_identification:_identify(install) by extensions ['ignore', 'ignore_ament_install']
[0.281s] Level 1:colcon.colcon_core.package_identification:_identify(install) by extension 'ignore'
[0.281s] Level 1:colcon.colcon_core.package_identification:_identify(install) ignored
[0.282s] Level 1:colcon.colcon_core.package_identification:_identify(log) by extensions ['ignore', 'ignore_ament_install']
[0.282s] Level 1:colcon.colcon_core.package_identification:_identify(log) by extension 'ignore'
[0.282s] Level 1:colcon.colcon_core.package_identification:_identify(log) ignored
[0.282s] Level 1:colcon.colcon_core.package_identification:_identify(src) by extensions ['ignore', 'ignore_ament_install']
[0.282s] Level 1:colcon.colcon_core.package_identification:_identify(src) by extension 'ignore'
[0.282s] Level 1:colcon.colcon_core.package_identification:_identify(src) by extension 'ignore_ament_install'
[0.282s] Level 1:colcon.colcon_core.package_identification:_identify(src) by extensions ['colcon_pkg']
[0.282s] Level 1:colcon.colcon_core.package_identification:_identify(src) by extension 'colcon_pkg'
[0.282s] Level 1:colcon.colcon_core.package_identification:_identify(src) by extensions ['colcon_meta']
[0.282s] Level 1:colcon.colcon_core.package_identification:_identify(src) by extension 'colcon_meta'
[0.282s] Level 1:colcon.colcon_core.package_identification:_identify(src) by extensions ['ros']
[0.282s] Level 1:colcon.colcon_core.package_identification:_identify(src) by extension 'ros'
[0.282s] Level 1:colcon.colcon_core.package_identification:_identify(src) by extensions ['cmake', 'python']
[0.282s] Level 1:colcon.colcon_core.package_identification:_identify(src) by extension 'cmake'
[0.282s] Level 1:colcon.colcon_core.package_identification:_identify(src) by extension 'python'
[0.282s] Level 1:colcon.colcon_core.package_identification:_identify(src) by extensions ['python_setup_py']
[0.282s] Level 1:colcon.colcon_core.package_identification:_identify(src) by extension 'python_setup_py'
[0.282s] Level 1:colcon.colcon_core.package_identification:_identify(src/build) by extensions ['ignore', 'ignore_ament_install']
[0.283s] Level 1:colcon.colcon_core.package_identification:_identify(src/build) by extension 'ignore'
[0.283s] Level 1:colcon.colcon_core.package_identification:_identify(src/build) ignored
[0.283s] Level 1:colcon.colcon_core.package_identification:_identify(src/install) by extensions ['ignore', 'ignore_ament_install']
[0.283s] Level 1:colcon.colcon_core.package_identification:_identify(src/install) by extension 'ignore'
[0.283s] Level 1:colcon.colcon_core.package_identification:_identify(src/install) ignored
[0.283s] Level 1:colcon.colcon_core.package_identification:_identify(src/log) by extensions ['ignore', 'ignore_ament_install']
[0.283s] Level 1:colcon.colcon_core.package_identification:_identify(src/log) by extension 'ignore'
[0.283s] Level 1:colcon.colcon_core.package_identification:_identify(src/log) ignored
[0.283s] Level 1:colcon.colcon_core.package_identification:_identify(src/my_interfaces) by extensions ['ignore', 'ignore_ament_install']
[0.283s] Level 1:colcon.colcon_core.package_identification:_identify(src/my_interfaces) by extension 'ignore'
[0.283s] Level 1:colcon.colcon_core.package_identification:_identify(src/my_interfaces) by extension 'ignore_ament_install'
[0.283s] Level 1:colcon.colcon_core.package_identification:_identify(src/my_interfaces) by extensions ['colcon_pkg']
[0.283s] Level 1:colcon.colcon_core.package_identification:_identify(src/my_interfaces) by extension 'colcon_pkg'
[0.283s] Level 1:colcon.colcon_core.package_identification:_identify(src/my_interfaces) by extensions ['colcon_meta']
[0.283s] Level 1:colcon.colcon_core.package_identification:_identify(src/my_interfaces) by extension 'colcon_meta'
[0.283s] Level 1:colcon.colcon_core.package_identification:_identify(src/my_interfaces) by extensions ['ros']
[0.283s] Level 1:colcon.colcon_core.package_identification:_identify(src/my_interfaces) by extension 'ros'
[0.286s] DEBUG:colcon.colcon_core.package_identification:Package 'src/my_interfaces' with type 'ros.ament_cmake' and name 'my_interfaces'
[0.286s] Level 1:colcon.colcon_core.package_identification:_identify(src/my_pkg) by extensions ['ignore', 'ignore_ament_install']
[0.286s] Level 1:colcon.colcon_core.package_identification:_identify(src/my_pkg) by extension 'ignore'
[0.286s] Level 1:colcon.colcon_core.package_identification:_identify(src/my_pkg) by extension 'ignore_ament_install'
[0.286s] Level 1:colcon.colcon_core.package_identification:_identify(src/my_pkg) by extensions ['colcon_pkg']
[0.286s] Level 1:colcon.colcon_core.package_identification:_identify(src/my_pkg) by extension 'colcon_pkg'
[0.286s] Level 1:colcon.colcon_core.package_identification:_identify(src/my_pkg) by extensions ['colcon_meta']
[0.286s] Level 1:colcon.colcon_core.package_identification:_identify(src/my_pkg) by extension 'colcon_meta'
[0.286s] Level 1:colcon.colcon_core.package_identification:_identify(src/my_pkg) by extensions ['ros']
[0.286s] Level 1:colcon.colcon_core.package_identification:_identify(src/my_pkg) by extension 'ros'
[0.287s] DEBUG:colcon.colcon_core.package_identification:Package 'src/my_pkg' with type 'ros.ament_python' and name 'my_pkg'
[0.287s] Level 1:colcon.colcon_core.package_identification:_identify(src/my_rb) by extensions ['ignore', 'ignore_ament_install']
[0.287s] Level 1:colcon.colcon_core.package_identification:_identify(src/my_rb) by extension 'ignore'
[0.287s] Level 1:colcon.colcon_core.package_identification:_identify(src/my_rb) by extension 'ignore_ament_install'
[0.287s] Level 1:colcon.colcon_core.package_identification:_identify(src/my_rb) by extensions ['colcon_pkg']
[0.287s] Level 1:colcon.colcon_core.package_identification:_identify(src/my_rb) by extension 'colcon_pkg'
[0.287s] Level 1:colcon.colcon_core.package_identification:_identify(src/my_rb) by extensions ['colcon_meta']
[0.287s] Level 1:colcon.colcon_core.package_identification:_identify(src/my_rb) by extension 'colcon_meta'
[0.287s] Level 1:colcon.colcon_core.package_identification:_identify(src/my_rb) by extensions ['ros']
[0.287s] Level 1:colcon.colcon_core.package_identification:_identify(src/my_rb) by extension 'ros'
[0.287s] DEBUG:colcon.colcon_core.package_identification:Package 'src/my_rb' with type 'ros.ament_python' and name 'my_rb'
[0.288s] Level 1:colcon.colcon_core.package_identification:_identify(src/my_robot) by extensions ['ignore', 'ignore_ament_install']
[0.288s] Level 1:colcon.colcon_core.package_identification:_identify(src/my_robot) by extension 'ignore'
[0.288s] Level 1:colcon.colcon_core.package_identification:_identify(src/my_robot) by extension 'ignore_ament_install'
[0.288s] Level 1:colcon.colcon_core.package_identification:_identify(src/my_robot) by extensions ['colcon_pkg']
[0.288s] Level 1:colcon.colcon_core.package_identification:_identify(src/my_robot) by extension 'colcon_pkg'
[0.288s] Level 1:colcon.colcon_core.package_identification:_identify(src/my_robot) by extensions ['colcon_meta']
[0.288s] Level 1:colcon.colcon_core.package_identification:_identify(src/my_robot) by extension 'colcon_meta'
[0.288s] Level 1:colcon.colcon_core.package_identification:_identify(src/my_robot) by extensions ['ros']
[0.288s] Level 1:colcon.colcon_core.package_identification:_identify(src/my_robot) by extension 'ros'
[0.288s] DEBUG:colcon.colcon_core.package_identification:Package 'src/my_robot' with type 'ros.ament_python' and name 'my_robot'
[0.288s] Level 1:colcon.colcon_core.package_identification:_identify(src/my_robot_ver3) by extensions ['ignore', 'ignore_ament_install']
[0.288s] Level 1:colcon.colcon_core.package_identification:_identify(src/my_robot_ver3) by extension 'ignore'
[0.289s] Level 1:colcon.colcon_core.package_identification:_identify(src/my_robot_ver3) by extension 'ignore_ament_install'
[0.289s] Level 1:colcon.colcon_core.package_identification:_identify(src/my_robot_ver3) by extensions ['colcon_pkg']
[0.289s] Level 1:colcon.colcon_core.package_identification:_identify(src/my_robot_ver3) by extension 'colcon_pkg'
[0.289s] Level 1:colcon.colcon_core.package_identification:_identify(src/my_robot_ver3) by extensions ['colcon_meta']
[0.289s] Level 1:colcon.colcon_core.package_identification:_identify(src/my_robot_ver3) by extension 'colcon_meta'
[0.289s] Level 1:colcon.colcon_core.package_identification:_identify(src/my_robot_ver3) by extensions ['ros']
[0.289s] Level 1:colcon.colcon_core.package_identification:_identify(src/my_robot_ver3) by extension 'ros'
[0.289s] DEBUG:colcon.colcon_core.package_identification:Package 'src/my_robot_ver3' with type 'ros.ament_python' and name 'my_robot_ver3'
[0.289s] Level 1:colcon.colcon_core.package_discovery:discover_packages(recursive) using defaults
[0.289s] Level 1:colcon.colcon_core.package_discovery:discover_packages(ignore) discover
[0.289s] Level 1:colcon.colcon_core.package_discovery:discover_packages(ignore) using defaults
[0.289s] Level 1:colcon.colcon_core.package_discovery:discover_packages(path) discover
[0.289s] Level 1:colcon.colcon_core.package_discovery:discover_packages(path) using defaults
[0.309s] Level 1:colcon.colcon_core.package_discovery:discover_packages(prefix_path) check parameters
[0.309s] Level 1:colcon.colcon_core.package_discovery:discover_packages(prefix_path) discover
[0.310s] DEBUG:colcon.colcon_installed_package_information.package_discovery:Found 8 installed packages in /home/looubuntu/ros2_ws/install
[0.311s] DEBUG:colcon.colcon_installed_package_information.package_discovery:Found 311 installed packages in /opt/ros/humble
[0.324s] Level 1:colcon.colcon_core.package_discovery:discover_packages(prefix_path) using defaults
[0.363s] Level 5:colcon.colcon_core.verb:set package 'my_interfaces' build argument 'cmake_args' from command line to 'None'
[0.363s] Level 5:colcon.colcon_core.verb:set package 'my_interfaces' build argument 'cmake_target' from command line to 'None'
[0.363s] Level 5:colcon.colcon_core.verb:set package 'my_interfaces' build argument 'cmake_target_skip_unavailable' from command line to 'False'
[0.363s] Level 5:colcon.colcon_core.verb:set package 'my_interfaces' build argument 'cmake_clean_cache' from command line to 'False'
[0.364s] Level 5:colcon.colcon_core.verb:set package 'my_interfaces' build argument 'cmake_clean_first' from command line to 'False'
[0.364s] Level 5:colcon.colcon_core.verb:set package 'my_interfaces' build argument 'cmake_force_configure' from command line to 'False'
[0.364s] Level 5:colcon.colcon_core.verb:set package 'my_interfaces' build argument 'ament_cmake_args' from command line to 'None'
[0.364s] Level 5:colcon.colcon_core.verb:set package 'my_interfaces' build argument 'catkin_cmake_args' from command line to 'None'
[0.364s] Level 5:colcon.colcon_core.verb:set package 'my_interfaces' build argument 'catkin_skip_building_tests' from command line to 'False'
[0.364s] DEBUG:colcon.colcon_core.verb:Building package 'my_interfaces' with the following arguments: {'ament_cmake_args': None, 'build_base': '/home/looubuntu/ros2_ws/build/my_interfaces', 'catkin_cmake_args': None, 'catkin_skip_building_tests': False, 'cmake_args': None, 'cmake_clean_cache': False, 'cmake_clean_first': False, 'cmake_force_configure': False, 'cmake_target': None, 'cmake_target_skip_unavailable': False, 'install_base': '/home/looubuntu/ros2_ws/install/my_interfaces', 'merge_install': False, 'path': '/home/looubuntu/ros2_ws/src/my_interfaces', 'symlink_install': False, 'test_result_base': None}
[0.364s] Level 5:colcon.colcon_core.verb:set package 'my_pkg' build argument 'cmake_args' from command line to 'None'
[0.364s] Level 5:colcon.colcon_core.verb:set package 'my_pkg' build argument 'cmake_target' from command line to 'None'
[0.364s] Level 5:colcon.colcon_core.verb:set package 'my_pkg' build argument 'cmake_target_skip_unavailable' from command line to 'False'
[0.364s] Level 5:colcon.colcon_core.verb:set package 'my_pkg' build argument 'cmake_clean_cache' from command line to 'False'
[0.364s] Level 5:colcon.colcon_core.verb:set package 'my_pkg' build argument 'cmake_clean_first' from command line to 'False'
[0.364s] Level 5:colcon.colcon_core.verb:set package 'my_pkg' build argument 'cmake_force_configure' from command line to 'False'
[0.364s] Level 5:colcon.colcon_core.verb:set package 'my_pkg' build argument 'ament_cmake_args' from command line to 'None'
[0.364s] Level 5:colcon.colcon_core.verb:set package 'my_pkg' build argument 'catkin_cmake_args' from command line to 'None'
[0.364s] Level 5:colcon.colcon_core.verb:set package 'my_pkg' build argument 'catkin_skip_building_tests' from command line to 'False'
[0.364s] DEBUG:colcon.colcon_core.verb:Building package 'my_pkg' with the following arguments: {'ament_cmake_args': None, 'build_base': '/home/looubuntu/ros2_ws/build/my_pkg', 'catkin_cmake_args': None, 'catkin_skip_building_tests': False, 'cmake_args': None, 'cmake_clean_cache': False, 'cmake_clean_first': False, 'cmake_force_configure': False, 'cmake_target': None, 'cmake_target_skip_unavailable': False, 'install_base': '/home/looubuntu/ros2_ws/install/my_pkg', 'merge_install': False, 'path': '/home/looubuntu/ros2_ws/src/my_pkg', 'symlink_install': False, 'test_result_base': None}
[0.365s] Level 5:colcon.colcon_core.verb:set package 'my_rb' build argument 'cmake_args' from command line to 'None'
[0.365s] Level 5:colcon.colcon_core.verb:set package 'my_rb' build argument 'cmake_target' from command line to 'None'
[0.365s] Level 5:colcon.colcon_core.verb:set package 'my_rb' build argument 'cmake_target_skip_unavailable' from command line to 'False'
[0.365s] Level 5:colcon.colcon_core.verb:set package 'my_rb' build argument 'cmake_clean_cache' from command line to 'False'
[0.365s] Level 5:colcon.colcon_core.verb:set package 'my_rb' build argument 'cmake_clean_first' from command line to 'False'
[0.365s] Level 5:colcon.colcon_core.verb:set package 'my_rb' build argument 'cmake_force_configure' from command line to 'False'
[0.365s] Level 5:colcon.colcon_core.verb:set package 'my_rb' build argument 'ament_cmake_args' from command line to 'None'
[0.365s] Level 5:colcon.colcon_core.verb:set package 'my_rb' build argument 'catkin_cmake_args' from command line to 'None'
[0.365s] Level 5:colcon.colcon_core.verb:set package 'my_rb' build argument 'catkin_skip_building_tests' from command line to 'False'
[0.365s] DEBUG:colcon.colcon_core.verb:Building package 'my_rb' with the following arguments: {'ament_cmake_args': None, 'build_base': '/home/looubuntu/ros2_ws/build/my_rb', 'catkin_cmake_args': None, 'catkin_skip_building_tests': False, 'cmake_args': None, 'cmake_clean_cache': False, 'cmake_clean_first': False, 'cmake_force_configure': False, 'cmake_target': None, 'cmake_target_skip_unavailable': False, 'install_base': '/home/looubuntu/ros2_ws/install/my_rb', 'merge_install': False, 'path': '/home/looubuntu/ros2_ws/src/my_rb', 'symlink_install': False, 'test_result_base': None}
[0.365s] Level 5:colcon.colcon_core.verb:set package 'my_robot' build argument 'cmake_args' from command line to 'None'
[0.365s] Level 5:colcon.colcon_core.verb:set package 'my_robot' build argument 'cmake_target' from command line to 'None'
[0.365s] Level 5:colcon.colcon_core.verb:set package 'my_robot' build argument 'cmake_target_skip_unavailable' from command line to 'False'
[0.365s] Level 5:colcon.colcon_core.verb:set package 'my_robot' build argument 'cmake_clean_cache' from command line to 'False'
[0.365s] Level 5:colcon.colcon_core.verb:set package 'my_robot' build argument 'cmake_clean_first' from command line to 'False'
[0.365s] Level 5:colcon.colcon_core.verb:set package 'my_robot' build argument 'cmake_force_configure' from command line to 'False'
[0.365s] Level 5:colcon.colcon_core.verb:set package 'my_robot' build argument 'ament_cmake_args' from command line to 'None'
[0.365s] Level 5:colcon.colcon_core.verb:set package 'my_robot' build argument 'catkin_cmake_args' from command line to 'None'
[0.365s] Level 5:colcon.colcon_core.verb:set package 'my_robot' build argument 'catkin_skip_building_tests' from command line to 'False'
[0.365s] DEBUG:colcon.colcon_core.verb:Building package 'my_robot' with the following arguments: {'ament_cmake_args': None, 'build_base': '/home/looubuntu/ros2_ws/build/my_robot', 'catkin_cmake_args': None, 'catkin_skip_building_tests': False, 'cmake_args': None, 'cmake_clean_cache': False, 'cmake_clean_first': False, 'cmake_force_configure': False, 'cmake_target': None, 'cmake_target_skip_unavailable': False, 'install_base': '/home/looubuntu/ros2_ws/install/my_robot', 'merge_install': False, 'path': '/home/looubuntu/ros2_ws/src/my_robot', 'symlink_install': False, 'test_result_base': None}
[0.366s] Level 5:colcon.colcon_core.verb:set package 'my_robot_ver3' build argument 'cmake_args' from command line to 'None'
[0.366s] Level 5:colcon.colcon_core.verb:set package 'my_robot_ver3' build argument 'cmake_target' from command line to 'None'
[0.366s] Level 5:colcon.colcon_core.verb:set package 'my_robot_ver3' build argument 'cmake_target_skip_unavailable' from command line to 'False'
[0.366s] Level 5:colcon.colcon_core.verb:set package 'my_robot_ver3' build argument 'cmake_clean_cache' from command line to 'False'
[0.366s] Level 5:colcon.colcon_core.verb:set package 'my_robot_ver3' build argument 'cmake_clean_first' from command line to 'False'
[0.366s] Level 5:colcon.colcon_core.verb:set package 'my_robot_ver3' build argument 'cmake_force_configure' from command line to 'False'
[0.366s] Level 5:colcon.colcon_core.verb:set package 'my_robot_ver3' build argument 'ament_cmake_args' from command line to 'None'
[0.366s] Level 5:colcon.colcon_core.verb:set package 'my_robot_ver3' build argument 'catkin_cmake_args' from command line to 'None'
[0.366s] Level 5:colcon.colcon_core.verb:set package 'my_robot_ver3' build argument 'catkin_skip_building_tests' from command line to 'False'
[0.366s] DEBUG:colcon.colcon_core.verb:Building package 'my_robot_ver3' with the following arguments: {'ament_cmake_args': None, 'build_base': '/home/looubuntu/ros2_ws/build/my_robot_ver3', 'catkin_cmake_args': None, 'catkin_skip_building_tests': False, 'cmake_args': None, 'cmake_clean_cache': False, 'cmake_clean_first': False, 'cmake_force_configure': False, 'cmake_target': None, 'cmake_target_skip_unavailable': False, 'install_base': '/home/looubuntu/ros2_ws/install/my_robot_ver3', 'merge_install': False, 'path': '/home/looubuntu/ros2_ws/src/my_robot_ver3', 'symlink_install': False, 'test_result_base': None}
[0.366s] INFO:colcon.colcon_core.executor:Executing jobs using 'parallel' executor
[0.367s] DEBUG:colcon.colcon_parallel_executor.executor.parallel:run_until_complete
[0.367s] INFO:colcon.colcon_ros.task.ament_cmake.build:Building ROS package in '/home/looubuntu/ros2_ws/src/my_interfaces' with build type 'ament_cmake'
[0.367s] INFO:colcon.colcon_cmake.task.cmake.build:Building CMake package in '/home/looubuntu/ros2_ws/src/my_interfaces'
[0.369s] INFO:colcon.colcon_core.plugin_system:Skipping extension 'colcon_core.shell.bat': Not used on non-Windows systems
[0.369s] INFO:colcon.colcon_core.shell:Skip shell extension 'powershell' for command environment: Not usable outside of PowerShell
[0.369s] DEBUG:colcon.colcon_core.shell:Skip shell extension 'dsv' for command environment
[0.372s] INFO:colcon.colcon_ros.task.ament_python.build:Building ROS package in '/home/looubuntu/ros2_ws/src/my_pkg' with build type 'ament_python'
[0.372s] Level 1:colcon.colcon_core.shell:create_environment_hook('my_pkg', 'ament_prefix_path')
[0.373s] INFO:colcon.colcon_core.shell:Creating environment hook '/home/looubuntu/ros2_ws/install/my_pkg/share/my_pkg/hook/ament_prefix_path.ps1'
[0.373s] INFO:colcon.colcon_core.shell:Creating environment descriptor '/home/looubuntu/ros2_ws/install/my_pkg/share/my_pkg/hook/ament_prefix_path.dsv'
[0.374s] INFO:colcon.colcon_core.shell:Creating environment hook '/home/looubuntu/ros2_ws/install/my_pkg/share/my_pkg/hook/ament_prefix_path.sh'
[0.374s] INFO:colcon.colcon_core.shell:Skip shell extension 'powershell' for command environment: Not usable outside of PowerShell
[0.374s] DEBUG:colcon.colcon_core.shell:Skip shell extension 'dsv' for command environment
[0.377s] INFO:colcon.colcon_ros.task.ament_python.build:Building ROS package in '/home/looubuntu/ros2_ws/src/my_rb' with build type 'ament_python'
[0.378s] Level 1:colcon.colcon_core.shell:create_environment_hook('my_rb', 'ament_prefix_path')
[0.378s] INFO:colcon.colcon_core.shell:Creating environment hook '/home/looubuntu/ros2_ws/install/my_rb/share/my_rb/hook/ament_prefix_path.ps1'
[0.379s] INFO:colcon.colcon_core.shell:Creating environment descriptor '/home/looubuntu/ros2_ws/install/my_rb/share/my_rb/hook/ament_prefix_path.dsv'
[0.380s] INFO:colcon.colcon_core.shell:Creating environment hook '/home/looubuntu/ros2_ws/install/my_rb/share/my_rb/hook/ament_prefix_path.sh'
[0.380s] INFO:colcon.colcon_core.shell:Skip shell extension 'powershell' for command environment: Not usable outside of PowerShell
[0.380s] DEBUG:colcon.colcon_core.shell:Skip shell extension 'dsv' for command environment
[0.383s] INFO:colcon.colcon_ros.task.ament_python.build:Building ROS package in '/home/looubuntu/ros2_ws/src/my_robot' with build type 'ament_python'
[0.384s] Level 1:colcon.colcon_core.shell:create_environment_hook('my_robot', 'ament_prefix_path')
[0.384s] INFO:colcon.colcon_core.shell:Creating environment hook '/home/looubuntu/ros2_ws/install/my_robot/share/my_robot/hook/ament_prefix_path.ps1'
[0.385s] INFO:colcon.colcon_core.shell:Creating environment descriptor '/home/looubuntu/ros2_ws/install/my_robot/share/my_robot/hook/ament_prefix_path.dsv'
[0.385s] INFO:colcon.colcon_core.shell:Creating environment hook '/home/looubuntu/ros2_ws/install/my_robot/share/my_robot/hook/ament_prefix_path.sh'
[0.385s] INFO:colcon.colcon_core.shell:Skip shell extension 'powershell' for command environment: Not usable outside of PowerShell
[0.385s] DEBUG:colcon.colcon_core.shell:Skip shell extension 'dsv' for command environment
[0.388s] INFO:colcon.colcon_ros.task.ament_python.build:Building ROS package in '/home/looubuntu/ros2_ws/src/my_robot_ver3' with build type 'ament_python'
[0.388s] Level 1:colcon.colcon_core.shell:create_environment_hook('my_robot_ver3', 'ament_prefix_path')
[0.388s] INFO:colcon.colcon_core.shell:Creating environment hook '/home/looubuntu/ros2_ws/install/my_robot_ver3/share/my_robot_ver3/hook/ament_prefix_path.ps1'
[0.389s] INFO:colcon.colcon_core.shell:Creating environment descriptor '/home/looubuntu/ros2_ws/install/my_robot_ver3/share/my_robot_ver3/hook/ament_prefix_path.dsv'
[0.389s] INFO:colcon.colcon_core.shell:Creating environment hook '/home/looubuntu/ros2_ws/install/my_robot_ver3/share/my_robot_ver3/hook/ament_prefix_path.sh'
[0.390s] INFO:colcon.colcon_core.shell:Skip shell extension 'powershell' for command environment: Not usable outside of PowerShell
[0.390s] DEBUG:colcon.colcon_core.shell:Skip shell extension 'dsv' for command environment
[0.400s] DEBUG:colcon.colcon_core.event_handler.log_command:Invoking command in '/home/looubuntu/ros2_ws/build/my_interfaces': CMAKE_PREFIX_PATH=${CMAKE_PREFIX_PATH}:/opt/ros/humble:/home/looubuntu/ros2_ws/install/my_team_robot:/home/looubuntu/ros2_ws/install/my_robot_ver3:/home/looubuntu/ros2_ws/install/my_robot:/home/looubuntu/ros2_ws/install/my_rb:/home/looubuntu/ros2_ws/install/my_pkg:/home/looubuntu/ros2_ws/install/modelo_robot /usr/bin/cmake --build /home/looubuntu/ros2_ws/build/my_interfaces -- -j12 -l12
[0.695s] INFO:colcon.colcon_core.task.python.build:Building Python package in '/home/looubuntu/ros2_ws/src/my_pkg'
[0.696s] INFO:colcon.colcon_core.shell:Skip shell extension 'powershell' for command environment: Not usable outside of PowerShell
[0.696s] DEBUG:colcon.colcon_core.shell:Skip shell extension 'dsv' for command environment
[1.045s] INFO:colcon.colcon_core.task.python.build:Building Python package in '/home/looubuntu/ros2_ws/src/my_rb'
[1.046s] INFO:colcon.colcon_core.shell:Skip shell extension 'powershell' for command environment: Not usable outside of PowerShell
[1.046s] DEBUG:colcon.colcon_core.shell:Skip shell extension 'dsv' for command environment
[1.321s] INFO:colcon.colcon_core.task.python.build:Building Python package in '/home/looubuntu/ros2_ws/src/my_robot'
[1.321s] INFO:colcon.colcon_core.shell:Skip shell extension 'powershell' for command environment: Not usable outside of PowerShell
[1.321s] DEBUG:colcon.colcon_core.shell:Skip shell extension 'dsv' for command environment
[1.589s] INFO:colcon.colcon_core.task.python.build:Building Python package in '/home/looubuntu/ros2_ws/src/my_robot_ver3'
[1.589s] INFO:colcon.colcon_core.shell:Skip shell extension 'powershell' for command environment: Not usable outside of PowerShell
[1.589s] DEBUG:colcon.colcon_core.shell:Skip shell extension 'dsv' for command environment
[1.593s] DEBUG:colcon.colcon_core.event_handler.log_command:Invoked command in '/home/looubuntu/ros2_ws/build/my_interfaces' returned '0': CMAKE_PREFIX_PATH=${CMAKE_PREFIX_PATH}:/opt/ros/humble:/home/looubuntu/ros2_ws/install/my_team_robot:/home/looubuntu/ros2_ws/install/my_robot_ver3:/home/looubuntu/ros2_ws/install/my_robot:/home/looubuntu/ros2_ws/install/my_rb:/home/looubuntu/ros2_ws/install/my_pkg:/home/looubuntu/ros2_ws/install/modelo_robot /usr/bin/cmake --build /home/looubuntu/ros2_ws/build/my_interfaces -- -j12 -l12
[1.669s] DEBUG:colcon.colcon_core.event_handler.log_command:Invoking command in '/home/looubuntu/ros2_ws/build/my_interfaces': CMAKE_PREFIX_PATH=${CMAKE_PREFIX_PATH}:/opt/ros/humble:/home/looubuntu/ros2_ws/install/my_team_robot:/home/looubuntu/ros2_ws/install/my_robot_ver3:/home/looubuntu/ros2_ws/install/my_robot:/home/looubuntu/ros2_ws/install/my_rb:/home/looubuntu/ros2_ws/install/my_pkg:/home/looubuntu/ros2_ws/install/modelo_robot /usr/bin/cmake --install /home/looubuntu/ros2_ws/build/my_interfaces
[1.729s] Level 1:colcon.colcon_core.environment:create_environment_scripts_only(my_interfaces)
[1.730s] DEBUG:colcon.colcon_core.event_handler.log_command:Invoked command in '/home/looubuntu/ros2_ws/build/my_interfaces' returned '0': CMAKE_PREFIX_PATH=${CMAKE_PREFIX_PATH}:/opt/ros/humble:/home/looubuntu/ros2_ws/install/my_team_robot:/home/looubuntu/ros2_ws/install/my_robot_ver3:/home/looubuntu/ros2_ws/install/my_robot:/home/looubuntu/ros2_ws/install/my_rb:/home/looubuntu/ros2_ws/install/my_pkg:/home/looubuntu/ros2_ws/install/modelo_robot /usr/bin/cmake --install /home/looubuntu/ros2_ws/build/my_interfaces
[1.734s] Level 1:colcon.colcon_core.environment:checking '/home/looubuntu/ros2_ws/install/my_interfaces' for CMake module files
[1.735s] Level 1:colcon.colcon_core.environment:checking '/home/looubuntu/ros2_ws/install/my_interfaces' for CMake config files
[1.735s] Level 1:colcon.colcon_core.shell:create_environment_hook('my_interfaces', 'cmake_prefix_path')
[1.735s] INFO:colcon.colcon_core.shell:Creating environment hook '/home/looubuntu/ros2_ws/install/my_interfaces/share/my_interfaces/hook/cmake_prefix_path.ps1'
[1.736s] INFO:colcon.colcon_core.shell:Creating environment descriptor '/home/looubuntu/ros2_ws/install/my_interfaces/share/my_interfaces/hook/cmake_prefix_path.dsv'
[1.736s] INFO:colcon.colcon_core.shell:Creating environment hook '/home/looubuntu/ros2_ws/install/my_interfaces/share/my_interfaces/hook/cmake_prefix_path.sh'
[1.738s] Level 1:colcon.colcon_core.environment:checking '/home/looubuntu/ros2_ws/install/my_interfaces/lib'
[1.738s] Level 1:colcon.colcon_core.shell:create_environment_hook('my_interfaces', 'ld_library_path_lib')
[1.738s] INFO:colcon.colcon_core.shell:Creating environment hook '/home/looubuntu/ros2_ws/install/my_interfaces/share/my_interfaces/hook/ld_library_path_lib.ps1'
[1.739s] INFO:colcon.colcon_core.shell:Creating environment descriptor '/home/looubuntu/ros2_ws/install/my_interfaces/share/my_interfaces/hook/ld_library_path_lib.dsv'
[1.739s] INFO:colcon.colcon_core.shell:Creating environment hook '/home/looubuntu/ros2_ws/install/my_interfaces/share/my_interfaces/hook/ld_library_path_lib.sh'
[1.740s] Level 1:colcon.colcon_core.environment:checking '/home/looubuntu/ros2_ws/install/my_interfaces/bin'
[1.740s] Level 1:colcon.colcon_core.environment:checking '/home/looubuntu/ros2_ws/install/my_interfaces/lib/pkgconfig/my_interfaces.pc'
[1.740s] Level 1:colcon.colcon_core.environment:checking '/home/looubuntu/ros2_ws/install/my_interfaces/lib/python3.10/site-packages'
[1.741s] Level 1:colcon.colcon_core.environment:checking '/home/looubuntu/ros2_ws/install/my_interfaces/bin'
[1.741s] INFO:colcon.colcon_core.shell:Creating package script '/home/looubuntu/ros2_ws/install/my_interfaces/share/my_interfaces/package.ps1'
[1.743s] INFO:colcon.colcon_core.shell:Creating package descriptor '/home/looubuntu/ros2_ws/install/my_interfaces/share/my_interfaces/package.dsv'
[1.743s] INFO:colcon.colcon_core.shell:Creating package script '/home/looubuntu/ros2_ws/install/my_interfaces/share/my_interfaces/package.sh'
[1.745s] INFO:colcon.colcon_core.shell:Creating package script '/home/looubuntu/ros2_ws/install/my_interfaces/share/my_interfaces/package.bash'
[1.746s] INFO:colcon.colcon_core.shell:Creating package script '/home/looubuntu/ros2_ws/install/my_interfaces/share/my_interfaces/package.zsh'
[1.747s] Level 1:colcon.colcon_core.environment:create_file_with_runtime_dependencies(/home/looubuntu/ros2_ws/install/my_interfaces/share/colcon-core/packages/my_interfaces)
[1.817s] Level 1:colcon.colcon_core.environment:create_environment_scripts_only(my_interfaces)
[1.817s] Level 1:colcon.colcon_core.environment:checking '/home/looubuntu/ros2_ws/install/my_interfaces' for CMake module files
[1.818s] Level 1:colcon.colcon_core.environment:checking '/home/looubuntu/ros2_ws/install/my_interfaces' for CMake config files
[1.818s] Level 1:colcon.colcon_core.shell:create_environment_hook('my_interfaces', 'cmake_prefix_path')
[1.818s] INFO:colcon.colcon_core.shell:Creating environment hook '/home/looubuntu/ros2_ws/install/my_interfaces/share/my_interfaces/hook/cmake_prefix_path.ps1'
[1.819s] INFO:colcon.colcon_core.shell:Creating environment descriptor '/home/looubuntu/ros2_ws/install/my_interfaces/share/my_interfaces/hook/cmake_prefix_path.dsv'
[1.819s] INFO:colcon.colcon_core.shell:Creating environment hook '/home/looubuntu/ros2_ws/install/my_interfaces/share/my_interfaces/hook/cmake_prefix_path.sh'
[1.819s] Level 1:colcon.colcon_core.environment:checking '/home/looubuntu/ros2_ws/install/my_interfaces/lib'
[1.820s] Level 1:colcon.colcon_core.shell:create_environment_hook('my_interfaces', 'ld_library_path_lib')
[1.820s] INFO:colcon.colcon_core.shell:Creating environment hook '/home/looubuntu/ros2_ws/install/my_interfaces/share/my_interfaces/hook/ld_library_path_lib.ps1'
[1.820s] INFO:colcon.colcon_core.shell:Creating environment descriptor '/home/looubuntu/ros2_ws/install/my_interfaces/share/my_interfaces/hook/ld_library_path_lib.dsv'
[1.820s] INFO:colcon.colcon_core.shell:Creating environment hook '/home/looubuntu/ros2_ws/install/my_interfaces/share/my_interfaces/hook/ld_library_path_lib.sh'
[1.821s] Level 1:colcon.colcon_core.environment:checking '/home/looubuntu/ros2_ws/install/my_interfaces/bin'
[1.821s] Level 1:colcon.colcon_core.environment:checking '/home/looubuntu/ros2_ws/install/my_interfaces/lib/pkgconfig/my_interfaces.pc'
[1.821s] Level 1:colcon.colcon_core.environment:checking '/home/looubuntu/ros2_ws/install/my_interfaces/lib/python3.10/site-packages'
[1.821s] Level 1:colcon.colcon_core.environment:checking '/home/looubuntu/ros2_ws/install/my_interfaces/bin'
[1.821s] INFO:colcon.colcon_core.shell:Creating package script '/home/looubuntu/ros2_ws/install/my_interfaces/share/my_interfaces/package.ps1'
[1.822s] INFO:colcon.colcon_core.shell:Creating package descriptor '/home/looubuntu/ros2_ws/install/my_interfaces/share/my_interfaces/package.dsv'
[1.822s] INFO:colcon.colcon_core.shell:Creating package script '/home/looubuntu/ros2_ws/install/my_interfaces/share/my_interfaces/package.sh'
[1.823s] INFO:colcon.colcon_core.shell:Creating package script '/home/looubuntu/ros2_ws/install/my_interfaces/share/my_interfaces/package.bash'
[1.823s] INFO:colcon.colcon_core.shell:Creating package script '/home/looubuntu/ros2_ws/install/my_interfaces/share/my_interfaces/package.zsh'
[1.823s] Level 1:colcon.colcon_core.environment:create_file_with_runtime_dependencies(/home/looubuntu/ros2_ws/install/my_interfaces/share/colcon-core/packages/my_interfaces)
[2.039s] DEBUG:colcon.colcon_core.event_handler.log_command:Invoking command in '/home/looubuntu/ros2_ws/src/my_rb': PYTHONPATH=/home/looubuntu/ros2_ws/build/my_rb/prefix_override:/usr/lib/python3/dist-packages/colcon_core/task/python/colcon_distutils_commands:/home/looubuntu/ros2_ws/install/my_rb/lib/python3.10/site-packages:${PYTHONPATH} /usr/bin/python3 -W ignore:setup.py install is deprecated setup.py egg_info --egg-base ../../build/my_rb build --build-base /home/looubuntu/ros2_ws/build/my_rb/build install --record /home/looubuntu/ros2_ws/build/my_rb/install.log --single-version-externally-managed install_data
[2.048s] DEBUG:colcon.colcon_core.event_handler.log_command:Invoking command in '/home/looubuntu/ros2_ws/src/my_robot_ver3': PYTHONPATH=/home/looubuntu/ros2_ws/build/my_robot_ver3/prefix_override:/usr/lib/python3/dist-packages/colcon_core/task/python/colcon_distutils_commands:/home/looubuntu/ros2_ws/install/my_robot_ver3/lib/python3.10/site-packages:${PYTHONPATH} /usr/bin/python3 -W ignore:setup.py install is deprecated setup.py egg_info --egg-base ../../build/my_robot_ver3 build --build-base /home/looubuntu/ros2_ws/build/my_robot_ver3/build install --record /home/looubuntu/ros2_ws/build/my_robot_ver3/install.log --single-version-externally-managed install_data
[2.049s] DEBUG:colcon.colcon_core.event_handler.log_command:Invoking command in '/home/looubuntu/ros2_ws/src/my_pkg': PYTHONPATH=/home/looubuntu/ros2_ws/build/my_pkg/prefix_override:/usr/lib/python3/dist-packages/colcon_core/task/python/colcon_distutils_commands:/home/looubuntu/ros2_ws/install/my_pkg/lib/python3.10/site-packages:${PYTHONPATH} /usr/bin/python3 -W ignore:setup.py install is deprecated setup.py egg_info --egg-base ../../build/my_pkg build --build-base /home/looubuntu/ros2_ws/build/my_pkg/build install --record /home/looubuntu/ros2_ws/build/my_pkg/install.log --single-version-externally-managed install_data
[2.064s] DEBUG:colcon.colcon_core.event_handler.log_command:Invoking command in '/home/looubuntu/ros2_ws/src/my_robot': PYTHONPATH=/home/looubuntu/ros2_ws/build/my_robot/prefix_override:/usr/lib/python3/dist-packages/colcon_core/task/python/colcon_distutils_commands:/home/looubuntu/ros2_ws/install/my_robot/lib/python3.10/site-packages:${PYTHONPATH} /usr/bin/python3 -W ignore:setup.py install is deprecated setup.py egg_info --egg-base ../../build/my_robot build --build-base /home/looubuntu/ros2_ws/build/my_robot/build install --record /home/looubuntu/ros2_ws/build/my_robot/install.log --single-version-externally-managed install_data
[2.397s] Level 1:colcon.colcon_core.environment:checking '/home/looubuntu/ros2_ws/install/my_rb' for CMake module files
[2.397s] DEBUG:colcon.colcon_core.event_handler.log_command:Invoked command in '/home/looubuntu/ros2_ws/src/my_rb' returned '0': PYTHONPATH=/home/looubuntu/ros2_ws/build/my_rb/prefix_override:/usr/lib/python3/dist-packages/colcon_core/task/python/colcon_distutils_commands:/home/looubuntu/ros2_ws/install/my_rb/lib/python3.10/site-packages:${PYTHONPATH} /usr/bin/python3 -W ignore:setup.py install is deprecated setup.py egg_info --egg-base ../../build/my_rb build --build-base /home/looubuntu/ros2_ws/build/my_rb/build install --record /home/looubuntu/ros2_ws/build/my_rb/install.log --single-version-externally-managed install_data
[2.398s] Level 1:colcon.colcon_core.environment:checking '/home/looubuntu/ros2_ws/install/my_rb' for CMake config files
[2.398s] Level 1:colcon.colcon_core.environment:checking '/home/looubuntu/ros2_ws/install/my_rb/lib'
[2.399s] Level 1:colcon.colcon_core.environment:checking '/home/looubuntu/ros2_ws/install/my_rb/bin'
[2.399s] Level 1:colcon.colcon_core.environment:checking '/home/looubuntu/ros2_ws/install/my_rb/lib/pkgconfig/my_rb.pc'
[2.399s] Level 1:colcon.colcon_core.environment:checking '/home/looubuntu/ros2_ws/install/my_rb/lib/python3.10/site-packages'
[2.399s] Level 1:colcon.colcon_core.shell:create_environment_hook('my_rb', 'pythonpath')
[2.400s] INFO:colcon.colcon_core.shell:Creating environment hook '/home/looubuntu/ros2_ws/install/my_rb/share/my_rb/hook/pythonpath.ps1'
[2.400s] INFO:colcon.colcon_core.shell:Creating environment descriptor '/home/looubuntu/ros2_ws/install/my_rb/share/my_rb/hook/pythonpath.dsv'
[2.401s] INFO:colcon.colcon_core.shell:Creating environment hook '/home/looubuntu/ros2_ws/install/my_rb/share/my_rb/hook/pythonpath.sh'
[2.401s] Level 1:colcon.colcon_core.environment:checking '/home/looubuntu/ros2_ws/install/my_rb/bin'
[2.401s] Level 1:colcon.colcon_core.environment:create_environment_scripts_only(my_rb)
[2.402s] INFO:colcon.colcon_core.shell:Creating package script '/home/looubuntu/ros2_ws/install/my_rb/share/my_rb/package.ps1'
[2.402s] INFO:colcon.colcon_core.shell:Creating package descriptor '/home/looubuntu/ros2_ws/install/my_rb/share/my_rb/package.dsv'
[2.403s] INFO:colcon.colcon_core.shell:Creating package script '/home/looubuntu/ros2_ws/install/my_rb/share/my_rb/package.sh'
[2.403s] INFO:colcon.colcon_core.shell:Creating package script '/home/looubuntu/ros2_ws/install/my_rb/share/my_rb/package.bash'
[2.403s] INFO:colcon.colcon_core.shell:Creating package script '/home/looubuntu/ros2_ws/install/my_rb/share/my_rb/package.zsh'
[2.404s] Level 1:colcon.colcon_core.environment:create_file_with_runtime_dependencies(/home/looubuntu/ros2_ws/install/my_rb/share/colcon-core/packages/my_rb)
[2.417s] Level 1:colcon.colcon_core.environment:checking '/home/looubuntu/ros2_ws/install/my_pkg' for CMake module files
[2.418s] DEBUG:colcon.colcon_core.event_handler.log_command:Invoked command in '/home/looubuntu/ros2_ws/src/my_pkg' returned '0': PYTHONPATH=/home/looubuntu/ros2_ws/build/my_pkg/prefix_override:/usr/lib/python3/dist-packages/colcon_core/task/python/colcon_distutils_commands:/home/looubuntu/ros2_ws/install/my_pkg/lib/python3.10/site-packages:${PYTHONPATH} /usr/bin/python3 -W ignore:setup.py install is deprecated setup.py egg_info --egg-base ../../build/my_pkg build --build-base /home/looubuntu/ros2_ws/build/my_pkg/build install --record /home/looubuntu/ros2_ws/build/my_pkg/install.log --single-version-externally-managed install_data
[2.418s] Level 1:colcon.colcon_core.environment:checking '/home/looubuntu/ros2_ws/install/my_pkg' for CMake config files
[2.419s] Level 1:colcon.colcon_core.environment:checking '/home/looubuntu/ros2_ws/install/my_pkg/lib'
[2.419s] Level 1:colcon.colcon_core.environment:checking '/home/looubuntu/ros2_ws/install/my_pkg/bin'
[2.419s] Level 1:colcon.colcon_core.environment:checking '/home/looubuntu/ros2_ws/install/my_pkg/lib/pkgconfig/my_pkg.pc'
[2.420s] Level 1:colcon.colcon_core.environment:checking '/home/looubuntu/ros2_ws/install/my_pkg/lib/python3.10/site-packages'
[2.420s] Level 1:colcon.colcon_core.shell:create_environment_hook('my_pkg', 'pythonpath')
[2.420s] INFO:colcon.colcon_core.shell:Creating environment hook '/home/looubuntu/ros2_ws/install/my_pkg/share/my_pkg/hook/pythonpath.ps1'
[2.421s] INFO:colcon.colcon_core.shell:Creating environment descriptor '/home/looubuntu/ros2_ws/install/my_pkg/share/my_pkg/hook/pythonpath.dsv'
[2.421s] INFO:colcon.colcon_core.shell:Creating environment hook '/home/looubuntu/ros2_ws/install/my_pkg/share/my_pkg/hook/pythonpath.sh'
[2.422s] Level 1:colcon.colcon_core.environment:checking '/home/looubuntu/ros2_ws/install/my_pkg/bin'
[2.422s] Level 1:colcon.colcon_core.environment:create_environment_scripts_only(my_pkg)
[2.422s] INFO:colcon.colcon_core.shell:Creating package script '/home/looubuntu/ros2_ws/install/my_pkg/share/my_pkg/package.ps1'
[2.423s] INFO:colcon.colcon_core.shell:Creating package descriptor '/home/looubuntu/ros2_ws/install/my_pkg/share/my_pkg/package.dsv'
[2.423s] INFO:colcon.colcon_core.shell:Creating package script '/home/looubuntu/ros2_ws/install/my_pkg/share/my_pkg/package.sh'
[2.423s] INFO:colcon.colcon_core.shell:Creating package script '/home/looubuntu/ros2_ws/install/my_pkg/share/my_pkg/package.bash'
[2.424s] INFO:colcon.colcon_core.shell:Creating package script '/home/looubuntu/ros2_ws/install/my_pkg/share/my_pkg/package.zsh'
[2.424s] Level 1:colcon.colcon_core.environment:create_file_with_runtime_dependencies(/home/looubuntu/ros2_ws/install/my_pkg/share/colcon-core/packages/my_pkg)
[2.429s] Level 1:colcon.colcon_core.environment:checking '/home/looubuntu/ros2_ws/install/my_robot_ver3' for CMake module files
[2.430s] DEBUG:colcon.colcon_core.event_handler.log_command:Invoked command in '/home/looubuntu/ros2_ws/src/my_robot_ver3' returned '0': PYTHONPATH=/home/looubuntu/ros2_ws/build/my_robot_ver3/prefix_override:/usr/lib/python3/dist-packages/colcon_core/task/python/colcon_distutils_commands:/home/looubuntu/ros2_ws/install/my_robot_ver3/lib/python3.10/site-packages:${PYTHONPATH} /usr/bin/python3 -W ignore:setup.py install is deprecated setup.py egg_info --egg-base ../../build/my_robot_ver3 build --build-base /home/looubuntu/ros2_ws/build/my_robot_ver3/build install --record /home/looubuntu/ros2_ws/build/my_robot_ver3/install.log --single-version-externally-managed install_data
[2.430s] Level 1:colcon.colcon_core.environment:checking '/home/looubuntu/ros2_ws/install/my_robot_ver3' for CMake config files
[2.431s] Level 1:colcon.colcon_core.environment:checking '/home/looubuntu/ros2_ws/install/my_robot_ver3/lib'
[2.431s] Level 1:colcon.colcon_core.environment:checking '/home/looubuntu/ros2_ws/install/my_robot_ver3/bin'
[2.431s] Level 1:colcon.colcon_core.environment:checking '/home/looubuntu/ros2_ws/install/my_robot_ver3/lib/pkgconfig/my_robot_ver3.pc'
[2.431s] Level 1:colcon.colcon_core.environment:checking '/home/looubuntu/ros2_ws/install/my_robot_ver3/lib/python3.10/site-packages'
[2.431s] Level 1:colcon.colcon_core.shell:create_environment_hook('my_robot_ver3', 'pythonpath')
[2.432s] INFO:colcon.colcon_core.shell:Creating environment hook '/home/looubuntu/ros2_ws/install/my_robot_ver3/share/my_robot_ver3/hook/pythonpath.ps1'
[2.432s] INFO:colcon.colcon_core.shell:Creating environment descriptor '/home/looubuntu/ros2_ws/install/my_robot_ver3/share/my_robot_ver3/hook/pythonpath.dsv'
[2.432s] INFO:colcon.colcon_core.shell:Creating environment hook '/home/looubuntu/ros2_ws/install/my_robot_ver3/share/my_robot_ver3/hook/pythonpath.sh'
[2.433s] Level 1:colcon.colcon_core.environment:checking '/home/looubuntu/ros2_ws/install/my_robot_ver3/bin'
[2.433s] Level 1:colcon.colcon_core.environment:create_environment_scripts_only(my_robot_ver3)
[2.433s] INFO:colcon.colcon_core.shell:Creating package script '/home/looubuntu/ros2_ws/install/my_robot_ver3/share/my_robot_ver3/package.ps1'
[2.434s] INFO:colcon.colcon_core.shell:Creating package descriptor '/home/looubuntu/ros2_ws/install/my_robot_ver3/share/my_robot_ver3/package.dsv'
[2.434s] INFO:colcon.colcon_core.shell:Creating package script '/home/looubuntu/ros2_ws/install/my_robot_ver3/share/my_robot_ver3/package.sh'
[2.435s] INFO:colcon.colcon_core.shell:Creating package script '/home/looubuntu/ros2_ws/install/my_robot_ver3/share/my_robot_ver3/package.bash'
[2.435s] INFO:colcon.colcon_core.shell:Creating package script '/home/looubuntu/ros2_ws/install/my_robot_ver3/share/my_robot_ver3/package.zsh'
[2.435s] Level 1:colcon.colcon_core.environment:create_file_with_runtime_dependencies(/home/looubuntu/ros2_ws/install/my_robot_ver3/share/colcon-core/packages/my_robot_ver3)
[2.446s] Level 1:colcon.colcon_core.environment:checking '/home/looubuntu/ros2_ws/install/my_robot' for CMake module files
[2.446s] DEBUG:colcon.colcon_core.event_handler.log_command:Invoked command in '/home/looubuntu/ros2_ws/src/my_robot' returned '0': PYTHONPATH=/home/looubuntu/ros2_ws/build/my_robot/prefix_override:/usr/lib/python3/dist-packages/colcon_core/task/python/colcon_distutils_commands:/home/looubuntu/ros2_ws/install/my_robot/lib/python3.10/site-packages:${PYTHONPATH} /usr/bin/python3 -W ignore:setup.py install is deprecated setup.py egg_info --egg-base ../../build/my_robot build --build-base /home/looubuntu/ros2_ws/build/my_robot/build install --record /home/looubuntu/ros2_ws/build/my_robot/install.log --single-version-externally-managed install_data
[2.447s] Level 1:colcon.colcon_core.environment:checking '/home/looubuntu/ros2_ws/install/my_robot' for CMake config files
[2.447s] Level 1:colcon.colcon_core.environment:checking '/home/looubuntu/ros2_ws/install/my_robot/lib'
[2.447s] Level 1:colcon.colcon_core.environment:checking '/home/looubuntu/ros2_ws/install/my_robot/bin'
[2.447s] Level 1:colcon.colcon_core.environment:checking '/home/looubuntu/ros2_ws/install/my_robot/lib/pkgconfig/my_robot.pc'
[2.447s] Level 1:colcon.colcon_core.environment:checking '/home/looubuntu/ros2_ws/install/my_robot/lib/python3.10/site-packages'
[2.447s] Level 1:colcon.colcon_core.shell:create_environment_hook('my_robot', 'pythonpath')
[2.448s] INFO:colcon.colcon_core.shell:Creating environment hook '/home/looubuntu/ros2_ws/install/my_robot/share/my_robot/hook/pythonpath.ps1'
[2.448s] INFO:colcon.colcon_core.shell:Creating environment descriptor '/home/looubuntu/ros2_ws/install/my_robot/share/my_robot/hook/pythonpath.dsv'
[2.449s] INFO:colcon.colcon_core.shell:Creating environment hook '/home/looubuntu/ros2_ws/install/my_robot/share/my_robot/hook/pythonpath.sh'
[2.449s] Level 1:colcon.colcon_core.environment:checking '/home/looubuntu/ros2_ws/install/my_robot/bin'
[2.449s] Level 1:colcon.colcon_core.environment:create_environment_scripts_only(my_robot)
[2.450s] INFO:colcon.colcon_core.shell:Creating package script '/home/looubuntu/ros2_ws/install/my_robot/share/my_robot/package.ps1'
[2.450s] INFO:colcon.colcon_core.shell:Creating package descriptor '/home/looubuntu/ros2_ws/install/my_robot/share/my_robot/package.dsv'
[2.451s] INFO:colcon.colcon_core.shell:Creating package script '/home/looubuntu/ros2_ws/install/my_robot/share/my_robot/package.sh'
[2.451s] INFO:colcon.colcon_core.shell:Creating package script '/home/looubuntu/ros2_ws/install/my_robot/share/my_robot/package.bash'
[2.452s] INFO:colcon.colcon_core.shell:Creating package script '/home/looubuntu/ros2_ws/install/my_robot/share/my_robot/package.zsh'
[2.452s] Level 1:colcon.colcon_core.environment:create_file_with_runtime_dependencies(/home/looubuntu/ros2_ws/install/my_robot/share/colcon-core/packages/my_robot)
[2.452s] DEBUG:colcon.colcon_parallel_executor.executor.parallel:closing loop
[2.453s] DEBUG:colcon.colcon_parallel_executor.executor.parallel:loop closed
[2.453s] DEBUG:colcon.colcon_parallel_executor.executor.parallel:run_until_complete finished with '0'
[2.453s] DEBUG:colcon.colcon_core.event_reactor:joining thread
[2.459s] INFO:colcon.colcon_core.plugin_system:Skipping extension 'colcon_notification.desktop_notification.terminal_notifier': Not used on non-Darwin systems
[2.459s] INFO:colcon.colcon_core.plugin_system:Skipping extension 'colcon_notification.desktop_notification.win32': Not used on non-Windows systems
[2.459s] INFO:colcon.colcon_notification.desktop_notification:Sending desktop notification using 'notify2'
[2.470s] DEBUG:colcon.colcon_core.event_reactor:joined thread
[2.471s] INFO:colcon.colcon_core.shell:Creating prefix script '/home/looubuntu/ros2_ws/install/local_setup.ps1'
[2.472s] INFO:colcon.colcon_core.shell:Creating prefix util module '/home/looubuntu/ros2_ws/install/_local_setup_util_ps1.py'
[2.473s] INFO:colcon.colcon_core.shell:Creating prefix chain script '/home/looubuntu/ros2_ws/install/setup.ps1'
[2.474s] INFO:colcon.colcon_core.shell:Creating prefix script '/home/looubuntu/ros2_ws/install/local_setup.sh'
[2.474s] INFO:colcon.colcon_core.shell:Creating prefix util module '/home/looubuntu/ros2_ws/install/_local_setup_util_sh.py'
[2.475s] INFO:colcon.colcon_core.shell:Creating prefix chain script '/home/looubuntu/ros2_ws/install/setup.sh'
[2.476s] INFO:colcon.colcon_core.shell:Creating prefix script '/home/looubuntu/ros2_ws/install/local_setup.bash'
[2.477s] INFO:colcon.colcon_core.shell:Creating prefix chain script '/home/looubuntu/ros2_ws/install/setup.bash'
[2.478s] INFO:colcon.colcon_core.shell:Creating prefix script '/home/looubuntu/ros2_ws/install/local_setup.zsh'
[2.478s] INFO:colcon.colcon_core.shell:Creating prefix chain script '/home/looubuntu/ros2_ws/install/setup.zsh'
