[1.830s] Invoking command in '/home/looubuntu/ros2_ws/src/my_robot_ver3': PYTHONPATH=/home/looubuntu/ros2_ws/build/my_robot_ver3/prefix_override:/usr/lib/python3/dist-packages/colcon_core/task/python/colcon_distutils_commands:/home/looubuntu/ros2_ws/install/my_robot_ver3/lib/python3.10/site-packages:${PYTHONPATH} /usr/bin/python3 -W ignore:setup.py install is deprecated setup.py egg_info --egg-base ../../build/my_robot_ver3 build --build-base /home/looubuntu/ros2_ws/build/my_robot_ver3/build install --record /home/looubuntu/ros2_ws/build/my_robot_ver3/install.log --single-version-externally-managed install_data
[2.139s] running egg_info
[2.140s] writing ../../build/my_robot_ver3/my_robot_ver3.egg-info/PKG-INFO
[2.140s] writing dependency_links to ../../build/my_robot_ver3/my_robot_ver3.egg-info/dependency_links.txt
[2.141s] writing entry points to ../../build/my_robot_ver3/my_robot_ver3.egg-info/entry_points.txt
[2.141s] writing requirements to ../../build/my_robot_ver3/my_robot_ver3.egg-info/requires.txt
[2.141s] writing top-level names to ../../build/my_robot_ver3/my_robot_ver3.egg-info/top_level.txt
[2.146s] reading manifest file '../../build/my_robot_ver3/my_robot_ver3.egg-info/SOURCES.txt'
[2.146s] adding license file 'LICENSE'
[2.147s] writing manifest file '../../build/my_robot_ver3/my_robot_ver3.egg-info/SOURCES.txt'
[2.147s] running build
[2.147s] running build_py
[2.148s] running install
[2.148s] running install_lib
[2.150s] running install_data
[2.151s] copying urdf/my_robot_ver3.urdf -> /home/looubuntu/ros2_ws/install/my_robot_ver3/share/my_robot_ver3/urdf
[2.151s] running install_egg_info
[2.153s] removing '/home/looubuntu/ros2_ws/install/my_robot_ver3/lib/python3.10/site-packages/my_robot_ver3-0.0.0-py3.10.egg-info' (and everything under it)
[2.154s] Copying ../../build/my_robot_ver3/my_robot_ver3.egg-info to /home/looubuntu/ros2_ws/install/my_robot_ver3/lib/python3.10/site-packages/my_robot_ver3-0.0.0-py3.10.egg-info
[2.154s] running install_scripts
[2.189s] Installing control script to /home/looubuntu/ros2_ws/install/my_robot_ver3/lib/my_robot_ver3
[2.189s] writing list of installed files to '/home/looubuntu/ros2_ws/build/my_robot_ver3/install.log'
[2.265s] Invoked command in '/home/looubuntu/ros2_ws/src/my_robot_ver3' returned '0': PYTHONPATH=/home/looubuntu/ros2_ws/build/my_robot_ver3/prefix_override:/usr/lib/python3/dist-packages/colcon_core/task/python/colcon_distutils_commands:/home/looubuntu/ros2_ws/install/my_robot_ver3/lib/python3.10/site-packages:${PYTHONPATH} /usr/bin/python3 -W ignore:setup.py install is deprecated setup.py egg_info --egg-base ../../build/my_robot_ver3 build --build-base /home/looubuntu/ros2_ws/build/my_robot_ver3/build install --record /home/looubuntu/ros2_ws/build/my_robot_ver3/install.log --single-version-externally-managed install_data
