[0.735s] Invoking command in '/home/looubuntu/ros2_ws/src/my_robot': PYTHONPATH=/home/looubuntu/ros2_ws/build/my_robot/prefix_override:/usr/lib/python3/dist-packages/colcon_core/task/python/colcon_distutils_commands:/home/looubuntu/ros2_ws/install/my_robot/lib/python3.10/site-packages:${PYTHONPATH} /usr/bin/python3 -W ignore:setup.py install is deprecated setup.py egg_info --egg-base ../../build/my_robot build --build-base /home/looubuntu/ros2_ws/build/my_robot/build install --record /home/looubuntu/ros2_ws/build/my_robot/install.log --single-version-externally-managed install_data
[0.927s] running egg_info
[0.928s] writing ../../build/my_robot/my_robot.egg-info/PKG-INFO
[0.928s] writing dependency_links to ../../build/my_robot/my_robot.egg-info/dependency_links.txt
[0.928s] writing entry points to ../../build/my_robot/my_robot.egg-info/entry_points.txt
[0.928s] writing requirements to ../../build/my_robot/my_robot.egg-info/requires.txt
[0.928s] writing top-level names to ../../build/my_robot/my_robot.egg-info/top_level.txt
[0.929s] reading manifest file '../../build/my_robot/my_robot.egg-info/SOURCES.txt'
[0.929s] adding license file 'LICENSE'
[0.930s] writing manifest file '../../build/my_robot/my_robot.egg-info/SOURCES.txt'
[0.930s] running build
[0.930s] running build_py
[0.930s] running install
[0.930s] running install_lib
[0.931s] running install_data
[0.931s] running install_egg_info
[0.933s] removing '/home/looubuntu/ros2_ws/install/my_robot/lib/python3.10/site-packages/my_robot-0.0.0-py3.10.egg-info' (and everything under it)
[0.933s] Copying ../../build/my_robot/my_robot.egg-info to /home/looubuntu/ros2_ws/install/my_robot/lib/python3.10/site-packages/my_robot-0.0.0-py3.10.egg-info
[0.933s] running install_scripts
[0.950s] writing list of installed files to '/home/looubuntu/ros2_ws/build/my_robot/install.log'
