[1.623s] Invoking command in '/home/looubuntu/ros2_ws/src/my_pkg': PYTHONPATH=/home/looubuntu/ros2_ws/build/my_pkg/prefix_override:/usr/lib/python3/dist-packages/colcon_core/task/python/colcon_distutils_commands:/home/looubuntu/ros2_ws/install/my_pkg/lib/python3.10/site-packages:${PYTHONPATH} /usr/bin/python3 -W ignore:setup.py install is deprecated setup.py egg_info --egg-base ../../build/my_pkg build --build-base /home/looubuntu/ros2_ws/build/my_pkg/build install --record /home/looubuntu/ros2_ws/build/my_pkg/install.log --single-version-externally-managed install_data
[1.889s] running egg_info
[1.890s] writing ../../build/my_pkg/my_pkg.egg-info/PKG-INFO
[1.891s] writing dependency_links to ../../build/my_pkg/my_pkg.egg-info/dependency_links.txt
[1.891s] writing entry points to ../../build/my_pkg/my_pkg.egg-info/entry_points.txt
[1.891s] writing requirements to ../../build/my_pkg/my_pkg.egg-info/requires.txt
[1.891s] writing top-level names to ../../build/my_pkg/my_pkg.egg-info/top_level.txt
[1.893s] reading manifest file '../../build/my_pkg/my_pkg.egg-info/SOURCES.txt'
[1.894s] adding license file 'LICENSE'
[1.895s] writing manifest file '../../build/my_pkg/my_pkg.egg-info/SOURCES.txt'
[1.895s] running build
[1.895s] running build_py
[1.895s] running install
[1.896s] running install_lib
[1.897s] running install_data
[1.898s] running install_egg_info
[1.899s] removing '/home/looubuntu/ros2_ws/install/my_pkg/lib/python3.10/site-packages/my_pkg-0.0.0-py3.10.egg-info' (and everything under it)
[1.900s] Copying ../../build/my_pkg/my_pkg.egg-info to /home/looubuntu/ros2_ws/install/my_pkg/lib/python3.10/site-packages/my_pkg-0.0.0-py3.10.egg-info
[1.900s] running install_scripts
[1.927s] Installing control script to /home/looubuntu/ros2_ws/install/my_pkg/lib/my_pkg
[1.928s] writing list of installed files to '/home/looubuntu/ros2_ws/build/my_pkg/install.log'
[1.994s] Invoked command in '/home/looubuntu/ros2_ws/src/my_pkg' returned '0': PYTHONPATH=/home/looubuntu/ros2_ws/build/my_pkg/prefix_override:/usr/lib/python3/dist-packages/colcon_core/task/python/colcon_distutils_commands:/home/looubuntu/ros2_ws/install/my_pkg/lib/python3.10/site-packages:${PYTHONPATH} /usr/bin/python3 -W ignore:setup.py install is deprecated setup.py egg_info --egg-base ../../build/my_pkg build --build-base /home/looubuntu/ros2_ws/build/my_pkg/build install --record /home/looubuntu/ros2_ws/build/my_pkg/install.log --single-version-externally-managed install_data
