[1.245s] Invoking command in '/home/looubuntu/ros2_ws/src/my_pkg': PYTHONPATH=/home/looubuntu/ros2_ws/src/build/my_pkg/prefix_override:/usr/lib/python3/dist-packages/colcon_core/task/python/colcon_distutils_commands:/home/looubuntu/ros2_ws/src/install/my_pkg/lib/python3.10/site-packages:${PYTHONPATH} /usr/bin/python3 -W ignore:setup.py install is deprecated setup.py egg_info --egg-base ../build/my_pkg build --build-base /home/looubuntu/ros2_ws/src/build/my_pkg/build install --record /home/looubuntu/ros2_ws/src/build/my_pkg/install.log --single-version-externally-managed install_data
[1.472s] running egg_info
[1.473s] writing ../build/my_pkg/my_pkg.egg-info/PKG-INFO
[1.473s] writing dependency_links to ../build/my_pkg/my_pkg.egg-info/dependency_links.txt
[1.473s] writing entry points to ../build/my_pkg/my_pkg.egg-info/entry_points.txt
[1.473s] writing requirements to ../build/my_pkg/my_pkg.egg-info/requires.txt
[1.473s] writing top-level names to ../build/my_pkg/my_pkg.egg-info/top_level.txt
[1.475s] reading manifest file '../build/my_pkg/my_pkg.egg-info/SOURCES.txt'
[1.476s] adding license file 'LICENSE'
[1.477s] writing manifest file '../build/my_pkg/my_pkg.egg-info/SOURCES.txt'
[1.477s] running build
[1.477s] running build_py
[1.477s] copying my_pkg/gui_int32.py -> /home/looubuntu/ros2_ws/src/build/my_pkg/build/lib/my_pkg
[1.477s] copying my_pkg/service_member_function.py -> /home/looubuntu/ros2_ws/src/build/my_pkg/build/lib/my_pkg
[1.477s] copying my_pkg/service.py -> /home/looubuntu/ros2_ws/src/build/my_pkg/build/lib/my_pkg
[1.477s] copying my_pkg/nhan.py -> /home/looubuntu/ros2_ws/src/build/my_pkg/build/lib/my_pkg
[1.477s] copying my_pkg/crtl.py -> /home/looubuntu/ros2_ws/src/build/my_pkg/build/lib/my_pkg
[1.478s] copying my_pkg/phe.py -> /home/looubuntu/ros2_ws/src/build/my_pkg/build/lib/my_pkg
[1.478s] copying my_pkg/a_to_b.py -> /home/looubuntu/ros2_ws/src/build/my_pkg/build/lib/my_pkg
[1.478s] copying my_pkg/client_member_function.py -> /home/looubuntu/ros2_ws/src/build/my_pkg/build/lib/my_pkg
[1.478s] copying my_pkg/gui.py -> /home/looubuntu/ros2_ws/src/build/my_pkg/build/lib/my_pkg
[1.478s] copying my_pkg/create_turtle.py -> /home/looubuntu/ros2_ws/src/build/my_pkg/build/lib/my_pkg
[1.478s] copying my_pkg/a_to_b_ver2.py -> /home/looubuntu/ros2_ws/src/build/my_pkg/build/lib/my_pkg
[1.478s] running install
[1.479s] running install_lib
[1.480s] copying /home/looubuntu/ros2_ws/src/build/my_pkg/build/lib/my_pkg/gui_int32.py -> /home/looubuntu/ros2_ws/src/install/my_pkg/lib/python3.10/site-packages/my_pkg
[1.480s] copying /home/looubuntu/ros2_ws/src/build/my_pkg/build/lib/my_pkg/service_member_function.py -> /home/looubuntu/ros2_ws/src/install/my_pkg/lib/python3.10/site-packages/my_pkg
[1.480s] copying /home/looubuntu/ros2_ws/src/build/my_pkg/build/lib/my_pkg/service.py -> /home/looubuntu/ros2_ws/src/install/my_pkg/lib/python3.10/site-packages/my_pkg
[1.480s] copying /home/looubuntu/ros2_ws/src/build/my_pkg/build/lib/my_pkg/nhan.py -> /home/looubuntu/ros2_ws/src/install/my_pkg/lib/python3.10/site-packages/my_pkg
[1.480s] copying /home/looubuntu/ros2_ws/src/build/my_pkg/build/lib/my_pkg/crtl.py -> /home/looubuntu/ros2_ws/src/install/my_pkg/lib/python3.10/site-packages/my_pkg
[1.480s] copying /home/looubuntu/ros2_ws/src/build/my_pkg/build/lib/my_pkg/phe.py -> /home/looubuntu/ros2_ws/src/install/my_pkg/lib/python3.10/site-packages/my_pkg
[1.480s] copying /home/looubuntu/ros2_ws/src/build/my_pkg/build/lib/my_pkg/a_to_b.py -> /home/looubuntu/ros2_ws/src/install/my_pkg/lib/python3.10/site-packages/my_pkg
[1.480s] copying /home/looubuntu/ros2_ws/src/build/my_pkg/build/lib/my_pkg/client_member_function.py -> /home/looubuntu/ros2_ws/src/install/my_pkg/lib/python3.10/site-packages/my_pkg
[1.480s] copying /home/looubuntu/ros2_ws/src/build/my_pkg/build/lib/my_pkg/gui.py -> /home/looubuntu/ros2_ws/src/install/my_pkg/lib/python3.10/site-packages/my_pkg
[1.481s] copying /home/looubuntu/ros2_ws/src/build/my_pkg/build/lib/my_pkg/create_turtle.py -> /home/looubuntu/ros2_ws/src/install/my_pkg/lib/python3.10/site-packages/my_pkg
[1.481s] copying /home/looubuntu/ros2_ws/src/build/my_pkg/build/lib/my_pkg/a_to_b_ver2.py -> /home/looubuntu/ros2_ws/src/install/my_pkg/lib/python3.10/site-packages/my_pkg
[1.481s] byte-compiling /home/looubuntu/ros2_ws/src/install/my_pkg/lib/python3.10/site-packages/my_pkg/gui_int32.py to gui_int32.cpython-310.pyc
[1.481s] byte-compiling /home/looubuntu/ros2_ws/src/install/my_pkg/lib/python3.10/site-packages/my_pkg/service_member_function.py to service_member_function.cpython-310.pyc
[1.482s] byte-compiling /home/looubuntu/ros2_ws/src/install/my_pkg/lib/python3.10/site-packages/my_pkg/service.py to service.cpython-310.pyc
[1.482s] byte-compiling /home/looubuntu/ros2_ws/src/install/my_pkg/lib/python3.10/site-packages/my_pkg/nhan.py to nhan.cpython-310.pyc
[1.482s] byte-compiling /home/looubuntu/ros2_ws/src/install/my_pkg/lib/python3.10/site-packages/my_pkg/crtl.py to crtl.cpython-310.pyc
[1.483s] byte-compiling /home/looubuntu/ros2_ws/src/install/my_pkg/lib/python3.10/site-packages/my_pkg/phe.py to phe.cpython-310.pyc
[1.483s] byte-compiling /home/looubuntu/ros2_ws/src/install/my_pkg/lib/python3.10/site-packages/my_pkg/a_to_b.py to a_to_b.cpython-310.pyc
[1.484s] byte-compiling /home/looubuntu/ros2_ws/src/install/my_pkg/lib/python3.10/site-packages/my_pkg/client_member_function.py to client_member_function.cpython-310.pyc
[1.484s] byte-compiling /home/looubuntu/ros2_ws/src/install/my_pkg/lib/python3.10/site-packages/my_pkg/gui.py to gui.cpython-310.pyc
[1.484s] byte-compiling /home/looubuntu/ros2_ws/src/install/my_pkg/lib/python3.10/site-packages/my_pkg/create_turtle.py to create_turtle.cpython-310.pyc
[1.485s] byte-compiling /home/looubuntu/ros2_ws/src/install/my_pkg/lib/python3.10/site-packages/my_pkg/a_to_b_ver2.py to a_to_b_ver2.cpython-310.pyc
[1.485s] running install_data
[1.485s] copying package.xml -> /home/looubuntu/ros2_ws/src/install/my_pkg/share/my_pkg
[1.485s] running install_egg_info
[1.487s] removing '/home/looubuntu/ros2_ws/src/install/my_pkg/lib/python3.10/site-packages/my_pkg-0.0.0-py3.10.egg-info' (and everything under it)
[1.487s] Copying ../build/my_pkg/my_pkg.egg-info to /home/looubuntu/ros2_ws/src/install/my_pkg/lib/python3.10/site-packages/my_pkg-0.0.0-py3.10.egg-info
[1.488s] running install_scripts
[1.515s] Installing control script to /home/looubuntu/ros2_ws/src/install/my_pkg/lib/my_pkg
[1.515s] writing list of installed files to '/home/looubuntu/ros2_ws/src/build/my_pkg/install.log'
[1.562s] Invoked command in '/home/looubuntu/ros2_ws/src/my_pkg' returned '0': PYTHONPATH=/home/looubuntu/ros2_ws/src/build/my_pkg/prefix_override:/usr/lib/python3/dist-packages/colcon_core/task/python/colcon_distutils_commands:/home/looubuntu/ros2_ws/src/install/my_pkg/lib/python3.10/site-packages:${PYTHONPATH} /usr/bin/python3 -W ignore:setup.py install is deprecated setup.py egg_info --egg-base ../build/my_pkg build --build-base /home/looubuntu/ros2_ws/src/build/my_pkg/build install --record /home/looubuntu/ros2_ws/src/build/my_pkg/install.log --single-version-externally-managed install_data
