[2.496s] Invoking command in '/home/looubuntu/ros2_ws/src/my_pkg': PYTHONPATH=/home/looubuntu/ros2_ws/build/my_pkg/prefix_override:/usr/lib/python3/dist-packages/colcon_core/task/python/colcon_distutils_commands:/home/looubuntu/ros2_ws/install/my_pkg/lib/python3.10/site-packages:${PYTHONPATH} /usr/bin/python3 -W ignore:setup.py install is deprecated setup.py egg_info --egg-base ../../build/my_pkg build --build-base /home/looubuntu/ros2_ws/build/my_pkg/build install --record /home/looubuntu/ros2_ws/build/my_pkg/install.log --single-version-externally-managed install_data
[2.913s] running egg_info
[2.914s] writing ../../build/my_pkg/my_pkg.egg-info/PKG-INFO
[2.914s] writing dependency_links to ../../build/my_pkg/my_pkg.egg-info/dependency_links.txt
[2.914s] writing entry points to ../../build/my_pkg/my_pkg.egg-info/entry_points.txt
[2.915s] writing requirements to ../../build/my_pkg/my_pkg.egg-info/requires.txt
[2.915s] writing top-level names to ../../build/my_pkg/my_pkg.egg-info/top_level.txt
[2.918s] reading manifest file '../../build/my_pkg/my_pkg.egg-info/SOURCES.txt'
[2.918s] adding license file 'LICENSE'
[2.920s] writing manifest file '../../build/my_pkg/my_pkg.egg-info/SOURCES.txt'
[2.923s] running build
[2.924s] running build_py
[2.925s] running install
[2.927s] running install_lib
[2.930s] running install_data
[2.930s] running install_egg_info
[2.933s] removing '/home/looubuntu/ros2_ws/install/my_pkg/lib/python3.10/site-packages/my_pkg-0.0.0-py3.10.egg-info' (and everything under it)
[2.933s] Copying ../../build/my_pkg/my_pkg.egg-info to /home/looubuntu/ros2_ws/install/my_pkg/lib/python3.10/site-packages/my_pkg-0.0.0-py3.10.egg-info
[2.934s] running install_scripts
[2.992s] Installing control script to /home/looubuntu/ros2_ws/install/my_pkg/lib/my_pkg
[2.993s] writing list of installed files to '/home/looubuntu/ros2_ws/build/my_pkg/install.log'
[3.084s] Invoked command in '/home/looubuntu/ros2_ws/src/my_pkg' returned '0': PYTHONPATH=/home/looubuntu/ros2_ws/build/my_pkg/prefix_override:/usr/lib/python3/dist-packages/colcon_core/task/python/colcon_distutils_commands:/home/looubuntu/ros2_ws/install/my_pkg/lib/python3.10/site-packages:${PYTHONPATH} /usr/bin/python3 -W ignore:setup.py install is deprecated setup.py egg_info --egg-base ../../build/my_pkg build --build-base /home/looubuntu/ros2_ws/build/my_pkg/build install --record /home/looubuntu/ros2_ws/build/my_pkg/install.log --single-version-externally-managed install_data
