running egg_info
creating ../build/my_robot_ver3/my_robot_ver3.egg-info
writing ../build/my_robot_ver3/my_robot_ver3.egg-info/PKG-INFO
writing dependency_links to ../build/my_robot_ver3/my_robot_ver3.egg-info/dependency_links.txt
writing entry points to ../build/my_robot_ver3/my_robot_ver3.egg-info/entry_points.txt
writing requirements to ../build/my_robot_ver3/my_robot_ver3.egg-info/requires.txt
writing top-level names to ../build/my_robot_ver3/my_robot_ver3.egg-info/top_level.txt
writing manifest file '../build/my_robot_ver3/my_robot_ver3.egg-info/SOURCES.txt'
reading manifest file '../build/my_robot_ver3/my_robot_ver3.egg-info/SOURCES.txt'
adding license file 'LICENSE'
writing manifest file '../build/my_robot_ver3/my_robot_ver3.egg-info/SOURCES.txt'
running build
running build_py
creating /home/looubuntu/ros2_ws/src/build/my_robot_ver3/build
creating /home/looubuntu/ros2_ws/src/build/my_robot_ver3/build/lib
creating /home/looubuntu/ros2_ws/src/build/my_robot_ver3/build/lib/my_robot_ver3
copying my_robot_ver3/__init__.py -> /home/looubuntu/ros2_ws/src/build/my_robot_ver3/build/lib/my_robot_ver3
copying my_robot_ver3/robot_ai.py -> /home/looubuntu/ros2_ws/src/build/my_robot_ver3/build/lib/my_robot_ver3
copying my_robot_ver3/neuron.py -> /home/looubuntu/ros2_ws/src/build/my_robot_ver3/build/lib/my_robot_ver3
copying my_robot_ver3/quaterniontoeuler.py -> /home/looubuntu/ros2_ws/src/build/my_robot_ver3/build/lib/my_robot_ver3
copying my_robot_ver3/config.py -> /home/looubuntu/ros2_ws/src/build/my_robot_ver3/build/lib/my_robot_ver3
copying my_robot_ver3/nhan.py -> /home/looubuntu/ros2_ws/src/build/my_robot_ver3/build/lib/my_robot_ver3
copying my_robot_ver3/GA_Code.py -> /home/looubuntu/ros2_ws/src/build/my_robot_ver3/build/lib/my_robot_ver3
copying my_robot_ver3/tich_hop.py -> /home/looubuntu/ros2_ws/src/build/my_robot_ver3/build/lib/my_robot_ver3
copying my_robot_ver3/gui.py -> /home/looubuntu/ros2_ws/src/build/my_robot_ver3/build/lib/my_robot_ver3
copying my_robot_ver3/a_to_b_ver2.py -> /home/looubuntu/ros2_ws/src/build/my_robot_ver3/build/lib/my_robot_ver3
copying my_robot_ver3/main.py -> /home/looubuntu/ros2_ws/src/build/my_robot_ver3/build/lib/my_robot_ver3
copying my_robot_ver3/GA_Sample.py -> /home/looubuntu/ros2_ws/src/build/my_robot_ver3/build/lib/my_robot_ver3
running install
running install_lib
creating /home/looubuntu/ros2_ws/src/install/my_robot_ver3/lib/python3.10/site-packages/my_robot_ver3
copying /home/looubuntu/ros2_ws/src/build/my_robot_ver3/build/lib/my_robot_ver3/__init__.py -> /home/looubuntu/ros2_ws/src/install/my_robot_ver3/lib/python3.10/site-packages/my_robot_ver3
copying /home/looubuntu/ros2_ws/src/build/my_robot_ver3/build/lib/my_robot_ver3/robot_ai.py -> /home/looubuntu/ros2_ws/src/install/my_robot_ver3/lib/python3.10/site-packages/my_robot_ver3
copying /home/looubuntu/ros2_ws/src/build/my_robot_ver3/build/lib/my_robot_ver3/neuron.py -> /home/looubuntu/ros2_ws/src/install/my_robot_ver3/lib/python3.10/site-packages/my_robot_ver3
copying /home/looubuntu/ros2_ws/src/build/my_robot_ver3/build/lib/my_robot_ver3/quaterniontoeuler.py -> /home/looubuntu/ros2_ws/src/install/my_robot_ver3/lib/python3.10/site-packages/my_robot_ver3
copying /home/looubuntu/ros2_ws/src/build/my_robot_ver3/build/lib/my_robot_ver3/config.py -> /home/looubuntu/ros2_ws/src/install/my_robot_ver3/lib/python3.10/site-packages/my_robot_ver3
copying /home/looubuntu/ros2_ws/src/build/my_robot_ver3/build/lib/my_robot_ver3/nhan.py -> /home/looubuntu/ros2_ws/src/install/my_robot_ver3/lib/python3.10/site-packages/my_robot_ver3
copying /home/looubuntu/ros2_ws/src/build/my_robot_ver3/build/lib/my_robot_ver3/GA_Code.py -> /home/looubuntu/ros2_ws/src/install/my_robot_ver3/lib/python3.10/site-packages/my_robot_ver3
copying /home/looubuntu/ros2_ws/src/build/my_robot_ver3/build/lib/my_robot_ver3/tich_hop.py -> /home/looubuntu/ros2_ws/src/install/my_robot_ver3/lib/python3.10/site-packages/my_robot_ver3
copying /home/looubuntu/ros2_ws/src/build/my_robot_ver3/build/lib/my_robot_ver3/gui.py -> /home/looubuntu/ros2_ws/src/install/my_robot_ver3/lib/python3.10/site-packages/my_robot_ver3
copying /home/looubuntu/ros2_ws/src/build/my_robot_ver3/build/lib/my_robot_ver3/a_to_b_ver2.py -> /home/looubuntu/ros2_ws/src/install/my_robot_ver3/lib/python3.10/site-packages/my_robot_ver3
copying /home/looubuntu/ros2_ws/src/build/my_robot_ver3/build/lib/my_robot_ver3/main.py -> /home/looubuntu/ros2_ws/src/install/my_robot_ver3/lib/python3.10/site-packages/my_robot_ver3
copying /home/looubuntu/ros2_ws/src/build/my_robot_ver3/build/lib/my_robot_ver3/GA_Sample.py -> /home/looubuntu/ros2_ws/src/install/my_robot_ver3/lib/python3.10/site-packages/my_robot_ver3
byte-compiling /home/looubuntu/ros2_ws/src/install/my_robot_ver3/lib/python3.10/site-packages/my_robot_ver3/__init__.py to __init__.cpython-310.pyc
byte-compiling /home/looubuntu/ros2_ws/src/install/my_robot_ver3/lib/python3.10/site-packages/my_robot_ver3/robot_ai.py to robot_ai.cpython-310.pyc
byte-compiling /home/looubuntu/ros2_ws/src/install/my_robot_ver3/lib/python3.10/site-packages/my_robot_ver3/neuron.py to neuron.cpython-310.pyc
byte-compiling /home/looubuntu/ros2_ws/src/install/my_robot_ver3/lib/python3.10/site-packages/my_robot_ver3/quaterniontoeuler.py to quaterniontoeuler.cpython-310.pyc
byte-compiling /home/looubuntu/ros2_ws/src/install/my_robot_ver3/lib/python3.10/site-packages/my_robot_ver3/config.py to config.cpython-310.pyc
byte-compiling /home/looubuntu/ros2_ws/src/install/my_robot_ver3/lib/python3.10/site-packages/my_robot_ver3/nhan.py to nhan.cpython-310.pyc
byte-compiling /home/looubuntu/ros2_ws/src/install/my_robot_ver3/lib/python3.10/site-packages/my_robot_ver3/GA_Code.py to GA_Code.cpython-310.pyc
byte-compiling /home/looubuntu/ros2_ws/src/install/my_robot_ver3/lib/python3.10/site-packages/my_robot_ver3/tich_hop.py to tich_hop.cpython-310.pyc
byte-compiling /home/looubuntu/ros2_ws/src/install/my_robot_ver3/lib/python3.10/site-packages/my_robot_ver3/gui.py to gui.cpython-310.pyc
byte-compiling /home/looubuntu/ros2_ws/src/install/my_robot_ver3/lib/python3.10/site-packages/my_robot_ver3/a_to_b_ver2.py to a_to_b_ver2.cpython-310.pyc
byte-compiling /home/looubuntu/ros2_ws/src/install/my_robot_ver3/lib/python3.10/site-packages/my_robot_ver3/main.py to main.cpython-310.pyc
byte-compiling /home/looubuntu/ros2_ws/src/install/my_robot_ver3/lib/python3.10/site-packages/my_robot_ver3/GA_Sample.py to GA_Sample.cpython-310.pyc
running install_data
creating /home/looubuntu/ros2_ws/src/install/my_robot_ver3/share/ament_index
creating /home/looubuntu/ros2_ws/src/install/my_robot_ver3/share/ament_index/resource_index
creating /home/looubuntu/ros2_ws/src/install/my_robot_ver3/share/ament_index/resource_index/packages
copying resource/my_robot_ver3 -> /home/looubuntu/ros2_ws/src/install/my_robot_ver3/share/ament_index/resource_index/packages
copying package.xml -> /home/looubuntu/ros2_ws/src/install/my_robot_ver3/share/my_robot_ver3
creating /home/looubuntu/ros2_ws/src/install/my_robot_ver3/share/my_robot_ver3/urdf
copying urdf/my_robot_ver3.urdf -> /home/looubuntu/ros2_ws/src/install/my_robot_ver3/share/my_robot_ver3/urdf
creating /home/looubuntu/ros2_ws/src/install/my_robot_ver3/share/my_robot_ver3/launch
copying launch/my_launch.py -> /home/looubuntu/ros2_ws/src/install/my_robot_ver3/share/my_robot_ver3/launch
copying launch/display.launch.py -> /home/looubuntu/ros2_ws/src/install/my_robot_ver3/share/my_robot_ver3/launch
copying launch/gazebo.launch.py -> /home/looubuntu/ros2_ws/src/install/my_robot_ver3/share/my_robot_ver3/launch
creating /home/looubuntu/ros2_ws/src/install/my_robot_ver3/share/my_robot_ver3/meshes
copying meshes/Left_link.STL -> /home/looubuntu/ros2_ws/src/install/my_robot_ver3/share/my_robot_ver3/meshes
copying meshes/Mid_link.STL -> /home/looubuntu/ros2_ws/src/install/my_robot_ver3/share/my_robot_ver3/meshes
copying meshes/base_link.STL -> /home/looubuntu/ros2_ws/src/install/my_robot_ver3/share/my_robot_ver3/meshes
copying meshes/Base_castor_link.STL -> /home/looubuntu/ros2_ws/src/install/my_robot_ver3/share/my_robot_ver3/meshes
copying meshes/Right_link.STL -> /home/looubuntu/ros2_ws/src/install/my_robot_ver3/share/my_robot_ver3/meshes
running install_egg_info
Copying ../build/my_robot_ver3/my_robot_ver3.egg-info to /home/looubuntu/ros2_ws/src/install/my_robot_ver3/lib/python3.10/site-packages/my_robot_ver3-0.0.0-py3.10.egg-info
running install_scripts
Installing learn script to /home/looubuntu/ros2_ws/src/install/my_robot_ver3/lib/my_robot_ver3
writing list of installed files to '/home/looubuntu/ros2_ws/src/build/my_robot_ver3/install.log'
