[0.490s] Invoking command in '/home/looubuntu/ros2_ws/src/my_pkg': PYTHONPATH=/home/looubuntu/ros2_ws/build/my_pkg/prefix_override:/usr/lib/python3/dist-packages/colcon_core/task/python/colcon_distutils_commands:/home/looubuntu/ros2_ws/install/my_pkg/lib/python3.10/site-packages:${PYTHONPATH} /usr/bin/python3 -W ignore:setup.py install is deprecated setup.py egg_info --egg-base ../../build/my_pkg build --build-base /home/looubuntu/ros2_ws/build/my_pkg/build install --record /home/looubuntu/ros2_ws/build/my_pkg/install.log --single-version-externally-managed install_data
[0.671s] running egg_info
[0.671s] writing ../../build/my_pkg/my_pkg.egg-info/PKG-INFO
[0.683s] writing dependency_links to ../../build/my_pkg/my_pkg.egg-info/dependency_links.txt
[0.683s] writing entry points to ../../build/my_pkg/my_pkg.egg-info/entry_points.txt
[0.684s] writing requirements to ../../build/my_pkg/my_pkg.egg-info/requires.txt
[0.684s] writing top-level names to ../../build/my_pkg/my_pkg.egg-info/top_level.txt
[0.687s] reading manifest file '../../build/my_pkg/my_pkg.egg-info/SOURCES.txt'
[0.688s] adding license file 'LICENSE'
[0.689s] writing manifest file '../../build/my_pkg/my_pkg.egg-info/SOURCES.txt'
[0.689s] running build
[0.689s] running build_py
[0.690s] copying my_pkg/nhan_turtle.py -> /home/looubuntu/ros2_ws/build/my_pkg/build/lib/my_pkg
[0.691s] running install
[0.691s] running install_lib
[0.693s] copying /home/looubuntu/ros2_ws/build/my_pkg/build/lib/my_pkg/nhan_turtle.py -> /home/looubuntu/ros2_ws/install/my_pkg/lib/python3.10/site-packages/my_pkg
[0.694s] byte-compiling /home/looubuntu/ros2_ws/install/my_pkg/lib/python3.10/site-packages/my_pkg/nhan_turtle.py to nhan_turtle.cpython-310.pyc
[0.695s] running install_data
[0.695s] running install_egg_info
[0.697s] removing '/home/looubuntu/ros2_ws/install/my_pkg/lib/python3.10/site-packages/my_pkg-0.0.0-py3.10.egg-info' (and everything under it)
[0.697s] Copying ../../build/my_pkg/my_pkg.egg-info to /home/looubuntu/ros2_ws/install/my_pkg/lib/python3.10/site-packages/my_pkg-0.0.0-py3.10.egg-info
[0.699s] running install_scripts
[0.718s] Installing listener script to /home/looubuntu/ros2_ws/install/my_pkg/lib/my_pkg
[0.719s] Installing talker script to /home/looubuntu/ros2_ws/install/my_pkg/lib/my_pkg
[0.719s] Installing talker_int32 script to /home/looubuntu/ros2_ws/install/my_pkg/lib/my_pkg
[0.719s] writing list of installed files to '/home/looubuntu/ros2_ws/build/my_pkg/install.log'
[0.735s] Invoked command in '/home/looubuntu/ros2_ws/src/my_pkg' returned '0': PYTHONPATH=/home/looubuntu/ros2_ws/build/my_pkg/prefix_override:/usr/lib/python3/dist-packages/colcon_core/task/python/colcon_distutils_commands:/home/looubuntu/ros2_ws/install/my_pkg/lib/python3.10/site-packages:${PYTHONPATH} /usr/bin/python3 -W ignore:setup.py install is deprecated setup.py egg_info --egg-base ../../build/my_pkg build --build-base /home/looubuntu/ros2_ws/build/my_pkg/build install --record /home/looubuntu/ros2_ws/build/my_pkg/install.log --single-version-externally-managed install_data
