[0.964s] Invoking command in '/home/looubuntu/ros2_ws/src/modelo_robot': PYTHONPATH=/home/looubuntu/ros2_ws/build/modelo_robot/prefix_override:/usr/lib/python3/dist-packages/colcon_core/task/python/colcon_distutils_commands:/home/looubuntu/ros2_ws/install/modelo_robot/lib/python3.10/site-packages:${PYTHONPATH} /usr/bin/python3 -W ignore:setup.py install is deprecated setup.py egg_info --egg-base ../../build/modelo_robot build --build-base /home/looubuntu/ros2_ws/build/modelo_robot/build install --record /home/looubuntu/ros2_ws/build/modelo_robot/install.log --install-scripts $base/lib/modelo_robot --single-version-externally-managed install_data
[1.163s] /usr/lib/python3/dist-packages/setuptools/dist.py:723: UserWarning: Usage of dash-separated 'script-dir' will not be supported in future versions. Please use the underscore name 'script_dir' instead
[1.163s]   warnings.warn(
[1.170s] running egg_info
[1.171s] writing ../../build/modelo_robot/modelo_robot.egg-info/PKG-INFO
[1.171s] writing dependency_links to ../../build/modelo_robot/modelo_robot.egg-info/dependency_links.txt
[1.171s] writing entry points to ../../build/modelo_robot/modelo_robot.egg-info/entry_points.txt
[1.171s] writing requirements to ../../build/modelo_robot/modelo_robot.egg-info/requires.txt
[1.171s] writing top-level names to ../../build/modelo_robot/modelo_robot.egg-info/top_level.txt
[1.173s] reading manifest file '../../build/modelo_robot/modelo_robot.egg-info/SOURCES.txt'
[1.173s] writing manifest file '../../build/modelo_robot/modelo_robot.egg-info/SOURCES.txt'
[1.174s] running build
[1.174s] running build_py
[1.174s] running install
[1.174s] running install_lib
[1.175s] running install_data
[1.175s] copying urdf/car.SLDASM.csv -> /home/looubuntu/ros2_ws/install/modelo_robot/share/modelo_robot/urdf
[1.175s] copying urdf/car.SLDASM.urdf -> /home/looubuntu/ros2_ws/install/modelo_robot/share/modelo_robot/urdf
[1.175s] copying launch/display.launch.py -> /home/looubuntu/ros2_ws/install/modelo_robot/share/modelo_robot/launch
[1.175s] copying meshes/one_wheel.STL -> /home/looubuntu/ros2_ws/install/modelo_robot/share/modelo_robot/meshes
[1.176s] copying meshes/two_wheel.STL -> /home/looubuntu/ros2_ws/install/modelo_robot/share/modelo_robot/meshes
[1.177s] copying meshes/base_link.STL -> /home/looubuntu/ros2_ws/install/modelo_robot/share/modelo_robot/meshes
[1.177s] copying meshes/three_wheel.STL -> /home/looubuntu/ros2_ws/install/modelo_robot/share/modelo_robot/meshes
[1.178s] running install_egg_info
[1.179s] removing '/home/looubuntu/ros2_ws/install/modelo_robot/lib/python3.10/site-packages/modelo_robot-0.0.0-py3.10.egg-info' (and everything under it)
[1.180s] Copying ../../build/modelo_robot/modelo_robot.egg-info to /home/looubuntu/ros2_ws/install/modelo_robot/lib/python3.10/site-packages/modelo_robot-0.0.0-py3.10.egg-info
[1.180s] running install_scripts
[1.199s] writing list of installed files to '/home/looubuntu/ros2_ws/build/modelo_robot/install.log'
[1.221s] Invoked command in '/home/looubuntu/ros2_ws/src/modelo_robot' returned '0': PYTHONPATH=/home/looubuntu/ros2_ws/build/modelo_robot/prefix_override:/usr/lib/python3/dist-packages/colcon_core/task/python/colcon_distutils_commands:/home/looubuntu/ros2_ws/install/modelo_robot/lib/python3.10/site-packages:${PYTHONPATH} /usr/bin/python3 -W ignore:setup.py install is deprecated setup.py egg_info --egg-base ../../build/modelo_robot build --build-base /home/looubuntu/ros2_ws/build/modelo_robot/build install --record /home/looubuntu/ros2_ws/build/modelo_robot/install.log --install-scripts $base/lib/modelo_robot --single-version-externally-managed install_data
