[1.175s] Invoking command in '/home/looubuntu/ros2_ws/src/my_robot_ver3': PYTHONPATH=/home/looubuntu/ros2_ws/build/my_robot_ver3/prefix_override:/usr/lib/python3/dist-packages/colcon_core/task/python/colcon_distutils_commands:/home/looubuntu/ros2_ws/install/my_robot_ver3/lib/python3.10/site-packages:${PYTHONPATH} /usr/bin/python3 -W ignore:setup.py install is deprecated setup.py egg_info --egg-base ../../build/my_robot_ver3 build --build-base /home/looubuntu/ros2_ws/build/my_robot_ver3/build install --record /home/looubuntu/ros2_ws/build/my_robot_ver3/install.log --single-version-externally-managed install_data
[1.379s] running egg_info
[1.379s] writing ../../build/my_robot_ver3/my_robot_ver3.egg-info/PKG-INFO
[1.379s] writing dependency_links to ../../build/my_robot_ver3/my_robot_ver3.egg-info/dependency_links.txt
[1.380s] writing entry points to ../../build/my_robot_ver3/my_robot_ver3.egg-info/entry_points.txt
[1.380s] writing requirements to ../../build/my_robot_ver3/my_robot_ver3.egg-info/requires.txt
[1.380s] writing top-level names to ../../build/my_robot_ver3/my_robot_ver3.egg-info/top_level.txt
[1.381s] reading manifest file '../../build/my_robot_ver3/my_robot_ver3.egg-info/SOURCES.txt'
[1.381s] adding license file 'LICENSE'
[1.382s] writing manifest file '../../build/my_robot_ver3/my_robot_ver3.egg-info/SOURCES.txt'
[1.382s] running build
[1.382s] running build_py
[1.382s] running install
[1.382s] running install_lib
[1.384s] running install_data
[1.384s] copying launch/gazebo.launch.py -> /home/looubuntu/ros2_ws/install/my_robot_ver3/share/my_robot_ver3/launch
[1.384s] running install_egg_info
[1.385s] removing '/home/looubuntu/ros2_ws/install/my_robot_ver3/lib/python3.10/site-packages/my_robot_ver3-0.0.0-py3.10.egg-info' (and everything under it)
[1.385s] Copying ../../build/my_robot_ver3/my_robot_ver3.egg-info to /home/looubuntu/ros2_ws/install/my_robot_ver3/lib/python3.10/site-packages/my_robot_ver3-0.0.0-py3.10.egg-info
[1.386s] running install_scripts
[1.404s] Installing control script to /home/looubuntu/ros2_ws/install/my_robot_ver3/lib/my_robot_ver3
[1.404s] writing list of installed files to '/home/looubuntu/ros2_ws/build/my_robot_ver3/install.log'
[1.433s] Invoked command in '/home/looubuntu/ros2_ws/src/my_robot_ver3' returned '0': PYTHONPATH=/home/looubuntu/ros2_ws/build/my_robot_ver3/prefix_override:/usr/lib/python3/dist-packages/colcon_core/task/python/colcon_distutils_commands:/home/looubuntu/ros2_ws/install/my_robot_ver3/lib/python3.10/site-packages:${PYTHONPATH} /usr/bin/python3 -W ignore:setup.py install is deprecated setup.py egg_info --egg-base ../../build/my_robot_ver3 build --build-base /home/looubuntu/ros2_ws/build/my_robot_ver3/build install --record /home/looubuntu/ros2_ws/build/my_robot_ver3/install.log --single-version-externally-managed install_data
