/home/looubuntu/ros2_ws/install/my_team_robot/lib/python3.10/site-packages/my_team_robot/__init__.py
/home/looubuntu/ros2_ws/install/my_team_robot/lib/python3.10/site-packages/my_team_robot/__pycache__/__init__.cpython-310.pyc
/home/looubuntu/ros2_ws/install/my_team_robot/share/ament_index/resource_index/packages/my_team_robot
/home/looubuntu/ros2_ws/install/my_team_robot/share/my_team_robot/package.xml
/home/looubuntu/ros2_ws/install/my_team_robot/share/my_team_robot/urdf/Car3banh.SLDASM.csv
/home/looubuntu/ros2_ws/install/my_team_robot/share/my_team_robot/urdf/Car3banh.SLDASM.urdf
/home/looubuntu/ros2_ws/install/my_team_robot/share/my_team_robot/launch/display.launch.py
/home/looubuntu/ros2_ws/install/my_team_robot/share/my_team_robot/launch/gazebo.launch.py
/home/looubuntu/ros2_ws/install/my_team_robot/share/my_team_robot/meshes/leftwheel.STL
/home/looubuntu/ros2_ws/install/my_team_robot/share/my_team_robot/meshes/base_link.STL
/home/looubuntu/ros2_ws/install/my_team_robot/share/my_team_robot/meshes/conquay.STL
/home/looubuntu/ros2_ws/install/my_team_robot/share/my_team_robot/meshes/rightwheel.STL
/home/looubuntu/ros2_ws/install/my_team_robot/share/my_team_robot/meshes/wheelmini.STL
/home/looubuntu/ros2_ws/install/my_team_robot/lib/python3.10/site-packages/my_team_robot-0.0.0-py3.10.egg-info/entry_points.txt
/home/looubuntu/ros2_ws/install/my_team_robot/lib/python3.10/site-packages/my_team_robot-0.0.0-py3.10.egg-info/top_level.txt
/home/looubuntu/ros2_ws/install/my_team_robot/lib/python3.10/site-packages/my_team_robot-0.0.0-py3.10.egg-info/PKG-INFO
/home/looubuntu/ros2_ws/install/my_team_robot/lib/python3.10/site-packages/my_team_robot-0.0.0-py3.10.egg-info/SOURCES.txt
/home/looubuntu/ros2_ws/install/my_team_robot/lib/python3.10/site-packages/my_team_robot-0.0.0-py3.10.egg-info/requires.txt
/home/looubuntu/ros2_ws/install/my_team_robot/lib/python3.10/site-packages/my_team_robot-0.0.0-py3.10.egg-info/zip-safe
/home/looubuntu/ros2_ws/install/my_team_robot/lib/python3.10/site-packages/my_team_robot-0.0.0-py3.10.egg-info/dependency_links.txt
