[0.756s] Invoking command in '/home/looubuntu/ros2_ws/src/my_pkg': PYTHONPATH=/home/looubuntu/ros2_ws/build/my_pkg/prefix_override:/usr/lib/python3/dist-packages/colcon_core/task/python/colcon_distutils_commands:/home/looubuntu/ros2_ws/install/my_pkg/lib/python3.10/site-packages:${PYTHONPATH} /usr/bin/python3 -W ignore:setup.py install is deprecated setup.py egg_info --egg-base ../../build/my_pkg build --build-base /home/looubuntu/ros2_ws/build/my_pkg/build install --record /home/looubuntu/ros2_ws/build/my_pkg/install.log --single-version-externally-managed install_data
[0.963s] running egg_info
[0.963s] writing ../../build/my_pkg/my_pkg.egg-info/PKG-INFO
[0.964s] writing dependency_links to ../../build/my_pkg/my_pkg.egg-info/dependency_links.txt
[0.964s] writing entry points to ../../build/my_pkg/my_pkg.egg-info/entry_points.txt
[0.964s] writing requirements to ../../build/my_pkg/my_pkg.egg-info/requires.txt
[0.964s] writing top-level names to ../../build/my_pkg/my_pkg.egg-info/top_level.txt
[0.965s] reading manifest file '../../build/my_pkg/my_pkg.egg-info/SOURCES.txt'
[0.966s] adding license file 'LICENSE'
[0.966s] writing manifest file '../../build/my_pkg/my_pkg.egg-info/SOURCES.txt'
[0.966s] running build
[0.966s] running build_py
[0.967s] running install
[0.967s] running install_lib
[0.968s] running install_data
[0.969s] running install_egg_info
[0.970s] removing '/home/looubuntu/ros2_ws/install/my_pkg/lib/python3.10/site-packages/my_pkg-0.0.0-py3.10.egg-info' (and everything under it)
[0.970s] Copying ../../build/my_pkg/my_pkg.egg-info to /home/looubuntu/ros2_ws/install/my_pkg/lib/python3.10/site-packages/my_pkg-0.0.0-py3.10.egg-info
[0.971s] running install_scripts
[0.989s] Installing control script to /home/looubuntu/ros2_ws/install/my_pkg/lib/my_pkg
[0.989s] writing list of installed files to '/home/looubuntu/ros2_ws/build/my_pkg/install.log'
[1.010s] Invoked command in '/home/looubuntu/ros2_ws/src/my_pkg' returned '0': PYTHONPATH=/home/looubuntu/ros2_ws/build/my_pkg/prefix_override:/usr/lib/python3/dist-packages/colcon_core/task/python/colcon_distutils_commands:/home/looubuntu/ros2_ws/install/my_pkg/lib/python3.10/site-packages:${PYTHONPATH} /usr/bin/python3 -W ignore:setup.py install is deprecated setup.py egg_info --egg-base ../../build/my_pkg build --build-base /home/looubuntu/ros2_ws/build/my_pkg/build install --record /home/looubuntu/ros2_ws/build/my_pkg/install.log --single-version-externally-managed install_data
