[0.475s] Invoking command in '/home/looubuntu/ros2_ws/src/my_pkg': PYTHONPATH=/home/looubuntu/ros2_ws/build/my_pkg/prefix_override:/usr/lib/python3/dist-packages/colcon_core/task/python/colcon_distutils_commands:/home/looubuntu/ros2_ws/install/my_pkg/lib/python3.10/site-packages:${PYTHONPATH} /usr/bin/python3 -W ignore:setup.py install is deprecated setup.py egg_info --egg-base ../../build/my_pkg build --build-base /home/looubuntu/ros2_ws/build/my_pkg/build install --record /home/looubuntu/ros2_ws/build/my_pkg/install.log --single-version-externally-managed install_data
[0.664s] running egg_info
[0.665s] writing ../../build/my_pkg/my_pkg.egg-info/PKG-INFO
[0.665s] writing dependency_links to ../../build/my_pkg/my_pkg.egg-info/dependency_links.txt
[0.665s] writing entry points to ../../build/my_pkg/my_pkg.egg-info/entry_points.txt
[0.665s] writing requirements to ../../build/my_pkg/my_pkg.egg-info/requires.txt
[0.665s] writing top-level names to ../../build/my_pkg/my_pkg.egg-info/top_level.txt
[0.667s] reading manifest file '../../build/my_pkg/my_pkg.egg-info/SOURCES.txt'
[0.667s] adding license file 'LICENSE'
[0.668s] writing manifest file '../../build/my_pkg/my_pkg.egg-info/SOURCES.txt'
[0.668s] running build
[0.668s] running build_py
[0.668s] running install
[0.669s] running install_lib
[0.670s] running install_data
[0.670s] running install_egg_info
[0.671s] removing '/home/looubuntu/ros2_ws/install/my_pkg/lib/python3.10/site-packages/my_pkg-0.0.0-py3.10.egg-info' (and everything under it)
[0.672s] Copying ../../build/my_pkg/my_pkg.egg-info to /home/looubuntu/ros2_ws/install/my_pkg/lib/python3.10/site-packages/my_pkg-0.0.0-py3.10.egg-info
[0.672s] running install_scripts
[0.689s] Installing client script to /home/looubuntu/ros2_ws/install/my_pkg/lib/my_pkg
[0.689s] Installing service script to /home/looubuntu/ros2_ws/install/my_pkg/lib/my_pkg
[0.689s] writing list of installed files to '/home/looubuntu/ros2_ws/build/my_pkg/install.log'
[0.707s] Invoked command in '/home/looubuntu/ros2_ws/src/my_pkg' returned '0': PYTHONPATH=/home/looubuntu/ros2_ws/build/my_pkg/prefix_override:/usr/lib/python3/dist-packages/colcon_core/task/python/colcon_distutils_commands:/home/looubuntu/ros2_ws/install/my_pkg/lib/python3.10/site-packages:${PYTHONPATH} /usr/bin/python3 -W ignore:setup.py install is deprecated setup.py egg_info --egg-base ../../build/my_pkg build --build-base /home/looubuntu/ros2_ws/build/my_pkg/build install --record /home/looubuntu/ros2_ws/build/my_pkg/install.log --single-version-externally-managed install_data
