[1.207s] Invoking command in '/home/looubuntu/ros2_ws/src/my_rb': PYTHONPATH=/home/looubuntu/ros2_ws/build/my_rb/prefix_override:/usr/lib/python3/dist-packages/colcon_core/task/python/colcon_distutils_commands:/home/looubuntu/ros2_ws/install/my_rb/lib/python3.10/site-packages:${PYTHONPATH} /usr/bin/python3 -W ignore:setup.py install is deprecated setup.py egg_info --egg-base ../../build/my_rb build --build-base /home/looubuntu/ros2_ws/build/my_rb/build install --record /home/looubuntu/ros2_ws/build/my_rb/install.log --single-version-externally-managed install_data
[1.407s] running egg_info
[1.407s] writing ../../build/my_rb/my_rb.egg-info/PKG-INFO
[1.407s] writing dependency_links to ../../build/my_rb/my_rb.egg-info/dependency_links.txt
[1.408s] writing entry points to ../../build/my_rb/my_rb.egg-info/entry_points.txt
[1.408s] writing requirements to ../../build/my_rb/my_rb.egg-info/requires.txt
[1.408s] writing top-level names to ../../build/my_rb/my_rb.egg-info/top_level.txt
[1.409s] reading manifest file '../../build/my_rb/my_rb.egg-info/SOURCES.txt'
[1.409s] adding license file 'LICENSE'
[1.410s] writing manifest file '../../build/my_rb/my_rb.egg-info/SOURCES.txt'
[1.410s] running build
[1.410s] running build_py
[1.410s] running install
[1.410s] running install_lib
[1.411s] running install_data
[1.412s] running install_egg_info
[1.413s] removing '/home/looubuntu/ros2_ws/install/my_rb/lib/python3.10/site-packages/my_rb-0.0.0-py3.10.egg-info' (and everything under it)
[1.413s] Copying ../../build/my_rb/my_rb.egg-info to /home/looubuntu/ros2_ws/install/my_rb/lib/python3.10/site-packages/my_rb-0.0.0-py3.10.egg-info
[1.414s] running install_scripts
[1.433s] writing list of installed files to '/home/looubuntu/ros2_ws/build/my_rb/install.log'
[1.460s] Invoked command in '/home/looubuntu/ros2_ws/src/my_rb' returned '0': PYTHONPATH=/home/looubuntu/ros2_ws/build/my_rb/prefix_override:/usr/lib/python3/dist-packages/colcon_core/task/python/colcon_distutils_commands:/home/looubuntu/ros2_ws/install/my_rb/lib/python3.10/site-packages:${PYTHONPATH} /usr/bin/python3 -W ignore:setup.py install is deprecated setup.py egg_info --egg-base ../../build/my_rb build --build-base /home/looubuntu/ros2_ws/build/my_rb/build install --record /home/looubuntu/ros2_ws/build/my_rb/install.log --single-version-externally-managed install_data
