[0.622s] Invoking command in '/home/looubuntu/ros2_ws/src/my_robot': PYTHONPATH=/home/looubuntu/ros2_ws/build/my_robot/prefix_override:/usr/lib/python3/dist-packages/colcon_core/task/python/colcon_distutils_commands:/home/looubuntu/ros2_ws/install/my_robot/lib/python3.10/site-packages: /usr/bin/python3 -W ignore:setup.py install is deprecated setup.py egg_info --egg-base ../../build/my_robot build --build-base /home/looubuntu/ros2_ws/build/my_robot/build install --record /home/looubuntu/ros2_ws/build/my_robot/install.log --single-version-externally-managed install_data
[0.782s] running egg_info
[0.783s] writing ../../build/my_robot/my_robot.egg-info/PKG-INFO
[0.783s] writing dependency_links to ../../build/my_robot/my_robot.egg-info/dependency_links.txt
[0.783s] writing entry points to ../../build/my_robot/my_robot.egg-info/entry_points.txt
[0.783s] writing requirements to ../../build/my_robot/my_robot.egg-info/requires.txt
[0.783s] writing top-level names to ../../build/my_robot/my_robot.egg-info/top_level.txt
[0.784s] reading manifest file '../../build/my_robot/my_robot.egg-info/SOURCES.txt'
[0.784s] adding license file 'LICENSE'
[0.785s] writing manifest file '../../build/my_robot/my_robot.egg-info/SOURCES.txt'
[0.785s] running build
[0.785s] running build_py
[0.785s] running install
[0.785s] running install_lib
[0.786s] running install_data
[0.786s] copying urdf/Car4.SLDASM.urdf -> /home/looubuntu/ros2_ws/install/my_robot/share/my_robot/urdf
[0.787s] running install_egg_info
[0.788s] removing '/home/looubuntu/ros2_ws/install/my_robot/lib/python3.10/site-packages/my_robot-0.0.0-py3.10.egg-info' (and everything under it)
[0.788s] Copying ../../build/my_robot/my_robot.egg-info to /home/looubuntu/ros2_ws/install/my_robot/lib/python3.10/site-packages/my_robot-0.0.0-py3.10.egg-info
[0.789s] running install_scripts
[0.805s] writing list of installed files to '/home/looubuntu/ros2_ws/build/my_robot/install.log'
[0.832s] Invoked command in '/home/looubuntu/ros2_ws/src/my_robot' returned '0': PYTHONPATH=/home/looubuntu/ros2_ws/build/my_robot/prefix_override:/usr/lib/python3/dist-packages/colcon_core/task/python/colcon_distutils_commands:/home/looubuntu/ros2_ws/install/my_robot/lib/python3.10/site-packages: /usr/bin/python3 -W ignore:setup.py install is deprecated setup.py egg_info --egg-base ../../build/my_robot build --build-base /home/looubuntu/ros2_ws/build/my_robot/build install --record /home/looubuntu/ros2_ws/build/my_robot/install.log --single-version-externally-managed install_data
