running egg_info
writing ../../build/my_robot_ver3/my_robot_ver3.egg-info/PKG-INFO
writing dependency_links to ../../build/my_robot_ver3/my_robot_ver3.egg-info/dependency_links.txt
writing entry points to ../../build/my_robot_ver3/my_robot_ver3.egg-info/entry_points.txt
writing requirements to ../../build/my_robot_ver3/my_robot_ver3.egg-info/requires.txt
writing top-level names to ../../build/my_robot_ver3/my_robot_ver3.egg-info/top_level.txt
reading manifest file '../../build/my_robot_ver3/my_robot_ver3.egg-info/SOURCES.txt'
adding license file 'LICENSE'
writing manifest file '../../build/my_robot_ver3/my_robot_ver3.egg-info/SOURCES.txt'
running build
running build_py
running install
running install_lib
running install_data
copying urdf/Car3banh.SLDASM.urdf -> /home/looubuntu/ros2_ws/install/my_robot_ver3/share/my_robot_ver3/urdf
copying launch/gazebo.launch.py -> /home/looubuntu/ros2_ws/install/my_robot_ver3/share/my_robot_ver3/launch
running install_egg_info
removing '/home/looubuntu/ros2_ws/install/my_robot_ver3/lib/python3.10/site-packages/my_robot_ver3-0.0.0-py3.10.egg-info' (and everything under it)
Copying ../../build/my_robot_ver3/my_robot_ver3.egg-info to /home/looubuntu/ros2_ws/install/my_robot_ver3/lib/python3.10/site-packages/my_robot_ver3-0.0.0-py3.10.egg-info
running install_scripts
writing list of installed files to '/home/looubuntu/ros2_ws/build/my_robot_ver3/install.log'
