[0.706s] Invoking command in '/home/looubuntu/ros2_ws/src/my_robot': PYTHONPATH=/home/looubuntu/ros2_ws/build/my_robot/prefix_override:/usr/lib/python3/dist-packages/colcon_core/task/python/colcon_distutils_commands:/home/looubuntu/ros2_ws/install/my_robot/lib/python3.10/site-packages:${PYTHONPATH} /usr/bin/python3 -W ignore:setup.py install is deprecated setup.py egg_info --egg-base ../../build/my_robot build --build-base /home/looubuntu/ros2_ws/build/my_robot/build install --record /home/looubuntu/ros2_ws/build/my_robot/install.log --single-version-externally-managed install_data
[0.897s] running egg_info
[0.898s] writing ../../build/my_robot/my_robot.egg-info/PKG-INFO
[0.898s] writing dependency_links to ../../build/my_robot/my_robot.egg-info/dependency_links.txt
[0.898s] writing entry points to ../../build/my_robot/my_robot.egg-info/entry_points.txt
[0.898s] writing requirements to ../../build/my_robot/my_robot.egg-info/requires.txt
[0.898s] writing top-level names to ../../build/my_robot/my_robot.egg-info/top_level.txt
[0.899s] reading manifest file '../../build/my_robot/my_robot.egg-info/SOURCES.txt'
[0.899s] adding license file 'LICENSE'
[0.900s] writing manifest file '../../build/my_robot/my_robot.egg-info/SOURCES.txt'
[0.900s] running build
[0.900s] running build_py
[0.900s] running install
[0.900s] running install_lib
[0.901s] running install_data
[0.901s] running install_egg_info
[0.903s] removing '/home/looubuntu/ros2_ws/install/my_robot/lib/python3.10/site-packages/my_robot-0.0.0-py3.10.egg-info' (and everything under it)
[0.903s] Copying ../../build/my_robot/my_robot.egg-info to /home/looubuntu/ros2_ws/install/my_robot/lib/python3.10/site-packages/my_robot-0.0.0-py3.10.egg-info
[0.903s] running install_scripts
[0.920s] writing list of installed files to '/home/looubuntu/ros2_ws/build/my_robot/install.log'
