[1.707s] Invoking command in '/home/looubuntu/ros2_ws/src/my_pkg': PYTHONPATH=/home/looubuntu/ros2_ws/build/my_pkg/prefix_override:/usr/lib/python3/dist-packages/colcon_core/task/python/colcon_distutils_commands:/home/looubuntu/ros2_ws/install/my_pkg/lib/python3.10/site-packages:${PYTHONPATH} /usr/bin/python3 -W ignore:setup.py install is deprecated setup.py egg_info --egg-base ../../build/my_pkg build --build-base /home/looubuntu/ros2_ws/build/my_pkg/build install --record /home/looubuntu/ros2_ws/build/my_pkg/install.log --single-version-externally-managed install_data
[2.007s] running egg_info
[2.007s] writing ../../build/my_pkg/my_pkg.egg-info/PKG-INFO
[2.008s] writing dependency_links to ../../build/my_pkg/my_pkg.egg-info/dependency_links.txt
[2.008s] writing entry points to ../../build/my_pkg/my_pkg.egg-info/entry_points.txt
[2.008s] writing requirements to ../../build/my_pkg/my_pkg.egg-info/requires.txt
[2.009s] writing top-level names to ../../build/my_pkg/my_pkg.egg-info/top_level.txt
[2.011s] reading manifest file '../../build/my_pkg/my_pkg.egg-info/SOURCES.txt'
[2.012s] adding license file 'LICENSE'
[2.012s] writing manifest file '../../build/my_pkg/my_pkg.egg-info/SOURCES.txt'
[2.012s] running build
[2.012s] running build_py
[2.013s] running install
[2.013s] running install_lib
[2.015s] running install_data
[2.015s] running install_egg_info
[2.017s] removing '/home/looubuntu/ros2_ws/install/my_pkg/lib/python3.10/site-packages/my_pkg-0.0.0-py3.10.egg-info' (and everything under it)
[2.018s] Copying ../../build/my_pkg/my_pkg.egg-info to /home/looubuntu/ros2_ws/install/my_pkg/lib/python3.10/site-packages/my_pkg-0.0.0-py3.10.egg-info
[2.018s] running install_scripts
[2.051s] Installing control script to /home/looubuntu/ros2_ws/install/my_pkg/lib/my_pkg
[2.051s] writing list of installed files to '/home/looubuntu/ros2_ws/build/my_pkg/install.log'
[2.136s] Invoked command in '/home/looubuntu/ros2_ws/src/my_pkg' returned '0': PYTHONPATH=/home/looubuntu/ros2_ws/build/my_pkg/prefix_override:/usr/lib/python3/dist-packages/colcon_core/task/python/colcon_distutils_commands:/home/looubuntu/ros2_ws/install/my_pkg/lib/python3.10/site-packages:${PYTHONPATH} /usr/bin/python3 -W ignore:setup.py install is deprecated setup.py egg_info --egg-base ../../build/my_pkg build --build-base /home/looubuntu/ros2_ws/build/my_pkg/build install --record /home/looubuntu/ros2_ws/build/my_pkg/install.log --single-version-externally-managed install_data
